{"/Users/e070910/Documents/aristotle/packages/logic-gates/src/gate.ts": {"path":"/Users/e070910/Documents/aristotle/packages/logic-gates/src/gate.ts","statementMap":{"0":{"start":{"line":1,"column":19},"end":{"line":1,"column":21}},"1":{"start":{"line":2,"column":21},"end":{"line":2,"column":22}},"2":{"start":{"line":3,"column":20},"end":{"line":3,"column":22}},"3":{"start":{"line":5,"column":13},"end":{"line":11,"column":1}},"4":{"start":{"line":13,"column":19},"end":{"line":17,"column":1}},"5":{"start":{"line":19,"column":22},"end":{"line":24,"column":1}},"6":{"start":{"line":27,"column":31},"end":{"line":27,"column":36}},"7":{"start":{"line":29,"column":2},"end":{"line":31,"column":3}},"8":{"start":{"line":30,"column":4},"end":{"line":30,"column":45}},"9":{"start":{"line":33,"column":2},"end":{"line":35,"column":3}},"10":{"start":{"line":34,"column":4},"end":{"line":34,"column":67}},"11":{"start":{"line":36,"column":2},"end":{"line":36,"column":39}},"12":{"start":{"line":41,"column":22},"end":{"line":41,"column":50}},"13":{"start":{"line":42,"column":18},"end":{"line":42,"column":49}},"14":{"start":{"line":43,"column":16},"end":{"line":43,"column":18}},"15":{"start":{"line":45,"column":2},"end":{"line":53,"column":3}},"16":{"start":{"line":46,"column":4},"end":{"line":52,"column":7}},"17":{"start":{"line":55,"column":2},"end":{"line":55,"column":14}},"18":{"start":{"line":59,"column":15},"end":{"line":63,"column":4}},"19":{"start":{"line":65,"column":2},"end":{"line":70,"column":12}},"20":{"start":{"line":74,"column":2},"end":{"line":76,"column":3}},"21":{"start":{"line":75,"column":4},"end":{"line":75,"column":18}},"22":{"start":{"line":77,"column":2},"end":{"line":87,"column":3}},"23":{"start":{"line":80,"column":6},"end":{"line":80,"column":21}},"24":{"start":{"line":84,"column":6},"end":{"line":84,"column":20}},"25":{"start":{"line":86,"column":6},"end":{"line":86,"column":20}},"26":{"start":{"line":91,"column":2},"end":{"line":91,"column":57}},"27":{"start":{"line":95,"column":12},"end":{"line":95,"column":32}},"28":{"start":{"line":96,"column":12},"end":{"line":96,"column":13}},"29":{"start":{"line":98,"column":2},"end":{"line":106,"column":3}},"30":{"start":{"line":99,"column":4},"end":{"line":105,"column":6}},"31":{"start":{"line":107,"column":2},"end":{"line":107,"column":11}},"32":{"start":{"line":111,"column":2},"end":{"line":111,"column":79}},"33":{"start":{"line":115,"column":17},"end":{"line":117,"column":8}},"34":{"start":{"line":118,"column":16},"end":{"line":118,"column":19}},"35":{"start":{"line":119,"column":19},"end":{"line":119,"column":40}},"36":{"start":{"line":120,"column":19},"end":{"line":124,"column":3}},"37":{"start":{"line":126,"column":2},"end":{"line":128,"column":3}},"38":{"start":{"line":127,"column":4},"end":{"line":127,"column":58}},"39":{"start":{"line":130,"column":2},"end":{"line":130,"column":46}},"40":{"start":{"line":132,"column":14},"end":{"line":136,"column":14}},"41":{"start":{"line":138,"column":15},"end":{"line":138,"column":29}},"42":{"start":{"line":140,"column":16},"end":{"line":144,"column":3}},"43":{"start":{"line":146,"column":2},"end":{"line":151,"column":3}},"44":{"start":{"line":154,"column":0},"end":{"line":154,"column":21}}},"fnMap":{"0":{"name":"toSvg","decl":{"start":{"line":26,"column":9},"end":{"line":26,"column":14}},"loc":{"start":{"line":26,"column":67},"end":{"line":37,"column":1}}},"1":{"name":"getWires","decl":{"start":{"line":40,"column":9},"end":{"line":40,"column":17}},"loc":{"start":{"line":40,"column":42},"end":{"line":56,"column":1}}},"2":{"name":"getFigureSvg","decl":{"start":{"line":58,"column":9},"end":{"line":58,"column":21}},"loc":{"start":{"line":58,"column":49},"end":{"line":71,"column":1}}},"3":{"name":"getPathData","decl":{"start":{"line":73,"column":9},"end":{"line":73,"column":20}},"loc":{"start":{"line":73,"column":30},"end":{"line":88,"column":1}}},"4":{"name":"isNegated","decl":{"start":{"line":90,"column":9},"end":{"line":90,"column":18}},"loc":{"start":{"line":90,"column":28},"end":{"line":92,"column":1}}},"5":{"name":"getNegation","decl":{"start":{"line":94,"column":9},"end":{"line":94,"column":20}},"loc":{"start":{"line":94,"column":38},"end":{"line":108,"column":1}}},"6":{"name":"toDataUrl","decl":{"start":{"line":110,"column":9},"end":{"line":110,"column":18}},"loc":{"start":{"line":110,"column":23},"end":{"line":112,"column":1}}},"7":{"name":"render","decl":{"start":{"line":114,"column":9},"end":{"line":114,"column":15}},"loc":{"start":{"line":114,"column":53},"end":{"line":152,"column":1}}}},"branchMap":{"0":{"loc":{"start":{"line":26,"column":65},"end":{"line":26,"column":67}},"type":"default-arg","locations":[{"start":{"line":26,"column":65},"end":{"line":26,"column":67}}]},"1":{"loc":{"start":{"line":33,"column":2},"end":{"line":35,"column":3}},"type":"if","locations":[{"start":{"line":33,"column":2},"end":{"line":35,"column":3}},{"start":{"line":33,"column":2},"end":{"line":35,"column":3}}]},"2":{"loc":{"start":{"line":58,"column":43},"end":{"line":58,"column":49}},"type":"default-arg","locations":[{"start":{"line":58,"column":43},"end":{"line":58,"column":49}}]},"3":{"loc":{"start":{"line":74,"column":2},"end":{"line":76,"column":3}},"type":"if","locations":[{"start":{"line":74,"column":2},"end":{"line":76,"column":3}},{"start":{"line":74,"column":2},"end":{"line":76,"column":3}}]},"4":{"loc":{"start":{"line":78,"column":4},"end":{"line":78,"column":15}},"type":"switch","locations":[{"start":{"line":78,"column":4},"end":{"line":78,"column":15}},{"start":{"line":79,"column":4},"end":{"line":80,"column":21}},{"start":{"line":81,"column":4},"end":{"line":81,"column":14}},{"start":{"line":82,"column":4},"end":{"line":82,"column":15}},{"start":{"line":83,"column":4},"end":{"line":84,"column":20}},{"start":{"line":85,"column":4},"end":{"line":86,"column":20}}]},"5":{"loc":{"start":{"line":98,"column":2},"end":{"line":106,"column":3}},"type":"if","locations":[{"start":{"line":98,"column":2},"end":{"line":106,"column":3}},{"start":{"line":98,"column":2},"end":{"line":106,"column":3}}]},"6":{"loc":{"start":{"line":116,"column":6},"end":{"line":116,"column":57}},"type":"cond-expr","locations":[{"start":{"line":116,"column":6},"end":{"line":116,"column":57}},{"start":{"line":117,"column":6},"end":{"line":117,"column":8}}]},"7":{"loc":{"start":{"line":126,"column":2},"end":{"line":128,"column":3}},"type":"if","locations":[{"start":{"line":126,"column":2},"end":{"line":128,"column":3}},{"start":{"line":126,"column":2},"end":{"line":128,"column":3}}]},"8":{"loc":{"start":{"line":126,"column":6},"end":{"line":126,"column":24}},"type":"binary-expr","locations":[{"start":{"line":126,"column":6},"end":{"line":126,"column":24}},{"start":{"line":126,"column":28},"end":{"line":126,"column":47}}]}},"s":{"0":0,"1":0,"2":0,"3":0,"4":0,"5":0,"6":0,"7":0,"8":0,"9":0,"10":0,"11":0,"12":0,"13":0,"14":0,"15":0,"16":0,"17":0,"18":0,"19":0,"20":0,"21":0,"22":0,"23":0,"24":0,"25":0,"26":0,"27":0,"28":0,"29":0,"30":0,"31":0,"32":0,"33":0,"34":0,"35":0,"36":0,"37":0,"38":0,"39":0,"40":0,"41":0,"42":0,"43":0,"44":0},"f":{"0":0,"1":0,"2":0,"3":0,"4":0,"5":0,"6":0,"7":0},"b":{"0":[0],"1":[0,0],"2":[0],"3":[0,0],"4":[0,0,0,0,0,0],"5":[0,0],"6":[0,0],"7":[0,0],"8":[0,0]}}
,"/Users/e070910/Documents/aristotle/packages/logic-gates/src/ic.d.ts": {"path":"/Users/e070910/Documents/aristotle/packages/logic-gates/src/ic.d.ts","statementMap":{},"fnMap":{},"branchMap":{},"s":{},"f":{},"b":{}}
,"/Users/e070910/Documents/aristotle/packages/logic-gates/src/ic.ts": {"path":"/Users/e070910/Documents/aristotle/packages/logic-gates/src/ic.ts","statementMap":{"0":{"start":{"line":1,"column":20},"end":{"line":1,"column":22}},"1":{"start":{"line":2,"column":19},"end":{"line":2,"column":21}},"2":{"start":{"line":3,"column":22},"end":{"line":3,"column":25}},"3":{"start":{"line":4,"column":21},"end":{"line":4,"column":22}},"4":{"start":{"line":5,"column":21},"end":{"line":5,"column":22}},"5":{"start":{"line":6,"column":22},"end":{"line":6,"column":23}},"6":{"start":{"line":7,"column":18},"end":{"line":7,"column":20}},"7":{"start":{"line":8,"column":18},"end":{"line":8,"column":21}},"8":{"start":{"line":9,"column":19},"end":{"line":9,"column":22}},"9":{"start":{"line":10,"column":21},"end":{"line":10,"column":27}},"10":{"start":{"line":13,"column":21},"end":{"line":13,"column":26}},"11":{"start":{"line":15,"column":2},"end":{"line":17,"column":3}},"12":{"start":{"line":16,"column":4},"end":{"line":16,"column":45}},"13":{"start":{"line":19,"column":2},"end":{"line":21,"column":3}},"14":{"start":{"line":20,"column":4},"end":{"line":20,"column":67}},"15":{"start":{"line":22,"column":2},"end":{"line":22,"column":39}},"16":{"start":{"line":26,"column":2},"end":{"line":33,"column":4}},"17":{"start":{"line":37,"column":2},"end":{"line":44,"column":4}},"18":{"start":{"line":48,"column":13},"end":{"line":48,"column":32}},"19":{"start":{"line":50,"column":2},"end":{"line":52,"column":3}},"20":{"start":{"line":51,"column":4},"end":{"line":51,"column":37}},"21":{"start":{"line":54,"column":16},"end":{"line":54,"column":34}},"22":{"start":{"line":56,"column":2},"end":{"line":56,"column":24}},"23":{"start":{"line":60,"column":16},"end":{"line":63,"column":3}},"24":{"start":{"line":64,"column":2},"end":{"line":64,"column":50}},"25":{"start":{"line":68,"column":26},"end":{"line":68,"column":45}},"26":{"start":{"line":70,"column":2},"end":{"line":70,"column":57}},"27":{"start":{"line":74,"column":26},"end":{"line":74,"column":45}},"28":{"start":{"line":76,"column":2},"end":{"line":76,"column":45}},"29":{"start":{"line":80,"column":26},"end":{"line":80,"column":45}},"30":{"start":{"line":82,"column":2},"end":{"line":82,"column":53}},"31":{"start":{"line":86,"column":26},"end":{"line":86,"column":45}},"32":{"start":{"line":88,"column":2},"end":{"line":88,"column":86}},"33":{"start":{"line":92,"column":2},"end":{"line":92,"column":71}},"34":{"start":{"line":96,"column":19},"end":{"line":96,"column":21}},"35":{"start":{"line":97,"column":12},"end":{"line":97,"column":50}},"36":{"start":{"line":99,"column":2},"end":{"line":108,"column":7}},"37":{"start":{"line":100,"column":34},"end":{"line":108,"column":5}},"38":{"start":{"line":112,"column":19},"end":{"line":112,"column":21}},"39":{"start":{"line":113,"column":12},"end":{"line":113,"column":50}},"40":{"start":{"line":115,"column":2},"end":{"line":124,"column":7}},"41":{"start":{"line":116,"column":34},"end":{"line":124,"column":5}},"42":{"start":{"line":128,"column":19},"end":{"line":128,"column":21}},"43":{"start":{"line":129,"column":12},"end":{"line":129,"column":49}},"44":{"start":{"line":131,"column":2},"end":{"line":140,"column":7}},"45":{"start":{"line":132,"column":34},"end":{"line":140,"column":5}},"46":{"start":{"line":144,"column":19},"end":{"line":144,"column":21}},"47":{"start":{"line":145,"column":12},"end":{"line":145,"column":49}},"48":{"start":{"line":147,"column":2},"end":{"line":156,"column":7}},"49":{"start":{"line":148,"column":34},"end":{"line":156,"column":5}},"50":{"start":{"line":160,"column":15},"end":{"line":160,"column":50}},"51":{"start":{"line":161,"column":16},"end":{"line":161,"column":71}},"52":{"start":{"line":162,"column":14},"end":{"line":162,"column":46}},"53":{"start":{"line":163,"column":17},"end":{"line":163,"column":74}},"54":{"start":{"line":164,"column":14},"end":{"line":164,"column":52}},"55":{"start":{"line":164,"column":30},"end":{"line":164,"column":52}},"56":{"start":{"line":164,"column":45},"end":{"line":164,"column":51}},"57":{"start":{"line":166,"column":2},"end":{"line":185,"column":3}},"58":{"start":{"line":192,"column":2},"end":{"line":200,"column":4}},"59":{"start":{"line":204,"column":18},"end":{"line":204,"column":45}},"60":{"start":{"line":205,"column":20},"end":{"line":205,"column":72}},"61":{"start":{"line":205,"column":30},"end":{"line":205,"column":72}},"62":{"start":{"line":206,"column":20},"end":{"line":206,"column":50}},"63":{"start":{"line":207,"column":20},"end":{"line":207,"column":46}},"64":{"start":{"line":208,"column":20},"end":{"line":208,"column":79}},"65":{"start":{"line":209,"column":21},"end":{"line":209,"column":80}},"66":{"start":{"line":210,"column":16},"end":{"line":210,"column":46}},"67":{"start":{"line":211,"column":17},"end":{"line":211,"column":49}},"68":{"start":{"line":213,"column":2},"end":{"line":213,"column":26}},"69":{"start":{"line":217,"column":2},"end":{"line":217,"column":79}},"70":{"start":{"line":221,"column":28},"end":{"line":221,"column":50}},"71":{"start":{"line":222,"column":35},"end":{"line":222,"column":73}},"72":{"start":{"line":223,"column":19},"end":{"line":223,"column":67}},"73":{"start":{"line":224,"column":14},"end":{"line":232,"column":4}},"74":{"start":{"line":233,"column":15},"end":{"line":233,"column":18}},"75":{"start":{"line":235,"column":2},"end":{"line":240,"column":3}},"76":{"start":{"line":243,"column":0},"end":{"line":243,"column":21}}},"fnMap":{"0":{"name":"toSvg","decl":{"start":{"line":12,"column":9},"end":{"line":12,"column":14}},"loc":{"start":{"line":12,"column":41},"end":{"line":23,"column":1}}},"1":{"name":"getHorizontalWire","decl":{"start":{"line":25,"column":9},"end":{"line":25,"column":26}},"loc":{"start":{"line":25,"column":32},"end":{"line":34,"column":1}}},"2":{"name":"getVerticalWire","decl":{"start":{"line":36,"column":9},"end":{"line":36,"column":24}},"loc":{"start":{"line":36,"column":30},"end":{"line":45,"column":1}}},"3":{"name":"getLabelData","decl":{"start":{"line":47,"column":9},"end":{"line":47,"column":21}},"loc":{"start":{"line":47,"column":28},"end":{"line":57,"column":1}}},"4":{"name":"getLabel","decl":{"start":{"line":59,"column":9},"end":{"line":59,"column":17}},"loc":{"start":{"line":59,"column":29},"end":{"line":65,"column":1}}},"5":{"name":"getTopLabel","decl":{"start":{"line":67,"column":9},"end":{"line":67,"column":20}},"loc":{"start":{"line":67,"column":33},"end":{"line":71,"column":1}}},"6":{"name":"getLeftLabel","decl":{"start":{"line":73,"column":9},"end":{"line":73,"column":21}},"loc":{"start":{"line":73,"column":34},"end":{"line":77,"column":1}}},"7":{"name":"getRightLabel","decl":{"start":{"line":79,"column":9},"end":{"line":79,"column":22}},"loc":{"start":{"line":79,"column":35},"end":{"line":83,"column":1}}},"8":{"name":"getBottomLabel","decl":{"start":{"line":85,"column":9},"end":{"line":85,"column":23}},"loc":{"start":{"line":85,"column":36},"end":{"line":89,"column":1}}},"9":{"name":"getPortOffset","decl":{"start":{"line":91,"column":9},"end":{"line":91,"column":22}},"loc":{"start":{"line":91,"column":45},"end":{"line":93,"column":1}}},"10":{"name":"getLeftWires","decl":{"start":{"line":95,"column":9},"end":{"line":95,"column":21}},"loc":{"start":{"line":95,"column":42},"end":{"line":109,"column":1}}},"11":{"name":"(anonymous_11)","decl":{"start":{"line":100,"column":9},"end":{"line":100,"column":10}},"loc":{"start":{"line":100,"column":34},"end":{"line":108,"column":5}}},"12":{"name":"getRightWires","decl":{"start":{"line":111,"column":9},"end":{"line":111,"column":22}},"loc":{"start":{"line":111,"column":43},"end":{"line":125,"column":1}}},"13":{"name":"(anonymous_13)","decl":{"start":{"line":116,"column":9},"end":{"line":116,"column":10}},"loc":{"start":{"line":116,"column":34},"end":{"line":124,"column":5}}},"14":{"name":"getTopWires","decl":{"start":{"line":127,"column":9},"end":{"line":127,"column":20}},"loc":{"start":{"line":127,"column":40},"end":{"line":141,"column":1}}},"15":{"name":"(anonymous_15)","decl":{"start":{"line":132,"column":9},"end":{"line":132,"column":10}},"loc":{"start":{"line":132,"column":34},"end":{"line":140,"column":5}}},"16":{"name":"getBottomWires","decl":{"start":{"line":143,"column":9},"end":{"line":143,"column":23}},"loc":{"start":{"line":143,"column":43},"end":{"line":157,"column":1}}},"17":{"name":"(anonymous_17)","decl":{"start":{"line":148,"column":9},"end":{"line":148,"column":10}},"loc":{"start":{"line":148,"column":34},"end":{"line":156,"column":5}}},"18":{"name":"getWireGroups","decl":{"start":{"line":159,"column":9},"end":{"line":159,"column":22}},"loc":{"start":{"line":159,"column":48},"end":{"line":186,"column":1}}},"19":{"name":"(anonymous_19)","decl":{"start":{"line":164,"column":14},"end":{"line":164,"column":15}},"loc":{"start":{"line":164,"column":30},"end":{"line":164,"column":52}}},"20":{"name":"(anonymous_20)","decl":{"start":{"line":164,"column":40},"end":{"line":164,"column":41}},"loc":{"start":{"line":164,"column":45},"end":{"line":164,"column":51}}},"21":{"name":"getBoundary","decl":{"start":{"line":188,"column":9},"end":{"line":188,"column":20}},"loc":{"start":{"line":188,"column":67},"end":{"line":201,"column":1}}},"22":{"name":"getSvgDimensions","decl":{"start":{"line":203,"column":9},"end":{"line":203,"column":25}},"loc":{"start":{"line":203,"column":32},"end":{"line":214,"column":1}}},"23":{"name":"(anonymous_23)","decl":{"start":{"line":205,"column":20},"end":{"line":205,"column":21}},"loc":{"start":{"line":205,"column":30},"end":{"line":205,"column":72}}},"24":{"name":"toDataUrl","decl":{"start":{"line":216,"column":9},"end":{"line":216,"column":18}},"loc":{"start":{"line":216,"column":23},"end":{"line":218,"column":1}}},"25":{"name":"render","decl":{"start":{"line":220,"column":9},"end":{"line":220,"column":15}},"loc":{"start":{"line":220,"column":37},"end":{"line":241,"column":1}}}},"branchMap":{"0":{"loc":{"start":{"line":12,"column":39},"end":{"line":12,"column":41}},"type":"default-arg","locations":[{"start":{"line":12,"column":39},"end":{"line":12,"column":41}}]},"1":{"loc":{"start":{"line":19,"column":2},"end":{"line":21,"column":3}},"type":"if","locations":[{"start":{"line":19,"column":2},"end":{"line":21,"column":3}},{"start":{"line":19,"column":2},"end":{"line":21,"column":3}}]},"2":{"loc":{"start":{"line":50,"column":2},"end":{"line":52,"column":3}},"type":"if","locations":[{"start":{"line":50,"column":2},"end":{"line":52,"column":3}},{"start":{"line":50,"column":2},"end":{"line":52,"column":3}}]},"3":{"loc":{"start":{"line":188,"column":61},"end":{"line":188,"column":67}},"type":"default-arg","locations":[{"start":{"line":188,"column":61},"end":{"line":188,"column":67}}]}},"s":{"0":1,"1":1,"2":1,"3":1,"4":1,"5":1,"6":1,"7":1,"8":1,"9":1,"10":12,"11":12,"12":60,"13":12,"14":6,"15":6,"16":2,"17":1,"18":3,"19":3,"20":0,"21":3,"22":3,"23":3,"24":3,"25":1,"26":1,"27":1,"28":1,"29":1,"30":1,"31":0,"32":0,"33":12,"34":3,"35":3,"36":3,"37":1,"38":3,"39":3,"40":3,"41":1,"42":3,"43":3,"44":3,"45":1,"46":3,"47":3,"48":3,"49":0,"50":3,"51":3,"52":3,"53":3,"54":3,"55":36,"56":9,"57":3,"58":3,"59":3,"60":3,"61":6,"62":3,"63":3,"64":3,"65":3,"66":3,"67":3,"68":3,"69":0,"70":3,"71":3,"72":3,"73":3,"74":3,"75":3,"76":1},"f":{"0":12,"1":2,"2":1,"3":3,"4":3,"5":1,"6":1,"7":1,"8":0,"9":12,"10":3,"11":1,"12":3,"13":1,"14":3,"15":1,"16":3,"17":0,"18":3,"19":36,"20":9,"21":3,"22":3,"23":6,"24":0,"25":3},"b":{"0":[6],"1":[6,6],"2":[0,3],"3":[0]}}
,"/Users/e070910/Documents/aristotle/packages/logic-gates/src/index.ts": {"path":"/Users/e070910/Documents/aristotle/packages/logic-gates/src/index.ts","statementMap":{"0":{"start":{"line":1,"column":0},"end":{"line":1,"column":26}},"1":{"start":{"line":4,"column":9},"end":{"line":4,"column":17}},"2":{"start":{"line":2,"column":0},"end":{"line":2,"column":30}},"3":{"start":{"line":4,"column":19},"end":{"line":4,"column":29}}},"fnMap":{},"branchMap":{},"s":{"0":0,"1":0,"2":0,"3":0},"f":{},"b":{}}
}
