TN:
SF:/Users/e070910/Documents/aristotle/packages/logic-gates/src/gate.ts
FN:26,toSvg
FN:40,getWires
FN:58,getFigureSvg
FN:73,getPathData
FN:90,isNegated
FN:94,getNegation
FN:110,toDataUrl
FN:114,render
FNF:8
FNH:0
FNDA:0,toSvg
FNDA:0,getWires
FNDA:0,getFigureSvg
FNDA:0,getPathData
FNDA:0,isNegated
FNDA:0,getNegation
FNDA:0,toDataUrl
FNDA:0,render
DA:1,0
DA:2,0
DA:3,0
DA:5,0
DA:13,0
DA:19,0
DA:27,0
DA:29,0
DA:30,0
DA:33,0
DA:34,0
DA:36,0
DA:41,0
DA:42,0
DA:43,0
DA:45,0
DA:46,0
DA:55,0
DA:59,0
DA:65,0
DA:74,0
DA:75,0
DA:77,0
DA:80,0
DA:84,0
DA:86,0
DA:91,0
DA:95,0
DA:96,0
DA:98,0
DA:99,0
DA:107,0
DA:111,0
DA:115,0
DA:118,0
DA:119,0
DA:120,0
DA:126,0
DA:127,0
DA:130,0
DA:132,0
DA:138,0
DA:140,0
DA:146,0
DA:154,0
LF:45
LH:0
BRDA:26,0,0,0
BRDA:33,1,0,0
BRDA:33,1,1,0
BRDA:58,2,0,0
BRDA:74,3,0,0
BRDA:74,3,1,0
BRDA:78,4,0,0
BRDA:78,4,1,0
BRDA:78,4,2,0
BRDA:78,4,3,0
BRDA:78,4,4,0
BRDA:78,4,5,0
BRDA:98,5,0,0
BRDA:98,5,1,0
BRDA:116,6,0,0
BRDA:116,6,1,0
BRDA:126,7,0,0
BRDA:126,7,1,0
BRDA:126,8,0,0
BRDA:126,8,1,0
BRF:20
BRH:0
end_of_record
TN:
SF:/Users/e070910/Documents/aristotle/packages/logic-gates/src/ic.d.ts
FNF:0
FNH:0
LF:0
LH:0
BRF:0
BRH:0
end_of_record
TN:
SF:/Users/e070910/Documents/aristotle/packages/logic-gates/src/ic.ts
FN:12,toSvg
FN:25,getHorizontalWire
FN:36,getVerticalWire
FN:47,getLabelData
FN:59,getLabel
FN:67,getTopLabel
FN:73,getLeftLabel
FN:79,getRightLabel
FN:85,getBottomLabel
FN:91,getPortOffset
FN:95,getLeftWires
FN:100,(anonymous_11)
FN:111,getRightWires
FN:116,(anonymous_13)
FN:127,getTopWires
FN:132,(anonymous_15)
FN:143,getBottomWires
FN:148,(anonymous_17)
FN:159,getWireGroups
FN:164,(anonymous_19)
FN:164,(anonymous_20)
FN:188,getBoundary
FN:203,getSvgDimensions
FN:205,(anonymous_23)
FN:216,toDataUrl
FN:220,render
FNF:26
FNH:23
FNDA:12,toSvg
FNDA:2,getHorizontalWire
FNDA:1,getVerticalWire
FNDA:3,getLabelData
FNDA:3,getLabel
FNDA:1,getTopLabel
FNDA:1,getLeftLabel
FNDA:1,getRightLabel
FNDA:0,getBottomLabel
FNDA:12,getPortOffset
FNDA:3,getLeftWires
FNDA:1,(anonymous_11)
FNDA:3,getRightWires
FNDA:1,(anonymous_13)
FNDA:3,getTopWires
FNDA:1,(anonymous_15)
FNDA:3,getBottomWires
FNDA:0,(anonymous_17)
FNDA:3,getWireGroups
FNDA:36,(anonymous_19)
FNDA:9,(anonymous_20)
FNDA:3,getBoundary
FNDA:3,getSvgDimensions
FNDA:6,(anonymous_23)
FNDA:0,toDataUrl
FNDA:3,render
DA:1,1
DA:2,1
DA:3,1
DA:4,1
DA:5,1
DA:6,1
DA:7,1
DA:8,1
DA:9,1
DA:10,1
DA:13,12
DA:15,12
DA:16,60
DA:19,12
DA:20,6
DA:22,6
DA:26,2
DA:37,1
DA:48,3
DA:50,3
DA:51,0
DA:54,3
DA:56,3
DA:60,3
DA:64,3
DA:68,1
DA:70,1
DA:74,1
DA:76,1
DA:80,1
DA:82,1
DA:86,0
DA:88,0
DA:92,12
DA:96,3
DA:97,3
DA:99,3
DA:100,1
DA:112,3
DA:113,3
DA:115,3
DA:116,1
DA:128,3
DA:129,3
DA:131,3
DA:132,1
DA:144,3
DA:145,3
DA:147,3
DA:148,0
DA:160,3
DA:161,3
DA:162,3
DA:163,3
DA:164,36
DA:166,3
DA:192,3
DA:204,3
DA:205,6
DA:206,3
DA:207,3
DA:208,3
DA:209,3
DA:210,3
DA:211,3
DA:213,3
DA:217,0
DA:221,3
DA:222,3
DA:223,3
DA:224,3
DA:233,3
DA:235,3
DA:243,1
LF:74
LH:69
BRDA:12,0,0,6
BRDA:19,1,0,6
BRDA:19,1,1,6
BRDA:50,2,0,0
BRDA:50,2,1,3
BRDA:188,3,0,0
BRF:6
BRH:4
end_of_record
TN:
SF:/Users/e070910/Documents/aristotle/packages/logic-gates/src/index.ts
FNF:0
FNH:0
DA:1,0
DA:2,0
DA:4,0
LF:3
LH:0
BRF:0
BRH:0
end_of_record
