{"/Users/e070910/Documents/aristotle/packages/aristotle/src/main.ts": {"path":"/Users/e070910/Documents/aristotle/packages/aristotle/src/main.ts","statementMap":{"0":{"start":{"line":1,"column":0},"end":{"line":1,"column":20}},"1":{"start":{"line":2,"column":0},"end":{"line":2,"column":26}},"2":{"start":{"line":3,"column":0},"end":{"line":3,"column":26}},"3":{"start":{"line":5,"column":0},"end":{"line":5,"column":32}},"4":{"start":{"line":7,"column":0},"end":{"line":10,"column":17}},"5":{"start":{"line":9,"column":17},"end":{"line":9,"column":23}}},"fnMap":{"0":{"name":"(anonymous_0)","decl":{"start":{"line":9,"column":10},"end":{"line":9,"column":11}},"loc":{"start":{"line":9,"column":17},"end":{"line":9,"column":23}}}},"branchMap":{},"s":{"0":0,"1":0,"2":0,"3":0,"4":0,"5":0},"f":{"0":0},"b":{}}
,"/Users/e070910/Documents/aristotle/packages/aristotle/src/shims-tsx.d.ts": {"path":"/Users/e070910/Documents/aristotle/packages/aristotle/src/shims-tsx.d.ts","statementMap":{},"fnMap":{},"branchMap":{},"s":{},"f":{},"b":{}}
,"/Users/e070910/Documents/aristotle/packages/aristotle/src/shims-vue.d.ts": {"path":"/Users/e070910/Documents/aristotle/packages/aristotle/src/shims-vue.d.ts","statementMap":{},"fnMap":{},"branchMap":{},"s":{},"f":{},"b":{}}
,"/Users/e070910/Documents/aristotle/packages/aristotle/src/store.ts": {"path":"/Users/e070910/Documents/aristotle/packages/aristotle/src/store.ts","statementMap":{"0":{"start":{"line":1,"column":0},"end":{"line":1,"column":20}},"1":{"start":{"line":2,"column":0},"end":{"line":2,"column":22}},"2":{"start":{"line":4,"column":0},"end":{"line":4,"column":13}},"3":{"start":{"line":6,"column":0},"end":{"line":16,"column":2}}},"fnMap":{},"branchMap":{},"s":{"0":0,"1":0,"2":0,"3":0},"f":{},"b":{}}
,"/Users/e070910/Documents/aristotle/packages/aristotle/src/components/Editor/Editor.tsx": {"path":"/Users/e070910/Documents/aristotle/packages/aristotle/src/components/Editor/Editor.tsx","statementMap":{"0":{"start":{"line":1,"column":0},"end":{"line":1,"column":37}},"1":{"start":{"line":3,"column":0},"end":{"line":3,"column":54}},"2":{"start":{"line":4,"column":0},"end":{"line":4,"column":52}},"3":{"start":{"line":5,"column":0},"end":{"line":5,"column":52}},"4":{"start":{"line":6,"column":0},"end":{"line":6,"column":46}},"5":{"start":{"line":7,"column":0},"end":{"line":7,"column":52}},"6":{"start":{"line":10,"column":0},"end":{"line":78,"column":1}},"7":{"start":{"line":11,"column":9},"end":{"line":11,"column":33}},"8":{"start":{"line":13,"column":9},"end":{"line":13,"column":35}},"9":{"start":{"line":14,"column":9},"end":{"line":14,"column":36}},"10":{"start":{"line":17,"column":4},"end":{"line":17,"column":39}},"11":{"start":{"line":21,"column":4},"end":{"line":21,"column":41}},"12":{"start":{"line":25,"column":4},"end":{"line":25,"column":22}},"13":{"start":{"line":29,"column":4},"end":{"line":29,"column":38}},"14":{"start":{"line":31,"column":14},"end":{"line":31,"column":29}},"15":{"start":{"line":32,"column":14},"end":{"line":32,"column":29}},"16":{"start":{"line":34,"column":18},"end":{"line":34,"column":47}},"17":{"start":{"line":35,"column":18},"end":{"line":35,"column":47}},"18":{"start":{"line":36,"column":18},"end":{"line":36,"column":47}},"19":{"start":{"line":38,"column":18},"end":{"line":38,"column":40}},"20":{"start":{"line":39,"column":18},"end":{"line":39,"column":40}},"21":{"start":{"line":41,"column":4},"end":{"line":41,"column":38}},"22":{"start":{"line":42,"column":4},"end":{"line":42,"column":34}},"23":{"start":{"line":43,"column":4},"end":{"line":43,"column":34}},"24":{"start":{"line":44,"column":4},"end":{"line":44,"column":40}},"25":{"start":{"line":45,"column":4},"end":{"line":45,"column":40}},"26":{"start":{"line":46,"column":4},"end":{"line":46,"column":40}},"27":{"start":{"line":47,"column":4},"end":{"line":47,"column":40}},"28":{"start":{"line":49,"column":4},"end":{"line":49,"column":46}},"29":{"start":{"line":50,"column":4},"end":{"line":50,"column":42}},"30":{"start":{"line":51,"column":4},"end":{"line":51,"column":46}},"31":{"start":{"line":52,"column":4},"end":{"line":52,"column":42}},"32":{"start":{"line":53,"column":4},"end":{"line":53,"column":46}},"33":{"start":{"line":54,"column":4},"end":{"line":54,"column":46}},"34":{"start":{"line":56,"column":4},"end":{"line":56,"column":31}},"35":{"start":{"line":57,"column":4},"end":{"line":57,"column":32}},"36":{"start":{"line":61,"column":4},"end":{"line":76,"column":5}}},"fnMap":{"0":{"name":"(anonymous_0)","decl":{"start":{"line":9,"column":0},"end":{"line":null,"column":-1}},"loc":{"start":{"line":9,"column":0},"end":{"line":78,"column":1}}},"1":{"name":"(anonymous_1)","decl":{"start":{"line":16,"column":9},"end":{"line":16,"column":11}},"loc":{"start":{"line":16,"column":12},"end":{"line":18,"column":3}}},"2":{"name":"(anonymous_2)","decl":{"start":{"line":20,"column":9},"end":{"line":20,"column":14}},"loc":{"start":{"line":20,"column":15},"end":{"line":22,"column":3}}},"3":{"name":"(anonymous_3)","decl":{"start":{"line":24,"column":9},"end":{"line":24,"column":12}},"loc":{"start":{"line":24,"column":13},"end":{"line":26,"column":3}}},"4":{"name":"(anonymous_4)","decl":{"start":{"line":28,"column":9},"end":{"line":28,"column":15}},"loc":{"start":{"line":28,"column":16},"end":{"line":58,"column":3}}},"5":{"name":"(anonymous_5)","decl":{"start":{"line":60,"column":9},"end":{"line":60,"column":14}},"loc":{"start":{"line":60,"column":15},"end":{"line":77,"column":3}}}},"branchMap":{},"s":{"0":0,"1":0,"2":0,"3":0,"4":0,"5":0,"6":0,"7":0,"8":0,"9":0,"10":0,"11":0,"12":0,"13":0,"14":0,"15":0,"16":0,"17":0,"18":0,"19":0,"20":0,"21":0,"22":0,"23":0,"24":0,"25":0,"26":0,"27":0,"28":0,"29":0,"30":0,"31":0,"32":0,"33":0,"34":0,"35":0,"36":0},"f":{"0":0,"1":0,"2":0,"3":0,"4":0,"5":0},"b":{}}
,"/Users/e070910/Documents/aristotle/packages/aristotle/src/designer/Connection.ts": {"path":"/Users/e070910/Documents/aristotle/packages/aristotle/src/designer/Connection.ts","statementMap":{"0":{"start":{"line":1,"column":0},"end":{"line":1,"column":26}},"1":{"start":{"line":3,"column":0},"end":{"line":3,"column":47}},"2":{"start":{"line":14,"column":4},"end":{"line":20,"column":6}},"3":{"start":{"line":28,"column":9},"end":{"line":34,"column":3}},"4":{"start":{"line":29,"column":19},"end":{"line":29,"column":41}},"5":{"start":{"line":30,"column":19},"end":{"line":30,"column":41}},"6":{"start":{"line":32,"column":4},"end":{"line":32,"column":96}},"7":{"start":{"line":33,"column":4},"end":{"line":33,"column":26}},"8":{"start":{"line":36,"column":9},"end":{"line":41,"column":3}},"9":{"start":{"line":37,"column":36},"end":{"line":37,"column":63}},"10":{"start":{"line":38,"column":36},"end":{"line":38,"column":63}},"11":{"start":{"line":40,"column":4},"end":{"line":40,"column":57}},"12":{"start":{"line":43,"column":9},"end":{"line":43,"column":65}},"13":{"start":{"line":43,"column":44},"end":{"line":43,"column":65}},"14":{"start":{"line":45,"column":9},"end":{"line":45,"column":65}},"15":{"start":{"line":45,"column":44},"end":{"line":45,"column":65}},"16":{"start":{"line":22,"column":4},"end":{"line":22,"column":26}},"17":{"start":{"line":24,"column":4},"end":{"line":24,"column":33}},"18":{"start":{"line":25,"column":4},"end":{"line":25,"column":38}},"19":{"start":{"line":48,"column":0},"end":{"line":48,"column":25}}},"fnMap":{"0":{"name":"(anonymous_0)","decl":{"start":{"line":13,"column":2},"end":{"line":13,"column":14}},"loc":{"start":{"line":13,"column":31},"end":{"line":26,"column":3}}},"1":{"name":"(anonymous_1)","decl":{"start":{"line":28,"column":17},"end":{"line":28,"column":25}},"loc":{"start":{"line":28,"column":28},"end":{"line":34,"column":3}}},"2":{"name":"(anonymous_2)","decl":{"start":{"line":36,"column":20},"end":{"line":36,"column":28}},"loc":{"start":{"line":36,"column":31},"end":{"line":41,"column":3}}},"3":{"name":"(anonymous_3)","decl":{"start":{"line":43,"column":21},"end":{"line":43,"column":22}},"loc":{"start":{"line":43,"column":44},"end":{"line":43,"column":65}}},"4":{"name":"(anonymous_4)","decl":{"start":{"line":45,"column":21},"end":{"line":45,"column":22}},"loc":{"start":{"line":45,"column":44},"end":{"line":45,"column":65}}}},"branchMap":{},"s":{"0":1,"1":1,"2":0,"3":0,"4":0,"5":0,"6":0,"7":0,"8":0,"9":0,"10":0,"11":0,"12":0,"13":0,"14":0,"15":0,"16":0,"17":0,"18":0,"19":1},"f":{"0":0,"1":0,"2":0,"3":0,"4":0},"b":{}}
,"/Users/e070910/Documents/aristotle/packages/aristotle/src/designer/Editor.ts": {"path":"/Users/e070910/Documents/aristotle/packages/aristotle/src/designer/Editor.ts","statementMap":{"0":{"start":{"line":1,"column":0},"end":{"line":1,"column":26}},"1":{"start":{"line":2,"column":0},"end":{"line":2,"column":28}},"2":{"start":{"line":3,"column":0},"end":{"line":3,"column":49}},"3":{"start":{"line":4,"column":0},"end":{"line":4,"column":36}},"4":{"start":{"line":13,"column":4},"end":{"line":13,"column":20}},"5":{"start":{"line":9,"column":9},"end":{"line":9,"column":41}},"6":{"start":{"line":10,"column":9},"end":{"line":10,"column":31}},"7":{"start":{"line":39,"column":9},"end":{"line":47,"column":3}},"8":{"start":{"line":40,"column":23},"end":{"line":40,"column":51}},"9":{"start":{"line":42,"column":4},"end":{"line":42,"column":49}},"10":{"start":{"line":43,"column":4},"end":{"line":43,"column":52}},"11":{"start":{"line":45,"column":4},"end":{"line":45,"column":25}},"12":{"start":{"line":46,"column":4},"end":{"line":46,"column":19}},"13":{"start":{"line":56,"column":9},"end":{"line":64,"column":3}},"14":{"start":{"line":57,"column":4},"end":{"line":63,"column":5}},"15":{"start":{"line":58,"column":6},"end":{"line":58,"column":25}},"16":{"start":{"line":60,"column":6},"end":{"line":62,"column":7}},"17":{"start":{"line":61,"column":8},"end":{"line":61,"column":37}},"18":{"start":{"line":61,"column":25},"end":{"line":61,"column":36}},"19":{"start":{"line":88,"column":9},"end":{"line":90,"column":3}},"20":{"start":{"line":89,"column":4},"end":{"line":89,"column":39}},"21":{"start":{"line":97,"column":10},"end":{"line":102,"column":3}},"22":{"start":{"line":98,"column":4},"end":{"line":98,"column":74}},"23":{"start":{"line":99,"column":4},"end":{"line":101,"column":7}},"24":{"start":{"line":15,"column":4},"end":{"line":15,"column":32}},"25":{"start":{"line":16,"column":4},"end":{"line":16,"column":30}},"26":{"start":{"line":27,"column":4},"end":{"line":27,"column":25}},"27":{"start":{"line":28,"column":4},"end":{"line":28,"column":35}},"28":{"start":{"line":29,"column":4},"end":{"line":29,"column":19}},"29":{"start":{"line":72,"column":4},"end":{"line":80,"column":5}},"30":{"start":{"line":74,"column":8},"end":{"line":74,"column":82}},"31":{"start":{"line":75,"column":8},"end":{"line":75,"column":13}},"32":{"start":{"line":78,"column":8},"end":{"line":78,"column":86}},"33":{"start":{"line":79,"column":8},"end":{"line":79,"column":13}},"34":{"start":{"line":8,"column":0},"end":{"line":103,"column":1}}},"fnMap":{"0":{"name":"(anonymous_0)","decl":{"start":{"line":12,"column":2},"end":{"line":12,"column":14}},"loc":{"start":{"line":12,"column":32},"end":{"line":17,"column":3}}},"1":{"name":"(anonymous_1)","decl":{"start":{"line":39,"column":25},"end":{"line":39,"column":26}},"loc":{"start":{"line":39,"column":83},"end":{"line":47,"column":3}}},"2":{"name":"(anonymous_2)","decl":{"start":{"line":56,"column":16},"end":{"line":56,"column":17}},"loc":{"start":{"line":56,"column":49},"end":{"line":64,"column":3}}},"3":{"name":"(anonymous_3)","decl":{"start":{"line":61,"column":19},"end":{"line":61,"column":21}},"loc":{"start":{"line":61,"column":25},"end":{"line":61,"column":36}}},"4":{"name":"(anonymous_4)","decl":{"start":{"line":88,"column":28},"end":{"line":88,"column":42}},"loc":{"start":{"line":88,"column":45},"end":{"line":90,"column":3}}},"5":{"name":"(anonymous_5)","decl":{"start":{"line":97,"column":32},"end":{"line":97,"column":40}},"loc":{"start":{"line":97,"column":43},"end":{"line":102,"column":3}}},"6":{"name":"(anonymous_6)","decl":{"start":{"line":26,"column":9},"end":{"line":26,"column":15}},"loc":{"start":{"line":26,"column":53},"end":{"line":30,"column":3}}},"7":{"name":"(anonymous_7)","decl":{"start":{"line":71,"column":9},"end":{"line":71,"column":20}},"loc":{"start":{"line":71,"column":35},"end":{"line":81,"column":3}}}},"branchMap":{"0":{"loc":{"start":{"line":56,"column":34},"end":{"line":56,"column":39}},"type":"default-arg","locations":[{"start":{"line":56,"column":34},"end":{"line":56,"column":39}}]},"1":{"loc":{"start":{"line":57,"column":4},"end":{"line":63,"column":5}},"type":"if","locations":[{"start":{"line":57,"column":4},"end":{"line":63,"column":5}},{"start":{"line":57,"column":4},"end":{"line":63,"column":5}}]},"2":{"loc":{"start":{"line":57,"column":8},"end":{"line":57,"column":34}},"type":"binary-expr","locations":[{"start":{"line":57,"column":8},"end":{"line":57,"column":34}},{"start":{"line":57,"column":38},"end":{"line":57,"column":43}}]},"3":{"loc":{"start":{"line":60,"column":6},"end":{"line":62,"column":7}},"type":"if","locations":[{"start":{"line":60,"column":6},"end":{"line":62,"column":7}},{"start":{"line":60,"column":6},"end":{"line":62,"column":7}}]},"4":{"loc":{"start":{"line":73,"column":6},"end":{"line":75,"column":13}},"type":"switch","locations":[{"start":{"line":73,"column":6},"end":{"line":75,"column":13}},{"start":{"line":76,"column":6},"end":{"line":76,"column":23}},{"start":{"line":77,"column":6},"end":{"line":79,"column":13}}]}},"s":{"0":1,"1":1,"2":1,"3":1,"4":17,"5":17,"6":17,"7":17,"8":4,"9":4,"10":4,"11":4,"12":4,"13":17,"14":13,"15":12,"16":12,"17":9,"18":0,"19":17,"20":1,"21":17,"22":17,"23":17,"24":17,"25":17,"26":3,"27":3,"28":3,"29":2,"30":1,"31":1,"32":1,"33":1,"34":1},"f":{"0":17,"1":4,"2":13,"3":0,"4":1,"5":17,"6":3,"7":2},"b":{"0":[2],"1":[12,1],"2":[13,12],"3":[9,3],"4":[1,1,1]}}
,"/Users/e070910/Documents/aristotle/packages/aristotle/src/designer/Element.ts": {"path":"/Users/e070910/Documents/aristotle/packages/aristotle/src/designer/Element.ts","statementMap":{"0":{"start":{"line":2,"column":0},"end":{"line":2,"column":26}},"1":{"start":{"line":3,"column":0},"end":{"line":3,"column":65}},"2":{"start":{"line":11,"column":4},"end":{"line":11,"column":32}},"3":{"start":{"line":17,"column":9},"end":{"line":17,"column":81}},"4":{"start":{"line":17,"column":56},"end":{"line":17,"column":81}},"5":{"start":{"line":19,"column":9},"end":{"line":19,"column":83}},"6":{"start":{"line":19,"column":57},"end":{"line":19,"column":83}},"7":{"start":{"line":21,"column":9},"end":{"line":23,"column":3}},"8":{"start":{"line":22,"column":4},"end":{"line":22,"column":29}},"9":{"start":{"line":25,"column":9},"end":{"line":35,"column":3}},"10":{"start":{"line":26,"column":43},"end":{"line":26,"column":62}},"11":{"start":{"line":28,"column":4},"end":{"line":28,"column":23}},"12":{"start":{"line":29,"column":4},"end":{"line":29,"column":25}},"13":{"start":{"line":30,"column":4},"end":{"line":30,"column":27}},"14":{"start":{"line":32,"column":4},"end":{"line":34,"column":5}},"15":{"start":{"line":33,"column":6},"end":{"line":33,"column":26}},"16":{"start":{"line":37,"column":9},"end":{"line":46,"column":3}},"17":{"start":{"line":38,"column":4},"end":{"line":45,"column":5}},"18":{"start":{"line":40,"column":8},"end":{"line":40,"column":24}},"19":{"start":{"line":42,"column":8},"end":{"line":42,"column":24}},"20":{"start":{"line":44,"column":8},"end":{"line":44,"column":24}},"21":{"start":{"line":48,"column":9},"end":{"line":54,"column":3}},"22":{"start":{"line":49,"column":4},"end":{"line":53,"column":77}},"23":{"start":{"line":52,"column":49},"end":{"line":52,"column":87}},"24":{"start":{"line":53,"column":50},"end":{"line":53,"column":76}},"25":{"start":{"line":56,"column":9},"end":{"line":56,"column":46}},"26":{"start":{"line":56,"column":43},"end":{"line":56,"column":45}},"27":{"start":{"line":58,"column":9},"end":{"line":58,"column":82}},"28":{"start":{"line":58,"column":59},"end":{"line":58,"column":82}},"29":{"start":{"line":60,"column":9},"end":{"line":67,"column":3}},"30":{"start":{"line":61,"column":4},"end":{"line":66,"column":5}},"31":{"start":{"line":62,"column":25},"end":{"line":62,"column":72}},"32":{"start":{"line":63,"column":20},"end":{"line":63,"column":51}},"33":{"start":{"line":65,"column":6},"end":{"line":65,"column":44}},"34":{"start":{"line":69,"column":9},"end":{"line":73,"column":3}},"35":{"start":{"line":70,"column":4},"end":{"line":72,"column":6}},"36":{"start":{"line":71,"column":6},"end":{"line":71,"column":78}},"37":{"start":{"line":75,"column":10},"end":{"line":79,"column":3}},"38":{"start":{"line":76,"column":4},"end":{"line":76,"column":55}},"39":{"start":{"line":77,"column":4},"end":{"line":77,"column":54}},"40":{"start":{"line":78,"column":4},"end":{"line":78,"column":76}},"41":{"start":{"line":13,"column":4},"end":{"line":13,"column":20}},"42":{"start":{"line":14,"column":4},"end":{"line":14,"column":45}},"43":{"start":{"line":5,"column":0},"end":{"line":80,"column":1}}},"fnMap":{"0":{"name":"(anonymous_0)","decl":{"start":{"line":10,"column":2},"end":{"line":10,"column":14}},"loc":{"start":{"line":10,"column":27},"end":{"line":15,"column":3}}},"1":{"name":"(anonymous_1)","decl":{"start":{"line":17,"column":24},"end":{"line":17,"column":25}},"loc":{"start":{"line":17,"column":56},"end":{"line":17,"column":81}}},"2":{"name":"(anonymous_2)","decl":{"start":{"line":19,"column":25},"end":{"line":19,"column":26}},"loc":{"start":{"line":19,"column":57},"end":{"line":19,"column":83}}},"3":{"name":"(anonymous_3)","decl":{"start":{"line":21,"column":20},"end":{"line":21,"column":21}},"loc":{"start":{"line":21,"column":44},"end":{"line":23,"column":3}}},"4":{"name":"(anonymous_4)","decl":{"start":{"line":25,"column":18},"end":{"line":25,"column":19}},"loc":{"start":{"line":25,"column":57},"end":{"line":35,"column":3}}},"5":{"name":"(anonymous_5)","decl":{"start":{"line":37,"column":24},"end":{"line":37,"column":25}},"loc":{"start":{"line":37,"column":50},"end":{"line":46,"column":3}}},"6":{"name":"(anonymous_6)","decl":{"start":{"line":48,"column":36},"end":{"line":48,"column":37}},"loc":{"start":{"line":48,"column":60},"end":{"line":54,"column":3}}},"7":{"name":"(anonymous_7)","decl":{"start":{"line":52,"column":14},"end":{"line":52,"column":15}},"loc":{"start":{"line":52,"column":49},"end":{"line":52,"column":87}}},"8":{"name":"(anonymous_8)","decl":{"start":{"line":53,"column":15},"end":{"line":53,"column":16}},"loc":{"start":{"line":53,"column":50},"end":{"line":53,"column":76}}},"9":{"name":"(anonymous_9)","decl":{"start":{"line":56,"column":18},"end":{"line":56,"column":19}},"loc":{"start":{"line":56,"column":43},"end":{"line":56,"column":45}}},"10":{"name":"(anonymous_10)","decl":{"start":{"line":58,"column":14},"end":{"line":58,"column":15}},"loc":{"start":{"line":58,"column":59},"end":{"line":58,"column":82}}},"11":{"name":"(anonymous_11)","decl":{"start":{"line":60,"column":32},"end":{"line":60,"column":40}},"loc":{"start":{"line":60,"column":43},"end":{"line":67,"column":3}}},"12":{"name":"(anonymous_12)","decl":{"start":{"line":69,"column":20},"end":{"line":69,"column":21}},"loc":{"start":{"line":69,"column":83},"end":{"line":73,"column":3}}},"13":{"name":"(anonymous_13)","decl":{"start":{"line":70,"column":18},"end":{"line":70,"column":19}},"loc":{"start":{"line":70,"column":37},"end":{"line":72,"column":5}}},"14":{"name":"(anonymous_14)","decl":{"start":{"line":75,"column":30},"end":{"line":75,"column":38}},"loc":{"start":{"line":75,"column":41},"end":{"line":79,"column":3}}}},"branchMap":{"0":{"loc":{"start":{"line":25,"column":42},"end":{"line":25,"column":47}},"type":"default-arg","locations":[{"start":{"line":25,"column":42},"end":{"line":25,"column":47}}]},"1":{"loc":{"start":{"line":32,"column":4},"end":{"line":34,"column":5}},"type":"if","locations":[{"start":{"line":32,"column":4},"end":{"line":34,"column":5}},{"start":{"line":32,"column":4},"end":{"line":34,"column":5}}]},"2":{"loc":{"start":{"line":39,"column":6},"end":{"line":40,"column":24}},"type":"switch","locations":[{"start":{"line":39,"column":6},"end":{"line":40,"column":24}},{"start":{"line":41,"column":6},"end":{"line":42,"column":24}},{"start":{"line":43,"column":6},"end":{"line":44,"column":24}}]},"3":{"loc":{"start":{"line":61,"column":4},"end":{"line":66,"column":5}},"type":"if","locations":[{"start":{"line":61,"column":4},"end":{"line":66,"column":5}},{"start":{"line":61,"column":4},"end":{"line":66,"column":5}}]},"4":{"loc":{"start":{"line":63,"column":33},"end":{"line":63,"column":42}},"type":"cond-expr","locations":[{"start":{"line":63,"column":33},"end":{"line":63,"column":42}},{"start":{"line":63,"column":45},"end":{"line":63,"column":51}}]}},"s":{"0":2,"1":2,"2":6,"3":6,"4":0,"5":6,"6":0,"7":6,"8":0,"9":6,"10":3,"11":3,"12":3,"13":3,"14":3,"15":1,"16":6,"17":0,"18":0,"19":0,"20":0,"21":6,"22":0,"23":0,"24":0,"25":6,"26":0,"27":6,"28":1,"29":6,"30":0,"31":0,"32":0,"33":0,"34":6,"35":1,"36":1,"37":6,"38":0,"39":0,"40":0,"41":6,"42":6,"43":2},"f":{"0":6,"1":0,"2":0,"3":0,"4":3,"5":0,"6":0,"7":0,"8":0,"9":0,"10":1,"11":0,"12":1,"13":1,"14":0},"b":{"0":[2],"1":[1,2],"2":[0,0,0],"3":[0,0],"4":[0,0]}}
,"/Users/e070910/Documents/aristotle/packages/aristotle/src/designer/elements/Lightbulb.ts": {"path":"/Users/e070910/Documents/aristotle/packages/aristotle/src/designer/elements/Lightbulb.ts","statementMap":{"0":{"start":{"line":1,"column":0},"end":{"line":1,"column":39}},"1":{"start":{"line":2,"column":0},"end":{"line":2,"column":52}},"2":{"start":{"line":3,"column":0},"end":{"line":3,"column":48}},"3":{"start":{"line":9,"column":4},"end":{"line":9,"column":15}},"4":{"start":{"line":6,"column":10},"end":{"line":6,"column":37}},"5":{"start":{"line":16,"column":9},"end":{"line":20,"column":3}},"6":{"start":{"line":17,"column":4},"end":{"line":17,"column":43}},"7":{"start":{"line":18,"column":4},"end":{"line":18,"column":47}},"8":{"start":{"line":19,"column":4},"end":{"line":19,"column":17}},"9":{"start":{"line":22,"column":12},"end":{"line":31,"column":3}},"10":{"start":{"line":23,"column":4},"end":{"line":23,"column":41}},"11":{"start":{"line":24,"column":16},"end":{"line":28,"column":5}},"12":{"start":{"line":30,"column":4},"end":{"line":30,"column":45}},"13":{"start":{"line":11,"column":4},"end":{"line":11,"column":36}},"14":{"start":{"line":12,"column":4},"end":{"line":12,"column":48}},"15":{"start":{"line":13,"column":4},"end":{"line":13,"column":21}},"16":{"start":{"line":5,"column":0},"end":{"line":32,"column":1}}},"fnMap":{"0":{"name":"(anonymous_0)","decl":{"start":{"line":8,"column":2},"end":{"line":8,"column":14}},"loc":{"start":{"line":8,"column":27},"end":{"line":14,"column":3}}},"1":{"name":"(anonymous_1)","decl":{"start":{"line":16,"column":27},"end":{"line":16,"column":28}},"loc":{"start":{"line":16,"column":45},"end":{"line":20,"column":3}}},"2":{"name":"(anonymous_2)","decl":{"start":{"line":22,"column":21},"end":{"line":22,"column":22}},"loc":{"start":{"line":22,"column":39},"end":{"line":31,"column":3}}}},"branchMap":{},"s":{"0":0,"1":0,"2":0,"3":0,"4":0,"5":0,"6":0,"7":0,"8":0,"9":0,"10":0,"11":0,"12":0,"13":0,"14":0,"15":0,"16":0},"f":{"0":0,"1":0,"2":0},"b":{}}
,"/Users/e070910/Documents/aristotle/packages/aristotle/src/designer/elements/LogicGate.ts": {"path":"/Users/e070910/Documents/aristotle/packages/aristotle/src/designer/elements/LogicGate.ts","statementMap":{"0":{"start":{"line":1,"column":0},"end":{"line":1,"column":39}},"1":{"start":{"line":2,"column":0},"end":{"line":2,"column":62}},"2":{"start":{"line":3,"column":0},"end":{"line":3,"column":50}},"3":{"start":{"line":9,"column":4},"end":{"line":9,"column":15}},"4":{"start":{"line":17,"column":9},"end":{"line":19,"column":3}},"5":{"start":{"line":18,"column":4},"end":{"line":18,"column":59}},"6":{"start":{"line":21,"column":12},"end":{"line":23,"column":3}},"7":{"start":{"line":22,"column":4},"end":{"line":22,"column":38}},"8":{"start":{"line":25,"column":10},"end":{"line":33,"column":3}},"9":{"start":{"line":26,"column":4},"end":{"line":32,"column":5}},"10":{"start":{"line":28,"column":8},"end":{"line":28,"column":33}},"11":{"start":{"line":31,"column":8},"end":{"line":31,"column":32}},"12":{"start":{"line":11,"column":4},"end":{"line":11,"column":28}},"13":{"start":{"line":12,"column":4},"end":{"line":12,"column":21}},"14":{"start":{"line":13,"column":4},"end":{"line":13,"column":37}},"15":{"start":{"line":14,"column":4},"end":{"line":14,"column":48}},"16":{"start":{"line":5,"column":0},"end":{"line":34,"column":1}}},"fnMap":{"0":{"name":"(anonymous_0)","decl":{"start":{"line":8,"column":2},"end":{"line":8,"column":14}},"loc":{"start":{"line":8,"column":45},"end":{"line":15,"column":3}}},"1":{"name":"(anonymous_1)","decl":{"start":{"line":17,"column":27},"end":{"line":17,"column":28}},"loc":{"start":{"line":17,"column":45},"end":{"line":19,"column":3}}},"2":{"name":"(anonymous_2)","decl":{"start":{"line":21,"column":21},"end":{"line":21,"column":22}},"loc":{"start":{"line":21,"column":39},"end":{"line":23,"column":3}}},"3":{"name":"(anonymous_3)","decl":{"start":{"line":25,"column":27},"end":{"line":25,"column":42}},"loc":{"start":{"line":25,"column":45},"end":{"line":33,"column":3}}}},"branchMap":{"0":{"loc":{"start":{"line":27,"column":6},"end":{"line":28,"column":33}},"type":"switch","locations":[{"start":{"line":27,"column":6},"end":{"line":28,"column":33}},{"start":{"line":29,"column":6},"end":{"line":29,"column":16}},{"start":{"line":30,"column":6},"end":{"line":31,"column":32}}]}},"s":{"0":0,"1":0,"2":0,"3":0,"4":0,"5":0,"6":0,"7":0,"8":0,"9":0,"10":0,"11":0,"12":0,"13":0,"14":0,"15":0,"16":0},"f":{"0":0,"1":0,"2":0,"3":0},"b":{"0":[0,0,0]}}
,"/Users/e070910/Documents/aristotle/packages/aristotle/src/designer/elements/Switch.ts": {"path":"/Users/e070910/Documents/aristotle/packages/aristotle/src/designer/elements/Switch.ts","statementMap":{"0":{"start":{"line":1,"column":0},"end":{"line":1,"column":39}},"1":{"start":{"line":2,"column":0},"end":{"line":2,"column":63}},"2":{"start":{"line":3,"column":0},"end":{"line":3,"column":48}},"3":{"start":{"line":9,"column":4},"end":{"line":9,"column":15}},"4":{"start":{"line":6,"column":10},"end":{"line":6,"column":37}},"5":{"start":{"line":17,"column":9},"end":{"line":21,"column":3}},"6":{"start":{"line":18,"column":4},"end":{"line":18,"column":43}},"7":{"start":{"line":19,"column":4},"end":{"line":19,"column":47}},"8":{"start":{"line":20,"column":4},"end":{"line":20,"column":17}},"9":{"start":{"line":23,"column":12},"end":{"line":31,"column":3}},"10":{"start":{"line":24,"column":16},"end":{"line":28,"column":5}},"11":{"start":{"line":30,"column":4},"end":{"line":30,"column":45}},"12":{"start":{"line":33,"column":10},"end":{"line":38,"column":3}},"13":{"start":{"line":34,"column":21},"end":{"line":34,"column":93}},"14":{"start":{"line":35,"column":4},"end":{"line":35,"column":32}},"15":{"start":{"line":36,"column":4},"end":{"line":36,"column":26}},"16":{"start":{"line":37,"column":4},"end":{"line":37,"column":45}},"17":{"start":{"line":11,"column":4},"end":{"line":11,"column":35}},"18":{"start":{"line":12,"column":4},"end":{"line":12,"column":48}},"19":{"start":{"line":13,"column":4},"end":{"line":13,"column":21}},"20":{"start":{"line":14,"column":4},"end":{"line":14,"column":34}},"21":{"start":{"line":5,"column":0},"end":{"line":39,"column":1}}},"fnMap":{"0":{"name":"(anonymous_0)","decl":{"start":{"line":8,"column":2},"end":{"line":8,"column":14}},"loc":{"start":{"line":8,"column":27},"end":{"line":15,"column":3}}},"1":{"name":"(anonymous_1)","decl":{"start":{"line":17,"column":27},"end":{"line":17,"column":28}},"loc":{"start":{"line":17,"column":45},"end":{"line":21,"column":3}}},"2":{"name":"(anonymous_2)","decl":{"start":{"line":23,"column":21},"end":{"line":23,"column":22}},"loc":{"start":{"line":23,"column":39},"end":{"line":31,"column":3}}},"3":{"name":"(anonymous_3)","decl":{"start":{"line":33,"column":19},"end":{"line":33,"column":21}},"loc":{"start":{"line":33,"column":24},"end":{"line":38,"column":3}}}},"branchMap":{"0":{"loc":{"start":{"line":34,"column":59},"end":{"line":34,"column":75}},"type":"cond-expr","locations":[{"start":{"line":34,"column":59},"end":{"line":34,"column":75}},{"start":{"line":34,"column":78},"end":{"line":34,"column":93}}]}},"s":{"0":0,"1":0,"2":0,"3":0,"4":0,"5":0,"6":0,"7":0,"8":0,"9":0,"10":0,"11":0,"12":0,"13":0,"14":0,"15":0,"16":0,"17":0,"18":0,"19":0,"20":0,"21":0},"f":{"0":0,"1":0,"2":0,"3":0},"b":{"0":[0,0]}}
,"/Users/e070910/Documents/aristotle/packages/aristotle/src/utils/getPortIndex.ts": {"path":"/Users/e070910/Documents/aristotle/packages/aristotle/src/utils/getPortIndex.ts","statementMap":{"0":{"start":{"line":3,"column":21},"end":{"line":12,"column":1}},"1":{"start":{"line":4,"column":16},"end":{"line":4,"column":48}},"2":{"start":{"line":6,"column":2},"end":{"line":10,"column":3}},"3":{"start":{"line":7,"column":4},"end":{"line":9,"column":5}},"4":{"start":{"line":8,"column":6},"end":{"line":8,"column":14}},"5":{"start":{"line":11,"column":2},"end":{"line":11,"column":11}},"6":{"start":{"line":14,"column":0},"end":{"line":14,"column":27}}},"fnMap":{"0":{"name":"(anonymous_0)","decl":{"start":{"line":3,"column":21},"end":{"line":3,"column":22}},"loc":{"start":{"line":3,"column":65},"end":{"line":12,"column":1}}}},"branchMap":{"0":{"loc":{"start":{"line":7,"column":4},"end":{"line":9,"column":5}},"type":"if","locations":[{"start":{"line":7,"column":4},"end":{"line":9,"column":5}},{"start":{"line":7,"column":4},"end":{"line":9,"column":5}}]}},"s":{"0":1,"1":0,"2":0,"3":0,"4":0,"5":0,"6":1},"f":{"0":0},"b":{"0":[0,0]}}
}
