TN:
SF:/Users/e070910/Documents/aristotle/packages/aristotle/src/main.ts
FN:9,(anonymous_0)
FNF:1
FNH:0
FNDA:0,(anonymous_0)
DA:1,0
DA:2,0
DA:3,0
DA:5,0
DA:7,0
DA:9,0
LF:6
LH:0
BRF:0
BRH:0
end_of_record
TN:
SF:/Users/e070910/Documents/aristotle/packages/aristotle/src/shims-tsx.d.ts
FNF:0
FNH:0
LF:0
LH:0
BRF:0
BRH:0
end_of_record
TN:
SF:/Users/e070910/Documents/aristotle/packages/aristotle/src/shims-vue.d.ts
FNF:0
FNH:0
LF:0
LH:0
BRF:0
BRH:0
end_of_record
TN:
SF:/Users/e070910/Documents/aristotle/packages/aristotle/src/store.ts
FNF:0
FNH:0
DA:1,0
DA:2,0
DA:4,0
DA:6,0
LF:4
LH:0
BRF:0
BRH:0
end_of_record
TN:
SF:/Users/e070910/Documents/aristotle/packages/aristotle/src/components/Editor/Editor.tsx
FN:9,(anonymous_0)
FN:16,(anonymous_1)
FN:20,(anonymous_2)
FN:24,(anonymous_3)
FN:28,(anonymous_4)
FN:60,(anonymous_5)
FNF:6
FNH:0
FNDA:0,(anonymous_0)
FNDA:0,(anonymous_1)
FNDA:0,(anonymous_2)
FNDA:0,(anonymous_3)
FNDA:0,(anonymous_4)
FNDA:0,(anonymous_5)
DA:1,0
DA:3,0
DA:4,0
DA:5,0
DA:6,0
DA:7,0
DA:10,0
DA:11,0
DA:13,0
DA:14,0
DA:17,0
DA:21,0
DA:25,0
DA:29,0
DA:31,0
DA:32,0
DA:34,0
DA:35,0
DA:36,0
DA:38,0
DA:39,0
DA:41,0
DA:42,0
DA:43,0
DA:44,0
DA:45,0
DA:46,0
DA:47,0
DA:49,0
DA:50,0
DA:51,0
DA:52,0
DA:53,0
DA:54,0
DA:56,0
DA:57,0
DA:61,0
LF:37
LH:0
BRF:0
BRH:0
end_of_record
TN:
SF:/Users/e070910/Documents/aristotle/packages/aristotle/src/designer/Connection.ts
FN:13,(anonymous_0)
FN:28,(anonymous_1)
FN:36,(anonymous_2)
FN:43,(anonymous_3)
FN:45,(anonymous_4)
FNF:5
FNH:0
FNDA:0,(anonymous_0)
FNDA:0,(anonymous_1)
FNDA:0,(anonymous_2)
FNDA:0,(anonymous_3)
FNDA:0,(anonymous_4)
DA:1,1
DA:3,1
DA:14,0
DA:22,0
DA:24,0
DA:25,0
DA:28,0
DA:29,0
DA:30,0
DA:32,0
DA:33,0
DA:36,0
DA:37,0
DA:38,0
DA:40,0
DA:43,0
DA:45,0
DA:48,1
LF:18
LH:3
BRF:0
BRH:0
end_of_record
TN:
SF:/Users/e070910/Documents/aristotle/packages/aristotle/src/designer/Editor.ts
FN:12,(anonymous_0)
FN:39,(anonymous_1)
FN:56,(anonymous_2)
FN:61,(anonymous_3)
FN:88,(anonymous_4)
FN:97,(anonymous_5)
FN:26,(anonymous_6)
FN:71,(anonymous_7)
FNF:8
FNH:7
FNDA:17,(anonymous_0)
FNDA:4,(anonymous_1)
FNDA:13,(anonymous_2)
FNDA:0,(anonymous_3)
FNDA:1,(anonymous_4)
FNDA:17,(anonymous_5)
FNDA:3,(anonymous_6)
FNDA:2,(anonymous_7)
DA:1,1
DA:2,1
DA:3,1
DA:4,1
DA:8,1
DA:9,17
DA:10,17
DA:13,17
DA:15,17
DA:16,17
DA:27,3
DA:28,3
DA:29,3
DA:39,17
DA:40,4
DA:42,4
DA:43,4
DA:45,4
DA:46,4
DA:56,17
DA:57,13
DA:58,12
DA:60,12
DA:61,9
DA:72,2
DA:74,1
DA:75,1
DA:78,1
DA:79,1
DA:88,17
DA:89,1
DA:97,17
DA:98,17
DA:99,17
LF:34
LH:34
BRDA:56,0,0,2
BRDA:57,1,0,12
BRDA:57,1,1,1
BRDA:57,2,0,13
BRDA:57,2,1,12
BRDA:60,3,0,9
BRDA:60,3,1,3
BRDA:73,4,0,1
BRDA:73,4,1,1
BRDA:73,4,2,1
BRF:10
BRH:10
end_of_record
TN:
SF:/Users/e070910/Documents/aristotle/packages/aristotle/src/designer/Element.ts
FN:10,(anonymous_0)
FN:17,(anonymous_1)
FN:19,(anonymous_2)
FN:21,(anonymous_3)
FN:25,(anonymous_4)
FN:37,(anonymous_5)
FN:48,(anonymous_6)
FN:52,(anonymous_7)
FN:53,(anonymous_8)
FN:56,(anonymous_9)
FN:58,(anonymous_10)
FN:60,(anonymous_11)
FN:69,(anonymous_12)
FN:70,(anonymous_13)
FN:75,(anonymous_14)
FNF:15
FNH:5
FNDA:6,(anonymous_0)
FNDA:0,(anonymous_1)
FNDA:0,(anonymous_2)
FNDA:0,(anonymous_3)
FNDA:3,(anonymous_4)
FNDA:0,(anonymous_5)
FNDA:0,(anonymous_6)
FNDA:0,(anonymous_7)
FNDA:0,(anonymous_8)
FNDA:0,(anonymous_9)
FNDA:1,(anonymous_10)
FNDA:0,(anonymous_11)
FNDA:1,(anonymous_12)
FNDA:1,(anonymous_13)
FNDA:0,(anonymous_14)
DA:2,2
DA:3,2
DA:5,2
DA:11,6
DA:13,6
DA:14,6
DA:17,6
DA:19,6
DA:21,6
DA:22,0
DA:25,6
DA:26,3
DA:28,3
DA:29,3
DA:30,3
DA:32,3
DA:33,1
DA:37,6
DA:38,0
DA:40,0
DA:42,0
DA:44,0
DA:48,6
DA:49,0
DA:52,0
DA:53,0
DA:56,6
DA:58,6
DA:60,6
DA:61,0
DA:62,0
DA:63,0
DA:65,0
DA:69,6
DA:70,1
DA:71,1
DA:75,6
DA:76,0
DA:77,0
DA:78,0
LF:40
LH:25
BRDA:25,0,0,2
BRDA:32,1,0,1
BRDA:32,1,1,2
BRDA:39,2,0,0
BRDA:39,2,1,0
BRDA:39,2,2,0
BRDA:61,3,0,0
BRDA:61,3,1,0
BRDA:63,4,0,0
BRDA:63,4,1,0
BRF:10
BRH:3
end_of_record
TN:
SF:/Users/e070910/Documents/aristotle/packages/aristotle/src/designer/elements/Lightbulb.ts
FN:8,(anonymous_0)
FN:16,(anonymous_1)
FN:22,(anonymous_2)
FNF:3
FNH:0
FNDA:0,(anonymous_0)
FNDA:0,(anonymous_1)
FNDA:0,(anonymous_2)
DA:1,0
DA:2,0
DA:3,0
DA:5,0
DA:6,0
DA:9,0
DA:11,0
DA:12,0
DA:13,0
DA:16,0
DA:17,0
DA:18,0
DA:19,0
DA:22,0
DA:23,0
DA:24,0
DA:30,0
LF:17
LH:0
BRF:0
BRH:0
end_of_record
TN:
SF:/Users/e070910/Documents/aristotle/packages/aristotle/src/designer/elements/LogicGate.ts
FN:8,(anonymous_0)
FN:17,(anonymous_1)
FN:21,(anonymous_2)
FN:25,(anonymous_3)
FNF:4
FNH:0
FNDA:0,(anonymous_0)
FNDA:0,(anonymous_1)
FNDA:0,(anonymous_2)
FNDA:0,(anonymous_3)
DA:1,0
DA:2,0
DA:3,0
DA:5,0
DA:9,0
DA:11,0
DA:12,0
DA:13,0
DA:14,0
DA:17,0
DA:18,0
DA:21,0
DA:22,0
DA:25,0
DA:26,0
DA:28,0
DA:31,0
LF:17
LH:0
BRDA:27,0,0,0
BRDA:27,0,1,0
BRDA:27,0,2,0
BRF:3
BRH:0
end_of_record
TN:
SF:/Users/e070910/Documents/aristotle/packages/aristotle/src/designer/elements/Switch.ts
FN:8,(anonymous_0)
FN:17,(anonymous_1)
FN:23,(anonymous_2)
FN:33,(anonymous_3)
FNF:4
FNH:0
FNDA:0,(anonymous_0)
FNDA:0,(anonymous_1)
FNDA:0,(anonymous_2)
FNDA:0,(anonymous_3)
DA:1,0
DA:2,0
DA:3,0
DA:5,0
DA:6,0
DA:9,0
DA:11,0
DA:12,0
DA:13,0
DA:14,0
DA:17,0
DA:18,0
DA:19,0
DA:20,0
DA:23,0
DA:24,0
DA:30,0
DA:33,0
DA:34,0
DA:35,0
DA:36,0
DA:37,0
LF:22
LH:0
BRDA:34,0,0,0
BRDA:34,0,1,0
BRF:2
BRH:0
end_of_record
TN:
SF:/Users/e070910/Documents/aristotle/packages/aristotle/src/utils/getPortIndex.ts
FN:3,(anonymous_0)
FNF:1
FNH:0
FNDA:0,(anonymous_0)
DA:3,1
DA:4,0
DA:6,0
DA:7,0
DA:8,0
DA:11,0
DA:14,1
LF:7
LH:2
BRDA:7,0,0,0
BRDA:7,0,1,0
BRF:2
BRH:0
end_of_record
