<?xml version="1.0" encoding="UTF-8"?>
<coverage generated="1556833709100" clover="3.2.0">
  <project timestamp="1556833709101" name="All files">
    <metrics statements="583" coveredstatements="372" conditionals="107" coveredconditionals="73" methods="181" coveredmethods="115" elements="871" coveredelements="560" complexity="0" loc="583" ncloc="583" packages="10" files="25" classes="25">
      <package name="src">
        <metrics statements="173" coveredstatements="78" conditionals="45" coveredconditionals="29" methods="50" coveredmethods="23"/>
        <file name="Canvas.js" path="/Users/e070910/Documents/aristotle/packages/editor/src/Canvas.js">
          <metrics statements="48" coveredstatements="0" conditionals="12" coveredconditionals="0" methods="13" coveredmethods="0"/>
          <line num="15" count="0" type="stmt"/>
          <line num="17" count="0" type="stmt"/>
          <line num="18" count="0" type="stmt"/>
          <line num="19" count="0" type="stmt"/>
          <line num="28" count="0" type="stmt"/>
          <line num="29" count="0" type="stmt"/>
          <line num="30" count="0" type="stmt"/>
          <line num="31" count="0" type="stmt"/>
          <line num="32" count="0" type="cond" truecount="0" falsecount="2"/>
          <line num="33" count="0" type="stmt"/>
          <line num="44" count="0" type="stmt"/>
          <line num="52" count="0" type="stmt"/>
          <line num="61" count="0" type="cond" truecount="0" falsecount="2"/>
          <line num="62" count="0" type="stmt"/>
          <line num="63" count="0" type="stmt"/>
          <line num="64" count="0" type="stmt"/>
          <line num="65" count="0" type="stmt"/>
          <line num="66" count="0" type="stmt"/>
          <line num="67" count="0" type="stmt"/>
          <line num="68" count="0" type="stmt"/>
          <line num="70" count="0" type="stmt"/>
          <line num="71" count="0" type="stmt"/>
          <line num="73" count="0" type="stmt"/>
          <line num="74" count="0" type="stmt"/>
          <line num="75" count="0" type="stmt"/>
          <line num="86" count="0" type="cond" truecount="0" falsecount="2"/>
          <line num="87" count="0" type="stmt"/>
          <line num="91" count="0" type="stmt"/>
          <line num="93" count="0" type="stmt"/>
          <line num="94" count="0" type="stmt"/>
          <line num="96" count="0" type="stmt"/>
          <line num="97" count="0" type="stmt"/>
          <line num="100" count="0" type="stmt"/>
          <line num="101" count="0" type="stmt"/>
          <line num="110" count="0" type="stmt"/>
          <line num="111" count="0" type="stmt"/>
          <line num="112" count="0" type="stmt"/>
          <line num="114" count="0" type="stmt"/>
          <line num="115" count="0" type="stmt"/>
          <line num="125" count="0" type="stmt"/>
          <line num="126" count="0" type="stmt"/>
          <line num="129" count="0" type="cond" truecount="0" falsecount="4"/>
          <line num="135" count="0" type="cond" truecount="0" falsecount="2"/>
          <line num="136" count="0" type="stmt"/>
          <line num="137" count="0" type="stmt"/>
          <line num="139" count="0" type="stmt"/>
          <line num="149" count="0" type="stmt"/>
          <line num="151" count="0" type="stmt"/>
        </file>
        <file name="Connection.js" path="/Users/e070910/Documents/aristotle/packages/editor/src/Connection.js">
          <metrics statements="21" coveredstatements="4" conditionals="0" coveredconditionals="0" methods="4" coveredmethods="1"/>
          <line num="8" count="6" type="stmt"/>
          <line num="17" count="6" type="stmt"/>
          <line num="18" count="6" type="stmt"/>
          <line num="19" count="6" type="stmt"/>
          <line num="23" count="0" type="stmt"/>
          <line num="24" count="0" type="stmt"/>
          <line num="25" count="0" type="stmt"/>
          <line num="26" count="0" type="stmt"/>
          <line num="27" count="0" type="stmt"/>
          <line num="29" count="0" type="stmt"/>
          <line num="30" count="0" type="stmt"/>
          <line num="34" count="0" type="stmt"/>
          <line num="35" count="0" type="stmt"/>
          <line num="36" count="0" type="stmt"/>
          <line num="37" count="0" type="stmt"/>
          <line num="39" count="0" type="stmt"/>
          <line num="43" count="0" type="stmt"/>
          <line num="44" count="0" type="stmt"/>
          <line num="45" count="0" type="stmt"/>
          <line num="46" count="0" type="stmt"/>
          <line num="48" count="0" type="stmt"/>
        </file>
        <file name="Editor.js" path="/Users/e070910/Documents/aristotle/packages/editor/src/Editor.js">
          <metrics statements="49" coveredstatements="29" conditionals="14" coveredconditionals="10" methods="12" coveredmethods="7"/>
          <line num="12" count="17" type="stmt"/>
          <line num="14" count="17" type="stmt"/>
          <line num="15" count="17" type="stmt"/>
          <line num="16" count="17" type="stmt"/>
          <line num="17" count="17" type="stmt"/>
          <line num="19" count="17" type="stmt"/>
          <line num="43" count="3" type="stmt"/>
          <line num="44" count="3" type="stmt"/>
          <line num="45" count="3" type="stmt"/>
          <line num="56" count="4" type="stmt"/>
          <line num="58" count="4" type="stmt"/>
          <line num="59" count="4" type="stmt"/>
          <line num="61" count="4" type="stmt"/>
          <line num="62" count="4" type="stmt"/>
          <line num="73" count="13" type="cond" truecount="4" falsecount="0"/>
          <line num="74" count="12" type="stmt"/>
          <line num="76" count="12" type="cond" truecount="2" falsecount="0"/>
          <line num="77" count="9" type="stmt"/>
          <line num="88" count="2" type="cond" truecount="3" falsecount="0"/>
          <line num="90" count="1" type="stmt"/>
          <line num="91" count="1" type="stmt"/>
          <line num="94" count="1" type="stmt"/>
          <line num="95" count="1" type="stmt"/>
          <line num="97" count="2" type="stmt"/>
          <line num="106" count="1" type="stmt"/>
          <line num="115" count="17" type="stmt"/>
          <line num="117" count="17" type="stmt"/>
          <line num="119" count="17" type="stmt"/>
          <line num="120" count="17" type="stmt"/>
          <line num="126" count="0" type="stmt"/>
          <line num="136" count="0" type="stmt"/>
          <line num="142" count="0" type="stmt"/>
          <line num="146" count="0" type="cond" truecount="0" falsecount="4"/>
          <line num="148" count="0" type="stmt"/>
          <line num="149" count="0" type="stmt"/>
          <line num="151" count="0" type="stmt"/>
          <line num="152" count="0" type="stmt"/>
          <line num="153" count="0" type="stmt"/>
          <line num="155" count="0" type="stmt"/>
          <line num="157" count="0" type="stmt"/>
          <line num="158" count="0" type="stmt"/>
          <line num="160" count="0" type="stmt"/>
          <line num="161" count="0" type="stmt"/>
          <line num="162" count="0" type="stmt"/>
          <line num="164" count="0" type="stmt"/>
          <line num="166" count="0" type="stmt"/>
          <line num="167" count="0" type="stmt"/>
          <line num="169" count="0" type="stmt"/>
          <line num="170" count="0" type="stmt"/>
        </file>
        <file name="Element.js" path="/Users/e070910/Documents/aristotle/packages/editor/src/Element.js">
          <metrics statements="55" coveredstatements="45" conditionals="19" coveredconditionals="19" methods="21" coveredmethods="15"/>
          <line num="9" count="96" type="stmt"/>
          <line num="11" count="96" type="cond" truecount="2" falsecount="0"/>
          <line num="12" count="96" type="stmt"/>
          <line num="24" count="2" type="stmt"/>
          <line num="33" count="0" type="stmt"/>
          <line num="42" count="0" type="stmt"/>
          <line num="49" count="68" type="stmt"/>
          <line num="51" count="68" type="stmt"/>
          <line num="52" count="68" type="stmt"/>
          <line num="53" count="68" type="stmt"/>
          <line num="54" count="68" type="stmt"/>
          <line num="55" count="68" type="stmt"/>
          <line num="56" count="68" type="stmt"/>
          <line num="57" count="68" type="stmt"/>
          <line num="67" count="3" type="cond" truecount="3" falsecount="0"/>
          <line num="69" count="1" type="stmt"/>
          <line num="71" count="1" type="stmt"/>
          <line num="73" count="1" type="stmt"/>
          <line num="83" count="2" type="stmt"/>
          <line num="86" count="2" type="stmt"/>
          <line num="87" count="1" type="stmt"/>
          <line num="96" count="5" type="cond" truecount="2" falsecount="0"/>
          <line num="97" count="4" type="stmt"/>
          <line num="99" count="4" type="cond" truecount="2" falsecount="0"/>
          <line num="100" count="2" type="stmt"/>
          <line num="103" count="3" type="stmt"/>
          <line num="110" count="72" type="cond" truecount="2" falsecount="0"/>
          <line num="111" count="3" type="cond" truecount="2" falsecount="0"/>
          <line num="113" count="3" type="stmt"/>
          <line num="118" count="0" type="stmt"/>
          <line num="122" count="0" type="stmt"/>
          <line num="131" count="70" type="stmt"/>
          <line num="132" count="187" type="stmt"/>
          <line num="133" count="187" type="stmt"/>
          <line num="143" count="70" type="stmt"/>
          <line num="147" count="0" type="stmt"/>
          <line num="148" count="0" type="stmt"/>
          <line num="152" count="0" type="stmt"/>
          <line num="153" count="0" type="stmt"/>
          <line num="154" count="0" type="stmt"/>
          <line num="161" count="2" type="cond" truecount="2" falsecount="0"/>
          <line num="162" count="1" type="stmt"/>
          <line num="174" count="2" type="stmt"/>
          <line num="175" count="2" type="stmt"/>
          <line num="176" count="2" type="stmt"/>
          <line num="178" count="2" type="stmt"/>
          <line num="188" count="70" type="cond" truecount="4" falsecount="0"/>
          <line num="189" count="31" type="stmt"/>
          <line num="191" count="39" type="stmt"/>
          <line num="192" count="39" type="stmt"/>
          <line num="194" count="39" type="stmt"/>
          <line num="195" count="39" type="stmt"/>
          <line num="196" count="39" type="stmt"/>
          <line num="197" count="39" type="stmt"/>
          <line num="201" count="0" type="stmt"/>
        </file>
      </package>
      <package name="src.commands">
        <metrics statements="51" coveredstatements="0" conditionals="2" coveredconditionals="0" methods="17" coveredmethods="0"/>
        <file name="CommandSetInputCount.js" path="/Users/e070910/Documents/aristotle/packages/editor/src/commands/CommandSetInputCount.js">
          <metrics statements="51" coveredstatements="0" conditionals="2" coveredconditionals="0" methods="17" coveredmethods="0"/>
          <line num="5" count="0" type="stmt"/>
          <line num="7" count="0" type="stmt"/>
          <line num="8" count="0" type="stmt"/>
          <line num="9" count="0" type="stmt"/>
          <line num="10" count="0" type="stmt"/>
          <line num="11" count="0" type="stmt"/>
          <line num="12" count="0" type="stmt"/>
          <line num="16" count="0" type="stmt"/>
          <line num="20" count="0" type="stmt"/>
          <line num="24" count="0" type="stmt"/>
          <line num="25" count="0" type="stmt"/>
          <line num="26" count="0" type="stmt"/>
          <line num="27" count="0" type="stmt"/>
          <line num="31" count="0" type="stmt"/>
          <line num="32" count="0" type="stmt"/>
          <line num="33" count="0" type="stmt"/>
          <line num="34" count="0" type="stmt"/>
          <line num="38" count="0" type="stmt"/>
          <line num="39" count="0" type="stmt"/>
          <line num="40" count="0" type="stmt"/>
          <line num="44" count="0" type="stmt"/>
          <line num="46" count="0" type="stmt"/>
          <line num="47" count="0" type="stmt"/>
          <line num="48" count="0" type="stmt"/>
          <line num="49" count="0" type="stmt"/>
          <line num="50" count="0" type="stmt"/>
          <line num="51" count="0" type="stmt"/>
          <line num="55" count="0" type="stmt"/>
          <line num="56" count="0" type="stmt"/>
          <line num="58" count="0" type="stmt"/>
          <line num="63" count="0" type="stmt"/>
          <line num="65" count="0" type="stmt"/>
          <line num="69" count="0" type="stmt"/>
          <line num="70" count="0" type="stmt"/>
          <line num="75" count="0" type="stmt"/>
          <line num="76" count="0" type="stmt"/>
          <line num="77" count="0" type="stmt"/>
          <line num="81" count="0" type="stmt"/>
          <line num="85" count="0" type="stmt"/>
          <line num="86" count="0" type="stmt"/>
          <line num="88" count="0" type="cond" truecount="0" falsecount="2"/>
          <line num="91" count="0" type="stmt"/>
          <line num="93" count="0" type="stmt"/>
          <line num="94" count="0" type="stmt"/>
          <line num="95" count="0" type="stmt"/>
          <line num="100" count="0" type="stmt"/>
          <line num="103" count="0" type="stmt"/>
          <line num="105" count="0" type="stmt"/>
          <line num="107" count="0" type="stmt"/>
          <line num="108" count="0" type="stmt"/>
          <line num="109" count="0" type="stmt"/>
        </file>
      </package>
      <package name="src.elements">
        <metrics statements="104" coveredstatements="80" conditionals="19" coveredconditionals="15" methods="39" coveredmethods="28"/>
        <file name="Digit.js" path="/Users/e070910/Documents/aristotle/packages/editor/src/elements/Digit.js">
          <metrics statements="24" coveredstatements="21" conditionals="2" coveredconditionals="2" methods="9" coveredmethods="8"/>
          <line num="8" count="12" type="stmt"/>
          <line num="10" count="12" type="stmt"/>
          <line num="11" count="12" type="stmt"/>
          <line num="12" count="12" type="stmt"/>
          <line num="16" count="12" type="stmt"/>
          <line num="17" count="12" type="stmt"/>
          <line num="33" count="2" type="stmt"/>
          <line num="35" count="2" type="stmt"/>
          <line num="37" count="2" type="stmt"/>
          <line num="46" count="18" type="stmt"/>
          <line num="48" count="72" type="cond" truecount="2" falsecount="0"/>
          <line num="59" count="17" type="stmt"/>
          <line num="66" count="1" type="stmt"/>
          <line num="67" count="1" type="stmt"/>
          <line num="69" count="1" type="stmt"/>
          <line num="73" count="4" type="stmt"/>
          <line num="74" count="4" type="stmt"/>
          <line num="76" count="4" type="stmt"/>
          <line num="80" count="0" type="stmt"/>
          <line num="81" count="0" type="stmt"/>
          <line num="82" count="0" type="stmt"/>
          <line num="86" count="14" type="stmt"/>
          <line num="88" count="14" type="stmt"/>
          <line num="90" count="14" type="stmt"/>
        </file>
        <file name="IntegratedCircuit.js" path="/Users/e070910/Documents/aristotle/packages/editor/src/elements/IntegratedCircuit.js">
          <metrics statements="39" coveredstatements="32" conditionals="8" coveredconditionals="8" methods="19" coveredmethods="13"/>
          <line num="24" count="12" type="stmt"/>
          <line num="26" count="12" type="stmt"/>
          <line num="27" count="12" type="stmt"/>
          <line num="28" count="12" type="stmt"/>
          <line num="29" count="12" type="stmt"/>
          <line num="30" count="12" type="stmt"/>
          <line num="37" count="12" type="stmt"/>
          <line num="38" count="12" type="stmt"/>
          <line num="49" count="2" type="stmt"/>
          <line num="50" count="2" type="stmt"/>
          <line num="52" count="2" type="cond" truecount="2" falsecount="0"/>
          <line num="53" count="1" type="stmt"/>
          <line num="55" count="1" type="stmt"/>
          <line num="65" count="25" type="stmt"/>
          <line num="67" count="175" type="stmt"/>
          <line num="72" count="0" type="stmt"/>
          <line num="74" count="0" type="stmt"/>
          <line num="85" count="24" type="stmt"/>
          <line num="86" count="154" type="stmt"/>
          <line num="87" count="22" type="stmt"/>
          <line num="88" count="44" type="stmt"/>
          <line num="92" count="80" type="cond" truecount="4" falsecount="0"/>
          <line num="94" count="47" type="stmt"/>
          <line num="96" count="47" type="cond" truecount="2" falsecount="0"/>
          <line num="98" count="24" type="stmt"/>
          <line num="101" count="47" type="stmt"/>
          <line num="103" count="47" type="stmt"/>
          <line num="106" count="33" type="stmt"/>
          <line num="113" count="14" type="stmt"/>
          <line num="115" count="2" type="stmt"/>
          <line num="116" count="12" type="stmt"/>
          <line num="117" count="12" type="stmt"/>
          <line num="119" count="12" type="stmt"/>
          <line num="124" count="0" type="stmt"/>
          <line num="127" count="0" type="stmt"/>
          <line num="128" count="0" type="stmt"/>
          <line num="129" count="0" type="stmt"/>
          <line num="133" count="0" type="stmt"/>
          <line num="137" count="12" type="stmt"/>
        </file>
        <file name="Lightbulb.js" path="/Users/e070910/Documents/aristotle/packages/editor/src/elements/Lightbulb.js">
          <metrics statements="9" coveredstatements="6" conditionals="0" coveredconditionals="0" methods="3" coveredmethods="2"/>
          <line num="7" count="10" type="stmt"/>
          <line num="9" count="10" type="stmt"/>
          <line num="10" count="10" type="stmt"/>
          <line num="11" count="10" type="stmt"/>
          <line num="22" count="0" type="stmt"/>
          <line num="23" count="0" type="stmt"/>
          <line num="24" count="0" type="stmt"/>
          <line num="28" count="10" type="stmt"/>
          <line num="37" count="10" type="stmt"/>
        </file>
        <file name="LogicGate.js" path="/Users/e070910/Documents/aristotle/packages/editor/src/elements/LogicGate.js">
          <metrics statements="11" coveredstatements="10" conditionals="3" coveredconditionals="3" methods="4" coveredmethods="3"/>
          <line num="8" count="17" type="stmt"/>
          <line num="10" count="17" type="stmt"/>
          <line num="11" count="17" type="stmt"/>
          <line num="12" count="17" type="stmt"/>
          <line num="13" count="17" type="stmt"/>
          <line num="20" count="17" type="stmt"/>
          <line num="31" count="0" type="stmt"/>
          <line num="35" count="17" type="stmt"/>
          <line num="39" count="17" type="cond" truecount="3" falsecount="0"/>
          <line num="41" count="15" type="stmt"/>
          <line num="44" count="2" type="stmt"/>
        </file>
        <file name="Switch.js" path="/Users/e070910/Documents/aristotle/packages/editor/src/elements/Switch.js">
          <metrics statements="21" coveredstatements="11" conditionals="6" coveredconditionals="2" methods="4" coveredmethods="2"/>
          <line num="8" count="15" type="stmt"/>
          <line num="10" count="15" type="stmt"/>
          <line num="12" count="15" type="stmt"/>
          <line num="29" count="15" type="stmt"/>
          <line num="30" count="15" type="stmt"/>
          <line num="32" count="15" type="stmt"/>
          <line num="38" count="15" type="stmt"/>
          <line num="49" count="0" type="stmt"/>
          <line num="50" count="0" type="stmt"/>
          <line num="51" count="0" type="stmt"/>
          <line num="55" count="15" type="cond" truecount="1" falsecount="1"/>
          <line num="56" count="15" type="cond" truecount="1" falsecount="1"/>
          <line num="58" count="15" type="stmt"/>
          <line num="79" count="15" type="stmt"/>
          <line num="81" count="0" type="stmt"/>
          <line num="91" count="0" type="stmt"/>
          <line num="95" count="0" type="cond" truecount="0" falsecount="2"/>
          <line num="96" count="0" type="stmt"/>
          <line num="97" count="0" type="stmt"/>
          <line num="98" count="0" type="stmt"/>
          <line num="99" count="0" type="stmt"/>
        </file>
      </package>
      <package name="src.layout">
        <metrics statements="16" coveredstatements="0" conditionals="0" coveredconditionals="0" methods="1" coveredmethods="0"/>
        <file name="BezierConnectionRouter.js" path="/Users/e070910/Documents/aristotle/packages/editor/src/layout/BezierConnectionRouter.js">
          <metrics statements="16" coveredstatements="0" conditionals="0" coveredconditionals="0" methods="1" coveredmethods="0"/>
          <line num="5" count="0" type="stmt"/>
          <line num="6" count="0" type="stmt"/>
          <line num="8" count="0" type="stmt"/>
          <line num="12" count="0" type="stmt"/>
          <line num="16" count="0" type="stmt"/>
          <line num="17" count="0" type="stmt"/>
          <line num="19" count="0" type="stmt"/>
          <line num="20" count="0" type="stmt"/>
          <line num="22" count="0" type="stmt"/>
          <line num="23" count="0" type="stmt"/>
          <line num="25" count="0" type="stmt"/>
          <line num="26" count="0" type="stmt"/>
          <line num="27" count="0" type="stmt"/>
          <line num="28" count="0" type="stmt"/>
          <line num="30" count="0" type="stmt"/>
          <line num="35" count="0" type="stmt"/>
        </file>
      </package>
      <package name="src.models">
        <metrics statements="5" coveredstatements="0" conditionals="5" coveredconditionals="0" methods="1" coveredmethods="0"/>
        <file name="EditorModel.js" path="/Users/e070910/Documents/aristotle/packages/editor/src/models/EditorModel.js">
          <metrics statements="5" coveredstatements="0" conditionals="5" coveredconditionals="0" methods="1" coveredmethods="0"/>
          <line num="9" count="0" type="stmt"/>
          <line num="10" count="0" type="stmt"/>
          <line num="11" count="0" type="stmt"/>
          <line num="12" count="0" type="stmt"/>
          <line num="13" count="0" type="stmt"/>
        </file>
      </package>
      <package name="src.services">
        <metrics statements="43" coveredstatements="30" conditionals="7" coveredconditionals="5" methods="15" coveredmethods="10"/>
        <file name="DeserializerService.js" path="/Users/e070910/Documents/aristotle/packages/editor/src/services/DeserializerService.js">
          <metrics statements="23" coveredstatements="23" conditionals="0" coveredconditionals="0" methods="8" coveredmethods="8"/>
          <line num="22" count="24" type="stmt"/>
          <line num="31" count="5" type="stmt"/>
          <line num="32" count="5" type="stmt"/>
          <line num="33" count="5" type="stmt"/>
          <line num="35" count="5" type="stmt"/>
          <line num="36" count="5" type="stmt"/>
          <line num="38" count="5" type="stmt"/>
          <line num="50" count="37" type="stmt"/>
          <line num="51" count="37" type="stmt"/>
          <line num="53" count="37" type="stmt"/>
          <line num="54" count="37" type="stmt"/>
          <line num="67" count="30" type="stmt"/>
          <line num="70" count="30" type="stmt"/>
          <line num="76" count="30" type="stmt"/>
          <line num="78" count="30" type="stmt"/>
          <line num="80" count="30" type="stmt"/>
          <line num="81" count="30" type="stmt"/>
          <line num="93" count="30" type="stmt"/>
          <line num="95" count="30" type="stmt"/>
          <line num="96" count="30" type="stmt"/>
          <line num="98" count="30" type="stmt"/>
          <line num="108" count="60" type="stmt"/>
          <line num="110" count="420" type="stmt"/>
        </file>
        <file name="ElementInitializerService.js" path="/Users/e070910/Documents/aristotle/packages/editor/src/services/ElementInitializerService.js">
          <metrics statements="6" coveredstatements="6" conditionals="5" coveredconditionals="5" methods="1" coveredmethods="1"/>
          <line num="16" count="38" type="cond" truecount="5" falsecount="0"/>
          <line num="18" count="1" type="stmt"/>
          <line num="20" count="11" type="stmt"/>
          <line num="22" count="15" type="stmt"/>
          <line num="24" count="10" type="stmt"/>
          <line num="26" count="1" type="stmt"/>
        </file>
        <file name="SerializerService.js" path="/Users/e070910/Documents/aristotle/packages/editor/src/services/SerializerService.js">
          <metrics statements="14" coveredstatements="1" conditionals="2" coveredconditionals="0" methods="6" coveredmethods="1"/>
          <line num="5" count="17" type="stmt"/>
          <line num="9" count="0" type="stmt"/>
          <line num="16" count="0" type="stmt"/>
          <line num="20" count="0" type="stmt"/>
          <line num="21" count="0" type="stmt"/>
          <line num="23" count="0" type="stmt"/>
          <line num="27" count="0" type="stmt"/>
          <line num="28" count="0" type="stmt"/>
          <line num="29" count="0" type="stmt"/>
          <line num="31" count="0" type="stmt"/>
          <line num="35" count="0" type="cond" truecount="0" falsecount="2"/>
          <line num="36" count="0" type="stmt"/>
          <line num="38" count="0" type="stmt"/>
          <line num="42" count="0" type="stmt"/>
        </file>
      </package>
      <package name="src.svg">
        <metrics statements="0" coveredstatements="0" conditionals="0" coveredconditionals="0" methods="0" coveredmethods="0"/>
        <file name="index.js" path="/Users/e070910/Documents/aristotle/packages/editor/src/svg/index.js">
          <metrics statements="0" coveredstatements="0" conditionals="0" coveredconditionals="0" methods="0" coveredmethods="0"/>
        </file>
      </package>
      <package name="src.svg.lib">
        <metrics statements="178" coveredstatements="172" conditionals="27" coveredconditionals="22" methods="53" coveredmethods="50"/>
        <file name="DigitSVG.js" path="/Users/e070910/Documents/aristotle/packages/editor/src/svg/lib/DigitSVG.js">
          <metrics statements="32" coveredstatements="32" conditionals="2" coveredconditionals="2" methods="12" coveredmethods="12"/>
          <line num="18" count="7" type="stmt"/>
          <line num="38" count="7" type="stmt"/>
          <line num="39" count="7" type="stmt"/>
          <line num="40" count="7" type="stmt"/>
          <line num="41" count="7" type="stmt"/>
          <line num="42" count="7" type="stmt"/>
          <line num="43" count="7" type="stmt"/>
          <line num="44" count="7" type="stmt"/>
          <line num="46" count="7" type="stmt"/>
          <line num="64" count="21" type="stmt"/>
          <line num="66" count="21" type="stmt"/>
          <line num="78" count="21" type="stmt"/>
          <line num="80" count="21" type="stmt"/>
          <line num="81" count="147" type="stmt"/>
          <line num="85" count="147" type="stmt"/>
          <line num="95" count="16" type="stmt"/>
          <line num="98" count="20" type="stmt"/>
          <line num="99" count="20" type="stmt"/>
          <line num="101" count="20" type="stmt"/>
          <line num="115" count="67" type="stmt"/>
          <line num="131" count="15" type="stmt"/>
          <line num="140" count="16" type="stmt"/>
          <line num="161" count="72" type="stmt"/>
          <line num="174" count="16" type="stmt"/>
          <line num="175" count="16" type="stmt"/>
          <line num="177" count="16" type="stmt"/>
          <line num="178" count="16" type="stmt"/>
          <line num="181" count="16" type="stmt"/>
          <line num="186" count="16" type="stmt"/>
          <line num="188" count="16" type="stmt"/>
          <line num="192" count="16" type="stmt"/>
          <line num="194" count="16" type="stmt"/>
        </file>
        <file name="IntegratedCircuitSVG.js" path="/Users/e070910/Documents/aristotle/packages/editor/src/svg/lib/IntegratedCircuitSVG.js">
          <metrics statements="91" coveredstatements="88" conditionals="8" coveredconditionals="7" methods="30" coveredmethods="28"/>
          <line num="3" count="7" type="stmt"/>
          <line num="4" count="7" type="stmt"/>
          <line num="5" count="7" type="stmt"/>
          <line num="6" count="7" type="stmt"/>
          <line num="7" count="7" type="stmt"/>
          <line num="8" count="7" type="stmt"/>
          <line num="9" count="7" type="stmt"/>
          <line num="10" count="7" type="stmt"/>
          <line num="11" count="7" type="stmt"/>
          <line num="16" count="39" type="stmt"/>
          <line num="18" count="39" type="stmt"/>
          <line num="19" count="39" type="stmt"/>
          <line num="20" count="39" type="stmt"/>
          <line num="21" count="39" type="stmt"/>
          <line num="32" count="70" type="stmt"/>
          <line num="50" count="18" type="stmt"/>
          <line num="67" count="86" type="stmt"/>
          <line num="69" count="86" type="cond" truecount="2" falsecount="0"/>
          <line num="70" count="57" type="stmt"/>
          <line num="73" count="86" type="stmt"/>
          <line num="75" count="86" type="stmt"/>
          <line num="88" count="112" type="stmt"/>
          <line num="94" count="112" type="stmt"/>
          <line num="106" count="0" type="stmt"/>
          <line num="108" count="0" type="stmt"/>
          <line num="120" count="41" type="stmt"/>
          <line num="122" count="41" type="stmt"/>
          <line num="134" count="26" type="stmt"/>
          <line num="136" count="26" type="stmt"/>
          <line num="148" count="15" type="stmt"/>
          <line num="150" count="15" type="stmt"/>
          <line num="154" count="116" type="stmt"/>
          <line num="165" count="29" type="stmt"/>
          <line num="166" count="29" type="stmt"/>
          <line num="168" count="29" type="stmt"/>
          <line num="169" count="41" type="stmt"/>
          <line num="188" count="29" type="stmt"/>
          <line num="189" count="29" type="stmt"/>
          <line num="191" count="29" type="stmt"/>
          <line num="192" count="26" type="stmt"/>
          <line num="211" count="29" type="stmt"/>
          <line num="212" count="29" type="stmt"/>
          <line num="214" count="29" type="stmt"/>
          <line num="215" count="0" type="stmt"/>
          <line num="234" count="29" type="stmt"/>
          <line num="235" count="29" type="stmt"/>
          <line num="237" count="29" type="stmt"/>
          <line num="238" count="15" type="stmt"/>
          <line num="255" count="29" type="stmt"/>
          <line num="257" count="29" type="stmt"/>
          <line num="258" count="29" type="stmt"/>
          <line num="259" count="29" type="stmt"/>
          <line num="260" count="29" type="stmt"/>
          <line num="262" count="348" type="stmt"/>
          <line num="264" count="29" type="stmt"/>
          <line num="294" count="29" type="stmt"/>
          <line num="295" count="29" type="stmt"/>
          <line num="296" count="29" type="stmt"/>
          <line num="298" count="29" type="stmt"/>
          <line num="303" count="29" type="stmt"/>
          <line num="310" count="29" type="stmt"/>
          <line num="311" count="29" type="stmt"/>
          <line num="312" count="29" type="stmt"/>
          <line num="320" count="29" type="stmt"/>
          <line num="322" count="29" type="stmt"/>
          <line num="337" count="39" type="stmt"/>
          <line num="338" count="78" type="stmt"/>
          <line num="340" count="39" type="stmt"/>
          <line num="341" count="39" type="stmt"/>
          <line num="343" count="39" type="stmt"/>
          <line num="344" count="39" type="stmt"/>
          <line num="346" count="39" type="stmt"/>
          <line num="347" count="39" type="stmt"/>
          <line num="349" count="39" type="stmt"/>
          <line num="358" count="156" type="cond" truecount="2" falsecount="0"/>
          <line num="359" count="39" type="stmt"/>
          <line num="360" count="39" type="stmt"/>
          <line num="362" count="39" type="cond" truecount="2" falsecount="0"/>
          <line num="363" count="39" type="cond" truecount="1" falsecount="1"/>
          <line num="365" count="39" type="stmt"/>
          <line num="366" count="39" type="stmt"/>
          <line num="368" count="39" type="stmt"/>
          <line num="380" count="29" type="stmt"/>
          <line num="382" count="82" type="stmt"/>
          <line num="401" count="29" type="stmt"/>
          <line num="407" count="29" type="stmt"/>
          <line num="408" count="29" type="stmt"/>
          <line num="410" count="29" type="stmt"/>
          <line num="418" count="29" type="stmt"/>
          <line num="424" count="29" type="stmt"/>
          <line num="426" count="29" type="stmt"/>
        </file>
        <file name="LogicGateSVG.js" path="/Users/e070910/Documents/aristotle/packages/editor/src/svg/lib/LogicGateSVG.js">
          <metrics statements="46" coveredstatements="43" conditionals="14" coveredconditionals="10" methods="8" coveredmethods="7"/>
          <line num="3" count="6" type="stmt"/>
          <line num="4" count="6" type="stmt"/>
          <line num="5" count="6" type="stmt"/>
          <line num="7" count="6" type="stmt"/>
          <line num="15" count="6" type="stmt"/>
          <line num="23" count="20" type="stmt"/>
          <line num="25" count="20" type="stmt"/>
          <line num="26" count="20" type="stmt"/>
          <line num="27" count="20" type="stmt"/>
          <line num="44" count="39" type="stmt"/>
          <line num="45" count="39" type="stmt"/>
          <line num="46" count="39" type="stmt"/>
          <line num="48" count="39" type="stmt"/>
          <line num="49" count="60" type="stmt"/>
          <line num="58" count="39" type="stmt"/>
          <line num="68" count="19" type="stmt"/>
          <line num="69" count="19" type="stmt"/>
          <line num="70" count="19" type="stmt"/>
          <line num="72" count="19" type="stmt"/>
          <line num="73" count="38" type="stmt"/>
          <line num="74" count="38" type="stmt"/>
          <line num="76" count="38" type="stmt"/>
          <line num="79" count="19" type="stmt"/>
          <line num="90" count="19" type="stmt"/>
          <line num="96" count="19" type="stmt"/>
          <line num="110" count="19" type="cond" truecount="4" falsecount="2"/>
          <line num="113" count="0" type="stmt"/>
          <line num="117" count="2" type="stmt"/>
          <line num="119" count="17" type="stmt"/>
          <line num="129" count="0" type="stmt"/>
          <line num="139" count="19" type="stmt"/>
          <line num="140" count="19" type="stmt"/>
          <line num="142" count="19" type="cond" truecount="2" falsecount="0"/>
          <line num="143" count="17" type="stmt"/>
          <line num="151" count="2" type="stmt"/>
          <line num="160" count="19" type="cond" truecount="1" falsecount="1"/>
          <line num="163" count="19" type="stmt"/>
          <line num="164" count="19" type="stmt"/>
          <line num="165" count="19" type="stmt"/>
          <line num="171" count="19" type="cond" truecount="3" falsecount="1"/>
          <line num="173" count="0" type="stmt"/>
          <line num="176" count="19" type="stmt"/>
          <line num="178" count="19" type="stmt"/>
          <line num="184" count="19" type="stmt"/>
          <line num="186" count="19" type="stmt"/>
          <line num="193" count="19" type="stmt"/>
        </file>
        <file name="SVGBase.js" path="/Users/e070910/Documents/aristotle/packages/editor/src/svg/lib/SVGBase.js">
          <metrics statements="9" coveredstatements="9" conditionals="3" coveredconditionals="3" methods="3" coveredmethods="3"/>
          <line num="3" count="80" type="stmt"/>
          <line num="4" count="80" type="stmt"/>
          <line num="8" count="630" type="stmt"/>
          <line num="10" count="630" type="stmt"/>
          <line num="11" count="3023" type="stmt"/>
          <line num="14" count="630" type="cond" truecount="2" falsecount="0"/>
          <line num="15" count="334" type="stmt"/>
          <line num="17" count="296" type="stmt"/>
          <line num="21" count="64" type="stmt"/>
        </file>
      </package>
      <package name="src.utils">
        <metrics statements="12" coveredstatements="11" conditionals="2" coveredconditionals="2" methods="5" coveredmethods="4"/>
        <file name="getIdMapping.js" path="/Users/e070910/Documents/aristotle/packages/editor/src/utils/getIdMapping.js">
          <metrics statements="1" coveredstatements="1" conditionals="0" coveredconditionals="0" methods="2" coveredmethods="2"/>
          <line num="4" count="35" type="stmt"/>
        </file>
        <file name="getPortIndex.js" path="/Users/e070910/Documents/aristotle/packages/editor/src/utils/getPortIndex.js">
          <metrics statements="6" coveredstatements="5" conditionals="2" coveredconditionals="2" methods="1" coveredmethods="1"/>
          <line num="1" count="7" type="stmt"/>
          <line num="2" count="6" type="stmt"/>
          <line num="4" count="6" type="stmt"/>
          <line num="5" count="12" type="cond" truecount="2" falsecount="0"/>
          <line num="6" count="6" type="stmt"/>
          <line num="9" count="0" type="stmt"/>
        </file>
        <file name="persistFilter.js" path="/Users/e070910/Documents/aristotle/packages/editor/src/utils/persistFilter.js">
          <metrics statements="0" coveredstatements="0" conditionals="0" coveredconditionals="0" methods="1" coveredmethods="0"/>
        </file>
        <file name="uuid.js" path="/Users/e070910/Documents/aristotle/packages/editor/src/utils/uuid.js">
          <metrics statements="5" coveredstatements="5" conditionals="0" coveredconditionals="0" methods="1" coveredmethods="1"/>
          <line num="2" count="35" type="stmt"/>
          <line num="3" count="35" type="stmt"/>
          <line num="5" count="35" type="stmt"/>
          <line num="6" count="350" type="stmt"/>
          <line num="9" count="35" type="stmt"/>
        </file>
      </package>
      <package name="test">
        <metrics statements="1" coveredstatements="1" conditionals="0" coveredconditionals="0" methods="0" coveredmethods="0"/>
        <file name="setup.js" path="/Users/e070910/Documents/aristotle/packages/editor/test/setup.js">
          <metrics statements="1" coveredstatements="1" conditionals="0" coveredconditionals="0" methods="0" coveredmethods="0"/>
          <line num="3" count="9" type="stmt"/>
        </file>
      </package>
    </metrics>
  </project>
</coverage>
