{"C:\\Users\\Josh\\Documents\\aristotle\\packages\\editor\\src\\Canvas.js": {"path":"C:\\Users\\Josh\\Documents\\aristotle\\packages\\editor\\src\\Canvas.js","statementMap":{"0":{"start":{"line":13,"column":4},"end":{"line":13,"column":20}},"1":{"start":{"line":15,"column":4},"end":{"line":15,"column":41}},"2":{"start":{"line":16,"column":4},"end":{"line":16,"column":35}},"3":{"start":{"line":17,"column":4},"end":{"line":17,"column":33}},"4":{"start":{"line":21,"column":4},"end":{"line":21,"column":69}},"5":{"start":{"line":22,"column":4},"end":{"line":22,"column":65}},"6":{"start":{"line":23,"column":4},"end":{"line":23,"column":83}},"7":{"start":{"line":23,"column":45},"end":{"line":23,"column":82}},"8":{"start":{"line":24,"column":4},"end":{"line":28,"column":6}},"9":{"start":{"line":25,"column":6},"end":{"line":27,"column":7}},"10":{"start":{"line":26,"column":8},"end":{"line":26,"column":34}},"11":{"start":{"line":37,"column":23},"end":{"line":37,"column":51}},"12":{"start":{"line":45,"column":23},"end":{"line":45,"column":50}},"13":{"start":{"line":54,"column":4},"end":{"line":69,"column":5}},"14":{"start":{"line":55,"column":54},"end":{"line":55,"column":59}},"15":{"start":{"line":56,"column":23},"end":{"line":56,"column":76}},"16":{"start":{"line":57,"column":23},"end":{"line":57,"column":68}},"17":{"start":{"line":58,"column":23},"end":{"line":58,"column":68}},"18":{"start":{"line":59,"column":20},"end":{"line":59,"column":50}},"19":{"start":{"line":60,"column":20},"end":{"line":60,"column":50}},"20":{"start":{"line":61,"column":26},"end":{"line":61,"column":49}},"21":{"start":{"line":63,"column":6},"end":{"line":65,"column":8}},"22":{"start":{"line":64,"column":8},"end":{"line":64,"column":85}},"23":{"start":{"line":66,"column":6},"end":{"line":66,"column":36}},"24":{"start":{"line":67,"column":6},"end":{"line":67,"column":36}},"25":{"start":{"line":68,"column":6},"end":{"line":68,"column":75}},"26":{"start":{"line":79,"column":4},"end":{"line":81,"column":5}},"27":{"start":{"line":80,"column":6},"end":{"line":80,"column":12}},"28":{"start":{"line":84,"column":4},"end":{"line":84,"column":42}},"29":{"start":{"line":86,"column":4},"end":{"line":86,"column":26}},"30":{"start":{"line":87,"column":21},"end":{"line":87,"column":86}},"31":{"start":{"line":89,"column":4},"end":{"line":91,"column":6}},"32":{"start":{"line":90,"column":6},"end":{"line":90,"column":65}},"33":{"start":{"line":93,"column":4},"end":{"line":93,"column":27}},"34":{"start":{"line":94,"column":4},"end":{"line":94,"column":27}},"35":{"start":{"line":103,"column":18},"end":{"line":103,"column":37}},"36":{"start":{"line":104,"column":18},"end":{"line":104,"column":44}},"37":{"start":{"line":105,"column":19},"end":{"line":105,"column":46}},"38":{"start":{"line":107,"column":4},"end":{"line":107,"column":44}},"39":{"start":{"line":108,"column":4},"end":{"line":108,"column":46}},"40":{"start":{"line":117,"column":26},"end":{"line":117,"column":62}},"41":{"start":{"line":119,"column":4},"end":{"line":119,"column":57}}},"fnMap":{"0":{"name":"(anonymous_0)","decl":{"start":{"line":12,"column":2},"end":{"line":12,"column":3}},"loc":{"start":{"line":12,"column":26},"end":{"line":18,"column":3}},"line":12},"1":{"name":"(anonymous_1)","decl":{"start":{"line":20,"column":27},"end":{"line":20,"column":28}},"loc":{"start":{"line":20,"column":33},"end":{"line":29,"column":3}},"line":20},"2":{"name":"(anonymous_2)","decl":{"start":{"line":23,"column":39},"end":{"line":23,"column":40}},"loc":{"start":{"line":23,"column":45},"end":{"line":23,"column":82}},"line":23},"3":{"name":"(anonymous_3)","decl":{"start":{"line":24,"column":43},"end":{"line":24,"column":44}},"loc":{"start":{"line":24,"column":49},"end":{"line":28,"column":5}},"line":24},"4":{"name":"(anonymous_4)","decl":{"start":{"line":37,"column":17},"end":{"line":37,"column":18}},"loc":{"start":{"line":37,"column":23},"end":{"line":37,"column":51}},"line":37},"5":{"name":"(anonymous_5)","decl":{"start":{"line":45,"column":17},"end":{"line":45,"column":18}},"loc":{"start":{"line":45,"column":23},"end":{"line":45,"column":50}},"line":45},"6":{"name":"(anonymous_6)","decl":{"start":{"line":53,"column":25},"end":{"line":53,"column":26}},"loc":{"start":{"line":53,"column":36},"end":{"line":70,"column":3}},"line":53},"7":{"name":"(anonymous_7)","decl":{"start":{"line":63,"column":27},"end":{"line":63,"column":28}},"loc":{"start":{"line":63,"column":42},"end":{"line":65,"column":7}},"line":63},"8":{"name":"(anonymous_8)","decl":{"start":{"line":78,"column":23},"end":{"line":78,"column":24}},"loc":{"start":{"line":78,"column":34},"end":{"line":95,"column":3}},"line":78},"9":{"name":"(anonymous_9)","decl":{"start":{"line":89,"column":25},"end":{"line":89,"column":26}},"loc":{"start":{"line":89,"column":40},"end":{"line":91,"column":5}},"line":89},"10":{"name":"(anonymous_10)","decl":{"start":{"line":102,"column":16},"end":{"line":102,"column":17}},"loc":{"start":{"line":102,"column":29},"end":{"line":109,"column":3}},"line":102},"11":{"name":"(anonymous_11)","decl":{"start":{"line":116,"column":26},"end":{"line":116,"column":27}},"loc":{"start":{"line":116,"column":32},"end":{"line":120,"column":3}},"line":116}},"branchMap":{"0":{"loc":{"start":{"line":25,"column":6},"end":{"line":27,"column":7}},"type":"if","locations":[{"start":{"line":25,"column":6},"end":{"line":27,"column":7}},{"start":{"line":25,"column":6},"end":{"line":27,"column":7}}],"line":25},"1":{"loc":{"start":{"line":54,"column":4},"end":{"line":69,"column":5}},"type":"if","locations":[{"start":{"line":54,"column":4},"end":{"line":69,"column":5}},{"start":{"line":54,"column":4},"end":{"line":69,"column":5}}],"line":54},"2":{"loc":{"start":{"line":79,"column":4},"end":{"line":81,"column":5}},"type":"if","locations":[{"start":{"line":79,"column":4},"end":{"line":81,"column":5}},{"start":{"line":79,"column":4},"end":{"line":81,"column":5}}],"line":79}},"s":{"0":0,"1":0,"2":0,"3":0,"4":0,"5":0,"6":0,"7":0,"8":0,"9":0,"10":0,"11":0,"12":0,"13":0,"14":0,"15":0,"16":0,"17":0,"18":0,"19":0,"20":0,"21":0,"22":0,"23":0,"24":0,"25":0,"26":0,"27":0,"28":0,"29":0,"30":0,"31":0,"32":0,"33":0,"34":0,"35":0,"36":0,"37":0,"38":0,"39":0,"40":0,"41":0},"f":{"0":0,"1":0,"2":0,"3":0,"4":0,"5":0,"6":0,"7":0,"8":0,"9":0,"10":0,"11":0},"b":{"0":[0,0],"1":[0,0],"2":[0,0]},"_coverageSchema":"332fd63041d2c1bcb487cc26dd0d5f7d97098a6c","hash":"72adfe4e8b6a82909ba4d91fb56e20616f613d8e"}
,"C:\\Users\\Josh\\Documents\\aristotle\\packages\\editor\\src\\Connection.js": {"path":"C:\\Users\\Josh\\Documents\\aristotle\\packages\\editor\\src\\Connection.js","statementMap":{"0":{"start":{"line":7,"column":4},"end":{"line":14,"column":6}},"1":{"start":{"line":16,"column":4},"end":{"line":16,"column":26}},"2":{"start":{"line":17,"column":4},"end":{"line":17,"column":32}},"3":{"start":{"line":18,"column":4},"end":{"line":18,"column":37}},"4":{"start":{"line":22,"column":19},"end":{"line":22,"column":41}},"5":{"start":{"line":23,"column":19},"end":{"line":23,"column":41}},"6":{"start":{"line":24,"column":23},"end":{"line":24,"column":50}},"7":{"start":{"line":25,"column":23},"end":{"line":25,"column":50}},"8":{"start":{"line":26,"column":24},"end":{"line":26,"column":62}},"9":{"start":{"line":28,"column":4},"end":{"line":28,"column":67}},"10":{"start":{"line":29,"column":4},"end":{"line":29,"column":26}},"11":{"start":{"line":33,"column":19},"end":{"line":33,"column":41}},"12":{"start":{"line":34,"column":19},"end":{"line":34,"column":41}},"13":{"start":{"line":35,"column":23},"end":{"line":35,"column":50}},"14":{"start":{"line":36,"column":23},"end":{"line":36,"column":50}},"15":{"start":{"line":38,"column":4},"end":{"line":38,"column":57}}},"fnMap":{"0":{"name":"(anonymous_0)","decl":{"start":{"line":6,"column":2},"end":{"line":6,"column":3}},"loc":{"start":{"line":6,"column":24},"end":{"line":19,"column":3}},"line":6},"1":{"name":"(anonymous_1)","decl":{"start":{"line":21,"column":10},"end":{"line":21,"column":11}},"loc":{"start":{"line":21,"column":16},"end":{"line":30,"column":3}},"line":21},"2":{"name":"(anonymous_2)","decl":{"start":{"line":32,"column":13},"end":{"line":32,"column":14}},"loc":{"start":{"line":32,"column":19},"end":{"line":39,"column":3}},"line":32}},"branchMap":{},"s":{"0":0,"1":0,"2":0,"3":0,"4":0,"5":0,"6":0,"7":0,"8":0,"9":0,"10":0,"11":0,"12":0,"13":0,"14":0,"15":0},"f":{"0":0,"1":0,"2":0},"b":{},"_coverageSchema":"332fd63041d2c1bcb487cc26dd0d5f7d97098a6c","hash":"b6053380f3d9e27e845f877d98168f9377e93915"}
,"C:\\Users\\Josh\\Documents\\aristotle\\packages\\editor\\src\\Editor.js": {"path":"C:\\Users\\Josh\\Documents\\aristotle\\packages\\editor\\src\\Editor.js","statementMap":{"0":{"start":{"line":12,"column":4},"end":{"line":12,"column":20}},"1":{"start":{"line":14,"column":4},"end":{"line":14,"column":32}},"2":{"start":{"line":15,"column":4},"end":{"line":15,"column":47}},"3":{"start":{"line":16,"column":4},"end":{"line":16,"column":30}},"4":{"start":{"line":27,"column":4},"end":{"line":27,"column":24}},"5":{"start":{"line":28,"column":4},"end":{"line":28,"column":35}},"6":{"start":{"line":29,"column":4},"end":{"line":29,"column":19}},"7":{"start":{"line":40,"column":23},"end":{"line":40,"column":51}},"8":{"start":{"line":42,"column":4},"end":{"line":42,"column":49}},"9":{"start":{"line":43,"column":4},"end":{"line":43,"column":52}},"10":{"start":{"line":45,"column":4},"end":{"line":45,"column":24}},"11":{"start":{"line":46,"column":4},"end":{"line":46,"column":19}},"12":{"start":{"line":55,"column":21},"end":{"line":55,"column":49}},"13":{"start":{"line":56,"column":17},"end":{"line":56,"column":92}},"14":{"start":{"line":58,"column":4},"end":{"line":58,"column":28}},"15":{"start":{"line":69,"column":4},"end":{"line":75,"column":5}},"16":{"start":{"line":70,"column":6},"end":{"line":70,"column":25}},"17":{"start":{"line":72,"column":6},"end":{"line":74,"column":7}},"18":{"start":{"line":73,"column":8},"end":{"line":73,"column":37}},"19":{"start":{"line":73,"column":25},"end":{"line":73,"column":36}},"20":{"start":{"line":84,"column":4},"end":{"line":92,"column":5}},"21":{"start":{"line":86,"column":8},"end":{"line":86,"column":81}},"22":{"start":{"line":87,"column":8},"end":{"line":87,"column":13}},"23":{"start":{"line":90,"column":8},"end":{"line":90,"column":85}},"24":{"start":{"line":91,"column":8},"end":{"line":91,"column":13}},"25":{"start":{"line":93,"column":4},"end":{"line":93,"column":25}},"26":{"start":{"line":102,"column":4},"end":{"line":102,"column":39}},"27":{"start":{"line":111,"column":4},"end":{"line":111,"column":73}},"28":{"start":{"line":112,"column":4},"end":{"line":114,"column":7}},"29":{"start":{"line":118,"column":4},"end":{"line":124,"column":6}},"30":{"start":{"line":128,"column":4},"end":{"line":130,"column":30}},"31":{"start":{"line":134,"column":4},"end":{"line":134,"column":48}},"32":{"start":{"line":138,"column":4},"end":{"line":166,"column":5}},"33":{"start":{"line":140,"column":8},"end":{"line":146,"column":9}},"34":{"start":{"line":141,"column":10},"end":{"line":141,"column":34}},"35":{"start":{"line":143,"column":10},"end":{"line":143,"column":34}},"36":{"start":{"line":144,"column":10},"end":{"line":144,"column":42}},"37":{"start":{"line":145,"column":10},"end":{"line":145,"column":47}},"38":{"start":{"line":147,"column":8},"end":{"line":147,"column":13}},"39":{"start":{"line":149,"column":8},"end":{"line":155,"column":9}},"40":{"start":{"line":150,"column":10},"end":{"line":150,"column":34}},"41":{"start":{"line":152,"column":10},"end":{"line":152,"column":34}},"42":{"start":{"line":153,"column":10},"end":{"line":153,"column":42}},"43":{"start":{"line":154,"column":10},"end":{"line":154,"column":47}},"44":{"start":{"line":156,"column":8},"end":{"line":156,"column":13}},"45":{"start":{"line":158,"column":8},"end":{"line":158,"column":38}},"46":{"start":{"line":159,"column":8},"end":{"line":159,"column":13}},"47":{"start":{"line":161,"column":8},"end":{"line":161,"column":30}},"48":{"start":{"line":162,"column":8},"end":{"line":162,"column":13}},"49":{"start":{"line":164,"column":8},"end":{"line":164,"column":43}},"50":{"start":{"line":165,"column":8},"end":{"line":165,"column":13}}},"fnMap":{"0":{"name":"(anonymous_0)","decl":{"start":{"line":11,"column":2},"end":{"line":11,"column":3}},"loc":{"start":{"line":11,"column":26},"end":{"line":17,"column":3}},"line":11},"1":{"name":"(anonymous_1)","decl":{"start":{"line":26,"column":2},"end":{"line":26,"column":3}},"loc":{"start":{"line":26,"column":23},"end":{"line":30,"column":3}},"line":26},"2":{"name":"(anonymous_2)","decl":{"start":{"line":39,"column":18},"end":{"line":39,"column":19}},"loc":{"start":{"line":39,"column":45},"end":{"line":47,"column":3}},"line":39},"3":{"name":"(anonymous_3)","decl":{"start":{"line":54,"column":11},"end":{"line":54,"column":12}},"loc":{"start":{"line":54,"column":24},"end":{"line":59,"column":3}},"line":54},"4":{"name":"(anonymous_4)","decl":{"start":{"line":68,"column":9},"end":{"line":68,"column":10}},"loc":{"start":{"line":68,"column":28},"end":{"line":76,"column":3}},"line":68},"5":{"name":"(anonymous_5)","decl":{"start":{"line":73,"column":19},"end":{"line":73,"column":20}},"loc":{"start":{"line":73,"column":25},"end":{"line":73,"column":36}},"line":73},"6":{"name":"(anonymous_6)","decl":{"start":{"line":83,"column":17},"end":{"line":83,"column":18}},"loc":{"start":{"line":83,"column":27},"end":{"line":94,"column":3}},"line":83},"7":{"name":"(anonymous_7)","decl":{"start":{"line":101,"column":21},"end":{"line":101,"column":22}},"loc":{"start":{"line":101,"column":27},"end":{"line":103,"column":3}},"line":101},"8":{"name":"(anonymous_8)","decl":{"start":{"line":110,"column":24},"end":{"line":110,"column":25}},"loc":{"start":{"line":110,"column":30},"end":{"line":115,"column":3}},"line":110},"9":{"name":"(anonymous_9)","decl":{"start":{"line":117,"column":19},"end":{"line":117,"column":20}},"loc":{"start":{"line":117,"column":25},"end":{"line":125,"column":3}},"line":117},"10":{"name":"(anonymous_10)","decl":{"start":{"line":127,"column":18},"end":{"line":127,"column":19}},"loc":{"start":{"line":127,"column":31},"end":{"line":131,"column":3}},"line":127},"11":{"name":"(anonymous_11)","decl":{"start":{"line":133,"column":9},"end":{"line":133,"column":10}},"loc":{"start":{"line":133,"column":19},"end":{"line":135,"column":3}},"line":133},"12":{"name":"(anonymous_12)","decl":{"start":{"line":137,"column":17},"end":{"line":137,"column":18}},"loc":{"start":{"line":137,"column":30},"end":{"line":167,"column":3}},"line":137}},"branchMap":{"0":{"loc":{"start":{"line":68,"column":10},"end":{"line":68,"column":23}},"type":"default-arg","locations":[{"start":{"line":68,"column":18},"end":{"line":68,"column":23}}],"line":68},"1":{"loc":{"start":{"line":69,"column":4},"end":{"line":75,"column":5}},"type":"if","locations":[{"start":{"line":69,"column":4},"end":{"line":75,"column":5}},{"start":{"line":69,"column":4},"end":{"line":75,"column":5}}],"line":69},"2":{"loc":{"start":{"line":69,"column":8},"end":{"line":69,"column":43}},"type":"binary-expr","locations":[{"start":{"line":69,"column":8},"end":{"line":69,"column":34}},{"start":{"line":69,"column":38},"end":{"line":69,"column":43}}],"line":69},"3":{"loc":{"start":{"line":72,"column":6},"end":{"line":74,"column":7}},"type":"if","locations":[{"start":{"line":72,"column":6},"end":{"line":74,"column":7}},{"start":{"line":72,"column":6},"end":{"line":74,"column":7}}],"line":72},"4":{"loc":{"start":{"line":84,"column":4},"end":{"line":92,"column":5}},"type":"switch","locations":[{"start":{"line":85,"column":6},"end":{"line":87,"column":13}},{"start":{"line":88,"column":6},"end":{"line":88,"column":23}},{"start":{"line":89,"column":6},"end":{"line":91,"column":13}}],"line":84},"5":{"loc":{"start":{"line":138,"column":4},"end":{"line":166,"column":5}},"type":"switch","locations":[{"start":{"line":139,"column":6},"end":{"line":147,"column":13}},{"start":{"line":148,"column":6},"end":{"line":156,"column":13}},{"start":{"line":157,"column":6},"end":{"line":159,"column":13}},{"start":{"line":160,"column":6},"end":{"line":162,"column":13}},{"start":{"line":163,"column":6},"end":{"line":165,"column":13}}],"line":138}},"s":{"0":17,"1":17,"2":17,"3":17,"4":3,"5":3,"6":3,"7":4,"8":4,"9":4,"10":4,"11":4,"12":0,"13":0,"14":0,"15":13,"16":12,"17":12,"18":9,"19":0,"20":2,"21":1,"22":1,"23":1,"24":1,"25":2,"26":1,"27":17,"28":17,"29":0,"30":0,"31":0,"32":0,"33":0,"34":0,"35":0,"36":0,"37":0,"38":0,"39":0,"40":0,"41":0,"42":0,"43":0,"44":0,"45":0,"46":0,"47":0,"48":0,"49":0,"50":0},"f":{"0":17,"1":3,"2":4,"3":0,"4":13,"5":0,"6":2,"7":1,"8":17,"9":0,"10":0,"11":0,"12":0},"b":{"0":[2],"1":[12,1],"2":[13,12],"3":[9,3],"4":[1,1,1],"5":[0,0,0,0,0]},"_coverageSchema":"332fd63041d2c1bcb487cc26dd0d5f7d97098a6c","hash":"93f6f9a3dc6b891d3ac8134c670cef33a0a3830a"}
,"C:\\Users\\Josh\\Documents\\aristotle\\packages\\editor\\src\\Element.js": {"path":"C:\\Users\\Josh\\Documents\\aristotle\\packages\\editor\\src\\Element.js","statementMap":{"0":{"start":{"line":8,"column":4},"end":{"line":8,"column":32}},"1":{"start":{"line":10,"column":4},"end":{"line":10,"column":26}},"2":{"start":{"line":10,"column":12},"end":{"line":10,"column":26}},"3":{"start":{"line":11,"column":4},"end":{"line":11,"column":44}},"4":{"start":{"line":17,"column":4},"end":{"line":17,"column":35}},"5":{"start":{"line":21,"column":4},"end":{"line":21,"column":29}},"6":{"start":{"line":25,"column":4},"end":{"line":25,"column":20}},"7":{"start":{"line":29,"column":36},"end":{"line":29,"column":55}},"8":{"start":{"line":31,"column":4},"end":{"line":31,"column":24}},"9":{"start":{"line":32,"column":4},"end":{"line":32,"column":22}},"10":{"start":{"line":33,"column":4},"end":{"line":33,"column":24}},"11":{"start":{"line":34,"column":4},"end":{"line":34,"column":26}},"12":{"start":{"line":35,"column":4},"end":{"line":35,"column":18}},"13":{"start":{"line":36,"column":4},"end":{"line":36,"column":30}},"14":{"start":{"line":37,"column":4},"end":{"line":37,"column":31}},"15":{"start":{"line":41,"column":4},"end":{"line":48,"column":5}},"16":{"start":{"line":43,"column":8},"end":{"line":43,"column":24}},"17":{"start":{"line":45,"column":8},"end":{"line":45,"column":24}},"18":{"start":{"line":47,"column":8},"end":{"line":47,"column":24}},"19":{"start":{"line":52,"column":4},"end":{"line":56,"column":58}},"20":{"start":{"line":55,"column":30},"end":{"line":55,"column":68}},"21":{"start":{"line":56,"column":31},"end":{"line":56,"column":57}},"22":{"start":{"line":60,"column":4},"end":{"line":60,"column":34}},"23":{"start":{"line":60,"column":22},"end":{"line":60,"column":34}},"24":{"start":{"line":61,"column":26},"end":{"line":61,"column":37}},"25":{"start":{"line":63,"column":4},"end":{"line":65,"column":5}},"26":{"start":{"line":64,"column":6},"end":{"line":64,"column":46}},"27":{"start":{"line":66,"column":4},"end":{"line":66,"column":16}},"28":{"start":{"line":70,"column":4},"end":{"line":74,"column":5}},"29":{"start":{"line":71,"column":20},"end":{"line":71,"column":58}},"30":{"start":{"line":73,"column":6},"end":{"line":73,"column":43}},"31":{"start":{"line":78,"column":4},"end":{"line":78,"column":85}},"32":{"start":{"line":82,"column":4},"end":{"line":82,"column":45}},"33":{"start":{"line":86,"column":4},"end":{"line":89,"column":6}},"34":{"start":{"line":87,"column":19},"end":{"line":87,"column":90}},"35":{"start":{"line":88,"column":6},"end":{"line":88,"column":20}},"36":{"start":{"line":93,"column":4},"end":{"line":93,"column":44}},"37":{"start":{"line":97,"column":4},"end":{"line":99,"column":5}},"38":{"start":{"line":98,"column":6},"end":{"line":98,"column":54}},"39":{"start":{"line":103,"column":4},"end":{"line":103,"column":57}},"40":{"start":{"line":103,"column":51},"end":{"line":103,"column":57}},"41":{"start":{"line":105,"column":20},"end":{"line":105,"column":82}},"42":{"start":{"line":106,"column":21},"end":{"line":106,"column":62}},"43":{"start":{"line":108,"column":4},"end":{"line":108,"column":63}},"44":{"start":{"line":109,"column":4},"end":{"line":109,"column":57}},"45":{"start":{"line":110,"column":4},"end":{"line":110,"column":41}},"46":{"start":{"line":114,"column":14},"end":{"line":114,"column":31}},"47":{"start":{"line":115,"column":14},"end":{"line":115,"column":31}},"48":{"start":{"line":116,"column":21},"end":{"line":116,"column":69}},"49":{"start":{"line":118,"column":4},"end":{"line":121,"column":6}},"50":{"start":{"line":125,"column":4},"end":{"line":125,"column":31}},"51":{"start":{"line":126,"column":4},"end":{"line":126,"column":34}},"52":{"start":{"line":130,"column":4},"end":{"line":130,"column":52}},"53":{"start":{"line":131,"column":4},"end":{"line":131,"column":50}},"54":{"start":{"line":132,"column":4},"end":{"line":132,"column":54}}},"fnMap":{"0":{"name":"(anonymous_0)","decl":{"start":{"line":7,"column":2},"end":{"line":7,"column":3}},"loc":{"start":{"line":7,"column":19},"end":{"line":12,"column":3}},"line":7},"1":{"name":"(anonymous_1)","decl":{"start":{"line":16,"column":15},"end":{"line":16,"column":16}},"loc":{"start":{"line":16,"column":24},"end":{"line":18,"column":3}},"line":16},"2":{"name":"(anonymous_2)","decl":{"start":{"line":20,"column":13},"end":{"line":20,"column":14}},"loc":{"start":{"line":20,"column":24},"end":{"line":22,"column":3}},"line":20},"3":{"name":"(anonymous_3)","decl":{"start":{"line":24,"column":19},"end":{"line":24,"column":20}},"loc":{"start":{"line":24,"column":25},"end":{"line":26,"column":3}},"line":24},"4":{"name":"(anonymous_4)","decl":{"start":{"line":28,"column":11},"end":{"line":28,"column":12}},"loc":{"start":{"line":28,"column":35},"end":{"line":38,"column":3}},"line":28},"5":{"name":"(anonymous_5)","decl":{"start":{"line":40,"column":17},"end":{"line":40,"column":18}},"loc":{"start":{"line":40,"column":28},"end":{"line":49,"column":3}},"line":40},"6":{"name":"(anonymous_6)","decl":{"start":{"line":51,"column":29},"end":{"line":51,"column":30}},"loc":{"start":{"line":51,"column":40},"end":{"line":57,"column":3}},"line":51},"7":{"name":"(anonymous_7)","decl":{"start":{"line":55,"column":14},"end":{"line":55,"column":15}},"loc":{"start":{"line":55,"column":30},"end":{"line":55,"column":68}},"line":55},"8":{"name":"(anonymous_8)","decl":{"start":{"line":56,"column":15},"end":{"line":56,"column":16}},"loc":{"start":{"line":56,"column":31},"end":{"line":56,"column":57}},"line":56},"9":{"name":"(anonymous_9)","decl":{"start":{"line":59,"column":15},"end":{"line":59,"column":16}},"loc":{"start":{"line":59,"column":21},"end":{"line":67,"column":3}},"line":59},"10":{"name":"(anonymous_10)","decl":{"start":{"line":69,"column":25},"end":{"line":69,"column":26}},"loc":{"start":{"line":69,"column":31},"end":{"line":75,"column":3}},"line":69},"11":{"name":"(anonymous_11)","decl":{"start":{"line":77,"column":19},"end":{"line":77,"column":20}},"loc":{"start":{"line":77,"column":33},"end":{"line":83,"column":3}},"line":77},"12":{"name":"(anonymous_12)","decl":{"start":{"line":85,"column":13},"end":{"line":85,"column":14}},"loc":{"start":{"line":85,"column":24},"end":{"line":90,"column":3}},"line":85},"13":{"name":"(anonymous_13)","decl":{"start":{"line":86,"column":18},"end":{"line":86,"column":19}},"loc":{"start":{"line":86,"column":42},"end":{"line":89,"column":5}},"line":86},"14":{"name":"(anonymous_14)","decl":{"start":{"line":92,"column":16},"end":{"line":92,"column":17}},"loc":{"start":{"line":92,"column":22},"end":{"line":94,"column":3}},"line":92},"15":{"name":"(anonymous_15)","decl":{"start":{"line":96,"column":28},"end":{"line":96,"column":29}},"loc":{"start":{"line":96,"column":34},"end":{"line":100,"column":3}},"line":96},"16":{"name":"(anonymous_16)","decl":{"start":{"line":102,"column":24},"end":{"line":102,"column":25}},"loc":{"start":{"line":102,"column":30},"end":{"line":111,"column":3}},"line":102},"17":{"name":"(anonymous_17)","decl":{"start":{"line":113,"column":21},"end":{"line":113,"column":22}},"loc":{"start":{"line":113,"column":33},"end":{"line":122,"column":3}},"line":113},"18":{"name":"(anonymous_18)","decl":{"start":{"line":124,"column":20},"end":{"line":124,"column":21}},"loc":{"start":{"line":124,"column":26},"end":{"line":127,"column":3}},"line":124},"19":{"name":"(anonymous_19)","decl":{"start":{"line":129,"column":22},"end":{"line":129,"column":23}},"loc":{"start":{"line":129,"column":28},"end":{"line":133,"column":3}},"line":129}},"branchMap":{"0":{"loc":{"start":{"line":10,"column":4},"end":{"line":10,"column":26}},"type":"if","locations":[{"start":{"line":10,"column":4},"end":{"line":10,"column":26}},{"start":{"line":10,"column":4},"end":{"line":10,"column":26}}],"line":10},"1":{"loc":{"start":{"line":28,"column":12},"end":{"line":28,"column":30}},"type":"default-arg","locations":[{"start":{"line":28,"column":26},"end":{"line":28,"column":30}}],"line":28},"2":{"loc":{"start":{"line":41,"column":4},"end":{"line":48,"column":5}},"type":"switch","locations":[{"start":{"line":42,"column":6},"end":{"line":43,"column":24}},{"start":{"line":44,"column":6},"end":{"line":45,"column":24}},{"start":{"line":46,"column":6},"end":{"line":47,"column":24}}],"line":41},"3":{"loc":{"start":{"line":60,"column":4},"end":{"line":60,"column":34}},"type":"if","locations":[{"start":{"line":60,"column":4},"end":{"line":60,"column":34}},{"start":{"line":60,"column":4},"end":{"line":60,"column":34}}],"line":60},"4":{"loc":{"start":{"line":63,"column":4},"end":{"line":65,"column":5}},"type":"if","locations":[{"start":{"line":63,"column":4},"end":{"line":65,"column":5}},{"start":{"line":63,"column":4},"end":{"line":65,"column":5}}],"line":63},"5":{"loc":{"start":{"line":70,"column":4},"end":{"line":74,"column":5}},"type":"if","locations":[{"start":{"line":70,"column":4},"end":{"line":74,"column":5}},{"start":{"line":70,"column":4},"end":{"line":74,"column":5}}],"line":70},"6":{"loc":{"start":{"line":71,"column":20},"end":{"line":71,"column":58}},"type":"cond-expr","locations":[{"start":{"line":71,"column":40},"end":{"line":71,"column":49}},{"start":{"line":71,"column":52},"end":{"line":71,"column":58}}],"line":71},"7":{"loc":{"start":{"line":97,"column":4},"end":{"line":99,"column":5}},"type":"if","locations":[{"start":{"line":97,"column":4},"end":{"line":99,"column":5}},{"start":{"line":97,"column":4},"end":{"line":99,"column":5}}],"line":97},"8":{"loc":{"start":{"line":103,"column":4},"end":{"line":103,"column":57}},"type":"if","locations":[{"start":{"line":103,"column":4},"end":{"line":103,"column":57}},{"start":{"line":103,"column":4},"end":{"line":103,"column":57}}],"line":103},"9":{"loc":{"start":{"line":103,"column":8},"end":{"line":103,"column":49}},"type":"binary-expr","locations":[{"start":{"line":103,"column":8},"end":{"line":103,"column":26}},{"start":{"line":103,"column":30},"end":{"line":103,"column":49}}],"line":103}},"s":{"0":6,"1":6,"2":6,"3":6,"4":0,"5":0,"6":0,"7":3,"8":0,"9":0,"10":0,"11":0,"12":0,"13":0,"14":0,"15":0,"16":0,"17":0,"18":0,"19":0,"20":0,"21":0,"22":0,"23":0,"24":0,"25":0,"26":0,"27":0,"28":0,"29":0,"30":0,"31":0,"32":0,"33":0,"34":0,"35":0,"36":0,"37":0,"38":0,"39":0,"40":0,"41":0,"42":0,"43":0,"44":0,"45":0,"46":0,"47":0,"48":0,"49":0,"50":0,"51":0,"52":0,"53":0,"54":0},"f":{"0":6,"1":0,"2":0,"3":0,"4":3,"5":0,"6":0,"7":0,"8":0,"9":0,"10":0,"11":0,"12":0,"13":0,"14":0,"15":0,"16":0,"17":0,"18":0,"19":0},"b":{"0":[6,0],"1":[2],"2":[0,0,0],"3":[0,0],"4":[0,0],"5":[0,0],"6":[0,0],"7":[0,0],"8":[0,0],"9":[0,0]},"_coverageSchema":"332fd63041d2c1bcb487cc26dd0d5f7d97098a6c","hash":"66017314c54530a644bd7e6d997cc2208dafa63b"}
,"C:\\Users\\Josh\\Documents\\aristotle\\packages\\editor\\src\\commands\\CommandSetInputCount.js": {"path":"C:\\Users\\Josh\\Documents\\aristotle\\packages\\editor\\src\\commands\\CommandSetInputCount.js","statementMap":{"0":{"start":{"line":5,"column":4},"end":{"line":5,"column":11}},"1":{"start":{"line":7,"column":4},"end":{"line":7,"column":52}},"2":{"start":{"line":8,"column":4},"end":{"line":8,"column":36}},"3":{"start":{"line":9,"column":4},"end":{"line":9,"column":24}},"4":{"start":{"line":10,"column":4},"end":{"line":10,"column":36}},"5":{"start":{"line":11,"column":4},"end":{"line":11,"column":46}},"6":{"start":{"line":12,"column":4},"end":{"line":12,"column":34}},"7":{"start":{"line":16,"column":4},"end":{"line":16,"column":15}},"8":{"start":{"line":20,"column":4},"end":{"line":20,"column":15}},"9":{"start":{"line":24,"column":4},"end":{"line":24,"column":21}},"10":{"start":{"line":25,"column":4},"end":{"line":25,"column":33}},"11":{"start":{"line":26,"column":4},"end":{"line":26,"column":22}},"12":{"start":{"line":27,"column":4},"end":{"line":27,"column":20}},"13":{"start":{"line":31,"column":4},"end":{"line":31,"column":21}},"14":{"start":{"line":32,"column":4},"end":{"line":32,"column":33}},"15":{"start":{"line":33,"column":4},"end":{"line":33,"column":22}},"16":{"start":{"line":34,"column":4},"end":{"line":34,"column":20}},"17":{"start":{"line":38,"column":4},"end":{"line":38,"column":60}},"18":{"start":{"line":39,"column":4},"end":{"line":39,"column":28}},"19":{"start":{"line":40,"column":4},"end":{"line":40,"column":18}},"20":{"start":{"line":44,"column":36},"end":{"line":44,"column":62}},"21":{"start":{"line":46,"column":4},"end":{"line":46,"column":29}},"22":{"start":{"line":47,"column":4},"end":{"line":47,"column":31}},"23":{"start":{"line":48,"column":4},"end":{"line":48,"column":33}},"24":{"start":{"line":49,"column":4},"end":{"line":49,"column":25}},"25":{"start":{"line":50,"column":4},"end":{"line":50,"column":37}},"26":{"start":{"line":51,"column":4},"end":{"line":51,"column":38}},"27":{"start":{"line":55,"column":4},"end":{"line":59,"column":5}},"28":{"start":{"line":56,"column":19},"end":{"line":56,"column":36}},"29":{"start":{"line":58,"column":6},"end":{"line":58,"column":50}},"30":{"start":{"line":63,"column":22},"end":{"line":63,"column":48}},"31":{"start":{"line":65,"column":4},"end":{"line":65,"column":31}},"32":{"start":{"line":69,"column":4},"end":{"line":71,"column":5}},"33":{"start":{"line":70,"column":6},"end":{"line":70,"column":61}},"34":{"start":{"line":75,"column":4},"end":{"line":75,"column":26}},"35":{"start":{"line":76,"column":4},"end":{"line":76,"column":27}},"36":{"start":{"line":77,"column":4},"end":{"line":77,"column":25}},"37":{"start":{"line":81,"column":4},"end":{"line":96,"column":8}},"38":{"start":{"line":85,"column":24},"end":{"line":85,"column":69}},"39":{"start":{"line":86,"column":33},"end":{"line":86,"column":74}},"40":{"start":{"line":88,"column":8},"end":{"line":88,"column":42}},"41":{"start":{"line":91,"column":21},"end":{"line":91,"column":52}},"42":{"start":{"line":93,"column":8},"end":{"line":93,"column":34}},"43":{"start":{"line":94,"column":8},"end":{"line":94,"column":35}},"44":{"start":{"line":95,"column":8},"end":{"line":95,"column":30}},"45":{"start":{"line":100,"column":4},"end":{"line":110,"column":8}},"46":{"start":{"line":103,"column":30},"end":{"line":103,"column":75}},"47":{"start":{"line":105,"column":21},"end":{"line":105,"column":49}},"48":{"start":{"line":107,"column":8},"end":{"line":107,"column":34}},"49":{"start":{"line":108,"column":8},"end":{"line":108,"column":35}},"50":{"start":{"line":109,"column":8},"end":{"line":109,"column":30}}},"fnMap":{"0":{"name":"(anonymous_0)","decl":{"start":{"line":4,"column":2},"end":{"line":4,"column":3}},"loc":{"start":{"line":4,"column":37},"end":{"line":13,"column":3}},"line":4},"1":{"name":"(anonymous_1)","decl":{"start":{"line":15,"column":15},"end":{"line":15,"column":16}},"loc":{"start":{"line":15,"column":21},"end":{"line":17,"column":3}},"line":15},"2":{"name":"(anonymous_2)","decl":{"start":{"line":19,"column":12},"end":{"line":19,"column":13}},"loc":{"start":{"line":19,"column":18},"end":{"line":21,"column":3}},"line":19},"3":{"name":"(anonymous_3)","decl":{"start":{"line":23,"column":9},"end":{"line":23,"column":10}},"loc":{"start":{"line":23,"column":15},"end":{"line":28,"column":3}},"line":23},"4":{"name":"(anonymous_4)","decl":{"start":{"line":30,"column":9},"end":{"line":30,"column":10}},"loc":{"start":{"line":30,"column":15},"end":{"line":35,"column":3}},"line":30},"5":{"name":"(anonymous_5)","decl":{"start":{"line":37,"column":10},"end":{"line":37,"column":11}},"loc":{"start":{"line":37,"column":26},"end":{"line":41,"column":3}},"line":37},"6":{"name":"(anonymous_6)","decl":{"start":{"line":43,"column":12},"end":{"line":43,"column":13}},"loc":{"start":{"line":43,"column":18},"end":{"line":52,"column":3}},"line":43},"7":{"name":"(anonymous_7)","decl":{"start":{"line":54,"column":16},"end":{"line":54,"column":17}},"loc":{"start":{"line":54,"column":22},"end":{"line":60,"column":3}},"line":54},"8":{"name":"(anonymous_8)","decl":{"start":{"line":62,"column":16},"end":{"line":62,"column":17}},"loc":{"start":{"line":62,"column":22},"end":{"line":66,"column":3}},"line":62},"9":{"name":"(anonymous_9)","decl":{"start":{"line":68,"column":15},"end":{"line":68,"column":16}},"loc":{"start":{"line":68,"column":21},"end":{"line":72,"column":3}},"line":68},"10":{"name":"(anonymous_10)","decl":{"start":{"line":74,"column":14},"end":{"line":74,"column":15}},"loc":{"start":{"line":74,"column":25},"end":{"line":78,"column":3}},"line":74},"11":{"name":"(anonymous_11)","decl":{"start":{"line":80,"column":20},"end":{"line":80,"column":21}},"loc":{"start":{"line":80,"column":26},"end":{"line":97,"column":3}},"line":80},"12":{"name":"(anonymous_12)","decl":{"start":{"line":84,"column":14},"end":{"line":84,"column":15}},"loc":{"start":{"line":84,"column":37},"end":{"line":89,"column":7}},"line":84},"13":{"name":"(anonymous_13)","decl":{"start":{"line":90,"column":15},"end":{"line":90,"column":16}},"loc":{"start":{"line":90,"column":38},"end":{"line":96,"column":7}},"line":90},"14":{"name":"(anonymous_14)","decl":{"start":{"line":99,"column":21},"end":{"line":99,"column":22}},"loc":{"start":{"line":99,"column":27},"end":{"line":111,"column":3}},"line":99},"15":{"name":"(anonymous_15)","decl":{"start":{"line":103,"column":14},"end":{"line":103,"column":15}},"loc":{"start":{"line":103,"column":30},"end":{"line":103,"column":75}},"line":103},"16":{"name":"(anonymous_16)","decl":{"start":{"line":104,"column":15},"end":{"line":104,"column":16}},"loc":{"start":{"line":104,"column":38},"end":{"line":110,"column":7}},"line":104}},"branchMap":{"0":{"loc":{"start":{"line":88,"column":15},"end":{"line":88,"column":42}},"type":"binary-expr","locations":[{"start":{"line":88,"column":15},"end":{"line":88,"column":22}},{"start":{"line":88,"column":26},"end":{"line":88,"column":42}}],"line":88}},"s":{"0":0,"1":0,"2":0,"3":0,"4":0,"5":0,"6":0,"7":0,"8":0,"9":0,"10":0,"11":0,"12":0,"13":0,"14":0,"15":0,"16":0,"17":0,"18":0,"19":0,"20":0,"21":0,"22":0,"23":0,"24":0,"25":0,"26":0,"27":0,"28":0,"29":0,"30":0,"31":0,"32":0,"33":0,"34":0,"35":0,"36":0,"37":0,"38":0,"39":0,"40":0,"41":0,"42":0,"43":0,"44":0,"45":0,"46":0,"47":0,"48":0,"49":0,"50":0},"f":{"0":0,"1":0,"2":0,"3":0,"4":0,"5":0,"6":0,"7":0,"8":0,"9":0,"10":0,"11":0,"12":0,"13":0,"14":0,"15":0,"16":0},"b":{"0":[0,0]},"_coverageSchema":"332fd63041d2c1bcb487cc26dd0d5f7d97098a6c","hash":"3a0518e3268fd75e7c9004843958329a72efafc0"}
,"C:\\Users\\Josh\\Documents\\aristotle\\packages\\editor\\src\\elements\\IntegratedCircuit.js": {"path":"C:\\Users\\Josh\\Documents\\aristotle\\packages\\editor\\src\\elements\\IntegratedCircuit.js","statementMap":{"0":{"start":{"line":8,"column":4},"end":{"line":8,"column":13}},"1":{"start":{"line":10,"column":4},"end":{"line":10,"column":32}},"2":{"start":{"line":11,"column":4},"end":{"line":11,"column":34}},"3":{"start":{"line":12,"column":4},"end":{"line":12,"column":51}},"4":{"start":{"line":13,"column":4},"end":{"line":13,"column":58}},"5":{"start":{"line":14,"column":4},"end":{"line":14,"column":60}},"6":{"start":{"line":16,"column":4},"end":{"line":16,"column":39}},"7":{"start":{"line":17,"column":4},"end":{"line":17,"column":17}},"8":{"start":{"line":21,"column":19},"end":{"line":21,"column":41}},"9":{"start":{"line":22,"column":19},"end":{"line":22,"column":41}},"10":{"start":{"line":24,"column":4},"end":{"line":26,"column":5}},"11":{"start":{"line":25,"column":6},"end":{"line":25,"column":59}},"12":{"start":{"line":27,"column":4},"end":{"line":27,"column":55}},"13":{"start":{"line":31,"column":4},"end":{"line":34,"column":12}},"14":{"start":{"line":33,"column":24},"end":{"line":33,"column":44}},"15":{"start":{"line":38,"column":19},"end":{"line":38,"column":52}},"16":{"start":{"line":40,"column":4},"end":{"line":40,"column":42}},"17":{"start":{"line":44,"column":4},"end":{"line":47,"column":26}},"18":{"start":{"line":45,"column":32},"end":{"line":45,"column":49}},"19":{"start":{"line":46,"column":22},"end":{"line":46,"column":47}},"20":{"start":{"line":47,"column":23},"end":{"line":47,"column":25}},"21":{"start":{"line":51,"column":4},"end":{"line":63,"column":5}},"22":{"start":{"line":53,"column":19},"end":{"line":53,"column":33}},"23":{"start":{"line":55,"column":6},"end":{"line":58,"column":7}},"24":{"start":{"line":57,"column":8},"end":{"line":57,"column":73}},"25":{"start":{"line":60,"column":6},"end":{"line":60,"column":31}},"26":{"start":{"line":62,"column":6},"end":{"line":62,"column":17}},"27":{"start":{"line":65,"column":4},"end":{"line":65,"column":22}},"28":{"start":{"line":69,"column":4},"end":{"line":69,"column":62}},"29":{"start":{"line":71,"column":4},"end":{"line":76,"column":6}},"30":{"start":{"line":72,"column":20},"end":{"line":72,"column":52}},"31":{"start":{"line":73,"column":21},"end":{"line":73,"column":54}},"32":{"start":{"line":75,"column":6},"end":{"line":75,"column":67}},"33":{"start":{"line":80,"column":4},"end":{"line":85,"column":58}},"34":{"start":{"line":83,"column":30},"end":{"line":83,"column":68}},"35":{"start":{"line":84,"column":30},"end":{"line":84,"column":90}},"36":{"start":{"line":85,"column":31},"end":{"line":85,"column":57}},"37":{"start":{"line":89,"column":4},"end":{"line":89,"column":70}},"38":{"start":{"line":93,"column":4},"end":{"line":93,"column":62}}},"fnMap":{"0":{"name":"(anonymous_0)","decl":{"start":{"line":7,"column":2},"end":{"line":7,"column":3}},"loc":{"start":{"line":7,"column":50},"end":{"line":18,"column":3}},"line":7},"1":{"name":"(anonymous_1)","decl":{"start":{"line":20,"column":21},"end":{"line":20,"column":22}},"loc":{"start":{"line":20,"column":37},"end":{"line":28,"column":3}},"line":20},"2":{"name":"(anonymous_2)","decl":{"start":{"line":30,"column":23},"end":{"line":30,"column":24}},"loc":{"start":{"line":30,"column":35},"end":{"line":35,"column":3}},"line":30},"3":{"name":"(anonymous_3)","decl":{"start":{"line":33,"column":14},"end":{"line":33,"column":15}},"loc":{"start":{"line":33,"column":24},"end":{"line":33,"column":44}},"line":33},"4":{"name":"(anonymous_4)","decl":{"start":{"line":37,"column":19},"end":{"line":37,"column":20}},"loc":{"start":{"line":37,"column":35},"end":{"line":41,"column":3}},"line":37},"5":{"name":"(anonymous_5)","decl":{"start":{"line":43,"column":22},"end":{"line":43,"column":23}},"loc":{"start":{"line":43,"column":39},"end":{"line":48,"column":3}},"line":43},"6":{"name":"(anonymous_6)","decl":{"start":{"line":45,"column":14},"end":{"line":45,"column":15}},"loc":{"start":{"line":45,"column":32},"end":{"line":45,"column":49}},"line":45},"7":{"name":"(anonymous_7)","decl":{"start":{"line":46,"column":12},"end":{"line":46,"column":13}},"loc":{"start":{"line":46,"column":22},"end":{"line":46,"column":47}},"line":46},"8":{"name":"(anonymous_8)","decl":{"start":{"line":47,"column":11},"end":{"line":47,"column":12}},"loc":{"start":{"line":47,"column":23},"end":{"line":47,"column":25}},"line":47},"9":{"name":"(anonymous_9)","decl":{"start":{"line":50,"column":23},"end":{"line":50,"column":24}},"loc":{"start":{"line":50,"column":56},"end":{"line":66,"column":3}},"line":50},"10":{"name":"(anonymous_10)","decl":{"start":{"line":68,"column":17},"end":{"line":68,"column":18}},"loc":{"start":{"line":68,"column":23},"end":{"line":77,"column":3}},"line":68},"11":{"name":"(anonymous_11)","decl":{"start":{"line":71,"column":29},"end":{"line":71,"column":30}},"loc":{"start":{"line":71,"column":69},"end":{"line":76,"column":5}},"line":71},"12":{"name":"(anonymous_12)","decl":{"start":{"line":79,"column":29},"end":{"line":79,"column":30}},"loc":{"start":{"line":79,"column":51},"end":{"line":86,"column":3}},"line":79},"13":{"name":"(anonymous_13)","decl":{"start":{"line":83,"column":14},"end":{"line":83,"column":15}},"loc":{"start":{"line":83,"column":30},"end":{"line":83,"column":68}},"line":83},"14":{"name":"(anonymous_14)","decl":{"start":{"line":84,"column":14},"end":{"line":84,"column":15}},"loc":{"start":{"line":84,"column":30},"end":{"line":84,"column":90}},"line":84},"15":{"name":"(anonymous_15)","decl":{"start":{"line":85,"column":15},"end":{"line":85,"column":16}},"loc":{"start":{"line":85,"column":31},"end":{"line":85,"column":57}},"line":85},"16":{"name":"(anonymous_16)","decl":{"start":{"line":88,"column":20},"end":{"line":88,"column":21}},"loc":{"start":{"line":88,"column":50},"end":{"line":90,"column":3}},"line":88},"17":{"name":"(anonymous_17)","decl":{"start":{"line":92,"column":11},"end":{"line":92,"column":12}},"loc":{"start":{"line":92,"column":22},"end":{"line":94,"column":3}},"line":92}},"branchMap":{"0":{"loc":{"start":{"line":24,"column":4},"end":{"line":26,"column":5}},"type":"if","locations":[{"start":{"line":24,"column":4},"end":{"line":26,"column":5}},{"start":{"line":24,"column":4},"end":{"line":26,"column":5}}],"line":24},"1":{"loc":{"start":{"line":51,"column":4},"end":{"line":63,"column":5}},"type":"if","locations":[{"start":{"line":51,"column":4},"end":{"line":63,"column":5}},{"start":{"line":51,"column":4},"end":{"line":63,"column":5}}],"line":51},"2":{"loc":{"start":{"line":51,"column":8},"end":{"line":51,"column":53}},"type":"binary-expr","locations":[{"start":{"line":51,"column":8},"end":{"line":51,"column":28}},{"start":{"line":51,"column":32},"end":{"line":51,"column":53}}],"line":51},"3":{"loc":{"start":{"line":55,"column":6},"end":{"line":58,"column":7}},"type":"if","locations":[{"start":{"line":55,"column":6},"end":{"line":58,"column":7}},{"start":{"line":55,"column":6},"end":{"line":58,"column":7}}],"line":55}},"s":{"0":0,"1":0,"2":0,"3":0,"4":0,"5":0,"6":0,"7":0,"8":0,"9":0,"10":0,"11":0,"12":0,"13":0,"14":0,"15":0,"16":0,"17":0,"18":0,"19":0,"20":0,"21":0,"22":0,"23":0,"24":0,"25":0,"26":0,"27":0,"28":0,"29":0,"30":0,"31":0,"32":0,"33":0,"34":0,"35":0,"36":0,"37":0,"38":0},"f":{"0":0,"1":0,"2":0,"3":0,"4":0,"5":0,"6":0,"7":0,"8":0,"9":0,"10":0,"11":0,"12":0,"13":0,"14":0,"15":0,"16":0,"17":0},"b":{"0":[0,0],"1":[0,0],"2":[0,0],"3":[0,0]},"_coverageSchema":"332fd63041d2c1bcb487cc26dd0d5f7d97098a6c","hash":"ce2d77f27f94e8f77eff200074ccedcf743dd7cc"}
,"C:\\Users\\Josh\\Documents\\aristotle\\packages\\editor\\src\\elements\\Lightbulb.js": {"path":"C:\\Users\\Josh\\Documents\\aristotle\\packages\\editor\\src\\elements\\Lightbulb.js","statementMap":{"0":{"start":{"line":7,"column":4},"end":{"line":7,"column":13}},"1":{"start":{"line":9,"column":4},"end":{"line":9,"column":34}},"2":{"start":{"line":10,"column":4},"end":{"line":10,"column":48}},"3":{"start":{"line":11,"column":4},"end":{"line":11,"column":17}},"4":{"start":{"line":22,"column":4},"end":{"line":22,"column":43}},"5":{"start":{"line":23,"column":4},"end":{"line":23,"column":47}},"6":{"start":{"line":24,"column":4},"end":{"line":24,"column":22}},"7":{"start":{"line":28,"column":16},"end":{"line":35,"column":5}},"8":{"start":{"line":37,"column":4},"end":{"line":37,"column":45}}},"fnMap":{"0":{"name":"(anonymous_0)","decl":{"start":{"line":6,"column":2},"end":{"line":6,"column":3}},"loc":{"start":{"line":6,"column":19},"end":{"line":12,"column":3}},"line":6},"1":{"name":"(anonymous_1)","decl":{"start":{"line":21,"column":20},"end":{"line":21,"column":21}},"loc":{"start":{"line":21,"column":31},"end":{"line":25,"column":3}},"line":21},"2":{"name":"(anonymous_2)","decl":{"start":{"line":27,"column":11},"end":{"line":27,"column":12}},"loc":{"start":{"line":27,"column":22},"end":{"line":38,"column":3}},"line":27}},"branchMap":{},"s":{"0":0,"1":0,"2":0,"3":0,"4":0,"5":0,"6":0,"7":0,"8":0},"f":{"0":0,"1":0,"2":0},"b":{},"_coverageSchema":"332fd63041d2c1bcb487cc26dd0d5f7d97098a6c","hash":"a558ce627a090ac79a9ec66c2138d67d51260f57"}
,"C:\\Users\\Josh\\Documents\\aristotle\\packages\\editor\\src\\elements\\LogicGate.js": {"path":"C:\\Users\\Josh\\Documents\\aristotle\\packages\\editor\\src\\elements\\LogicGate.js","statementMap":{"0":{"start":{"line":7,"column":4},"end":{"line":7,"column":19}},"1":{"start":{"line":9,"column":4},"end":{"line":9,"column":27}},"2":{"start":{"line":10,"column":4},"end":{"line":10,"column":17}},"3":{"start":{"line":11,"column":4},"end":{"line":11,"column":37}},"4":{"start":{"line":12,"column":4},"end":{"line":12,"column":48}},"5":{"start":{"line":23,"column":4},"end":{"line":23,"column":59}},"6":{"start":{"line":27,"column":4},"end":{"line":27,"column":63}},"7":{"start":{"line":31,"column":4},"end":{"line":37,"column":5}},"8":{"start":{"line":33,"column":8},"end":{"line":33,"column":26}},"9":{"start":{"line":36,"column":8},"end":{"line":36,"column":25}}},"fnMap":{"0":{"name":"(anonymous_0)","decl":{"start":{"line":6,"column":2},"end":{"line":6,"column":3}},"loc":{"start":{"line":6,"column":32},"end":{"line":13,"column":3}},"line":6},"1":{"name":"(anonymous_1)","decl":{"start":{"line":22,"column":20},"end":{"line":22,"column":21}},"loc":{"start":{"line":22,"column":31},"end":{"line":24,"column":3}},"line":22},"2":{"name":"(anonymous_2)","decl":{"start":{"line":26,"column":11},"end":{"line":26,"column":12}},"loc":{"start":{"line":26,"column":22},"end":{"line":28,"column":3}},"line":26},"3":{"name":"(anonymous_3)","decl":{"start":{"line":30,"column":17},"end":{"line":30,"column":18}},"loc":{"start":{"line":30,"column":25},"end":{"line":38,"column":3}},"line":30}},"branchMap":{"0":{"loc":{"start":{"line":31,"column":4},"end":{"line":37,"column":5}},"type":"switch","locations":[{"start":{"line":32,"column":6},"end":{"line":33,"column":26}},{"start":{"line":34,"column":6},"end":{"line":34,"column":16}},{"start":{"line":35,"column":6},"end":{"line":36,"column":25}}],"line":31}},"s":{"0":0,"1":0,"2":0,"3":0,"4":0,"5":0,"6":0,"7":0,"8":0,"9":0},"f":{"0":0,"1":0,"2":0,"3":0},"b":{"0":[0,0,0]},"_coverageSchema":"332fd63041d2c1bcb487cc26dd0d5f7d97098a6c","hash":"b2839c7c2d5bacec0b4e828219070af9aa495424"}
,"C:\\Users\\Josh\\Documents\\aristotle\\packages\\editor\\src\\elements\\Switch.js": {"path":"C:\\Users\\Josh\\Documents\\aristotle\\packages\\editor\\src\\elements\\Switch.js","statementMap":{"0":{"start":{"line":7,"column":4},"end":{"line":7,"column":13}},"1":{"start":{"line":9,"column":4},"end":{"line":9,"column":33}},"2":{"start":{"line":10,"column":4},"end":{"line":10,"column":48}},"3":{"start":{"line":11,"column":4},"end":{"line":11,"column":17}},"4":{"start":{"line":12,"column":4},"end":{"line":12,"column":33}},"5":{"start":{"line":23,"column":4},"end":{"line":23,"column":43}},"6":{"start":{"line":24,"column":4},"end":{"line":24,"column":47}},"7":{"start":{"line":25,"column":4},"end":{"line":25,"column":22}},"8":{"start":{"line":29,"column":16},"end":{"line":36,"column":5}},"9":{"start":{"line":38,"column":4},"end":{"line":38,"column":45}},"10":{"start":{"line":42,"column":21},"end":{"line":42,"column":93}},"11":{"start":{"line":43,"column":4},"end":{"line":43,"column":32}},"12":{"start":{"line":44,"column":4},"end":{"line":44,"column":26}},"13":{"start":{"line":45,"column":4},"end":{"line":45,"column":45}}},"fnMap":{"0":{"name":"(anonymous_0)","decl":{"start":{"line":6,"column":2},"end":{"line":6,"column":3}},"loc":{"start":{"line":6,"column":19},"end":{"line":13,"column":3}},"line":6},"1":{"name":"(anonymous_1)","decl":{"start":{"line":22,"column":20},"end":{"line":22,"column":21}},"loc":{"start":{"line":22,"column":31},"end":{"line":26,"column":3}},"line":22},"2":{"name":"(anonymous_2)","decl":{"start":{"line":28,"column":11},"end":{"line":28,"column":12}},"loc":{"start":{"line":28,"column":22},"end":{"line":39,"column":3}},"line":28},"3":{"name":"(anonymous_3)","decl":{"start":{"line":41,"column":11},"end":{"line":41,"column":12}},"loc":{"start":{"line":41,"column":17},"end":{"line":46,"column":3}},"line":41}},"branchMap":{"0":{"loc":{"start":{"line":42,"column":21},"end":{"line":42,"column":93}},"type":"cond-expr","locations":[{"start":{"line":42,"column":59},"end":{"line":42,"column":75}},{"start":{"line":42,"column":78},"end":{"line":42,"column":93}}],"line":42}},"s":{"0":0,"1":0,"2":0,"3":0,"4":0,"5":0,"6":0,"7":0,"8":0,"9":0,"10":0,"11":0,"12":0,"13":0},"f":{"0":0,"1":0,"2":0,"3":0},"b":{"0":[0,0]},"_coverageSchema":"332fd63041d2c1bcb487cc26dd0d5f7d97098a6c","hash":"c40ba2e5c2af3c6f7d1c7fc96572ee050bb0a081"}
,"C:\\Users\\Josh\\Documents\\aristotle\\packages\\editor\\src\\layout\\BezierConnectionRouter.js": {"path":"C:\\Users\\Josh\\Documents\\aristotle\\packages\\editor\\src\\layout\\BezierConnectionRouter.js","statementMap":{"0":{"start":{"line":5,"column":18},"end":{"line":5,"column":44}},"1":{"start":{"line":6,"column":16},"end":{"line":6,"column":40}},"2":{"start":{"line":8,"column":20},"end":{"line":10,"column":53}},"3":{"start":{"line":12,"column":18},"end":{"line":14,"column":53}},"4":{"start":{"line":16,"column":15},"end":{"line":16,"column":22}},"5":{"start":{"line":17,"column":15},"end":{"line":17,"column":22}},"6":{"start":{"line":19,"column":15},"end":{"line":19,"column":20}},"7":{"start":{"line":20,"column":15},"end":{"line":20,"column":20}},"8":{"start":{"line":22,"column":15},"end":{"line":22,"column":50}},"9":{"start":{"line":23,"column":15},"end":{"line":23,"column":50}},"10":{"start":{"line":25,"column":15},"end":{"line":25,"column":61}},"11":{"start":{"line":26,"column":15},"end":{"line":26,"column":61}},"12":{"start":{"line":27,"column":15},"end":{"line":27,"column":59}},"13":{"start":{"line":28,"column":15},"end":{"line":28,"column":59}},"14":{"start":{"line":30,"column":17},"end":{"line":33,"column":15}},"15":{"start":{"line":35,"column":4},"end":{"line":35,"column":30}},"16":{"start":{"line":36,"column":4},"end":{"line":36,"column":28}},"17":{"start":{"line":37,"column":4},"end":{"line":37,"column":35}}},"fnMap":{"0":{"name":"(anonymous_0)","decl":{"start":{"line":4,"column":10},"end":{"line":4,"column":11}},"loc":{"start":{"line":4,"column":26},"end":{"line":38,"column":3}},"line":4}},"branchMap":{},"s":{"0":0,"1":0,"2":0,"3":0,"4":0,"5":0,"6":0,"7":0,"8":0,"9":0,"10":0,"11":0,"12":0,"13":0,"14":0,"15":0,"16":0,"17":0},"f":{"0":0},"b":{},"_coverageSchema":"332fd63041d2c1bcb487cc26dd0d5f7d97098a6c","hash":"b28c83c113119a7d94135e1212b4396d29b330e3"}
,"C:\\Users\\Josh\\Documents\\aristotle\\packages\\editor\\src\\models\\EditorModel.js": {"path":"C:\\Users\\Josh\\Documents\\aristotle\\packages\\editor\\src\\models\\EditorModel.js","statementMap":{"0":{"start":{"line":9,"column":4},"end":{"line":9,"column":26}},"1":{"start":{"line":10,"column":4},"end":{"line":10,"column":26}},"2":{"start":{"line":11,"column":4},"end":{"line":11,"column":22}},"3":{"start":{"line":12,"column":4},"end":{"line":12,"column":40}},"4":{"start":{"line":13,"column":4},"end":{"line":13,"column":30}}},"fnMap":{"0":{"name":"(anonymous_0)","decl":{"start":{"line":2,"column":2},"end":{"line":2,"column":3}},"loc":{"start":{"line":8,"column":5},"end":{"line":14,"column":3}},"line":8}},"branchMap":{"0":{"loc":{"start":{"line":3,"column":4},"end":{"line":3,"column":19}},"type":"default-arg","locations":[{"start":{"line":3,"column":14},"end":{"line":3,"column":19}}],"line":3},"1":{"loc":{"start":{"line":4,"column":4},"end":{"line":4,"column":19}},"type":"default-arg","locations":[{"start":{"line":4,"column":14},"end":{"line":4,"column":19}}],"line":4},"2":{"loc":{"start":{"line":5,"column":4},"end":{"line":5,"column":17}},"type":"default-arg","locations":[{"start":{"line":5,"column":12},"end":{"line":5,"column":17}}],"line":5},"3":{"loc":{"start":{"line":6,"column":4},"end":{"line":6,"column":22}},"type":"default-arg","locations":[{"start":{"line":6,"column":21},"end":{"line":6,"column":22}}],"line":6},"4":{"loc":{"start":{"line":7,"column":4},"end":{"line":7,"column":25}},"type":"default-arg","locations":[{"start":{"line":7,"column":16},"end":{"line":7,"column":25}}],"line":7}},"s":{"0":0,"1":0,"2":0,"3":0,"4":0},"f":{"0":0},"b":{"0":[0],"1":[0],"2":[0],"3":[0],"4":[0]},"_coverageSchema":"332fd63041d2c1bcb487cc26dd0d5f7d97098a6c","hash":"0943566c21b4ab7c17a76c6b863f5d4b06e5efed"}
,"C:\\Users\\Josh\\Documents\\aristotle\\packages\\editor\\src\\services\\ClipboardService.js": {"path":"C:\\Users\\Josh\\Documents\\aristotle\\packages\\editor\\src\\services\\ClipboardService.js","statementMap":{"0":{"start":{"line":6,"column":4},"end":{"line":6,"column":24}},"1":{"start":{"line":7,"column":4},"end":{"line":7,"column":29}},"2":{"start":{"line":11,"column":4},"end":{"line":11,"column":70}},"3":{"start":{"line":15,"column":4},"end":{"line":15,"column":20}},"4":{"start":{"line":16,"column":4},"end":{"line":16,"column":67}},"5":{"start":{"line":20,"column":22},"end":{"line":20,"column":24}},"6":{"start":{"line":22,"column":4},"end":{"line":29,"column":8}},"7":{"start":{"line":26,"column":8},"end":{"line":28,"column":9}},"8":{"start":{"line":27,"column":10},"end":{"line":27,"column":32}},"9":{"start":{"line":31,"column":4},"end":{"line":31,"column":20}},"10":{"start":{"line":35,"column":4},"end":{"line":37,"column":6}},"11":{"start":{"line":36,"column":6},"end":{"line":36,"column":27}},"12":{"start":{"line":39,"column":4},"end":{"line":41,"column":6}},"13":{"start":{"line":40,"column":6},"end":{"line":40,"column":27}},"14":{"start":{"line":43,"column":4},"end":{"line":43,"column":33}},"15":{"start":{"line":44,"column":4},"end":{"line":44,"column":40}},"16":{"start":{"line":48,"column":4},"end":{"line":48,"column":53}},"17":{"start":{"line":49,"column":4},"end":{"line":49,"column":51}},"18":{"start":{"line":50,"column":4},"end":{"line":50,"column":57}},"19":{"start":{"line":51,"column":4},"end":{"line":51,"column":57}},"20":{"start":{"line":57,"column":4},"end":{"line":57,"column":73}},"21":{"start":{"line":58,"column":4},"end":{"line":58,"column":63}},"22":{"start":{"line":62,"column":4},"end":{"line":64,"column":62}},"23":{"start":{"line":64,"column":31},"end":{"line":64,"column":61}},"24":{"start":{"line":65,"column":4},"end":{"line":65,"column":30}},"25":{"start":{"line":69,"column":4},"end":{"line":71,"column":30}},"26":{"start":{"line":75,"column":21},"end":{"line":75,"column":46}},"27":{"start":{"line":76,"column":21},"end":{"line":76,"column":74}},"28":{"start":{"line":78,"column":4},"end":{"line":78,"column":41}},"29":{"start":{"line":82,"column":4},"end":{"line":88,"column":5}},"30":{"start":{"line":83,"column":25},"end":{"line":83,"column":47}},"31":{"start":{"line":85,"column":6},"end":{"line":85,"column":63}},"32":{"start":{"line":87,"column":6},"end":{"line":87,"column":49}}},"fnMap":{"0":{"name":"(anonymous_0)","decl":{"start":{"line":5,"column":2},"end":{"line":5,"column":3}},"loc":{"start":{"line":5,"column":23},"end":{"line":8,"column":3}},"line":5},"1":{"name":"(anonymous_1)","decl":{"start":{"line":10,"column":20},"end":{"line":10,"column":21}},"loc":{"start":{"line":10,"column":26},"end":{"line":12,"column":3}},"line":10},"2":{"name":"(anonymous_2)","decl":{"start":{"line":14,"column":20},"end":{"line":14,"column":21}},"loc":{"start":{"line":14,"column":30},"end":{"line":17,"column":3}},"line":14},"3":{"name":"(anonymous_3)","decl":{"start":{"line":19,"column":23},"end":{"line":19,"column":24}},"loc":{"start":{"line":19,"column":29},"end":{"line":32,"column":3}},"line":19},"4":{"name":"(anonymous_4)","decl":{"start":{"line":25,"column":12},"end":{"line":25,"column":13}},"loc":{"start":{"line":25,"column":27},"end":{"line":29,"column":7}},"line":25},"5":{"name":"(anonymous_5)","decl":{"start":{"line":34,"column":14},"end":{"line":34,"column":15}},"loc":{"start":{"line":34,"column":20},"end":{"line":59,"column":3}},"line":34},"6":{"name":"(anonymous_6)","decl":{"start":{"line":35,"column":35},"end":{"line":35,"column":36}},"loc":{"start":{"line":35,"column":45},"end":{"line":37,"column":5}},"line":35},"7":{"name":"(anonymous_7)","decl":{"start":{"line":39,"column":37},"end":{"line":39,"column":38}},"loc":{"start":{"line":39,"column":47},"end":{"line":41,"column":5}},"line":39},"8":{"name":"(anonymous_8)","decl":{"start":{"line":61,"column":14},"end":{"line":61,"column":15}},"loc":{"start":{"line":61,"column":26},"end":{"line":66,"column":3}},"line":61},"9":{"name":"(anonymous_9)","decl":{"start":{"line":64,"column":12},"end":{"line":64,"column":13}},"loc":{"start":{"line":64,"column":31},"end":{"line":64,"column":61}},"line":64},"10":{"name":"(anonymous_10)","decl":{"start":{"line":68,"column":20},"end":{"line":68,"column":21}},"loc":{"start":{"line":68,"column":26},"end":{"line":72,"column":3}},"line":68},"11":{"name":"(anonymous_11)","decl":{"start":{"line":74,"column":27},"end":{"line":74,"column":28}},"loc":{"start":{"line":74,"column":33},"end":{"line":79,"column":3}},"line":74},"12":{"name":"(anonymous_12)","decl":{"start":{"line":81,"column":29},"end":{"line":81,"column":30}},"loc":{"start":{"line":81,"column":39},"end":{"line":89,"column":3}},"line":81}},"branchMap":{"0":{"loc":{"start":{"line":26,"column":8},"end":{"line":28,"column":9}},"type":"if","locations":[{"start":{"line":26,"column":8},"end":{"line":28,"column":9}},{"start":{"line":26,"column":8},"end":{"line":28,"column":9}}],"line":26}},"s":{"0":17,"1":17,"2":0,"3":0,"4":0,"5":0,"6":0,"7":0,"8":0,"9":0,"10":0,"11":0,"12":0,"13":0,"14":0,"15":0,"16":0,"17":0,"18":0,"19":0,"20":0,"21":0,"22":0,"23":0,"24":0,"25":0,"26":0,"27":0,"28":0,"29":0,"30":0,"31":0,"32":0},"f":{"0":17,"1":0,"2":0,"3":0,"4":0,"5":0,"6":0,"7":0,"8":0,"9":0,"10":0,"11":0,"12":0},"b":{"0":[0,0]},"_coverageSchema":"332fd63041d2c1bcb487cc26dd0d5f7d97098a6c","hash":"84e485fc20bc062aef1f843b627ccfe62d22e7df"}
,"C:\\Users\\Josh\\Documents\\aristotle\\packages\\editor\\src\\services\\SerializationService.js": {"path":"C:\\Users\\Josh\\Documents\\aristotle\\packages\\editor\\src\\services\\SerializationService.js","statementMap":{"0":{"start":{"line":11,"column":4},"end":{"line":14,"column":11}},"1":{"start":{"line":11,"column":42},"end":{"line":14,"column":5}},"2":{"start":{"line":18,"column":4},"end":{"line":29,"column":5}},"3":{"start":{"line":20,"column":8},"end":{"line":20,"column":48}},"4":{"start":{"line":22,"column":8},"end":{"line":22,"column":37}},"5":{"start":{"line":24,"column":8},"end":{"line":24,"column":40}},"6":{"start":{"line":26,"column":8},"end":{"line":26,"column":40}},"7":{"start":{"line":28,"column":8},"end":{"line":28,"column":38}},"8":{"start":{"line":41,"column":23},"end":{"line":41,"column":48}},"9":{"start":{"line":43,"column":4},"end":{"line":43,"column":32}},"10":{"start":{"line":44,"column":4},"end":{"line":44,"column":32}},"11":{"start":{"line":46,"column":4},"end":{"line":46,"column":21}},"12":{"start":{"line":50,"column":25},"end":{"line":50,"column":54}},"13":{"start":{"line":50,"column":51},"end":{"line":50,"column":53}},"14":{"start":{"line":53,"column":28},"end":{"line":56,"column":8}},"15":{"start":{"line":55,"column":8},"end":{"line":55,"column":40}},"16":{"start":{"line":59,"column":32},"end":{"line":62,"column":8}},"17":{"start":{"line":61,"column":8},"end":{"line":61,"column":80}},"18":{"start":{"line":64,"column":4},"end":{"line":67,"column":5}},"19":{"start":{"line":71,"column":20},"end":{"line":71,"column":22}},"20":{"start":{"line":72,"column":24},"end":{"line":72,"column":26}},"21":{"start":{"line":75,"column":4},"end":{"line":85,"column":8}},"22":{"start":{"line":78,"column":8},"end":{"line":84,"column":10}},"23":{"start":{"line":88,"column":4},"end":{"line":101,"column":8}},"24":{"start":{"line":91,"column":23},"end":{"line":91,"column":45}},"25":{"start":{"line":92,"column":23},"end":{"line":92,"column":45}},"26":{"start":{"line":93,"column":28},"end":{"line":93,"column":57}},"27":{"start":{"line":95,"column":8},"end":{"line":100,"column":10}},"28":{"start":{"line":103,"column":4},"end":{"line":105,"column":5}},"29":{"start":{"line":104,"column":6},"end":{"line":104,"column":84}},"30":{"start":{"line":107,"column":4},"end":{"line":110,"column":5}},"31":{"start":{"line":118,"column":8},"end":{"line":118,"column":22}},"32":{"start":{"line":119,"column":20},"end":{"line":119,"column":43}},"33":{"start":{"line":122,"column":18},"end":{"line":122,"column":73}},"34":{"start":{"line":123,"column":18},"end":{"line":123,"column":20}},"35":{"start":{"line":126,"column":4},"end":{"line":132,"column":6}},"36":{"start":{"line":127,"column":27},"end":{"line":127,"column":33}},"37":{"start":{"line":128,"column":19},"end":{"line":128,"column":66}},"38":{"start":{"line":130,"column":6},"end":{"line":130,"column":22}},"39":{"start":{"line":131,"column":6},"end":{"line":131,"column":53}},"40":{"start":{"line":134,"column":24},"end":{"line":138,"column":5}},"41":{"start":{"line":135,"column":6},"end":{"line":137,"column":14}},"42":{"start":{"line":136,"column":26},"end":{"line":136,"column":40}},"43":{"start":{"line":141,"column":4},"end":{"line":155,"column":6}},"44":{"start":{"line":142,"column":21},"end":{"line":142,"column":75}},"45":{"start":{"line":143,"column":21},"end":{"line":143,"column":75}},"46":{"start":{"line":147,"column":6},"end":{"line":147,"column":37}},"47":{"start":{"line":147,"column":31},"end":{"line":147,"column":37}},"48":{"start":{"line":149,"column":6},"end":{"line":154,"column":7}},"49":{"start":{"line":150,"column":20},"end":{"line":150,"column":54}},"50":{"start":{"line":152,"column":8},"end":{"line":152,"column":85}},"51":{"start":{"line":153,"column":8},"end":{"line":153,"column":24}},"52":{"start":{"line":158,"column":4},"end":{"line":158,"column":40}}},"fnMap":{"0":{"name":"(anonymous_0)","decl":{"start":{"line":10,"column":2},"end":{"line":10,"column":3}},"loc":{"start":{"line":10,"column":40},"end":{"line":15,"column":3}},"line":10},"1":{"name":"(anonymous_1)","decl":{"start":{"line":11,"column":24},"end":{"line":11,"column":25}},"loc":{"start":{"line":11,"column":42},"end":{"line":14,"column":5}},"line":11},"2":{"name":"(anonymous_2)","decl":{"start":{"line":17,"column":2},"end":{"line":17,"column":3}},"loc":{"start":{"line":17,"column":30},"end":{"line":30,"column":3}},"line":17},"3":{"name":"(anonymous_3)","decl":{"start":{"line":40,"column":2},"end":{"line":40,"column":3}},"loc":{"start":{"line":40,"column":48},"end":{"line":47,"column":3}},"line":40},"4":{"name":"(anonymous_4)","decl":{"start":{"line":49,"column":2},"end":{"line":49,"column":3}},"loc":{"start":{"line":49,"column":61},"end":{"line":68,"column":3}},"line":49},"5":{"name":"(anonymous_5)","decl":{"start":{"line":50,"column":39},"end":{"line":50,"column":40}},"loc":{"start":{"line":50,"column":51},"end":{"line":50,"column":53}},"line":50},"6":{"name":"(anonymous_6)","decl":{"start":{"line":54,"column":14},"end":{"line":54,"column":15}},"loc":{"start":{"line":54,"column":26},"end":{"line":56,"column":7}},"line":54},"7":{"name":"(anonymous_7)","decl":{"start":{"line":60,"column":14},"end":{"line":60,"column":15}},"loc":{"start":{"line":60,"column":41},"end":{"line":62,"column":7}},"line":60},"8":{"name":"(anonymous_8)","decl":{"start":{"line":70,"column":2},"end":{"line":70,"column":3}},"loc":{"start":{"line":70,"column":39},"end":{"line":111,"column":3}},"line":70},"9":{"name":"(anonymous_9)","decl":{"start":{"line":77,"column":12},"end":{"line":77,"column":13}},"loc":{"start":{"line":77,"column":27},"end":{"line":85,"column":7}},"line":77},"10":{"name":"(anonymous_10)","decl":{"start":{"line":90,"column":12},"end":{"line":90,"column":13}},"loc":{"start":{"line":90,"column":31},"end":{"line":101,"column":7}},"line":90},"11":{"name":"(anonymous_11)","decl":{"start":{"line":113,"column":2},"end":{"line":113,"column":3}},"loc":{"start":{"line":113,"column":54},"end":{"line":159,"column":3}},"line":113},"12":{"name":"(anonymous_12)","decl":{"start":{"line":126,"column":23},"end":{"line":126,"column":24}},"loc":{"start":{"line":126,"column":35},"end":{"line":132,"column":5}},"line":126},"13":{"name":"(anonymous_13)","decl":{"start":{"line":134,"column":24},"end":{"line":134,"column":25}},"loc":{"start":{"line":134,"column":32},"end":{"line":138,"column":5}},"line":134},"14":{"name":"(anonymous_14)","decl":{"start":{"line":136,"column":16},"end":{"line":136,"column":17}},"loc":{"start":{"line":136,"column":26},"end":{"line":136,"column":40}},"line":136},"15":{"name":"(anonymous_15)","decl":{"start":{"line":141,"column":29},"end":{"line":141,"column":30}},"loc":{"start":{"line":141,"column":82},"end":{"line":155,"column":5}},"line":141},"16":{"name":"(anonymous_16)","decl":{"start":{"line":147,"column":25},"end":{"line":147,"column":26}},"loc":{"start":{"line":147,"column":31},"end":{"line":147,"column":37}},"line":147}},"branchMap":{"0":{"loc":{"start":{"line":13,"column":12},"end":{"line":13,"column":34}},"type":"cond-expr","locations":[{"start":{"line":13,"column":23},"end":{"line":13,"column":29}},{"start":{"line":13,"column":32},"end":{"line":13,"column":34}}],"line":13},"1":{"loc":{"start":{"line":18,"column":4},"end":{"line":29,"column":5}},"type":"switch","locations":[{"start":{"line":19,"column":6},"end":{"line":20,"column":48}},{"start":{"line":21,"column":6},"end":{"line":22,"column":37}},{"start":{"line":23,"column":6},"end":{"line":24,"column":40}},{"start":{"line":25,"column":6},"end":{"line":26,"column":40}},{"start":{"line":27,"column":6},"end":{"line":28,"column":38}}],"line":18},"2":{"loc":{"start":{"line":61,"column":15},"end":{"line":61,"column":80}},"type":"binary-expr","locations":[{"start":{"line":61,"column":15},"end":{"line":61,"column":45}},{"start":{"line":61,"column":49},"end":{"line":61,"column":80}}],"line":61},"3":{"loc":{"start":{"line":103,"column":4},"end":{"line":105,"column":5}},"type":"if","locations":[{"start":{"line":103,"column":4},"end":{"line":105,"column":5}},{"start":{"line":103,"column":4},"end":{"line":105,"column":5}}],"line":103},"4":{"loc":{"start":{"line":113,"column":36},"end":{"line":113,"column":52}},"type":"default-arg","locations":[{"start":{"line":113,"column":47},"end":{"line":113,"column":52}}],"line":113},"5":{"loc":{"start":{"line":149,"column":6},"end":{"line":154,"column":7}},"type":"if","locations":[{"start":{"line":149,"column":6},"end":{"line":154,"column":7}},{"start":{"line":149,"column":6},"end":{"line":154,"column":7}}],"line":149},"6":{"loc":{"start":{"line":149,"column":10},"end":{"line":149,"column":26}},"type":"binary-expr","locations":[{"start":{"line":149,"column":10},"end":{"line":149,"column":16}},{"start":{"line":149,"column":20},"end":{"line":149,"column":26}}],"line":149}},"s":{"0":0,"1":0,"2":0,"3":0,"4":0,"5":0,"6":0,"7":0,"8":0,"9":0,"10":0,"11":0,"12":0,"13":0,"14":0,"15":0,"16":0,"17":0,"18":0,"19":0,"20":0,"21":0,"22":0,"23":0,"24":0,"25":0,"26":0,"27":0,"28":0,"29":0,"30":0,"31":0,"32":0,"33":0,"34":0,"35":0,"36":0,"37":0,"38":0,"39":0,"40":0,"41":0,"42":0,"43":0,"44":0,"45":0,"46":0,"47":0,"48":0,"49":0,"50":0,"51":0,"52":0},"f":{"0":0,"1":0,"2":0,"3":0,"4":0,"5":0,"6":0,"7":0,"8":0,"9":0,"10":0,"11":0,"12":0,"13":0,"14":0,"15":0,"16":0},"b":{"0":[0,0],"1":[0,0,0,0,0],"2":[0,0],"3":[0,0],"4":[0],"5":[0,0],"6":[0,0]},"_coverageSchema":"332fd63041d2c1bcb487cc26dd0d5f7d97098a6c","hash":"e1d44e9a4376c4529ced1c353fc936149321ef5e"}
,"C:\\Users\\Josh\\Documents\\aristotle\\packages\\editor\\src\\utils\\getPortIndex.js": {"path":"C:\\Users\\Josh\\Documents\\aristotle\\packages\\editor\\src\\utils\\getPortIndex.js","statementMap":{"0":{"start":{"line":1,"column":21},"end":{"line":10,"column":1}},"1":{"start":{"line":2,"column":16},"end":{"line":2,"column":48}},"2":{"start":{"line":4,"column":2},"end":{"line":8,"column":3}},"3":{"start":{"line":5,"column":4},"end":{"line":7,"column":5}},"4":{"start":{"line":6,"column":6},"end":{"line":6,"column":14}},"5":{"start":{"line":9,"column":2},"end":{"line":9,"column":11}}},"fnMap":{"0":{"name":"(anonymous_0)","decl":{"start":{"line":1,"column":21},"end":{"line":1,"column":22}},"loc":{"start":{"line":1,"column":37},"end":{"line":10,"column":1}},"line":1}},"branchMap":{"0":{"loc":{"start":{"line":5,"column":4},"end":{"line":7,"column":5}},"type":"if","locations":[{"start":{"line":5,"column":4},"end":{"line":7,"column":5}},{"start":{"line":5,"column":4},"end":{"line":7,"column":5}}],"line":5}},"s":{"0":2,"1":0,"2":0,"3":0,"4":0,"5":0},"f":{"0":0},"b":{"0":[0,0]},"_coverageSchema":"332fd63041d2c1bcb487cc26dd0d5f7d97098a6c","hash":"47861ce7ac9539e271d1ce2536e4c62848983764"}
,"C:\\Users\\Josh\\Documents\\aristotle\\packages\\editor\\src\\utils\\uuid.js": {"path":"C:\\Users\\Josh\\Documents\\aristotle\\packages\\editor\\src\\utils\\uuid.js","statementMap":{"0":{"start":{"line":2,"column":19},"end":{"line":2,"column":83}},"1":{"start":{"line":3,"column":13},"end":{"line":3,"column":15}},"2":{"start":{"line":5,"column":2},"end":{"line":7,"column":3}},"3":{"start":{"line":6,"column":4},"end":{"line":6,"column":72}},"4":{"start":{"line":9,"column":2},"end":{"line":9,"column":13}}},"fnMap":{"0":{"name":"uuid","decl":{"start":{"line":1,"column":9},"end":{"line":1,"column":13}},"loc":{"start":{"line":1,"column":17},"end":{"line":10,"column":1}},"line":1}},"branchMap":{},"s":{"0":0,"1":0,"2":0,"3":0,"4":0},"f":{"0":0},"b":{},"_coverageSchema":"332fd63041d2c1bcb487cc26dd0d5f7d97098a6c","hash":"d4bb328179bde0933fac34eecb383ab251f2be1a"}
,"C:\\Users\\Josh\\Documents\\aristotle\\packages\\editor\\test\\setup.js": {"path":"C:\\Users\\Josh\\Documents\\aristotle\\packages\\editor\\test\\setup.js","statementMap":{"0":{"start":{"line":3,"column":0},"end":{"line":3,"column":28}}},"fnMap":{},"branchMap":{},"s":{"0":2},"f":{},"b":{},"_coverageSchema":"332fd63041d2c1bcb487cc26dd0d5f7d97098a6c","hash":"5c8602bcc7d30ae244339027be54ca9bdbf00d60"}
}
