{"C:\\Users\\Josh\\Documents\\aristotle\\packages\\editor\\src\\Canvas.js": {"path":"C:\\Users\\Josh\\Documents\\aristotle\\packages\\editor\\src\\Canvas.js","statementMap":{"0":{"start":{"line":13,"column":4},"end":{"line":13,"column":20}},"1":{"start":{"line":15,"column":4},"end":{"line":15,"column":31}},"2":{"start":{"line":16,"column":4},"end":{"line":16,"column":41}},"3":{"start":{"line":17,"column":4},"end":{"line":17,"column":35}},"4":{"start":{"line":30,"column":4},"end":{"line":30,"column":69}},"5":{"start":{"line":31,"column":4},"end":{"line":31,"column":65}},"6":{"start":{"line":32,"column":4},"end":{"line":32,"column":59}},"7":{"start":{"line":33,"column":4},"end":{"line":33,"column":83}},"8":{"start":{"line":33,"column":45},"end":{"line":33,"column":82}},"9":{"start":{"line":42,"column":4},"end":{"line":44,"column":5}},"10":{"start":{"line":43,"column":6},"end":{"line":43,"column":32}},"11":{"start":{"line":53,"column":23},"end":{"line":53,"column":51}},"12":{"start":{"line":61,"column":23},"end":{"line":61,"column":50}},"13":{"start":{"line":71,"column":4},"end":{"line":86,"column":5}},"14":{"start":{"line":72,"column":54},"end":{"line":72,"column":59}},"15":{"start":{"line":73,"column":23},"end":{"line":73,"column":76}},"16":{"start":{"line":74,"column":23},"end":{"line":74,"column":68}},"17":{"start":{"line":75,"column":23},"end":{"line":75,"column":68}},"18":{"start":{"line":76,"column":20},"end":{"line":76,"column":50}},"19":{"start":{"line":77,"column":20},"end":{"line":77,"column":50}},"20":{"start":{"line":78,"column":26},"end":{"line":78,"column":49}},"21":{"start":{"line":80,"column":6},"end":{"line":82,"column":8}},"22":{"start":{"line":81,"column":8},"end":{"line":81,"column":85}},"23":{"start":{"line":83,"column":6},"end":{"line":83,"column":36}},"24":{"start":{"line":84,"column":6},"end":{"line":84,"column":36}},"25":{"start":{"line":85,"column":6},"end":{"line":85,"column":75}},"26":{"start":{"line":96,"column":4},"end":{"line":108,"column":5}},"27":{"start":{"line":97,"column":6},"end":{"line":97,"column":44}},"28":{"start":{"line":99,"column":6},"end":{"line":99,"column":28}},"29":{"start":{"line":100,"column":23},"end":{"line":100,"column":88}},"30":{"start":{"line":102,"column":6},"end":{"line":104,"column":8}},"31":{"start":{"line":103,"column":8},"end":{"line":103,"column":67}},"32":{"start":{"line":106,"column":6},"end":{"line":106,"column":29}},"33":{"start":{"line":107,"column":6},"end":{"line":107,"column":29}},"34":{"start":{"line":118,"column":17},"end":{"line":118,"column":52}},"35":{"start":{"line":119,"column":33},"end":{"line":119,"column":51}},"36":{"start":{"line":122,"column":6},"end":{"line":125,"column":28}},"37":{"start":{"line":128,"column":4},"end":{"line":133,"column":5}},"38":{"start":{"line":129,"column":23},"end":{"line":129,"column":51}},"39":{"start":{"line":132,"column":6},"end":{"line":132,"column":66}},"40":{"start":{"line":142,"column":26},"end":{"line":142,"column":62}},"41":{"start":{"line":144,"column":4},"end":{"line":144,"column":57}},"42":{"start":{"line":152,"column":22},"end":{"line":152,"column":27}}},"fnMap":{"0":{"name":"(anonymous_0)","decl":{"start":{"line":12,"column":2},"end":{"line":12,"column":3}},"loc":{"start":{"line":12,"column":26},"end":{"line":24,"column":3}},"line":12},"1":{"name":"(anonymous_1)","decl":{"start":{"line":29,"column":27},"end":{"line":29,"column":28}},"loc":{"start":{"line":29,"column":33},"end":{"line":34,"column":3}},"line":29},"2":{"name":"(anonymous_2)","decl":{"start":{"line":33,"column":39},"end":{"line":33,"column":40}},"loc":{"start":{"line":33,"column":45},"end":{"line":33,"column":82}},"line":33},"3":{"name":"(anonymous_3)","decl":{"start":{"line":41,"column":15},"end":{"line":41,"column":16}},"loc":{"start":{"line":41,"column":21},"end":{"line":45,"column":3}},"line":41},"4":{"name":"(anonymous_4)","decl":{"start":{"line":53,"column":17},"end":{"line":53,"column":18}},"loc":{"start":{"line":53,"column":23},"end":{"line":53,"column":51}},"line":53},"5":{"name":"(anonymous_5)","decl":{"start":{"line":61,"column":17},"end":{"line":61,"column":18}},"loc":{"start":{"line":61,"column":23},"end":{"line":61,"column":50}},"line":61},"6":{"name":"(anonymous_6)","decl":{"start":{"line":70,"column":25},"end":{"line":70,"column":26}},"loc":{"start":{"line":70,"column":36},"end":{"line":87,"column":3}},"line":70},"7":{"name":"(anonymous_7)","decl":{"start":{"line":80,"column":27},"end":{"line":80,"column":28}},"loc":{"start":{"line":80,"column":42},"end":{"line":82,"column":7}},"line":80},"8":{"name":"(anonymous_8)","decl":{"start":{"line":95,"column":23},"end":{"line":95,"column":24}},"loc":{"start":{"line":95,"column":34},"end":{"line":109,"column":3}},"line":95},"9":{"name":"(anonymous_9)","decl":{"start":{"line":102,"column":27},"end":{"line":102,"column":28}},"loc":{"start":{"line":102,"column":42},"end":{"line":104,"column":7}},"line":102},"10":{"name":"(anonymous_10)","decl":{"start":{"line":117,"column":11},"end":{"line":117,"column":12}},"loc":{"start":{"line":117,"column":17},"end":{"line":134,"column":3}},"line":117},"11":{"name":"(anonymous_11)","decl":{"start":{"line":141,"column":26},"end":{"line":141,"column":27}},"loc":{"start":{"line":141,"column":32},"end":{"line":145,"column":3}},"line":141},"12":{"name":"(anonymous_12)","decl":{"start":{"line":152,"column":16},"end":{"line":152,"column":17}},"loc":{"start":{"line":152,"column":22},"end":{"line":152,"column":27}},"line":152}},"branchMap":{"0":{"loc":{"start":{"line":42,"column":4},"end":{"line":44,"column":5}},"type":"if","locations":[{"start":{"line":42,"column":4},"end":{"line":44,"column":5}},{"start":{"line":42,"column":4},"end":{"line":44,"column":5}}],"line":42},"1":{"loc":{"start":{"line":71,"column":4},"end":{"line":86,"column":5}},"type":"if","locations":[{"start":{"line":71,"column":4},"end":{"line":86,"column":5}},{"start":{"line":71,"column":4},"end":{"line":86,"column":5}}],"line":71},"2":{"loc":{"start":{"line":96,"column":4},"end":{"line":108,"column":5}},"type":"if","locations":[{"start":{"line":96,"column":4},"end":{"line":108,"column":5}},{"start":{"line":96,"column":4},"end":{"line":108,"column":5}}],"line":96},"3":{"loc":{"start":{"line":122,"column":6},"end":{"line":125,"column":28}},"type":"binary-expr","locations":[{"start":{"line":122,"column":6},"end":{"line":122,"column":26}},{"start":{"line":123,"column":6},"end":{"line":123,"column":25}},{"start":{"line":124,"column":6},"end":{"line":124,"column":27}},{"start":{"line":125,"column":6},"end":{"line":125,"column":28}}],"line":122},"4":{"loc":{"start":{"line":128,"column":4},"end":{"line":133,"column":5}},"type":"if","locations":[{"start":{"line":128,"column":4},"end":{"line":133,"column":5}},{"start":{"line":128,"column":4},"end":{"line":133,"column":5}}],"line":128}},"s":{"0":23,"1":23,"2":23,"3":23,"4":4,"5":4,"6":4,"7":4,"8":1,"9":2,"10":1,"11":1,"12":1,"13":4,"14":2,"15":2,"16":2,"17":2,"18":2,"19":2,"20":2,"21":2,"22":4,"23":2,"24":2,"25":2,"26":6,"27":4,"28":4,"29":4,"30":4,"31":8,"32":4,"33":4,"34":5,"35":5,"36":5,"37":5,"38":1,"39":1,"40":1,"41":1,"42":0},"f":{"0":23,"1":4,"2":1,"3":2,"4":1,"5":1,"6":4,"7":4,"8":6,"9":8,"10":5,"11":1,"12":0},"b":{"0":[1,1],"1":[2,2],"2":[4,2],"3":[5,4,2,2],"4":[1,4]},"_coverageSchema":"332fd63041d2c1bcb487cc26dd0d5f7d97098a6c","hash":"fbd03841f2eefa70dc3e7e868f037e999b4c1f40"}
,"C:\\Users\\Josh\\Documents\\aristotle\\packages\\editor\\src\\Connection.js": {"path":"C:\\Users\\Josh\\Documents\\aristotle\\packages\\editor\\src\\Connection.js","statementMap":{"0":{"start":{"line":7,"column":4},"end":{"line":14,"column":6}},"1":{"start":{"line":16,"column":4},"end":{"line":16,"column":26}},"2":{"start":{"line":17,"column":4},"end":{"line":17,"column":47}},"3":{"start":{"line":18,"column":4},"end":{"line":18,"column":52}},"4":{"start":{"line":25,"column":19},"end":{"line":25,"column":41}},"5":{"start":{"line":26,"column":19},"end":{"line":26,"column":41}},"6":{"start":{"line":27,"column":23},"end":{"line":27,"column":50}},"7":{"start":{"line":28,"column":23},"end":{"line":28,"column":50}},"8":{"start":{"line":29,"column":24},"end":{"line":29,"column":62}},"9":{"start":{"line":31,"column":4},"end":{"line":31,"column":67}},"10":{"start":{"line":32,"column":4},"end":{"line":32,"column":26}},"11":{"start":{"line":39,"column":19},"end":{"line":39,"column":41}},"12":{"start":{"line":40,"column":19},"end":{"line":40,"column":41}},"13":{"start":{"line":41,"column":23},"end":{"line":41,"column":50}},"14":{"start":{"line":42,"column":23},"end":{"line":42,"column":50}},"15":{"start":{"line":44,"column":4},"end":{"line":44,"column":57}},"16":{"start":{"line":48,"column":19},"end":{"line":48,"column":35}},"17":{"start":{"line":49,"column":19},"end":{"line":49,"column":35}},"18":{"start":{"line":50,"column":24},"end":{"line":50,"column":54}},"19":{"start":{"line":51,"column":24},"end":{"line":51,"column":53}},"20":{"start":{"line":53,"column":4},"end":{"line":58,"column":5}}},"fnMap":{"0":{"name":"(anonymous_0)","decl":{"start":{"line":6,"column":2},"end":{"line":6,"column":3}},"loc":{"start":{"line":6,"column":24},"end":{"line":19,"column":3}},"line":6},"1":{"name":"(anonymous_1)","decl":{"start":{"line":24,"column":25},"end":{"line":24,"column":26}},"loc":{"start":{"line":24,"column":31},"end":{"line":33,"column":3}},"line":24},"2":{"name":"(anonymous_2)","decl":{"start":{"line":38,"column":28},"end":{"line":38,"column":29}},"loc":{"start":{"line":38,"column":34},"end":{"line":45,"column":3}},"line":38},"3":{"name":"(anonymous_3)","decl":{"start":{"line":47,"column":14},"end":{"line":47,"column":15}},"loc":{"start":{"line":47,"column":20},"end":{"line":59,"column":3}},"line":47}},"branchMap":{},"s":{"0":10,"1":10,"2":10,"3":10,"4":2,"5":2,"6":2,"7":2,"8":2,"9":2,"10":2,"11":1,"12":1,"13":1,"14":1,"15":1,"16":1,"17":1,"18":1,"19":1,"20":1},"f":{"0":10,"1":2,"2":1,"3":1},"b":{},"_coverageSchema":"332fd63041d2c1bcb487cc26dd0d5f7d97098a6c","hash":"db3dc9b9198d168d9f25675dfb338fed1b5efa9d"}
,"C:\\Users\\Josh\\Documents\\aristotle\\packages\\editor\\src\\Draw2DCanvas.js": {"path":"C:\\Users\\Josh\\Documents\\aristotle\\packages\\editor\\src\\Draw2DCanvas.js","statementMap":{},"fnMap":{},"branchMap":{},"s":{},"f":{},"b":{},"_coverageSchema":"332fd63041d2c1bcb487cc26dd0d5f7d97098a6c","hash":"a80043b02f804f60f3cf6e46760cd47868e5e21e"}
,"C:\\Users\\Josh\\Documents\\aristotle\\packages\\editor\\src\\Editor.js": {"path":"C:\\Users\\Josh\\Documents\\aristotle\\packages\\editor\\src\\Editor.js","statementMap":{"0":{"start":{"line":14,"column":4},"end":{"line":14,"column":20}},"1":{"start":{"line":16,"column":4},"end":{"line":16,"column":32}},"2":{"start":{"line":17,"column":4},"end":{"line":17,"column":53}},"3":{"start":{"line":18,"column":4},"end":{"line":18,"column":49}},"4":{"start":{"line":19,"column":4},"end":{"line":19,"column":51}},"5":{"start":{"line":20,"column":4},"end":{"line":20,"column":30}},"6":{"start":{"line":22,"column":4},"end":{"line":22,"column":22}},"7":{"start":{"line":23,"column":4},"end":{"line":23,"column":32}},"8":{"start":{"line":25,"column":4},"end":{"line":25,"column":28}},"9":{"start":{"line":40,"column":4},"end":{"line":40,"column":38}},"10":{"start":{"line":52,"column":4},"end":{"line":52,"column":24}},"11":{"start":{"line":53,"column":4},"end":{"line":53,"column":35}},"12":{"start":{"line":54,"column":4},"end":{"line":54,"column":19}},"13":{"start":{"line":59,"column":20},"end":{"line":60,"column":44}},"14":{"start":{"line":62,"column":4},"end":{"line":62,"column":31}},"15":{"start":{"line":73,"column":23},"end":{"line":73,"column":51}},"16":{"start":{"line":75,"column":4},"end":{"line":75,"column":49}},"17":{"start":{"line":76,"column":4},"end":{"line":76,"column":52}},"18":{"start":{"line":78,"column":4},"end":{"line":78,"column":24}},"19":{"start":{"line":79,"column":4},"end":{"line":79,"column":19}},"20":{"start":{"line":90,"column":4},"end":{"line":96,"column":5}},"21":{"start":{"line":91,"column":6},"end":{"line":91,"column":25}},"22":{"start":{"line":93,"column":6},"end":{"line":95,"column":7}},"23":{"start":{"line":94,"column":8},"end":{"line":94,"column":37}},"24":{"start":{"line":94,"column":25},"end":{"line":94,"column":36}},"25":{"start":{"line":105,"column":4},"end":{"line":113,"column":5}},"26":{"start":{"line":107,"column":8},"end":{"line":107,"column":81}},"27":{"start":{"line":108,"column":8},"end":{"line":108,"column":13}},"28":{"start":{"line":111,"column":8},"end":{"line":111,"column":85}},"29":{"start":{"line":112,"column":8},"end":{"line":112,"column":13}},"30":{"start":{"line":114,"column":4},"end":{"line":114,"column":25}},"31":{"start":{"line":123,"column":4},"end":{"line":123,"column":39}},"32":{"start":{"line":132,"column":17},"end":{"line":132,"column":62}},"33":{"start":{"line":134,"column":4},"end":{"line":134,"column":32}},"34":{"start":{"line":136,"column":4},"end":{"line":136,"column":32}},"35":{"start":{"line":137,"column":4},"end":{"line":139,"column":7}},"36":{"start":{"line":143,"column":4},"end":{"line":149,"column":6}},"37":{"start":{"line":153,"column":4},"end":{"line":155,"column":30}},"38":{"start":{"line":159,"column":4},"end":{"line":159,"column":39}},"39":{"start":{"line":163,"column":4},"end":{"line":188,"column":5}},"40":{"start":{"line":165,"column":8},"end":{"line":171,"column":9}},"41":{"start":{"line":166,"column":10},"end":{"line":166,"column":34}},"42":{"start":{"line":168,"column":10},"end":{"line":168,"column":34}},"43":{"start":{"line":169,"column":10},"end":{"line":169,"column":42}},"44":{"start":{"line":170,"column":10},"end":{"line":170,"column":47}},"45":{"start":{"line":172,"column":8},"end":{"line":172,"column":13}},"46":{"start":{"line":174,"column":8},"end":{"line":180,"column":9}},"47":{"start":{"line":175,"column":10},"end":{"line":175,"column":34}},"48":{"start":{"line":177,"column":10},"end":{"line":177,"column":34}},"49":{"start":{"line":178,"column":10},"end":{"line":178,"column":42}},"50":{"start":{"line":179,"column":10},"end":{"line":179,"column":47}},"51":{"start":{"line":181,"column":8},"end":{"line":181,"column":13}},"52":{"start":{"line":183,"column":8},"end":{"line":183,"column":38}},"53":{"start":{"line":184,"column":8},"end":{"line":184,"column":13}},"54":{"start":{"line":186,"column":8},"end":{"line":186,"column":43}},"55":{"start":{"line":187,"column":8},"end":{"line":187,"column":13}}},"fnMap":{"0":{"name":"(anonymous_0)","decl":{"start":{"line":13,"column":2},"end":{"line":13,"column":3}},"loc":{"start":{"line":13,"column":26},"end":{"line":37,"column":3}},"line":13},"1":{"name":"(anonymous_1)","decl":{"start":{"line":39,"column":14},"end":{"line":39,"column":15}},"loc":{"start":{"line":39,"column":25},"end":{"line":42,"column":3}},"line":39},"2":{"name":"(anonymous_2)","decl":{"start":{"line":51,"column":12},"end":{"line":51,"column":13}},"loc":{"start":{"line":51,"column":28},"end":{"line":55,"column":3}},"line":51},"3":{"name":"(anonymous_3)","decl":{"start":{"line":58,"column":15},"end":{"line":58,"column":16}},"loc":{"start":{"line":58,"column":33},"end":{"line":63,"column":3}},"line":58},"4":{"name":"(anonymous_4)","decl":{"start":{"line":72,"column":18},"end":{"line":72,"column":19}},"loc":{"start":{"line":72,"column":45},"end":{"line":80,"column":3}},"line":72},"5":{"name":"(anonymous_5)","decl":{"start":{"line":89,"column":9},"end":{"line":89,"column":10}},"loc":{"start":{"line":89,"column":28},"end":{"line":97,"column":3}},"line":89},"6":{"name":"(anonymous_6)","decl":{"start":{"line":94,"column":19},"end":{"line":94,"column":20}},"loc":{"start":{"line":94,"column":25},"end":{"line":94,"column":36}},"line":94},"7":{"name":"(anonymous_7)","decl":{"start":{"line":104,"column":17},"end":{"line":104,"column":18}},"loc":{"start":{"line":104,"column":27},"end":{"line":115,"column":3}},"line":104},"8":{"name":"(anonymous_8)","decl":{"start":{"line":122,"column":21},"end":{"line":122,"column":22}},"loc":{"start":{"line":122,"column":27},"end":{"line":124,"column":3}},"line":122},"9":{"name":"(anonymous_9)","decl":{"start":{"line":131,"column":24},"end":{"line":131,"column":25}},"loc":{"start":{"line":131,"column":30},"end":{"line":140,"column":3}},"line":131},"10":{"name":"(anonymous_10)","decl":{"start":{"line":142,"column":19},"end":{"line":142,"column":20}},"loc":{"start":{"line":142,"column":25},"end":{"line":150,"column":3}},"line":142},"11":{"name":"(anonymous_11)","decl":{"start":{"line":152,"column":18},"end":{"line":152,"column":19}},"loc":{"start":{"line":152,"column":31},"end":{"line":156,"column":3}},"line":152},"12":{"name":"(anonymous_12)","decl":{"start":{"line":158,"column":9},"end":{"line":158,"column":10}},"loc":{"start":{"line":158,"column":19},"end":{"line":160,"column":3}},"line":158},"13":{"name":"(anonymous_13)","decl":{"start":{"line":162,"column":17},"end":{"line":162,"column":18}},"loc":{"start":{"line":162,"column":30},"end":{"line":189,"column":3}},"line":162}},"branchMap":{"0":{"loc":{"start":{"line":89,"column":10},"end":{"line":89,"column":23}},"type":"default-arg","locations":[{"start":{"line":89,"column":18},"end":{"line":89,"column":23}}],"line":89},"1":{"loc":{"start":{"line":90,"column":4},"end":{"line":96,"column":5}},"type":"if","locations":[{"start":{"line":90,"column":4},"end":{"line":96,"column":5}},{"start":{"line":90,"column":4},"end":{"line":96,"column":5}}],"line":90},"2":{"loc":{"start":{"line":90,"column":8},"end":{"line":90,"column":43}},"type":"binary-expr","locations":[{"start":{"line":90,"column":8},"end":{"line":90,"column":34}},{"start":{"line":90,"column":38},"end":{"line":90,"column":43}}],"line":90},"3":{"loc":{"start":{"line":93,"column":6},"end":{"line":95,"column":7}},"type":"if","locations":[{"start":{"line":93,"column":6},"end":{"line":95,"column":7}},{"start":{"line":93,"column":6},"end":{"line":95,"column":7}}],"line":93},"4":{"loc":{"start":{"line":105,"column":4},"end":{"line":113,"column":5}},"type":"switch","locations":[{"start":{"line":106,"column":6},"end":{"line":108,"column":13}},{"start":{"line":109,"column":6},"end":{"line":109,"column":23}},{"start":{"line":110,"column":6},"end":{"line":112,"column":13}}],"line":105},"5":{"loc":{"start":{"line":163,"column":4},"end":{"line":188,"column":5}},"type":"switch","locations":[{"start":{"line":164,"column":6},"end":{"line":172,"column":13}},{"start":{"line":173,"column":6},"end":{"line":181,"column":13}},{"start":{"line":182,"column":6},"end":{"line":184,"column":13}},{"start":{"line":185,"column":6},"end":{"line":187,"column":13}}],"line":163}},"s":{"0":17,"1":17,"2":17,"3":17,"4":17,"5":17,"6":17,"7":17,"8":17,"9":0,"10":3,"11":3,"12":3,"13":0,"14":0,"15":4,"16":4,"17":4,"18":4,"19":4,"20":13,"21":12,"22":12,"23":9,"24":0,"25":19,"26":18,"27":18,"28":1,"29":1,"30":19,"31":1,"32":17,"33":17,"34":17,"35":17,"36":0,"37":0,"38":0,"39":0,"40":0,"41":0,"42":0,"43":0,"44":0,"45":0,"46":0,"47":0,"48":0,"49":0,"50":0,"51":0,"52":0,"53":0,"54":0,"55":0},"f":{"0":17,"1":0,"2":3,"3":0,"4":4,"5":13,"6":0,"7":19,"8":1,"9":17,"10":0,"11":0,"12":0,"13":0},"b":{"0":[2],"1":[12,1],"2":[13,12],"3":[9,3],"4":[18,1,1],"5":[0,0,0,0]},"_coverageSchema":"332fd63041d2c1bcb487cc26dd0d5f7d97098a6c","hash":"f8ea5d840ac2427572441aaff0799f342d6fa1ec"}
,"C:\\Users\\Josh\\Documents\\aristotle\\packages\\editor\\src\\Element.js": {"path":"C:\\Users\\Josh\\Documents\\aristotle\\packages\\editor\\src\\Element.js","statementMap":{"0":{"start":{"line":9,"column":4},"end":{"line":9,"column":32}},"1":{"start":{"line":11,"column":4},"end":{"line":11,"column":26}},"2":{"start":{"line":11,"column":12},"end":{"line":11,"column":26}},"3":{"start":{"line":12,"column":4},"end":{"line":12,"column":44}},"4":{"start":{"line":24,"column":4},"end":{"line":24,"column":35}},"5":{"start":{"line":33,"column":4},"end":{"line":33,"column":29}},"6":{"start":{"line":42,"column":4},"end":{"line":42,"column":20}},"7":{"start":{"line":49,"column":43},"end":{"line":49,"column":62}},"8":{"start":{"line":51,"column":4},"end":{"line":51,"column":24}},"9":{"start":{"line":52,"column":4},"end":{"line":52,"column":22}},"10":{"start":{"line":53,"column":4},"end":{"line":53,"column":24}},"11":{"start":{"line":54,"column":4},"end":{"line":54,"column":26}},"12":{"start":{"line":55,"column":4},"end":{"line":55,"column":18}},"13":{"start":{"line":56,"column":4},"end":{"line":56,"column":30}},"14":{"start":{"line":57,"column":4},"end":{"line":57,"column":31}},"15":{"start":{"line":67,"column":4},"end":{"line":74,"column":5}},"16":{"start":{"line":69,"column":8},"end":{"line":69,"column":24}},"17":{"start":{"line":71,"column":8},"end":{"line":71,"column":24}},"18":{"start":{"line":73,"column":8},"end":{"line":73,"column":24}},"19":{"start":{"line":83,"column":4},"end":{"line":87,"column":58}},"20":{"start":{"line":86,"column":30},"end":{"line":86,"column":68}},"21":{"start":{"line":87,"column":31},"end":{"line":87,"column":57}},"22":{"start":{"line":96,"column":4},"end":{"line":102,"column":5}},"23":{"start":{"line":97,"column":28},"end":{"line":97,"column":39}},"24":{"start":{"line":99,"column":6},"end":{"line":101,"column":7}},"25":{"start":{"line":100,"column":8},"end":{"line":100,"column":48}},"26":{"start":{"line":103,"column":4},"end":{"line":103,"column":16}},"27":{"start":{"line":110,"column":4},"end":{"line":114,"column":5}},"28":{"start":{"line":111,"column":20},"end":{"line":111,"column":58}},"29":{"start":{"line":113,"column":6},"end":{"line":113,"column":43}},"30":{"start":{"line":118,"column":4},"end":{"line":118,"column":85}},"31":{"start":{"line":122,"column":4},"end":{"line":122,"column":45}},"32":{"start":{"line":131,"column":4},"end":{"line":134,"column":6}},"33":{"start":{"line":132,"column":19},"end":{"line":132,"column":90}},"34":{"start":{"line":133,"column":6},"end":{"line":133,"column":20}},"35":{"start":{"line":143,"column":4},"end":{"line":143,"column":44}},"36":{"start":{"line":147,"column":4},"end":{"line":147,"column":31}},"37":{"start":{"line":148,"column":4},"end":{"line":148,"column":34}},"38":{"start":{"line":152,"column":4},"end":{"line":152,"column":52}},"39":{"start":{"line":153,"column":4},"end":{"line":153,"column":50}},"40":{"start":{"line":154,"column":4},"end":{"line":154,"column":54}},"41":{"start":{"line":161,"column":4},"end":{"line":163,"column":5}},"42":{"start":{"line":162,"column":6},"end":{"line":162,"column":54}},"43":{"start":{"line":174,"column":14},"end":{"line":174,"column":31}},"44":{"start":{"line":175,"column":14},"end":{"line":175,"column":31}},"45":{"start":{"line":176,"column":21},"end":{"line":176,"column":69}},"46":{"start":{"line":178,"column":4},"end":{"line":181,"column":6}},"47":{"start":{"line":188,"column":4},"end":{"line":190,"column":5}},"48":{"start":{"line":189,"column":6},"end":{"line":189,"column":12}},"49":{"start":{"line":191,"column":20},"end":{"line":191,"column":82}},"50":{"start":{"line":192,"column":21},"end":{"line":192,"column":81}},"51":{"start":{"line":194,"column":4},"end":{"line":194,"column":64}},"52":{"start":{"line":195,"column":4},"end":{"line":195,"column":57}},"53":{"start":{"line":196,"column":4},"end":{"line":196,"column":42}},"54":{"start":{"line":197,"column":4},"end":{"line":197,"column":41}},"55":{"start":{"line":201,"column":4},"end":{"line":207,"column":5}}},"fnMap":{"0":{"name":"(anonymous_0)","decl":{"start":{"line":8,"column":2},"end":{"line":8,"column":3}},"loc":{"start":{"line":8,"column":19},"end":{"line":13,"column":3}},"line":8},"1":{"name":"(anonymous_1)","decl":{"start":{"line":23,"column":15},"end":{"line":23,"column":16}},"loc":{"start":{"line":23,"column":24},"end":{"line":25,"column":3}},"line":23},"2":{"name":"(anonymous_2)","decl":{"start":{"line":32,"column":13},"end":{"line":32,"column":14}},"loc":{"start":{"line":32,"column":24},"end":{"line":34,"column":3}},"line":32},"3":{"name":"(anonymous_3)","decl":{"start":{"line":41,"column":19},"end":{"line":41,"column":20}},"loc":{"start":{"line":41,"column":25},"end":{"line":43,"column":3}},"line":41},"4":{"name":"(anonymous_4)","decl":{"start":{"line":48,"column":11},"end":{"line":48,"column":12}},"loc":{"start":{"line":48,"column":17},"end":{"line":58,"column":3}},"line":48},"5":{"name":"(anonymous_5)","decl":{"start":{"line":66,"column":17},"end":{"line":66,"column":18}},"loc":{"start":{"line":66,"column":28},"end":{"line":75,"column":3}},"line":66},"6":{"name":"(anonymous_6)","decl":{"start":{"line":82,"column":29},"end":{"line":82,"column":30}},"loc":{"start":{"line":82,"column":40},"end":{"line":88,"column":3}},"line":82},"7":{"name":"(anonymous_7)","decl":{"start":{"line":86,"column":14},"end":{"line":86,"column":15}},"loc":{"start":{"line":86,"column":30},"end":{"line":86,"column":68}},"line":86},"8":{"name":"(anonymous_8)","decl":{"start":{"line":87,"column":15},"end":{"line":87,"column":16}},"loc":{"start":{"line":87,"column":31},"end":{"line":87,"column":57}},"line":87},"9":{"name":"(anonymous_9)","decl":{"start":{"line":95,"column":15},"end":{"line":95,"column":16}},"loc":{"start":{"line":95,"column":21},"end":{"line":104,"column":3}},"line":95},"10":{"name":"(anonymous_10)","decl":{"start":{"line":109,"column":25},"end":{"line":109,"column":26}},"loc":{"start":{"line":109,"column":31},"end":{"line":115,"column":3}},"line":109},"11":{"name":"(anonymous_11)","decl":{"start":{"line":117,"column":19},"end":{"line":117,"column":20}},"loc":{"start":{"line":117,"column":33},"end":{"line":123,"column":3}},"line":117},"12":{"name":"(anonymous_12)","decl":{"start":{"line":130,"column":13},"end":{"line":130,"column":14}},"loc":{"start":{"line":130,"column":24},"end":{"line":135,"column":3}},"line":130},"13":{"name":"(anonymous_13)","decl":{"start":{"line":131,"column":18},"end":{"line":131,"column":19}},"loc":{"start":{"line":131,"column":42},"end":{"line":134,"column":5}},"line":131},"14":{"name":"(anonymous_14)","decl":{"start":{"line":142,"column":16},"end":{"line":142,"column":17}},"loc":{"start":{"line":142,"column":22},"end":{"line":144,"column":3}},"line":142},"15":{"name":"(anonymous_15)","decl":{"start":{"line":146,"column":20},"end":{"line":146,"column":21}},"loc":{"start":{"line":146,"column":26},"end":{"line":149,"column":3}},"line":146},"16":{"name":"(anonymous_16)","decl":{"start":{"line":151,"column":22},"end":{"line":151,"column":23}},"loc":{"start":{"line":151,"column":28},"end":{"line":155,"column":3}},"line":151},"17":{"name":"(anonymous_17)","decl":{"start":{"line":160,"column":28},"end":{"line":160,"column":29}},"loc":{"start":{"line":160,"column":34},"end":{"line":164,"column":3}},"line":160},"18":{"name":"(anonymous_18)","decl":{"start":{"line":173,"column":21},"end":{"line":173,"column":22}},"loc":{"start":{"line":173,"column":33},"end":{"line":182,"column":3}},"line":173},"19":{"name":"(anonymous_19)","decl":{"start":{"line":187,"column":24},"end":{"line":187,"column":25}},"loc":{"start":{"line":187,"column":30},"end":{"line":198,"column":3}},"line":187},"20":{"name":"(anonymous_20)","decl":{"start":{"line":200,"column":14},"end":{"line":200,"column":15}},"loc":{"start":{"line":200,"column":20},"end":{"line":208,"column":3}},"line":200}},"branchMap":{"0":{"loc":{"start":{"line":11,"column":4},"end":{"line":11,"column":26}},"type":"if","locations":[{"start":{"line":11,"column":4},"end":{"line":11,"column":26}},{"start":{"line":11,"column":4},"end":{"line":11,"column":26}}],"line":11},"1":{"loc":{"start":{"line":67,"column":4},"end":{"line":74,"column":5}},"type":"switch","locations":[{"start":{"line":68,"column":6},"end":{"line":69,"column":24}},{"start":{"line":70,"column":6},"end":{"line":71,"column":24}},{"start":{"line":72,"column":6},"end":{"line":73,"column":24}}],"line":67},"2":{"loc":{"start":{"line":96,"column":4},"end":{"line":102,"column":5}},"type":"if","locations":[{"start":{"line":96,"column":4},"end":{"line":102,"column":5}},{"start":{"line":96,"column":4},"end":{"line":102,"column":5}}],"line":96},"3":{"loc":{"start":{"line":99,"column":6},"end":{"line":101,"column":7}},"type":"if","locations":[{"start":{"line":99,"column":6},"end":{"line":101,"column":7}},{"start":{"line":99,"column":6},"end":{"line":101,"column":7}}],"line":99},"4":{"loc":{"start":{"line":110,"column":4},"end":{"line":114,"column":5}},"type":"if","locations":[{"start":{"line":110,"column":4},"end":{"line":114,"column":5}},{"start":{"line":110,"column":4},"end":{"line":114,"column":5}}],"line":110},"5":{"loc":{"start":{"line":111,"column":20},"end":{"line":111,"column":58}},"type":"cond-expr","locations":[{"start":{"line":111,"column":40},"end":{"line":111,"column":49}},{"start":{"line":111,"column":52},"end":{"line":111,"column":58}}],"line":111},"6":{"loc":{"start":{"line":161,"column":4},"end":{"line":163,"column":5}},"type":"if","locations":[{"start":{"line":161,"column":4},"end":{"line":163,"column":5}},{"start":{"line":161,"column":4},"end":{"line":163,"column":5}}],"line":161},"7":{"loc":{"start":{"line":188,"column":4},"end":{"line":190,"column":5}},"type":"if","locations":[{"start":{"line":188,"column":4},"end":{"line":190,"column":5}},{"start":{"line":188,"column":4},"end":{"line":190,"column":5}}],"line":188},"8":{"loc":{"start":{"line":188,"column":8},"end":{"line":188,"column":49}},"type":"binary-expr","locations":[{"start":{"line":188,"column":8},"end":{"line":188,"column":26}},{"start":{"line":188,"column":30},"end":{"line":188,"column":49}}],"line":188}},"s":{"0":105,"1":105,"2":100,"3":105,"4":2,"5":0,"6":0,"7":76,"8":76,"9":76,"10":76,"11":76,"12":76,"13":76,"14":76,"15":3,"16":1,"17":1,"18":1,"19":2,"20":2,"21":1,"22":5,"23":4,"24":4,"25":2,"26":3,"27":80,"28":3,"29":3,"30":0,"31":0,"32":78,"33":180,"34":180,"35":78,"36":0,"37":0,"38":0,"39":0,"40":0,"41":2,"42":1,"43":2,"44":2,"45":2,"46":2,"47":78,"48":35,"49":43,"50":43,"51":43,"52":43,"53":43,"54":43,"55":0},"f":{"0":105,"1":2,"2":0,"3":0,"4":76,"5":3,"6":2,"7":2,"8":1,"9":5,"10":80,"11":0,"12":78,"13":180,"14":78,"15":0,"16":0,"17":2,"18":2,"19":78,"20":0},"b":{"0":[100,5],"1":[1,1,1],"2":[4,1],"3":[2,2],"4":[3,77],"5":[1,2],"6":[1,1],"7":[35,43],"8":[78,77]},"_coverageSchema":"332fd63041d2c1bcb487cc26dd0d5f7d97098a6c","hash":"c50eb032cc508d2b42ef8ba0d092e218ef07d633"}
,"C:\\Users\\Josh\\Documents\\aristotle\\packages\\editor\\src\\commands\\CommandSetInputCount.js": {"path":"C:\\Users\\Josh\\Documents\\aristotle\\packages\\editor\\src\\commands\\CommandSetInputCount.js","statementMap":{"0":{"start":{"line":5,"column":4},"end":{"line":5,"column":11}},"1":{"start":{"line":7,"column":4},"end":{"line":7,"column":52}},"2":{"start":{"line":8,"column":4},"end":{"line":8,"column":36}},"3":{"start":{"line":9,"column":4},"end":{"line":9,"column":24}},"4":{"start":{"line":10,"column":4},"end":{"line":10,"column":36}},"5":{"start":{"line":11,"column":4},"end":{"line":11,"column":46}},"6":{"start":{"line":12,"column":4},"end":{"line":12,"column":34}},"7":{"start":{"line":16,"column":4},"end":{"line":16,"column":15}},"8":{"start":{"line":20,"column":4},"end":{"line":20,"column":15}},"9":{"start":{"line":24,"column":4},"end":{"line":24,"column":21}},"10":{"start":{"line":25,"column":4},"end":{"line":25,"column":33}},"11":{"start":{"line":26,"column":4},"end":{"line":26,"column":22}},"12":{"start":{"line":27,"column":4},"end":{"line":27,"column":20}},"13":{"start":{"line":31,"column":4},"end":{"line":31,"column":21}},"14":{"start":{"line":32,"column":4},"end":{"line":32,"column":33}},"15":{"start":{"line":33,"column":4},"end":{"line":33,"column":22}},"16":{"start":{"line":34,"column":4},"end":{"line":34,"column":20}},"17":{"start":{"line":38,"column":4},"end":{"line":38,"column":60}},"18":{"start":{"line":39,"column":4},"end":{"line":39,"column":28}},"19":{"start":{"line":40,"column":4},"end":{"line":40,"column":18}},"20":{"start":{"line":44,"column":36},"end":{"line":44,"column":62}},"21":{"start":{"line":46,"column":4},"end":{"line":46,"column":29}},"22":{"start":{"line":47,"column":4},"end":{"line":47,"column":31}},"23":{"start":{"line":48,"column":4},"end":{"line":48,"column":33}},"24":{"start":{"line":49,"column":4},"end":{"line":49,"column":25}},"25":{"start":{"line":50,"column":4},"end":{"line":50,"column":37}},"26":{"start":{"line":51,"column":4},"end":{"line":51,"column":38}},"27":{"start":{"line":55,"column":4},"end":{"line":59,"column":5}},"28":{"start":{"line":56,"column":19},"end":{"line":56,"column":36}},"29":{"start":{"line":58,"column":6},"end":{"line":58,"column":50}},"30":{"start":{"line":63,"column":22},"end":{"line":63,"column":48}},"31":{"start":{"line":65,"column":4},"end":{"line":65,"column":31}},"32":{"start":{"line":69,"column":4},"end":{"line":71,"column":5}},"33":{"start":{"line":70,"column":6},"end":{"line":70,"column":61}},"34":{"start":{"line":75,"column":4},"end":{"line":75,"column":26}},"35":{"start":{"line":76,"column":4},"end":{"line":76,"column":27}},"36":{"start":{"line":77,"column":4},"end":{"line":77,"column":25}},"37":{"start":{"line":81,"column":4},"end":{"line":96,"column":8}},"38":{"start":{"line":85,"column":24},"end":{"line":85,"column":69}},"39":{"start":{"line":86,"column":33},"end":{"line":86,"column":74}},"40":{"start":{"line":88,"column":8},"end":{"line":88,"column":42}},"41":{"start":{"line":91,"column":21},"end":{"line":91,"column":52}},"42":{"start":{"line":93,"column":8},"end":{"line":93,"column":34}},"43":{"start":{"line":94,"column":8},"end":{"line":94,"column":35}},"44":{"start":{"line":95,"column":8},"end":{"line":95,"column":30}},"45":{"start":{"line":100,"column":4},"end":{"line":110,"column":8}},"46":{"start":{"line":103,"column":30},"end":{"line":103,"column":75}},"47":{"start":{"line":105,"column":21},"end":{"line":105,"column":49}},"48":{"start":{"line":107,"column":8},"end":{"line":107,"column":34}},"49":{"start":{"line":108,"column":8},"end":{"line":108,"column":35}},"50":{"start":{"line":109,"column":8},"end":{"line":109,"column":30}}},"fnMap":{"0":{"name":"(anonymous_0)","decl":{"start":{"line":4,"column":2},"end":{"line":4,"column":3}},"loc":{"start":{"line":4,"column":37},"end":{"line":13,"column":3}},"line":4},"1":{"name":"(anonymous_1)","decl":{"start":{"line":15,"column":15},"end":{"line":15,"column":16}},"loc":{"start":{"line":15,"column":21},"end":{"line":17,"column":3}},"line":15},"2":{"name":"(anonymous_2)","decl":{"start":{"line":19,"column":12},"end":{"line":19,"column":13}},"loc":{"start":{"line":19,"column":18},"end":{"line":21,"column":3}},"line":19},"3":{"name":"(anonymous_3)","decl":{"start":{"line":23,"column":9},"end":{"line":23,"column":10}},"loc":{"start":{"line":23,"column":15},"end":{"line":28,"column":3}},"line":23},"4":{"name":"(anonymous_4)","decl":{"start":{"line":30,"column":9},"end":{"line":30,"column":10}},"loc":{"start":{"line":30,"column":15},"end":{"line":35,"column":3}},"line":30},"5":{"name":"(anonymous_5)","decl":{"start":{"line":37,"column":10},"end":{"line":37,"column":11}},"loc":{"start":{"line":37,"column":26},"end":{"line":41,"column":3}},"line":37},"6":{"name":"(anonymous_6)","decl":{"start":{"line":43,"column":12},"end":{"line":43,"column":13}},"loc":{"start":{"line":43,"column":18},"end":{"line":52,"column":3}},"line":43},"7":{"name":"(anonymous_7)","decl":{"start":{"line":54,"column":16},"end":{"line":54,"column":17}},"loc":{"start":{"line":54,"column":22},"end":{"line":60,"column":3}},"line":54},"8":{"name":"(anonymous_8)","decl":{"start":{"line":62,"column":16},"end":{"line":62,"column":17}},"loc":{"start":{"line":62,"column":22},"end":{"line":66,"column":3}},"line":62},"9":{"name":"(anonymous_9)","decl":{"start":{"line":68,"column":15},"end":{"line":68,"column":16}},"loc":{"start":{"line":68,"column":21},"end":{"line":72,"column":3}},"line":68},"10":{"name":"(anonymous_10)","decl":{"start":{"line":74,"column":14},"end":{"line":74,"column":15}},"loc":{"start":{"line":74,"column":25},"end":{"line":78,"column":3}},"line":74},"11":{"name":"(anonymous_11)","decl":{"start":{"line":80,"column":20},"end":{"line":80,"column":21}},"loc":{"start":{"line":80,"column":26},"end":{"line":97,"column":3}},"line":80},"12":{"name":"(anonymous_12)","decl":{"start":{"line":84,"column":14},"end":{"line":84,"column":15}},"loc":{"start":{"line":84,"column":37},"end":{"line":89,"column":7}},"line":84},"13":{"name":"(anonymous_13)","decl":{"start":{"line":90,"column":15},"end":{"line":90,"column":16}},"loc":{"start":{"line":90,"column":38},"end":{"line":96,"column":7}},"line":90},"14":{"name":"(anonymous_14)","decl":{"start":{"line":99,"column":21},"end":{"line":99,"column":22}},"loc":{"start":{"line":99,"column":27},"end":{"line":111,"column":3}},"line":99},"15":{"name":"(anonymous_15)","decl":{"start":{"line":103,"column":14},"end":{"line":103,"column":15}},"loc":{"start":{"line":103,"column":30},"end":{"line":103,"column":75}},"line":103},"16":{"name":"(anonymous_16)","decl":{"start":{"line":104,"column":15},"end":{"line":104,"column":16}},"loc":{"start":{"line":104,"column":38},"end":{"line":110,"column":7}},"line":104}},"branchMap":{"0":{"loc":{"start":{"line":88,"column":15},"end":{"line":88,"column":42}},"type":"binary-expr","locations":[{"start":{"line":88,"column":15},"end":{"line":88,"column":22}},{"start":{"line":88,"column":26},"end":{"line":88,"column":42}}],"line":88}},"s":{"0":0,"1":0,"2":0,"3":0,"4":0,"5":0,"6":0,"7":0,"8":0,"9":0,"10":0,"11":0,"12":0,"13":0,"14":0,"15":0,"16":0,"17":0,"18":0,"19":0,"20":0,"21":0,"22":0,"23":0,"24":0,"25":0,"26":0,"27":0,"28":0,"29":0,"30":0,"31":0,"32":0,"33":0,"34":0,"35":0,"36":0,"37":0,"38":0,"39":0,"40":0,"41":0,"42":0,"43":0,"44":0,"45":0,"46":0,"47":0,"48":0,"49":0,"50":0},"f":{"0":0,"1":0,"2":0,"3":0,"4":0,"5":0,"6":0,"7":0,"8":0,"9":0,"10":0,"11":0,"12":0,"13":0,"14":0,"15":0,"16":0},"b":{"0":[0,0]},"_coverageSchema":"332fd63041d2c1bcb487cc26dd0d5f7d97098a6c","hash":"3a0518e3268fd75e7c9004843958329a72efafc0"}
,"C:\\Users\\Josh\\Documents\\aristotle\\packages\\editor\\src\\elements\\Clock.js": {"path":"C:\\Users\\Josh\\Documents\\aristotle\\packages\\editor\\src\\elements\\Clock.js","statementMap":{"0":{"start":{"line":7,"column":4},"end":{"line":7,"column":13}},"1":{"start":{"line":9,"column":16},"end":{"line":9,"column":20}},"2":{"start":{"line":10,"column":4},"end":{"line":10,"column":29}},"3":{"start":{"line":11,"column":4},"end":{"line":11,"column":40}},"4":{"start":{"line":12,"column":4},"end":{"line":12,"column":34}},"5":{"start":{"line":14,"column":4},"end":{"line":14,"column":39}},"6":{"start":{"line":18,"column":4},"end":{"line":18,"column":42}},"7":{"start":{"line":26,"column":21},"end":{"line":26,"column":93}},"8":{"start":{"line":28,"column":4},"end":{"line":28,"column":25}}},"fnMap":{"0":{"name":"(anonymous_0)","decl":{"start":{"line":6,"column":2},"end":{"line":6,"column":3}},"loc":{"start":{"line":6,"column":19},"end":{"line":15,"column":3}},"line":6},"1":{"name":"(anonymous_1)","decl":{"start":{"line":17,"column":17},"end":{"line":17,"column":18}},"loc":{"start":{"line":17,"column":23},"end":{"line":19,"column":3}},"line":17},"2":{"name":"(anonymous_2)","decl":{"start":{"line":21,"column":13},"end":{"line":21,"column":14}},"loc":{"start":{"line":21,"column":19},"end":{"line":23,"column":3}},"line":21},"3":{"name":"(anonymous_3)","decl":{"start":{"line":25,"column":10},"end":{"line":25,"column":11}},"loc":{"start":{"line":25,"column":21},"end":{"line":29,"column":3}},"line":25}},"branchMap":{"0":{"loc":{"start":{"line":26,"column":21},"end":{"line":26,"column":93}},"type":"cond-expr","locations":[{"start":{"line":26,"column":59},"end":{"line":26,"column":75}},{"start":{"line":26,"column":78},"end":{"line":26,"column":93}}],"line":26}},"s":{"0":0,"1":0,"2":0,"3":0,"4":0,"5":0,"6":0,"7":0,"8":0},"f":{"0":0,"1":0,"2":0,"3":0},"b":{"0":[0,0]},"_coverageSchema":"332fd63041d2c1bcb487cc26dd0d5f7d97098a6c","hash":"9b3527acfedc32db135e9a1a1f806336d1e70403"}
,"C:\\Users\\Josh\\Documents\\aristotle\\packages\\editor\\src\\elements\\Digit.js": {"path":"C:\\Users\\Josh\\Documents\\aristotle\\packages\\editor\\src\\elements\\Digit.js","statementMap":{"0":{"start":{"line":8,"column":4},"end":{"line":8,"column":13}},"1":{"start":{"line":10,"column":4},"end":{"line":10,"column":34}},"2":{"start":{"line":11,"column":4},"end":{"line":11,"column":48}},"3":{"start":{"line":12,"column":4},"end":{"line":15,"column":6}},"4":{"start":{"line":16,"column":4},"end":{"line":16,"column":48}},"5":{"start":{"line":17,"column":4},"end":{"line":17,"column":17}},"6":{"start":{"line":33,"column":17},"end":{"line":33,"column":33}},"7":{"start":{"line":35,"column":4},"end":{"line":35,"column":34}},"8":{"start":{"line":37,"column":4},"end":{"line":37,"column":15}},"9":{"start":{"line":46,"column":4},"end":{"line":50,"column":15}},"10":{"start":{"line":48,"column":26},"end":{"line":48,"column":59}},"11":{"start":{"line":59,"column":4},"end":{"line":59,"column":58}},"12":{"start":{"line":66,"column":18},"end":{"line":66,"column":44}},"13":{"start":{"line":67,"column":21},"end":{"line":67,"column":39}},"14":{"start":{"line":69,"column":4},"end":{"line":69,"column":22}},"15":{"start":{"line":79,"column":19},"end":{"line":79,"column":41}},"16":{"start":{"line":80,"column":18},"end":{"line":80,"column":47}},"17":{"start":{"line":82,"column":4},"end":{"line":82,"column":28}},"18":{"start":{"line":86,"column":4},"end":{"line":86,"column":43}},"19":{"start":{"line":87,"column":4},"end":{"line":87,"column":47}},"20":{"start":{"line":88,"column":4},"end":{"line":88,"column":22}},"21":{"start":{"line":92,"column":18},"end":{"line":92,"column":44}},"22":{"start":{"line":94,"column":4},"end":{"line":94,"column":36}},"23":{"start":{"line":96,"column":4},"end":{"line":96,"column":40}}},"fnMap":{"0":{"name":"(anonymous_0)","decl":{"start":{"line":7,"column":2},"end":{"line":7,"column":3}},"loc":{"start":{"line":7,"column":19},"end":{"line":18,"column":3}},"line":7},"1":{"name":"(anonymous_1)","decl":{"start":{"line":32,"column":16},"end":{"line":32,"column":17}},"loc":{"start":{"line":32,"column":22},"end":{"line":38,"column":3}},"line":32},"2":{"name":"(anonymous_2)","decl":{"start":{"line":45,"column":19},"end":{"line":45,"column":20}},"loc":{"start":{"line":45,"column":25},"end":{"line":51,"column":3}},"line":45},"3":{"name":"(anonymous_3)","decl":{"start":{"line":48,"column":11},"end":{"line":48,"column":12}},"loc":{"start":{"line":48,"column":26},"end":{"line":48,"column":59}},"line":48},"4":{"name":"(anonymous_4)","decl":{"start":{"line":58,"column":24},"end":{"line":58,"column":25}},"loc":{"start":{"line":58,"column":30},"end":{"line":60,"column":3}},"line":58},"5":{"name":"(anonymous_5)","decl":{"start":{"line":65,"column":11},"end":{"line":65,"column":12}},"loc":{"start":{"line":65,"column":17},"end":{"line":70,"column":3}},"line":65},"6":{"name":"(anonymous_6)","decl":{"start":{"line":78,"column":19},"end":{"line":78,"column":20}},"loc":{"start":{"line":78,"column":35},"end":{"line":83,"column":3}},"line":78},"7":{"name":"(anonymous_7)","decl":{"start":{"line":85,"column":20},"end":{"line":85,"column":21}},"loc":{"start":{"line":85,"column":31},"end":{"line":89,"column":3}},"line":85},"8":{"name":"(anonymous_8)","decl":{"start":{"line":91,"column":11},"end":{"line":91,"column":12}},"loc":{"start":{"line":91,"column":17},"end":{"line":97,"column":3}},"line":91}},"branchMap":{"0":{"loc":{"start":{"line":48,"column":26},"end":{"line":48,"column":59}},"type":"cond-expr","locations":[{"start":{"line":48,"column":54},"end":{"line":48,"column":55}},{"start":{"line":48,"column":58},"end":{"line":48,"column":59}}],"line":48}},"s":{"0":12,"1":12,"2":12,"3":12,"4":12,"5":12,"6":2,"7":2,"8":2,"9":18,"10":72,"11":17,"12":1,"13":1,"14":1,"15":4,"16":4,"17":4,"18":0,"19":0,"20":0,"21":14,"22":14,"23":14},"f":{"0":12,"1":2,"2":18,"3":72,"4":17,"5":1,"6":4,"7":0,"8":14},"b":{"0":[5,67]},"_coverageSchema":"332fd63041d2c1bcb487cc26dd0d5f7d97098a6c","hash":"a8a42890a8256e872d1c4be59daf92cb83de0315"}
,"C:\\Users\\Josh\\Documents\\aristotle\\packages\\editor\\src\\elements\\IntegratedCircuit.js": {"path":"C:\\Users\\Josh\\Documents\\aristotle\\packages\\editor\\src\\elements\\IntegratedCircuit.js","statementMap":{"0":{"start":{"line":24,"column":4},"end":{"line":24,"column":13}},"1":{"start":{"line":26,"column":4},"end":{"line":26,"column":34}},"2":{"start":{"line":27,"column":4},"end":{"line":27,"column":57}},"3":{"start":{"line":28,"column":4},"end":{"line":28,"column":61}},"4":{"start":{"line":29,"column":4},"end":{"line":29,"column":63}},"5":{"start":{"line":30,"column":4},"end":{"line":35,"column":6}},"6":{"start":{"line":37,"column":4},"end":{"line":37,"column":39}},"7":{"start":{"line":38,"column":4},"end":{"line":38,"column":17}},"8":{"start":{"line":49,"column":19},"end":{"line":49,"column":41}},"9":{"start":{"line":50,"column":19},"end":{"line":50,"column":41}},"10":{"start":{"line":52,"column":4},"end":{"line":54,"column":5}},"11":{"start":{"line":53,"column":6},"end":{"line":53,"column":59}},"12":{"start":{"line":55,"column":4},"end":{"line":55,"column":55}},"13":{"start":{"line":65,"column":4},"end":{"line":68,"column":12}},"14":{"start":{"line":67,"column":24},"end":{"line":67,"column":44}},"15":{"start":{"line":72,"column":19},"end":{"line":72,"column":52}},"16":{"start":{"line":74,"column":4},"end":{"line":74,"column":42}},"17":{"start":{"line":85,"column":4},"end":{"line":88,"column":26}},"18":{"start":{"line":86,"column":32},"end":{"line":86,"column":49}},"19":{"start":{"line":87,"column":22},"end":{"line":87,"column":47}},"20":{"start":{"line":88,"column":23},"end":{"line":88,"column":25}},"21":{"start":{"line":92,"column":4},"end":{"line":104,"column":5}},"22":{"start":{"line":94,"column":19},"end":{"line":94,"column":33}},"23":{"start":{"line":96,"column":6},"end":{"line":99,"column":7}},"24":{"start":{"line":98,"column":8},"end":{"line":98,"column":73}},"25":{"start":{"line":101,"column":6},"end":{"line":101,"column":31}},"26":{"start":{"line":103,"column":6},"end":{"line":103,"column":17}},"27":{"start":{"line":106,"column":4},"end":{"line":106,"column":22}},"28":{"start":{"line":113,"column":4},"end":{"line":113,"column":66}},"29":{"start":{"line":113,"column":34},"end":{"line":113,"column":65}},"30":{"start":{"line":115,"column":4},"end":{"line":120,"column":6}},"31":{"start":{"line":116,"column":20},"end":{"line":116,"column":52}},"32":{"start":{"line":117,"column":21},"end":{"line":117,"column":54}},"33":{"start":{"line":119,"column":6},"end":{"line":119,"column":67}},"34":{"start":{"line":124,"column":4},"end":{"line":129,"column":58}},"35":{"start":{"line":127,"column":30},"end":{"line":127,"column":68}},"36":{"start":{"line":128,"column":30},"end":{"line":128,"column":90}},"37":{"start":{"line":129,"column":31},"end":{"line":129,"column":57}},"38":{"start":{"line":133,"column":4},"end":{"line":133,"column":70}},"39":{"start":{"line":137,"column":4},"end":{"line":137,"column":40}}},"fnMap":{"0":{"name":"(anonymous_0)","decl":{"start":{"line":23,"column":2},"end":{"line":23,"column":3}},"loc":{"start":{"line":23,"column":53},"end":{"line":39,"column":3}},"line":23},"1":{"name":"(anonymous_1)","decl":{"start":{"line":48,"column":21},"end":{"line":48,"column":22}},"loc":{"start":{"line":48,"column":37},"end":{"line":56,"column":3}},"line":48},"2":{"name":"(anonymous_2)","decl":{"start":{"line":64,"column":23},"end":{"line":64,"column":24}},"loc":{"start":{"line":64,"column":35},"end":{"line":69,"column":3}},"line":64},"3":{"name":"(anonymous_3)","decl":{"start":{"line":67,"column":14},"end":{"line":67,"column":15}},"loc":{"start":{"line":67,"column":24},"end":{"line":67,"column":44}},"line":67},"4":{"name":"(anonymous_4)","decl":{"start":{"line":71,"column":19},"end":{"line":71,"column":20}},"loc":{"start":{"line":71,"column":35},"end":{"line":75,"column":3}},"line":71},"5":{"name":"(anonymous_5)","decl":{"start":{"line":84,"column":22},"end":{"line":84,"column":23}},"loc":{"start":{"line":84,"column":42},"end":{"line":89,"column":3}},"line":84},"6":{"name":"(anonymous_6)","decl":{"start":{"line":86,"column":14},"end":{"line":86,"column":15}},"loc":{"start":{"line":86,"column":32},"end":{"line":86,"column":49}},"line":86},"7":{"name":"(anonymous_7)","decl":{"start":{"line":87,"column":12},"end":{"line":87,"column":13}},"loc":{"start":{"line":87,"column":22},"end":{"line":87,"column":47}},"line":87},"8":{"name":"(anonymous_8)","decl":{"start":{"line":88,"column":11},"end":{"line":88,"column":12}},"loc":{"start":{"line":88,"column":23},"end":{"line":88,"column":25}},"line":88},"9":{"name":"(anonymous_9)","decl":{"start":{"line":91,"column":23},"end":{"line":91,"column":24}},"loc":{"start":{"line":91,"column":56},"end":{"line":107,"column":3}},"line":91},"10":{"name":"(anonymous_10)","decl":{"start":{"line":112,"column":17},"end":{"line":112,"column":18}},"loc":{"start":{"line":112,"column":23},"end":{"line":121,"column":3}},"line":112},"11":{"name":"(anonymous_11)","decl":{"start":{"line":113,"column":26},"end":{"line":113,"column":27}},"loc":{"start":{"line":113,"column":34},"end":{"line":113,"column":65}},"line":113},"12":{"name":"(anonymous_12)","decl":{"start":{"line":115,"column":29},"end":{"line":115,"column":30}},"loc":{"start":{"line":115,"column":69},"end":{"line":120,"column":5}},"line":115},"13":{"name":"(anonymous_13)","decl":{"start":{"line":123,"column":29},"end":{"line":123,"column":30}},"loc":{"start":{"line":123,"column":51},"end":{"line":130,"column":3}},"line":123},"14":{"name":"(anonymous_14)","decl":{"start":{"line":127,"column":14},"end":{"line":127,"column":15}},"loc":{"start":{"line":127,"column":30},"end":{"line":127,"column":68}},"line":127},"15":{"name":"(anonymous_15)","decl":{"start":{"line":128,"column":14},"end":{"line":128,"column":15}},"loc":{"start":{"line":128,"column":30},"end":{"line":128,"column":90}},"line":128},"16":{"name":"(anonymous_16)","decl":{"start":{"line":129,"column":15},"end":{"line":129,"column":16}},"loc":{"start":{"line":129,"column":31},"end":{"line":129,"column":57}},"line":129},"17":{"name":"(anonymous_17)","decl":{"start":{"line":132,"column":20},"end":{"line":132,"column":21}},"loc":{"start":{"line":132,"column":50},"end":{"line":134,"column":3}},"line":132},"18":{"name":"(anonymous_18)","decl":{"start":{"line":136,"column":11},"end":{"line":136,"column":12}},"loc":{"start":{"line":136,"column":22},"end":{"line":138,"column":3}},"line":136}},"branchMap":{"0":{"loc":{"start":{"line":52,"column":4},"end":{"line":54,"column":5}},"type":"if","locations":[{"start":{"line":52,"column":4},"end":{"line":54,"column":5}},{"start":{"line":52,"column":4},"end":{"line":54,"column":5}}],"line":52},"1":{"loc":{"start":{"line":92,"column":4},"end":{"line":104,"column":5}},"type":"if","locations":[{"start":{"line":92,"column":4},"end":{"line":104,"column":5}},{"start":{"line":92,"column":4},"end":{"line":104,"column":5}}],"line":92},"2":{"loc":{"start":{"line":92,"column":8},"end":{"line":92,"column":53}},"type":"binary-expr","locations":[{"start":{"line":92,"column":8},"end":{"line":92,"column":28}},{"start":{"line":92,"column":32},"end":{"line":92,"column":53}}],"line":92},"3":{"loc":{"start":{"line":96,"column":6},"end":{"line":99,"column":7}},"type":"if","locations":[{"start":{"line":96,"column":6},"end":{"line":99,"column":7}},{"start":{"line":96,"column":6},"end":{"line":99,"column":7}}],"line":96}},"s":{"0":12,"1":12,"2":12,"3":12,"4":12,"5":12,"6":12,"7":12,"8":2,"9":2,"10":2,"11":1,"12":1,"13":25,"14":175,"15":0,"16":0,"17":24,"18":154,"19":22,"20":44,"21":80,"22":47,"23":47,"24":24,"25":47,"26":47,"27":33,"28":2,"29":14,"30":2,"31":12,"32":12,"33":12,"34":0,"35":0,"36":0,"37":0,"38":0,"39":12},"f":{"0":12,"1":2,"2":25,"3":175,"4":0,"5":24,"6":154,"7":22,"8":44,"9":80,"10":2,"11":14,"12":12,"13":0,"14":0,"15":0,"16":0,"17":0,"18":12},"b":{"0":[1,1],"1":[47,33],"2":[80,57],"3":[24,23]},"_coverageSchema":"332fd63041d2c1bcb487cc26dd0d5f7d97098a6c","hash":"23c5058536442ce2dd9e79d9ef756153e41c4a76"}
,"C:\\Users\\Josh\\Documents\\aristotle\\packages\\editor\\src\\elements\\Lightbulb.js": {"path":"C:\\Users\\Josh\\Documents\\aristotle\\packages\\editor\\src\\elements\\Lightbulb.js","statementMap":{"0":{"start":{"line":7,"column":4},"end":{"line":7,"column":13}},"1":{"start":{"line":9,"column":4},"end":{"line":9,"column":34}},"2":{"start":{"line":10,"column":4},"end":{"line":10,"column":48}},"3":{"start":{"line":11,"column":4},"end":{"line":11,"column":17}},"4":{"start":{"line":22,"column":4},"end":{"line":22,"column":43}},"5":{"start":{"line":23,"column":4},"end":{"line":23,"column":47}},"6":{"start":{"line":24,"column":4},"end":{"line":24,"column":22}},"7":{"start":{"line":28,"column":16},"end":{"line":35,"column":5}},"8":{"start":{"line":37,"column":4},"end":{"line":37,"column":45}}},"fnMap":{"0":{"name":"(anonymous_0)","decl":{"start":{"line":6,"column":2},"end":{"line":6,"column":3}},"loc":{"start":{"line":6,"column":19},"end":{"line":12,"column":3}},"line":6},"1":{"name":"(anonymous_1)","decl":{"start":{"line":21,"column":20},"end":{"line":21,"column":21}},"loc":{"start":{"line":21,"column":31},"end":{"line":25,"column":3}},"line":21},"2":{"name":"(anonymous_2)","decl":{"start":{"line":27,"column":11},"end":{"line":27,"column":12}},"loc":{"start":{"line":27,"column":22},"end":{"line":38,"column":3}},"line":27}},"branchMap":{},"s":{"0":14,"1":14,"2":14,"3":14,"4":0,"5":0,"6":0,"7":14,"8":14},"f":{"0":14,"1":0,"2":14},"b":{},"_coverageSchema":"332fd63041d2c1bcb487cc26dd0d5f7d97098a6c","hash":"a558ce627a090ac79a9ec66c2138d67d51260f57"}
,"C:\\Users\\Josh\\Documents\\aristotle\\packages\\editor\\src\\elements\\LogicGate.js": {"path":"C:\\Users\\Josh\\Documents\\aristotle\\packages\\editor\\src\\elements\\LogicGate.js","statementMap":{"0":{"start":{"line":8,"column":4},"end":{"line":8,"column":19}},"1":{"start":{"line":10,"column":4},"end":{"line":10,"column":27}},"2":{"start":{"line":11,"column":4},"end":{"line":11,"column":37}},"3":{"start":{"line":12,"column":4},"end":{"line":12,"column":48}},"4":{"start":{"line":13,"column":4},"end":{"line":18,"column":6}},"5":{"start":{"line":20,"column":4},"end":{"line":20,"column":17}},"6":{"start":{"line":31,"column":4},"end":{"line":31,"column":59}},"7":{"start":{"line":35,"column":4},"end":{"line":35,"column":40}},"8":{"start":{"line":39,"column":4},"end":{"line":45,"column":5}},"9":{"start":{"line":41,"column":8},"end":{"line":41,"column":26}},"10":{"start":{"line":44,"column":8},"end":{"line":44,"column":25}}},"fnMap":{"0":{"name":"(anonymous_0)","decl":{"start":{"line":7,"column":2},"end":{"line":7,"column":3}},"loc":{"start":{"line":7,"column":32},"end":{"line":21,"column":3}},"line":7},"1":{"name":"(anonymous_1)","decl":{"start":{"line":30,"column":20},"end":{"line":30,"column":21}},"loc":{"start":{"line":30,"column":31},"end":{"line":32,"column":3}},"line":30},"2":{"name":"(anonymous_2)","decl":{"start":{"line":34,"column":11},"end":{"line":34,"column":12}},"loc":{"start":{"line":34,"column":22},"end":{"line":36,"column":3}},"line":34},"3":{"name":"(anonymous_3)","decl":{"start":{"line":38,"column":17},"end":{"line":38,"column":18}},"loc":{"start":{"line":38,"column":25},"end":{"line":46,"column":3}},"line":38}},"branchMap":{"0":{"loc":{"start":{"line":39,"column":4},"end":{"line":45,"column":5}},"type":"switch","locations":[{"start":{"line":40,"column":6},"end":{"line":41,"column":26}},{"start":{"line":42,"column":6},"end":{"line":42,"column":16}},{"start":{"line":43,"column":6},"end":{"line":44,"column":25}}],"line":39}},"s":{"0":17,"1":17,"2":17,"3":17,"4":17,"5":17,"6":0,"7":17,"8":17,"9":15,"10":2},"f":{"0":17,"1":0,"2":17,"3":17},"b":{"0":[15,2,2]},"_coverageSchema":"332fd63041d2c1bcb487cc26dd0d5f7d97098a6c","hash":"c50b3f3e62e71522ee9a3e6b3961f5439cda3c95"}
,"C:\\Users\\Josh\\Documents\\aristotle\\packages\\editor\\src\\elements\\Switch.js": {"path":"C:\\Users\\Josh\\Documents\\aristotle\\packages\\editor\\src\\elements\\Switch.js","statementMap":{"0":{"start":{"line":8,"column":4},"end":{"line":8,"column":13}},"1":{"start":{"line":10,"column":4},"end":{"line":10,"column":33}},"2":{"start":{"line":12,"column":18},"end":{"line":27,"column":5}},"3":{"start":{"line":29,"column":4},"end":{"line":29,"column":48}},"4":{"start":{"line":30,"column":4},"end":{"line":30,"column":35}},"5":{"start":{"line":32,"column":4},"end":{"line":37,"column":6}},"6":{"start":{"line":38,"column":4},"end":{"line":38,"column":17}},"7":{"start":{"line":49,"column":4},"end":{"line":49,"column":43}},"8":{"start":{"line":50,"column":4},"end":{"line":50,"column":47}},"9":{"start":{"line":51,"column":4},"end":{"line":51,"column":22}},"10":{"start":{"line":55,"column":15},"end":{"line":55,"column":72}},"11":{"start":{"line":56,"column":17},"end":{"line":56,"column":62}},"12":{"start":{"line":58,"column":16},"end":{"line":76,"column":50}},"13":{"start":{"line":81,"column":4},"end":{"line":88,"column":5}},"14":{"start":{"line":91,"column":4},"end":{"line":91,"column":45}},"15":{"start":{"line":95,"column":21},"end":{"line":95,"column":93}},"16":{"start":{"line":97,"column":4},"end":{"line":97,"column":25}},"17":{"start":{"line":101,"column":4},"end":{"line":101,"column":32}},"18":{"start":{"line":102,"column":4},"end":{"line":102,"column":26}},"19":{"start":{"line":103,"column":4},"end":{"line":103,"column":45}},"20":{"start":{"line":104,"column":4},"end":{"line":104,"column":31}}},"fnMap":{"0":{"name":"(anonymous_0)","decl":{"start":{"line":7,"column":2},"end":{"line":7,"column":3}},"loc":{"start":{"line":7,"column":19},"end":{"line":39,"column":3}},"line":7},"1":{"name":"(anonymous_1)","decl":{"start":{"line":48,"column":20},"end":{"line":48,"column":21}},"loc":{"start":{"line":48,"column":31},"end":{"line":52,"column":3}},"line":48},"2":{"name":"(anonymous_2)","decl":{"start":{"line":54,"column":11},"end":{"line":54,"column":12}},"loc":{"start":{"line":54,"column":22},"end":{"line":92,"column":3}},"line":54},"3":{"name":"(anonymous_3)","decl":{"start":{"line":94,"column":13},"end":{"line":94,"column":14}},"loc":{"start":{"line":94,"column":19},"end":{"line":98,"column":3}},"line":94},"4":{"name":"(anonymous_4)","decl":{"start":{"line":100,"column":11},"end":{"line":100,"column":12}},"loc":{"start":{"line":100,"column":25},"end":{"line":105,"column":3}},"line":100}},"branchMap":{"0":{"loc":{"start":{"line":55,"column":15},"end":{"line":55,"column":72}},"type":"cond-expr","locations":[{"start":{"line":55,"column":53},"end":{"line":55,"column":61}},{"start":{"line":55,"column":64},"end":{"line":55,"column":72}}],"line":55},"1":{"loc":{"start":{"line":56,"column":17},"end":{"line":56,"column":62}},"type":"cond-expr","locations":[{"start":{"line":56,"column":55},"end":{"line":56,"column":57}},{"start":{"line":56,"column":60},"end":{"line":56,"column":62}}],"line":56},"2":{"loc":{"start":{"line":95,"column":21},"end":{"line":95,"column":93}},"type":"cond-expr","locations":[{"start":{"line":95,"column":59},"end":{"line":95,"column":75}},{"start":{"line":95,"column":78},"end":{"line":95,"column":93}}],"line":95}},"s":{"0":19,"1":19,"2":19,"3":19,"4":19,"5":19,"6":19,"7":0,"8":0,"9":0,"10":19,"11":19,"12":19,"13":19,"14":0,"15":0,"16":0,"17":0,"18":0,"19":0,"20":0},"f":{"0":19,"1":0,"2":19,"3":0,"4":0},"b":{"0":[0,19],"1":[0,19],"2":[0,0]},"_coverageSchema":"332fd63041d2c1bcb487cc26dd0d5f7d97098a6c","hash":"a65afca3162d5afe50a9c4519c3b9f4d38b7ba96"}
,"C:\\Users\\Josh\\Documents\\aristotle\\packages\\editor\\src\\layout\\BezierConnectionRouter.js": {"path":"C:\\Users\\Josh\\Documents\\aristotle\\packages\\editor\\src\\layout\\BezierConnectionRouter.js","statementMap":{"0":{"start":{"line":5,"column":18},"end":{"line":5,"column":44}},"1":{"start":{"line":6,"column":16},"end":{"line":6,"column":40}},"2":{"start":{"line":8,"column":20},"end":{"line":10,"column":53}},"3":{"start":{"line":12,"column":18},"end":{"line":14,"column":53}},"4":{"start":{"line":16,"column":15},"end":{"line":16,"column":22}},"5":{"start":{"line":17,"column":15},"end":{"line":17,"column":22}},"6":{"start":{"line":19,"column":15},"end":{"line":19,"column":20}},"7":{"start":{"line":20,"column":15},"end":{"line":20,"column":20}},"8":{"start":{"line":22,"column":15},"end":{"line":22,"column":50}},"9":{"start":{"line":23,"column":15},"end":{"line":23,"column":50}},"10":{"start":{"line":25,"column":15},"end":{"line":25,"column":61}},"11":{"start":{"line":26,"column":15},"end":{"line":26,"column":61}},"12":{"start":{"line":27,"column":15},"end":{"line":27,"column":59}},"13":{"start":{"line":28,"column":15},"end":{"line":28,"column":59}},"14":{"start":{"line":30,"column":17},"end":{"line":33,"column":15}},"15":{"start":{"line":35,"column":4},"end":{"line":35,"column":35}}},"fnMap":{"0":{"name":"(anonymous_0)","decl":{"start":{"line":4,"column":10},"end":{"line":4,"column":11}},"loc":{"start":{"line":4,"column":26},"end":{"line":36,"column":3}},"line":4}},"branchMap":{},"s":{"0":0,"1":0,"2":0,"3":0,"4":0,"5":0,"6":0,"7":0,"8":0,"9":0,"10":0,"11":0,"12":0,"13":0,"14":0,"15":0},"f":{"0":0},"b":{},"_coverageSchema":"332fd63041d2c1bcb487cc26dd0d5f7d97098a6c","hash":"2024fb1ea8ba0de767f5b78839118c8eea10b65d"}
,"C:\\Users\\Josh\\Documents\\aristotle\\packages\\editor\\src\\models\\EditorModel.js": {"path":"C:\\Users\\Josh\\Documents\\aristotle\\packages\\editor\\src\\models\\EditorModel.js","statementMap":{"0":{"start":{"line":9,"column":4},"end":{"line":9,"column":26}},"1":{"start":{"line":10,"column":4},"end":{"line":10,"column":26}},"2":{"start":{"line":11,"column":4},"end":{"line":11,"column":22}},"3":{"start":{"line":12,"column":4},"end":{"line":12,"column":40}},"4":{"start":{"line":13,"column":4},"end":{"line":13,"column":30}}},"fnMap":{"0":{"name":"(anonymous_0)","decl":{"start":{"line":2,"column":2},"end":{"line":2,"column":3}},"loc":{"start":{"line":8,"column":5},"end":{"line":14,"column":3}},"line":8}},"branchMap":{"0":{"loc":{"start":{"line":3,"column":4},"end":{"line":3,"column":19}},"type":"default-arg","locations":[{"start":{"line":3,"column":14},"end":{"line":3,"column":19}}],"line":3},"1":{"loc":{"start":{"line":4,"column":4},"end":{"line":4,"column":19}},"type":"default-arg","locations":[{"start":{"line":4,"column":14},"end":{"line":4,"column":19}}],"line":4},"2":{"loc":{"start":{"line":5,"column":4},"end":{"line":5,"column":17}},"type":"default-arg","locations":[{"start":{"line":5,"column":12},"end":{"line":5,"column":17}}],"line":5},"3":{"loc":{"start":{"line":6,"column":4},"end":{"line":6,"column":22}},"type":"default-arg","locations":[{"start":{"line":6,"column":21},"end":{"line":6,"column":22}}],"line":6},"4":{"loc":{"start":{"line":7,"column":4},"end":{"line":7,"column":25}},"type":"default-arg","locations":[{"start":{"line":7,"column":16},"end":{"line":7,"column":25}}],"line":7}},"s":{"0":0,"1":0,"2":0,"3":0,"4":0},"f":{"0":0},"b":{"0":[0],"1":[0],"2":[0],"3":[0],"4":[0]},"_coverageSchema":"332fd63041d2c1bcb487cc26dd0d5f7d97098a6c","hash":"0943566c21b4ab7c17a76c6b863f5d4b06e5efed"}
,"C:\\Users\\Josh\\Documents\\aristotle\\packages\\editor\\src\\services\\DeserializerService.js": {"path":"C:\\Users\\Josh\\Documents\\aristotle\\packages\\editor\\src\\services\\DeserializerService.js","statementMap":{"0":{"start":{"line":22,"column":4},"end":{"line":22,"column":24}},"1":{"start":{"line":31,"column":4},"end":{"line":31,"column":60}},"2":{"start":{"line":32,"column":4},"end":{"line":32,"column":44}},"3":{"start":{"line":33,"column":4},"end":{"line":33,"column":22}},"4":{"start":{"line":35,"column":4},"end":{"line":35,"column":45}},"5":{"start":{"line":36,"column":4},"end":{"line":36,"column":51}},"6":{"start":{"line":38,"column":4},"end":{"line":38,"column":60}},"7":{"start":{"line":50,"column":25},"end":{"line":50,"column":31}},"8":{"start":{"line":51,"column":17},"end":{"line":51,"column":88}},"9":{"start":{"line":53,"column":4},"end":{"line":53,"column":28}},"10":{"start":{"line":54,"column":4},"end":{"line":54,"column":79}},"11":{"start":{"line":67,"column":19},"end":{"line":69,"column":33}},"12":{"start":{"line":70,"column":19},"end":{"line":72,"column":32}},"13":{"start":{"line":76,"column":4},"end":{"line":76,"column":40}},"14":{"start":{"line":76,"column":29},"end":{"line":76,"column":40}},"15":{"start":{"line":78,"column":16},"end":{"line":78,"column":58}},"16":{"start":{"line":80,"column":4},"end":{"line":80,"column":57}},"17":{"start":{"line":81,"column":4},"end":{"line":81,"column":35}},"18":{"start":{"line":93,"column":23},"end":{"line":93,"column":53}},"19":{"start":{"line":95,"column":4},"end":{"line":95,"column":32}},"20":{"start":{"line":96,"column":4},"end":{"line":96,"column":32}},"21":{"start":{"line":98,"column":4},"end":{"line":98,"column":21}},"22":{"start":{"line":108,"column":4},"end":{"line":111,"column":12}},"23":{"start":{"line":110,"column":24},"end":{"line":110,"column":38}}},"fnMap":{"0":{"name":"(anonymous_0)","decl":{"start":{"line":21,"column":2},"end":{"line":21,"column":3}},"loc":{"start":{"line":21,"column":23},"end":{"line":23,"column":3}},"line":21},"1":{"name":"(anonymous_1)","decl":{"start":{"line":30,"column":16},"end":{"line":30,"column":17}},"loc":{"start":{"line":30,"column":26},"end":{"line":39,"column":3}},"line":30},"2":{"name":"(anonymous_2)","decl":{"start":{"line":49,"column":18},"end":{"line":49,"column":19}},"loc":{"start":{"line":49,"column":30},"end":{"line":55,"column":3}},"line":49},"3":{"name":"(anonymous_3)","decl":{"start":{"line":66,"column":21},"end":{"line":66,"column":22}},"loc":{"start":{"line":66,"column":74},"end":{"line":82,"column":3}},"line":66},"4":{"name":"(anonymous_4)","decl":{"start":{"line":76,"column":23},"end":{"line":76,"column":24}},"loc":{"start":{"line":76,"column":29},"end":{"line":76,"column":40}},"line":76},"5":{"name":"(anonymous_5)","decl":{"start":{"line":92,"column":18},"end":{"line":92,"column":19}},"loc":{"start":{"line":92,"column":38},"end":{"line":99,"column":3}},"line":92},"6":{"name":"(anonymous_6)","decl":{"start":{"line":107,"column":16},"end":{"line":107,"column":17}},"loc":{"start":{"line":107,"column":24},"end":{"line":112,"column":3}},"line":107},"7":{"name":"(anonymous_7)","decl":{"start":{"line":110,"column":14},"end":{"line":110,"column":15}},"loc":{"start":{"line":110,"column":24},"end":{"line":110,"column":38}},"line":110}},"branchMap":{},"s":{"0":24,"1":5,"2":5,"3":5,"4":5,"5":5,"6":5,"7":37,"8":37,"9":37,"10":37,"11":30,"12":30,"13":30,"14":30,"15":30,"16":30,"17":30,"18":30,"19":30,"20":30,"21":30,"22":60,"23":420},"f":{"0":24,"1":5,"2":37,"3":30,"4":30,"5":30,"6":60,"7":420},"b":{},"_coverageSchema":"332fd63041d2c1bcb487cc26dd0d5f7d97098a6c","hash":"0d64a6a78eba3461f109fb5d0fd89597bbf7e542"}
,"C:\\Users\\Josh\\Documents\\aristotle\\packages\\editor\\src\\services\\ElementInitializerService.js": {"path":"C:\\Users\\Josh\\Documents\\aristotle\\packages\\editor\\src\\services\\ElementInitializerService.js","statementMap":{"0":{"start":{"line":17,"column":4},"end":{"line":30,"column":5}},"1":{"start":{"line":19,"column":8},"end":{"line":19,"column":48}},"2":{"start":{"line":21,"column":8},"end":{"line":21,"column":36}},"3":{"start":{"line":23,"column":8},"end":{"line":23,"column":37}},"4":{"start":{"line":25,"column":8},"end":{"line":25,"column":40}},"5":{"start":{"line":27,"column":8},"end":{"line":27,"column":40}},"6":{"start":{"line":29,"column":8},"end":{"line":29,"column":38}}},"fnMap":{"0":{"name":"(anonymous_0)","decl":{"start":{"line":16,"column":33},"end":{"line":16,"column":34}},"loc":{"start":{"line":16,"column":49},"end":{"line":31,"column":3}},"line":16}},"branchMap":{"0":{"loc":{"start":{"line":17,"column":4},"end":{"line":30,"column":5}},"type":"switch","locations":[{"start":{"line":18,"column":6},"end":{"line":19,"column":48}},{"start":{"line":20,"column":6},"end":{"line":21,"column":36}},{"start":{"line":22,"column":6},"end":{"line":23,"column":37}},{"start":{"line":24,"column":6},"end":{"line":25,"column":40}},{"start":{"line":26,"column":6},"end":{"line":27,"column":40}},{"start":{"line":28,"column":6},"end":{"line":29,"column":38}}],"line":17}},"s":{"0":38,"1":1,"2":0,"3":11,"4":15,"5":10,"6":1},"f":{"0":38},"b":{"0":[1,0,11,15,10,1]},"_coverageSchema":"332fd63041d2c1bcb487cc26dd0d5f7d97098a6c","hash":"f0e547a812f5b3aff2137e2d42aa737962d7aec7"}
,"C:\\Users\\Josh\\Documents\\aristotle\\packages\\editor\\src\\services\\IntervalWorkerService.js": {"path":"C:\\Users\\Josh\\Documents\\aristotle\\packages\\editor\\src\\services\\IntervalWorkerService.js","statementMap":{"0":{"start":{"line":4,"column":4},"end":{"line":4,"column":23}},"1":{"start":{"line":9,"column":19},"end":{"line":30,"column":5}},"2":{"start":{"line":31,"column":17},"end":{"line":33,"column":6}},"3":{"start":{"line":35,"column":4},"end":{"line":35,"column":62}},"4":{"start":{"line":36,"column":4},"end":{"line":36,"column":53}},"5":{"start":{"line":48,"column":4},"end":{"line":48,"column":52}},"6":{"start":{"line":48,"column":41},"end":{"line":48,"column":51}},"7":{"start":{"line":52,"column":4},"end":{"line":52,"column":33}}},"fnMap":{"0":{"name":"(anonymous_0)","decl":{"start":{"line":3,"column":2},"end":{"line":3,"column":3}},"loc":{"start":{"line":3,"column":17},"end":{"line":6,"column":3}},"line":3},"1":{"name":"(anonymous_1)","decl":{"start":{"line":8,"column":26},"end":{"line":8,"column":27}},"loc":{"start":{"line":8,"column":32},"end":{"line":37,"column":3}},"line":8},"2":{"name":"(anonymous_2)","decl":{"start":{"line":39,"column":10},"end":{"line":39,"column":11}},"loc":{"start":{"line":39,"column":16},"end":{"line":41,"column":3}},"line":39},"3":{"name":"(anonymous_3)","decl":{"start":{"line":43,"column":9},"end":{"line":43,"column":10}},"loc":{"start":{"line":43,"column":15},"end":{"line":45,"column":3}},"line":43},"4":{"name":"(anonymous_4)","decl":{"start":{"line":47,"column":14},"end":{"line":47,"column":15}},"loc":{"start":{"line":47,"column":20},"end":{"line":49,"column":3}},"line":47},"5":{"name":"(anonymous_5)","decl":{"start":{"line":48,"column":27},"end":{"line":48,"column":28}},"loc":{"start":{"line":48,"column":41},"end":{"line":48,"column":51}},"line":48},"6":{"name":"(anonymous_6)","decl":{"start":{"line":51,"column":11},"end":{"line":51,"column":12}},"loc":{"start":{"line":51,"column":25},"end":{"line":53,"column":3}},"line":51}},"branchMap":{},"s":{"0":17,"1":0,"2":0,"3":0,"4":0,"5":0,"6":0,"7":17},"f":{"0":17,"1":0,"2":17,"3":0,"4":0,"5":0,"6":17},"b":{},"_coverageSchema":"332fd63041d2c1bcb487cc26dd0d5f7d97098a6c","hash":"8e6c3319eefd2b1457bc5adb74b9d7ed435b6fc5"}
,"C:\\Users\\Josh\\Documents\\aristotle\\packages\\editor\\src\\services\\OscillationService.js": {"path":"C:\\Users\\Josh\\Documents\\aristotle\\packages\\editor\\src\\services\\OscillationService.js","statementMap":{"0":{"start":{"line":3,"column":26},"end":{"line":3,"column":29}},"1":{"start":{"line":7,"column":4},"end":{"line":7,"column":47}},"2":{"start":{"line":8,"column":4},"end":{"line":8,"column":19}},"3":{"start":{"line":9,"column":4},"end":{"line":9,"column":40}},"4":{"start":{"line":10,"column":4},"end":{"line":10,"column":24}},"5":{"start":{"line":11,"column":4},"end":{"line":11,"column":18}},"6":{"start":{"line":12,"column":4},"end":{"line":12,"column":23}},"7":{"start":{"line":13,"column":4},"end":{"line":13,"column":32}},"8":{"start":{"line":14,"column":4},"end":{"line":14,"column":46}},"9":{"start":{"line":16,"column":4},"end":{"line":16,"column":52}},"10":{"start":{"line":23,"column":4},"end":{"line":23,"column":25}},"11":{"start":{"line":30,"column":4},"end":{"line":30,"column":24}},"12":{"start":{"line":37,"column":16},"end":{"line":37,"column":26}},"13":{"start":{"line":39,"column":4},"end":{"line":42,"column":5}},"14":{"start":{"line":40,"column":6},"end":{"line":40,"column":31}},"15":{"start":{"line":41,"column":6},"end":{"line":41,"column":27}},"16":{"start":{"line":44,"column":4},"end":{"line":49,"column":5}},"17":{"start":{"line":45,"column":6},"end":{"line":45,"column":25}},"18":{"start":{"line":46,"column":6},"end":{"line":46,"column":39}},"19":{"start":{"line":48,"column":6},"end":{"line":48,"column":23}},"20":{"start":{"line":58,"column":4},"end":{"line":60,"column":44}},"21":{"start":{"line":60,"column":25},"end":{"line":60,"column":43}},"22":{"start":{"line":69,"column":4},"end":{"line":69,"column":30}},"23":{"start":{"line":70,"column":4},"end":{"line":70,"column":67}},"24":{"start":{"line":79,"column":4},"end":{"line":79,"column":29}}},"fnMap":{"0":{"name":"(anonymous_0)","decl":{"start":{"line":6,"column":2},"end":{"line":6,"column":3}},"loc":{"start":{"line":6,"column":23},"end":{"line":17,"column":3}},"line":6},"1":{"name":"(anonymous_1)","decl":{"start":{"line":22,"column":10},"end":{"line":22,"column":11}},"loc":{"start":{"line":22,"column":16},"end":{"line":24,"column":3}},"line":22},"2":{"name":"(anonymous_2)","decl":{"start":{"line":29,"column":9},"end":{"line":29,"column":10}},"loc":{"start":{"line":29,"column":15},"end":{"line":31,"column":3}},"line":29},"3":{"name":"(anonymous_3)","decl":{"start":{"line":36,"column":9},"end":{"line":36,"column":10}},"loc":{"start":{"line":36,"column":15},"end":{"line":50,"column":3}},"line":36},"4":{"name":"(anonymous_4)","decl":{"start":{"line":57,"column":11},"end":{"line":57,"column":12}},"loc":{"start":{"line":57,"column":22},"end":{"line":61,"column":3}},"line":57},"5":{"name":"(anonymous_5)","decl":{"start":{"line":60,"column":15},"end":{"line":60,"column":16}},"loc":{"start":{"line":60,"column":25},"end":{"line":60,"column":43}},"line":60},"6":{"name":"(anonymous_6)","decl":{"start":{"line":68,"column":8},"end":{"line":68,"column":9}},"loc":{"start":{"line":68,"column":18},"end":{"line":71,"column":3}},"line":68},"7":{"name":"(anonymous_7)","decl":{"start":{"line":78,"column":11},"end":{"line":78,"column":12}},"loc":{"start":{"line":78,"column":23},"end":{"line":80,"column":3}},"line":78}},"branchMap":{"0":{"loc":{"start":{"line":39,"column":4},"end":{"line":42,"column":5}},"type":"if","locations":[{"start":{"line":39,"column":4},"end":{"line":42,"column":5}},{"start":{"line":39,"column":4},"end":{"line":42,"column":5}}],"line":39},"1":{"loc":{"start":{"line":44,"column":4},"end":{"line":49,"column":5}},"type":"if","locations":[{"start":{"line":44,"column":4},"end":{"line":49,"column":5}},{"start":{"line":44,"column":4},"end":{"line":49,"column":5}}],"line":44}},"s":{"0":2,"1":28,"2":28,"3":28,"4":28,"5":28,"6":28,"7":28,"8":28,"9":28,"10":18,"11":1,"12":5,"13":5,"14":1,"15":1,"16":5,"17":3,"18":3,"19":2,"20":2,"21":2,"22":2,"23":2,"24":1},"f":{"0":28,"1":18,"2":1,"3":5,"4":2,"5":2,"6":2,"7":1},"b":{"0":[1,4],"1":[3,2]},"_coverageSchema":"332fd63041d2c1bcb487cc26dd0d5f7d97098a6c","hash":"b14adeb821e4f29fd4798af0aee524e271fd5775"}
,"C:\\Users\\Josh\\Documents\\aristotle\\packages\\editor\\src\\services\\SerializerService.js": {"path":"C:\\Users\\Josh\\Documents\\aristotle\\packages\\editor\\src\\services\\SerializerService.js","statementMap":{"0":{"start":{"line":5,"column":4},"end":{"line":5,"column":24}},"1":{"start":{"line":9,"column":4},"end":{"line":12,"column":5}},"2":{"start":{"line":16,"column":4},"end":{"line":16,"column":29}},"3":{"start":{"line":20,"column":21},"end":{"line":20,"column":55}},"4":{"start":{"line":21,"column":24},"end":{"line":21,"column":56}},"5":{"start":{"line":23,"column":4},"end":{"line":23,"column":48}},"6":{"start":{"line":27,"column":21},"end":{"line":27,"column":23}},"7":{"start":{"line":28,"column":24},"end":{"line":28,"column":26}},"8":{"start":{"line":29,"column":22},"end":{"line":29,"column":48}},"9":{"start":{"line":31,"column":4},"end":{"line":40,"column":8}},"10":{"start":{"line":35,"column":8},"end":{"line":39,"column":9}},"11":{"start":{"line":36,"column":10},"end":{"line":36,"column":34}},"12":{"start":{"line":38,"column":10},"end":{"line":38,"column":31}},"13":{"start":{"line":42,"column":4},"end":{"line":42,"column":48}}},"fnMap":{"0":{"name":"(anonymous_0)","decl":{"start":{"line":4,"column":2},"end":{"line":4,"column":3}},"loc":{"start":{"line":4,"column":23},"end":{"line":6,"column":3}},"line":4},"1":{"name":"(anonymous_1)","decl":{"start":{"line":8,"column":14},"end":{"line":8,"column":15}},"loc":{"start":{"line":8,"column":41},"end":{"line":13,"column":3}},"line":8},"2":{"name":"(anonymous_2)","decl":{"start":{"line":15,"column":17},"end":{"line":15,"column":18}},"loc":{"start":{"line":15,"column":29},"end":{"line":17,"column":3}},"line":15},"3":{"name":"(anonymous_3)","decl":{"start":{"line":19,"column":17},"end":{"line":19,"column":18}},"loc":{"start":{"line":19,"column":23},"end":{"line":24,"column":3}},"line":19},"4":{"name":"(anonymous_4)","decl":{"start":{"line":26,"column":23},"end":{"line":26,"column":24}},"loc":{"start":{"line":26,"column":29},"end":{"line":43,"column":3}},"line":26},"5":{"name":"(anonymous_5)","decl":{"start":{"line":34,"column":15},"end":{"line":34,"column":16}},"loc":{"start":{"line":34,"column":27},"end":{"line":40,"column":7}},"line":34}},"branchMap":{"0":{"loc":{"start":{"line":35,"column":8},"end":{"line":39,"column":9}},"type":"if","locations":[{"start":{"line":35,"column":8},"end":{"line":39,"column":9}},{"start":{"line":35,"column":8},"end":{"line":39,"column":9}}],"line":35}},"s":{"0":17,"1":0,"2":0,"3":0,"4":0,"5":0,"6":0,"7":0,"8":0,"9":0,"10":0,"11":0,"12":0,"13":0},"f":{"0":17,"1":0,"2":0,"3":0,"4":0,"5":0},"b":{"0":[0,0]},"_coverageSchema":"332fd63041d2c1bcb487cc26dd0d5f7d97098a6c","hash":"fbd45a939692910a54b55d6fdba0a61c6479cf64"}
,"C:\\Users\\Josh\\Documents\\aristotle\\packages\\editor\\src\\services\\WaveService.js": {"path":"C:\\Users\\Josh\\Documents\\aristotle\\packages\\editor\\src\\services\\WaveService.js","statementMap":{"0":{"start":{"line":1,"column":22},"end":{"line":1,"column":26}},"1":{"start":{"line":2,"column":22},"end":{"line":2,"column":24}},"2":{"start":{"line":3,"column":22},"end":{"line":3,"column":23}},"3":{"start":{"line":8,"column":4},"end":{"line":8,"column":16}},"4":{"start":{"line":9,"column":4},"end":{"line":9,"column":28}},"5":{"start":{"line":10,"column":4},"end":{"line":10,"column":32}},"6":{"start":{"line":11,"column":4},"end":{"line":11,"column":23}},"7":{"start":{"line":12,"column":4},"end":{"line":12,"column":48}},"8":{"start":{"line":13,"column":4},"end":{"line":13,"column":37}},"9":{"start":{"line":14,"column":4},"end":{"line":14,"column":29}},"10":{"start":{"line":18,"column":4},"end":{"line":18,"column":36}},"11":{"start":{"line":22,"column":4},"end":{"line":31,"column":5}},"12":{"start":{"line":23,"column":6},"end":{"line":23,"column":28}},"13":{"start":{"line":24,"column":6},"end":{"line":24,"column":32}},"14":{"start":{"line":25,"column":6},"end":{"line":25,"column":34}},"15":{"start":{"line":26,"column":6},"end":{"line":28,"column":8}},"16":{"start":{"line":27,"column":8},"end":{"line":27,"column":29}},"17":{"start":{"line":30,"column":6},"end":{"line":30,"column":30}},"18":{"start":{"line":35,"column":4},"end":{"line":35,"column":50}},"19":{"start":{"line":39,"column":4},"end":{"line":39,"column":50}},"20":{"start":{"line":47,"column":21},"end":{"line":47,"column":42}},"21":{"start":{"line":48,"column":19},"end":{"line":48,"column":40}},"22":{"start":{"line":49,"column":19},"end":{"line":49,"column":50}},"23":{"start":{"line":51,"column":4},"end":{"line":54,"column":6}},"24":{"start":{"line":58,"column":16},"end":{"line":58,"column":55}},"25":{"start":{"line":59,"column":14},"end":{"line":59,"column":39}},"26":{"start":{"line":61,"column":4},"end":{"line":61,"column":37}}},"fnMap":{"0":{"name":"(anonymous_0)","decl":{"start":{"line":7,"column":2},"end":{"line":7,"column":3}},"loc":{"start":{"line":7,"column":29},"end":{"line":15,"column":3}},"line":7},"1":{"name":"(anonymous_1)","decl":{"start":{"line":17,"column":13},"end":{"line":17,"column":14}},"loc":{"start":{"line":17,"column":24},"end":{"line":19,"column":3}},"line":17},"2":{"name":"(anonymous_2)","decl":{"start":{"line":21,"column":11},"end":{"line":21,"column":12}},"loc":{"start":{"line":21,"column":22},"end":{"line":32,"column":3}},"line":21},"3":{"name":"(anonymous_3)","decl":{"start":{"line":26,"col
[...]
431,"column":5}}},"fnMap":{"0":{"name":"(anonymous_0)","decl":{"start":{"line":15,"column":2},"end":{"line":15,"column":3}},"loc":{"start":{"line":15,"column":24},"end":{"line":22,"column":3}},"line":15},"1":{"name":"(anonymous_1)","decl":{"start":{"line":31,"column":22},"end":{"line":31,"column":23}},"loc":{"start":{"line":31,"column":32},"end":{"line":40,"column":3}},"line":31},"2":{"name":"(anonymous_2)","decl":{"start":{"line":49,"column":20},"end":{"line":49,"column":21}},"loc":{"start":{"line":49,"column":30},"end":{"line":58,"column":3}},"line":49},"3":{"name":"(anonymous_3)","decl":{"start":{"line":66,"column":17},"end":{"line":66,"column":18}},"loc":{"start":{"line":66,"column":28},"end":{"line":76,"column":3}},"line":66},"4":{"name":"(anonymous_4)","decl":{"start":{"line":87,"column":13},"end":{"line":87,"column":14}},"loc":{"start":{"line":87,"column":37},"end":{"line":95,"column":3}},"line":87},"5":{"name":"(anonymous_5)","decl":{"start":{"line":105,"column":16},"end":{"line":105,"column":17}},"loc":{"start":{"line":105,"column":33},"end":{"line":109,"column":3}},"line":105},"6":{"name":"(anonymous_6)","decl":{"start":{"line":119,"column":17},"end":{"line":119,"column":18}},"loc":{"start":{"line":119,"column":34},"end":{"line":123,"column":3}},"line":119},"7":{"name":"(anonymous_7)","decl":{"start":{"line":133,"column":18},"end":{"line":133,"column":19}},"loc":{"start":{"line":133,"column":35},"end":{"line":137,"column":3}},"line":133},"8":{"name":"(anonymous_8)","decl":{"start":{"line":147,"column":19},"end":{"line":147,"column":20}},"loc":{"start":{"line":147,"column":36},"end":{"line":151,"column":3}},"line":147},"9":{"name":"(anonymous_9)","decl":{"start":{"line":153,"column":18},"end":{"line":153,"column":19}},"loc":{"start":{"line":153,"column":45},"end":{"line":155,"column":3}},"line":153},"10":{"name":"(anonymous_10)","decl":{"start":{"line":164,"column":17},"end":{"line":164,"column":18}},"loc":{"start":{"line":164,"column":48},"end":{"line":178,"column":3}},"line":164},"11":{"name":"(anonymous_11)","decl":{"start":{"line":169,"column":11},"end":{"line":169,"column":12}},"loc":{"start":{"line":169,"column":36},"end":{"line":177,"column":7}},"line":169},"12":{"name":"(anonymous_12)","decl":{"start":{"line":187,"column":18},"end":{"line":187,"column":19}},"loc":{"start":{"line":187,"column":49},"end":{"line":201,"column":3}},"line":187},"13":{"name":"(anonymous_13)","decl":{"start":{"line":192,"column":11},"end":{"line":192,"column":12}},"loc":{"start":{"line":192,"column":36},"end":{"line":200,"column":7}},"line":192},"14":{"name":"(anonymous_14)","decl":{"start":{"line":210,"column":16},"end":{"line":210,"column":17}},"loc":{"start":{"line":210,"column":46},"end":{"line":224,"column":3}},"line":210},"15":{"name":"(anonymous_15)","decl":{"start":{"line":215,"column":11},"end":{"line":215,"column":12}},"loc":{"start":{"line":215,"column":36},"end":{"line":223,"column":7}},"line":215},"16":{"name":"(anonymous_16)","decl":{"start":{"line":233,"column":19},"end":{"line":233,"column":20}},"loc":{"start":{"line":233,"column":49},"end":{"line":247,"column":3}},"line":233},"17":{"name":"(anonymous_17)","decl":{"start":{"line":238,"column":11},"end":{"line":238,"column":12}},"loc":{"start":{"line":238,"column":36},"end":{"line":246,"column":7}},"line":238},"18":{"name":"(anonymous_18)","decl":{"start":{"line":254,"column":18},"end":{"line":254,"column":19}},"loc":{"start":{"line":254,"column":24},"end":{"line":284,"column":3}},"line":254},"19":{"name":"(anonymous_19)","decl":{"start":{"line":262,"column":16},"end":{"line":262,"column":17}},"loc":{"start":{"line":262,"column":32},"end":{"line":262,"column":54}},"line":262},"20":{"name":"(anonymous_20)","decl":{"start":{"line":262,"column":42},"end":{"line":262,"column":43}},"loc":{"start":{"line":262,"column":47},"end":{"line":262,"column":53}},"line":262},"21":{"name":"(anonymous_21)","decl":{"start":{"line":293,"column":18},"end":{"line":293,"column":19}},"loc":{"start":{"line":293,"column":37},"end":{"line":304,"column":3}},"line":293},"22":{"name":"(anonymous_22)","decl":{"start":{"line":309,"column":16},"end":{"line":309,"column":17}},"loc":{"start":{"line":309,"column":22},"end":{"line":329,"column":3}},"line":309},"23":{"name":"(anonymous_23)","decl":{"start":{"line":336,"column":26},"end":{"line":336,"column":27}},"loc":{"start":{"line":336,"column":32},"end":{"line":350,"column":3}},"line":336},"24":{"name":"(anonymous_24)","decl":{"start":{"line":338,"column":22},"end":{"line":338,"column":23}},"loc":{"start":{"line":338,"column":32},"end":{"line":338,"column":84}},"line":338},"25":{"name":"(anonymous_25)","decl":{"start":{"line":357,"column":26},"end":{"line":357,"column":27}},"loc":{"start":{"line":357,"column":32},"end":{"line":369,"column":3}},"line":357},"26":{"name":"(anonymous_26)","decl":{"start":{"line":358,"column":19},"end":{"line":358,"column":20}},"loc":{"start":{"line":358,"column":24},"end":{"line":358,"column":40}},"line":358},"27":{"name":"(anonymous_27)","decl":{"start":{"line":379,"column":21},"end":{"line":379,"column":22}},"loc":{"start":{"line":379,"column":50},"end":{"line":388,"column":3}},"line":379},"28":{"name":"(anonymous_28)","decl":{"start":{"line":381,"column":11},"end":{"line":381,"column":12}},"loc":{"start":{"line":381,"column":31},"end":{"line":387,"column":7}},"line":381},"29":{"name":"(anonymous_29)","decl":{"start":{"line":395,"column":15},"end":{"line":395,"column":16}},"loc":{"start":{"line":395,"column":21},"end":{"line":432,"column":3}},"line":395}},"branchMap":{"0":{"loc":{"start":{"line":69,"column":4},"end":{"line":71,"column":5}},"type":"if","locations":[{"start":{"line":69,"column":4},"end":{"line":71,"column":5}},{"start":{"line":69,"column":4},"end":{"line":71,"column":5}}],"line":69},"1":{"loc":{"start":{"line":358,"column":24},"end":{"line":358,"column":40}},"type":"cond-expr","locations":[{"start":{"line":358,"column":35},"end":{"line":358,"column":36}},{"start":{"line":358,"column":39},"end":{"line":358,"column":40}}],"line":358},"2":{"loc":{"start":{"line":362,"column":20},"end":{"line":362,"column":61}},"type":"cond-expr","locations":[{"start":{"line":362,"column":45},"end":{"line":362,"column":46}},{"start":{"line":362,"column":49},"end":{"line":362,"column":61}}],"line":362},"3":{"loc":{"start":{"line":363,"column":20},"end":{"line":363,"column":60}},"type":"cond-expr","locations":[{"start":{"line":363,"column":44},"end":{"line":363,"column":45}},{"start":{"line":363,"column":48},"end":{"line":363,"column":60}}],"line":363}},"s":{"0":7,"1":7,"2":7,"3":7,"4":7,"5":7,"6":7,"7":7,"8":7,"9":43,"10":43,"11":43,"12":43,"13":43,"14":55,"15":3,"16":56,"17":56,"18":27,"19":56,"20":56,"21":67,"22":67,"23":0,"24":0,"25":26,"26":26,"27":26,"28":26,"29":0,"30":0,"31":56,"32":14,"33":14,"34":14,"35":26,"36":14,"37":14,"38":14,"39":26,"40":14,"41":14,"42":14,"43":0,"44":14,"45":14,"46":14,"47":0,"48":14,"49":14,"50":14,"51":14,"52":14,"53":14,"54":168,"55":156,"56":14,"57":14,"58":14,"59":14,"60":14,"61":14,"62":14,"63":14,"64":14,"65":14,"66":14,"67":43,"68":43,"69":86,"70":43,"71":43,"72":43,"73":43,"74":43,"75":43,"76":43,"77":43,"78":172,"79":43,"80":43,"81":43,"82":43,"83":43,"84":43,"85":43,"86":14,"87":52,"88":14,"89":14,"90":14,"91":14,"92":14,"93":14,"94":14},"f":{"0":43,"1":55,"2":3,"3":56,"4":67,"5":0,"6":26,"7":26,"8":0,"9":56,"10":14,"11":26,"12":14,"13":26,"14":14,"15":0,"16":14,"17":0,"18":14,"19":168,"20":156,"21":14,"22":14,"23":43,"24":86,"25":43,"26":172,"27":14,"28":52,"29":14},"b":{"0":[27,29],"1":[84,88],"2":[42,1],"3":[0,43]},"_coverageSchema":"332fd63041d2c1bcb487cc26dd0d5f7d97098a6c","hash":"944dee63207a04449190cbebd28550e01cd395f7"}
,"C:\\Users\\Josh\\Documents\\aristotle\\packages\\editor\\src\\svg\\lib\\LogicGateSVG.js": {"path":"C:\\Users\\Josh\\Documents\\aristotle\\packages\\editor\\src\\svg\\lib\\LogicGateSVG.js","statementMap":{"0":{"start":{"line":3,"column":19},"end":{"line":3,"column":21}},"1":{"start":{"line":4,"column":21},"end":{"line":4,"column":22}},"2":{"start":{"line":5,"column":20},"end":{"line":5,"column":22}},"3":{"start":{"line":7,"column":13},"end":{"line":13,"column":1}},"4":{"start":{"line":15,"column":19},"end":{"line":19,"column":1}},"5":{"start":{"line":23,"column":4},"end":{"line":23,"column":18}},"6":{"start":{"line":25,"column":4},"end":{"line":25,"column":40}},"7":{"start":{"line":26,"column":4},"end":{"line":26,"column":36}},"8":{"start":{"line":27,"column":4},"end":{"line":32,"column":5}},"9":{"start":{"line":44,"column":24},"end":{"line":44,"column":52}},"10":{"start":{"line":45,"column":20},"end":{"line":45,"column":51}},"11":{"start":{"line":46,"column":18},"end":{"line":46,"column":20}},"12":{"start":{"line":48,"column":4},"end":{"line":56,"column":5}},"13":{"start":{"line":49,"column":6},"end":{"line":55,"column":9}},"14":{"start":{"line":58,"column":4},"end":{"line":58,"column":16}},"15":{"start":{"line":68,"column":24},"end":{"line":68,"column":58}},"16":{"start":{"line":69,"column":20},"end":{"line":69,"column":51}},"17":{"start":{"line":70,"column":18},"end":{"line":70,"column":20}},"18":{"start":{"line":72,"column":4},"end":{"line":77,"column":5}},"19":{"start":{"line":73,"column":16},"end":{"line":73,"column":17}},"20":{"start":{"line":74,"column":16},"end":{"line":74,"column":40}},"21":{"start":{"line":76,"column":6},"end":{"line":76,"column":41}},"22":{"start":{"line":79,"column":4},"end":{"line":79,"column":16}},"23":{"start":{"line":90,"column":17},"end":{"line":94,"column":6}},"24":{"start":{"line":96,"column":4},"end":{"line":101,"column":14}},"25":{"start":{"line":110,"column":4},"end":{"line":120,"column":5}},"26":{"start":{"line":113,"column":8},"end":{"line":113,"column":23}},"27":{"start":{"line":117,"column":8},"end":{"line":117,"column":22}},"28":{"start":{"line":119,"column":8},"end":{"line":119,"column":22}},"29":{"start":{"line":129,"column":4},"end":{"line":129,"column":64}},"30":{"start":{"line":139,"column":14},"end":{"line":139,"column":39}},"31":{"start":{"line":140,"column":14},"end":{"line":140,"column":15}},"32":{"start":{"line":142,"column":4},"end":{"line":150,"column":5}},"33":{"start":{"line":143,"column":6},"end":{"line":149,"column":8}},"34":{"start":{"line":151,"column":4},"end":{"line":151,"column":13}},"35":{"start":{"line":160,"column":19},"end":{"line":162,"column":10}},"36":{"start":{"line":163,"column":18},"end":{"line":163,"column":21}},"37":{"start":{"line":164,"column":21},"end":{"line":164,"column":39}},"38":{"start":{"line":165,"column":21},"end":{"line":169,"column":5}},"39":{"start":{"line":171,"column":4},"end":{"line":174,"column":5}},"40":{"start":{"line":173,"column":6},"end":{"line":173,"column":60}},"41":{"start":{"line":176,"column":4},"end":{"line":176,"column":43}},"42":{"start":{"line":178,"column":16},"end":{"line":182,"column":16}},"43":{"start":{"line":184,"column":17},"end":{"line":184,"column":36}},"44":{"start":{"line":186,"column":18},"end":{"line":191,"column":5}},"45":{"start":{"line":193,"column":4},"end":{"line":198,"column":5}}},"fnMap":{"0":{"name":"(anonymous_0)","decl":{"start":{"line":22,"column":2},"end":{"line":22,"column":3}},"loc":{"start":{"line":22,"column":24},"end":{"line":33,"column":3}},"line":22},"1":{"name":"(anonymous_1)","decl":{"start":{"line":43,"column":13},"end":{"line":43,"column":14}},"loc":{"start":{"line":43,"column":42},"end":{"line":59,"column":3}},"line":43},"2":{"name":"(anonymous_2)","decl":{"start":{"line":67,"column":18},"end":{"line":67,"column":19}},"loc":{"start":{"line":67,"column":33},"end":{"line":80,"column":3}},"line":67},"3":{"name":"(anonymous_3)","decl":{"start":{"line":89,"column":17},"end":{"line":89,"column":18}},"loc":{"start":{"line":89,"column":34},"end":{"line":102,"column":3}},"line":89},"4":{"name":"(anonymous_4)","decl":{"start":{"line":109,"column":16},"end":{"line":109,"column":17}},"loc":{"start":{"line":109,"column":22},"end":{"line":121,"column":3}},"line":109},"5":{"name":"(anonymous_5)","decl":{"start":{"line":128,"column":14},"end":{"line":128,"column":15}},"loc":{"start":{"line":128,"column":20},"end":{"line":130,"column":3}},"line":128},"6":{"name":"(anonymous_6)","decl":{"start":{"line":138,"column":16},"end":{"line":138,"column":17}},"loc":{"start":{"line":138,"column":28},"end":{"line":152,"column":3}},"line":138},"7":{"name":"(anonymous_7)","decl":{"start":{"line":159,"column":2},"end":{"line":159,"column":3}},"loc":{"start":{"line":159,"column":16},"end":{"line":199,"column":3}},"line":159}},"branchMap":{"0":{"loc":{"start":{"line":110,"column":4},"end":{"line":120,"column":5}},"type":"switch","locations":[{"start":{"line":111,"column":6},"end":{"line":111,"column":17}},{"start":{"line":112,"column":6},"end":{"line":113,"column":23}},{"start":{"line":114,"column":6},"end":{"line":114,"column":16}},{"start":{"line":115,"column":6},"end":{"line":115,"column":17}},{"start":{"line":116,"column":6},"end":{"line":117,"column":22}},{"start":{"line":118,"column":6},"end":{"line":119,"column":22}}],"line":110},"1":{"loc":{"start":{"line":142,"column":4},"end":{"line":150,"column":5}},"type":"if","locations":[{"start":{"line":142,"column":4},"end":{"line":150,"column":5}},{"start":{"line":142,"column":4},"end":{"line":150,"column":5}}],"line":142},"2":{"loc":{"start":{"line":160,"column":19},"end":{"line":162,"column":10}},"type":"cond-expr","locations":[{"start":{"line":161,"column":8},"end":{"line":161,"column":69}},{"start":{"line":162,"column":8},"end":{"line":162,"column":10}}],"line":160},"3":{"loc":{"start":{"line":171,"column":4},"end":{"line":174,"column":5}},"type":"if","locations":[{"start":{"line":171,"column":4},"end":{"line":174,"column":5}},{"start":{"line":171,"column":4},"end":{"line":174,"column":5}}],"line":171},"4":{"loc":{"start":{"line":171,"column":8},"end":{"line":171,"column":59}},"type":"binary-expr","locations":[{"start":{"line":171,"column":8},"end":{"line":171,"column":31}},{"start":{"line":171,"column":35},"end":{"line":171,"column":59}}],"line":171}},"s":{"0":5,"1":5,"2":5,"3":5,"4":5,"5":20,"6":20,"7":20,"8":20,"9":39,"10":39,"11":39,"12":39,"13":60,"14":39,"15":19,"16":19,"17":19,"18":19,"19":38,"20":38,"21":38,"22":19,"23":19,"24":19,"25":19,"26":0,"27":2,"28":17,"29":0,"30":19,"31":19,"32":19,"33":17,"34":2,"35":19,"36":19,"37":19,"38":19,"39":19,"40":0,"41":19,"42":19,"43":19,"44":19,"45":19},"f":{"0":20,"1":39,"2":19,"3":19,"4":19,"5":0,"6":19,"7":19},"b":{"0":[0,0,2,2,2,17],"1":[17,2],"2":[0,19],"3":[0,19],"4":[19,19]},"_coverageSchema":"332fd63041d2c1bcb487cc26dd0d5f7d97098a6c","hash":"6352ffedc6ab5aab37a0ba9e0af3967c549291de"}
,"C:\\Users\\Josh\\Documents\\aristotle\\packages\\editor\\src\\svg\\lib\\SVGBase.js": {"path":"C:\\Users\\Josh\\Documents\\aristotle\\packages\\editor\\src\\svg\\lib\\SVGBase.js","statementMap":{"0":{"start":{"line":3,"column":4},"end":{"line":3,"column":44}},"1":{"start":{"line":4,"column":4},"end":{"line":4,"column":48}},"2":{"start":{"line":8,"column":23},"end":{"line":8,"column":28}},"3":{"start":{"line":10,"column":4},"end":{"line":12,"column":5}},"4":{"start":{"line":11,"column":6},"end":{"line":11,"column":47}},"5":{"start":{"line":14,"column":4},"end":{"line":16,"column":5}},"6":{"start":{"line":15,"column":6},"end":{"line":15,"column":69}},"7":{"start":{"line":17,"column":4},"end":{"line":17,"column":41}},"8":{"start":{"line":21,"column":4},"end":{"line":21,"column":81}}},"fnMap":{"0":{"name":"(anonymous_0)","decl":{"start":{"line":2,"column":2},"end":{"line":2,"column":3}},"loc":{"start":{"line":2,"column":24},"end":{"line":5,"column":3}},"line":2},"1":{"name":"(anonymous_1)","decl":{"start":{"line":7,"column":10},"end":{"line":7,"column":11}},"loc":{"start":{"line":7,"column":41},"end":{"line":18,"column":3}},"line":7},"2":{"name":"(anonymous_2)","decl":{"start":{"line":20,"column":14},"end":{"line":20,"column":15}},"loc":{"start":{"line":20,"column":23},"end":{"line":22,"column":3}},"line":20}},"branchMap":{"0":{"loc":{"start":{"line":7,"column":23},"end":{"line":7,"column":36}},"type":"default-arg","locations":[{"start":{"line":7,"column":34},"end":{"line":7,"column":36}}],"line":7},"1":{"loc":{"start":{"line":14,"column":4},"end":{"line":16,"column":5}},"type":"if","locations":[{"start":{"line":14,"column":4},"end":{"line":16,"column":5}},{"start":{"line":14,"column":4},"end":{"line":16,"column":5}}],"line":14}},"s":{"0":84,"1":84,"2":480,"3":480,"4":2348,"5":480,"6":229,"7":251,"8":49},"f":{"0":84,"1":480,"2":49},"b":{"0":[251],"1":[229,251]},"_coverageSchema":"332fd63041d2c1bcb487cc26dd0d5f7d97098a6c","hash":"edaf2fcd08f1f747c82418a1d63cd1055c6c415f"}
,"C:\\Users\\Josh\\Documents\\aristotle\\packages\\editor\\src\\utils\\getIdMapping.js": {"path":"C:\\Users\\Josh\\Documents\\aristotle\\packages\\editor\\src\\utils\\getIdMapping.js","statementMap":{"0":{"start":{"line":4,"column":2},"end":{"line":7,"column":9}},"1":{"start":{"line":4,"column":40},"end":{"line":7,"column":3}}},"fnMap":{"0":{"name":"getIdMapping","decl":{"start":{"line":3,"column":24},"end":{"line":3,"column":36}},"loc":{"start":{"line":3,"column":45},"end":{"line":8,"column":1}},"line":3},"1":{"name":"(anonymous_1)","decl":{"start":{"line":4,"column":22},"end":{"line":4,"column":23}},"loc":{"start":{"line":4,"column":40},"end":{"line":7,"column":3}},"line":4}},"branchMap":{},"s":{"0":5,"1":35},"f":{"0":5,"1":35},"b":{},"_coverageSchema":"332fd63041d2c1bcb487cc26dd0d5f7d97098a6c","hash":"aa22aad306e763936a27d90083cb6736735cb034"}
,"C:\\Users\\Josh\\Documents\\aristotle\\packages\\editor\\src\\utils\\getPortIndex.js": {"path":"C:\\Users\\Josh\\Documents\\aristotle\\packages\\editor\\src\\utils\\getPortIndex.js","statementMap":{"0":{"start":{"line":1,"column":21},"end":{"line":10,"column":1}},"1":{"start":{"line":2,"column":16},"end":{"line":2,"column":48}},"2":{"start":{"line":4,"column":2},"end":{"line":8,"column":3}},"3":{"start":{"line":5,"column":4},"end":{"line":7,"column":5}},"4":{"start":{"line":6,"column":6},"end":{"line":6,"column":14}},"5":{"start":{"line":9,"column":2},"end":{"line":9,"column":11}}},"fnMap":{"0":{"name":"(anonymous_0)","decl":{"start":{"line":1,"column":21},"end":{"line":1,"column":22}},"loc":{"start":{"line":1,"column":37},"end":{"line":10,"column":1}},"line":1}},"branchMap":{"0":{"loc":{"start":{"line":5,"column":4},"end":{"line":7,"column":5}},"type":"if","locations":[{"start":{"line":5,"column":4},"end":{"line":7,"column":5}},{"start":{"line":5,"column":4},"end":{"line":7,"column":5}}],"line":5}},"s":{"0":7,"1":10,"2":10,"3":16,"4":10,"5":0},"f":{"0":10},"b":{"0":[10,6]},"_coverageSchema":"332fd63041d2c1bcb487cc26dd0d5f7d97098a6c","hash":"47861ce7ac9539e271d1ce2536e4c62848983764"}
,"C:\\Users\\Josh\\Documents\\aristotle\\packages\\editor\\src\\utils\\uuid.js": {"path":"C:\\Users\\Josh\\Documents\\aristotle\\packages\\editor\\src\\utils\\uuid.js","statementMap":{"0":{"start":{"line":2,"column":19},"end":{"line":2,"column":83}},"1":{"start":{"line":3,"column":13},"end":{"line":3,"column":15}},"2":{"start":{"line":5,"column":2},"end":{"line":7,"column":3}},"3":{"start":{"line":6,"column":4},"end":{"line":6,"column":72}},"4":{"start":{"line":9,"column":2},"end":{"line":9,"column":13}}},"fnMap":{"0":{"name":"uuid","decl":{"start":{"line":1,"column":9},"end":{"line":1,"column":13}},"loc":{"start":{"line":1,"column":17},"end":{"line":10,"column":1}},"line":1}},"branchMap":{},"s":{"0":35,"1":35,"2":35,"3":350,"4":35},"f":{"0":35},"b":{},"_coverageSchema":"332fd63041d2c1bcb487cc26dd0d5f7d97098a6c","hash":"d4bb328179bde0933fac34eecb383ab251f2be1a"}
,"C:\\Users\\Josh\\Documents\\aristotle\\packages\\editor\\test\\setup.js": {"path":"C:\\Users\\Josh\\Documents\\aristotle\\packages\\editor\\test\\setup.js","statementMap":{"0":{"start":{"line":3,"column":0},"end":{"line":3,"column":28}}},"fnMap":{},"branchMap":{},"s":{"0":12},"f":{},"b":{},"_coverageSchema":"332fd63041d2c1bcb487cc26dd0d5f7d97098a6c","hash":"5c8602bcc7d30ae244339027be54ca9bdbf00d60"}
}
