TN:
SF:/Users/e070910/Documents/aristotle/packages/editor/src/Canvas.js
FN:14,(anonymous_0)
FN:31,(anonymous_1)
FN:34,(anonymous_2)
FN:35,(anonymous_3)
FN:48,(anonymous_4)
FN:56,(anonymous_5)
FN:64,(anonymous_6)
FN:74,(anonymous_7)
FN:89,(anonymous_8)
FN:100,(anonymous_9)
FN:113,(anonymous_10)
FN:128,(anonymous_11)
FN:152,(anonymous_12)
FNF:13
FNH:0
FNDA:0,(anonymous_0)
FNDA:0,(anonymous_1)
FNDA:0,(anonymous_2)
FNDA:0,(anonymous_3)
FNDA:0,(anonymous_4)
FNDA:0,(anonymous_5)
FNDA:0,(anonymous_6)
FNDA:0,(anonymous_7)
FNDA:0,(anonymous_8)
FNDA:0,(anonymous_9)
FNDA:0,(anonymous_10)
FNDA:0,(anonymous_11)
FNDA:0,(anonymous_12)
DA:15,0
DA:17,0
DA:18,0
DA:19,0
DA:20,0
DA:32,0
DA:33,0
DA:34,0
DA:35,0
DA:36,0
DA:37,0
DA:48,0
DA:56,0
DA:65,0
DA:66,0
DA:67,0
DA:68,0
DA:69,0
DA:70,0
DA:71,0
DA:72,0
DA:74,0
DA:75,0
DA:77,0
DA:78,0
DA:79,0
DA:90,0
DA:91,0
DA:95,0
DA:97,0
DA:98,0
DA:100,0
DA:101,0
DA:104,0
DA:105,0
DA:114,0
DA:115,0
DA:116,0
DA:118,0
DA:119,0
DA:129,0
DA:130,0
DA:133,0
DA:139,0
DA:140,0
DA:141,0
DA:143,0
DA:153,0
DA:155,0
LF:49
LH:0
BRDA:36,0,0,0
BRDA:36,0,1,0
BRDA:65,1,0,0
BRDA:65,1,1,0
BRDA:90,2,0,0
BRDA:90,2,1,0
BRDA:133,3,0,0
BRDA:133,3,1,0
BRDA:133,3,2,0
BRDA:133,3,3,0
BRDA:139,4,0,0
BRDA:139,4,1,0
BRF:12
BRH:0
end_of_record
TN:
SF:/Users/e070910/Documents/aristotle/packages/editor/src/Connection.js
FN:7,(anonymous_0)
FN:23,(anonymous_1)
FN:24,(anonymous_2)
FN:50,(anonymous_3)
FN:59,(anonymous_4)
FNF:5
FNH:1
FNDA:2,(anonymous_0)
FNDA:0,(anonymous_1)
FNDA:0,(anonymous_2)
FNDA:0,(anonymous_3)
FNDA:0,(anonymous_4)
DA:8,2
DA:17,2
DA:18,2
DA:19,2
DA:20,2
DA:24,0
DA:25,0
DA:26,0
DA:28,0
DA:29,0
DA:34,0
DA:40,0
DA:41,0
DA:42,0
DA:43,0
DA:44,0
DA:46,0
DA:47,0
DA:51,0
DA:52,0
DA:53,0
DA:54,0
DA:56,0
DA:60,0
DA:61,0
DA:62,0
DA:63,0
DA:65,0
LF:28
LH:5
BRF:0
BRH:0
end_of_record
TN:
SF:/Users/e070910/Documents/aristotle/packages/editor/src/Editor.js
FN:11,(anonymous_0)
FN:42,(anonymous_1)
FN:55,(anonymous_2)
FN:72,(anonymous_3)
FN:77,(anonymous_4)
FN:87,(anonymous_5)
FN:105,(anonymous_6)
FN:114,(anonymous_7)
FN:125,(anonymous_8)
FN:135,(anonymous_9)
FN:141,(anonymous_10)
FN:145,(anonymous_11)
FNF:12
FNH:7
FNDA:17,(anonymous_0)
FNDA:3,(anonymous_1)
FNDA:4,(anonymous_2)
FNDA:13,(anonymous_3)
FNDA:0,(anonymous_4)
FNDA:2,(anonymous_5)
FNDA:1,(anonymous_6)
FNDA:17,(anonymous_7)
FNDA:0,(anonymous_8)
FNDA:0,(anonymous_9)
FNDA:0,(anonymous_10)
FNDA:0,(anonymous_11)
DA:12,17
DA:14,17
DA:15,17
DA:16,17
DA:17,17
DA:19,17
DA:43,3
DA:44,3
DA:45,3
DA:56,4
DA:58,4
DA:59,4
DA:61,4
DA:62,4
DA:73,13
DA:74,12
DA:76,12
DA:77,9
DA:88,2
DA:90,1
DA:91,1
DA:94,1
DA:95,1
DA:97,2
DA:106,1
DA:115,17
DA:117,17
DA:119,17
DA:120,17
DA:126,0
DA:136,0
DA:142,0
DA:146,0
DA:148,0
DA:149,0
DA:151,0
DA:152,0
DA:153,0
DA:155,0
DA:157,0
DA:158,0
DA:160,0
DA:161,0
DA:162,0
DA:164,0
DA:166,0
DA:167,0
DA:169,0
DA:170,0
LF:49
LH:29
BRDA:72,0,0,2
BRDA:73,1,0,12
BRDA:73,1,1,1
BRDA:73,2,0,13
BRDA:73,2,1,12
BRDA:76,3,0,9
BRDA:76,3,1,3
BRDA:88,4,0,1
BRDA:88,4,1,1
BRDA:88,4,2,1
BRDA:146,5,0,0
BRDA:146,5,1,0
BRDA:146,5,2,0
BRDA:146,5,3,0
BRF:14
BRH:10
end_of_record
TN:
SF:/Users/e070910/Documents/aristotle/packages/editor/src/Element.js
FN:8,(anonymous_0)
FN:23,(anonymous_1)
FN:32,(anonymous_2)
FN:41,(anonymous_3)
FN:48,(anonymous_4)
FN:66,(anonymous_5)
FN:82,(anonymous_6)
FN:86,(anonymous_7)
FN:87,(anonymous_8)
FN:95,(anonymous_9)
FN:109,(anonymous_10)
FN:117,(anonymous_11)
FN:130,(anonymous_12)
FN:131,(anonymous_13)
FN:142,(anonymous_14)
FN:146,(anonymous_15)
FN:151,(anonymous_16)
FN:160,(anonymous_17)
FN:173,(anonymous_18)
FN:187,(anonymous_19)
FN:200,(anonymous_20)
FNF:21
FNH:15
FNDA:80,(anonymous_0)
FNDA:2,(anonymous_1)
FNDA:0,(anonymous_2)
FNDA:0,(anonymous_3)
FNDA:52,(anonymous_4)
FNDA:3,(anonymous_5)
FNDA:2,(anonymous_6)
FNDA:2,(anonymous_7)
FNDA:1,(anonymous_8)
FNDA:5,(anonymous_9)
FNDA:56,(anonymous_10)
FNDA:0,(anonymous_11)
FNDA:54,(anonymous_12)
FNDA:131,(anonymous_13)
FNDA:54,(anonymous_14)
FNDA:0,(anonymous_15)
FNDA:0,(anonymous_16)
FNDA:2,(anonymous_17)
FNDA:2,(anonymous_18)
FNDA:54,(anonymous_19)
FNDA:0,(anonymous_20)
DA:9,80
DA:11,80
DA:12,80
DA:24,2
DA:33,0
DA:42,0
DA:49,52
DA:51,52
DA:52,52
DA:53,52
DA:54,52
DA:55,52
DA:56,52
DA:57,52
DA:67,3
DA:69,1
DA:71,1
DA:73,1
DA:83,2
DA:86,2
DA:87,1
DA:96,5
DA:97,4
DA:99,4
DA:100,2
DA:103,3
DA:110,56
DA:111,3
DA:113,3
DA:118,0
DA:122,0
DA:131,54
DA:132,131
DA:133,131
DA:143,54
DA:147,0
DA:148,0
DA:152,0
DA:153,0
DA:154,0
DA:161,2
DA:162,1
DA:174,2
DA:175,2
DA:176,2
DA:178,2
DA:188,54
DA:189,27
DA:191,27
DA:192,27
DA:194,27
DA:195,27
DA:196,27
DA:197,27
DA:201,0
LF:55
LH:45
BRDA:11,0,0,80
BRDA:11,0,1,0
BRDA:67,1,0,1
BRDA:67,1,1,1
BRDA:67,1,2,1
BRDA:96,2,0,4
BRDA:96,2,1,1
BRDA:99,3,0,2
BRDA:99,3,1,2
BRDA:110,4,0,3
BRDA:110,4,1,53
BRDA:111,5,0,1
BRDA:111,5,1,2
BRDA:161,6,0,1
BRDA:161,6,1,1
BRDA:188,7,0,27
BRDA:188,7,1,27
BRDA:188,8,0,54
BRDA:188,8,1,53
BRF:19
BRH:18
end_of_record
TN:
SF:/Users/e070910/Documents/aristotle/packages/editor/src/commands/CommandSetInputCount.js
FN:4,(anonymous_0)
FN:15,(anonymous_1)
FN:19,(anonymous_2)
FN:23,(anonymous_3)
FN:30,(anonymous_4)
FN:37,(anonymous_5)
FN:43,(anonymous_6)
FN:54,(anonymous_7)
FN:62,(anonymous_8)
FN:68,(anonymous_9)
FN:74,(anonymous_10)
FN:80,(anonymous_11)
FN:84,(anonymous_12)
FN:90,(anonymous_13)
FN:99,(anonymous_14)
FN:103,(anonymous_15)
FN:104,(anonymous_16)
FNF:17
FNH:0
FNDA:0,(anonymous_0)
FNDA:0,(anonymous_1)
FNDA:0,(anonymous_2)
FNDA:0,(anonymous_3)
FNDA:0,(anonymous_4)
FNDA:0,(anonymous_5)
FNDA:0,(anonymous_6)
FNDA:0,(anonymous_7)
FNDA:0,(anonymous_8)
FNDA:0,(anonymous_9)
FNDA:0,(anonymous_10)
FNDA:0,(anonymous_11)
FNDA:0,(anonymous_12)
FNDA:0,(anonymous_13)
FNDA:0,(anonymous_14)
FNDA:0,(anonymous_15)
FNDA:0,(anonymous_16)
DA:5,0
DA:7,0
DA:8,0
DA:9,0
DA:10,0
DA:11,0
DA:12,0
DA:16,0
DA:20,0
DA:24,0
DA:25,0
DA:26,0
DA:27,0
DA:31,0
DA:32,0
DA:33,0
DA:34,0
DA:38,0
DA:39,0
DA:40,0
DA:44,0
DA:46,0
DA:47,0
DA:48,0
DA:49,0
DA:50,0
DA:51,0
DA:55,0
DA:56,0
DA:58,0
DA:63,0
DA:65,0
DA:69,0
DA:70,0
DA:75,0
DA:76,0
DA:77,0
DA:81,0
DA:85,0
DA:86,0
DA:88,0
DA:91,0
DA:93,0
DA:94,0
DA:95,0
DA:100,0
DA:103,0
DA:105,0
DA:107,0
DA:108,0
DA:109,0
LF:51
LH:0
BRDA:88,0,0,0
BRDA:88,0,1,0
BRF:2
BRH:0
end_of_record
TN:
SF:/Users/e070910/Documents/aristotle/packages/editor/src/elements/IntegratedCircuit.js
FN:23,(anonymous_0)
FN:48,(anonymous_1)
FN:64,(anonymous_2)
FN:67,(anonymous_3)
FN:71,(anonymous_4)
FN:84,(anonymous_5)
FN:86,(anonymous_6)
FN:87,(anonymous_7)
FN:88,(anonymous_8)
FN:91,(anonymous_9)
FN:112,(anonymous_10)
FN:113,(anonymous_11)
FN:115,(anonymous_12)
FN:123,(anonymous_13)
FN:127,(anonymous_14)
FN:128,(anonymous_15)
FN:129,(anonymous_16)
FN:132,(anonymous_17)
FN:136,(anonymous_18)
FNF:19
FNH:13
FNDA:12,(anonymous_0)
FNDA:2,(anonymous_1)
FNDA:25,(anonymous_2)
FNDA:175,(anonymous_3)
FNDA:0,(anonymous_4)
FNDA:24,(anonymous_5)
FNDA:154,(anonymous_6)
FNDA:22,(anonymous_7)
FNDA:44,(anonymous_8)
FNDA:80,(anonymous_9)
FNDA:2,(anonymous_10)
FNDA:14,(anonymous_11)
FNDA:12,(anonymous_12)
FNDA:0,(anonymous_13)
FNDA:0,(anonymous_14)
FNDA:0,(anonymous_15)
FNDA:0,(anonymous_16)
FNDA:0,(anonymous_17)
FNDA:12,(anonymous_18)
DA:24,12
DA:26,12
DA:27,12
DA:28,12
DA:29,12
DA:30,12
DA:37,12
DA:38,12
DA:49,2
DA:50,2
DA:52,2
DA:53,1
DA:55,1
DA:65,25
DA:67,175
DA:72,0
DA:74,0
DA:85,24
DA:86,154
DA:87,22
DA:88,44
DA:92,80
DA:94,47
DA:96,47
DA:98,24
DA:101,47
DA:103,47
DA:106,33
DA:113,14
DA:115,2
DA:116,12
DA:117,12
DA:119,12
DA:124,0
DA:127,0
DA:128,0
DA:129,0
DA:133,0
DA:137,12
LF:39
LH:32
BRDA:52,0,0,1
BRDA:52,0,1,1
BRDA:92,1,0,47
BRDA:92,1,1,33
BRDA:92,2,0,80
BRDA:92,2,1,57
BRDA:96,3,0,24
BRDA:96,3,1,23
BRF:8
BRH:8
end_of_record
TN:
SF:/Users/e070910/Documents/aristotle/packages/editor/src/elements/Lightbulb.js
FN:6,(anonymous_0)
FN:21,(anonymous_1)
FN:27,(anonymous_2)
FNF:3
FNH:2
FNDA:10,(anonymous_0)
FNDA:0,(anonymous_1)
FNDA:10,(anonymous_2)
DA:7,10
DA:9,10
DA:10,10
DA:11,10
DA:22,0
DA:23,0
DA:24,0
DA:28,10
DA:37,10
LF:9
LH:6
BRF:0
BRH:0
end_of_record
TN:
SF:/Users/e070910/Documents/aristotle/packages/editor/src/elements/LogicGate.js
FN:7,(anonymous_0)
FN:30,(anonymous_1)
FN:34,(anonymous_2)
FN:38,(anonymous_3)
FNF:4
FNH:3
FNDA:17,(anonymous_0)
FNDA:0,(anonymous_1)
FNDA:17,(anonymous_2)
FNDA:17,(anonymous_3)
DA:8,17
DA:10,17
DA:11,17
DA:12,17
DA:13,17
DA:20,17
DA:31,0
DA:35,17
DA:39,17
DA:41,15
DA:44,2
LF:11
LH:10
BRDA:39,0,0,15
BRDA:39,0,1,2
BRDA:39,0,2,2
BRF:3
BRH:3
end_of_record
TN:
SF:/Users/e070910/Documents/aristotle/packages/editor/src/elements/Switch.js
FN:7,(anonymous_0)
FN:48,(anonymous_1)
FN:54,(anonymous_2)
FN:94,(anonymous_3)
FNF:4
FNH:2
FNDA:11,(anonymous_0)
FNDA:0,(anonymous_1)
FNDA:11,(anonymous_2)
FNDA:0,(anonymous_3)
DA:8,11
DA:10,11
DA:12,11
DA:29,11
DA:30,11
DA:32,11
DA:38,11
DA:49,0
DA:50,0
DA:51,0
DA:55,11
DA:56,11
DA:58,11
DA:79,11
DA:81,0
DA:91,0
DA:95,0
DA:96,0
DA:97,0
DA:98,0
DA:99,0
LF:21
LH:11
BRDA:55,0,0,0
BRDA:55,0,1,11
BRDA:56,1,0,0
BRDA:56,1,1,11
BRDA:95,2,0,0
BRDA:95,2,1,0
BRF:6
BRH:2
end_of_record
TN:
SF:/Users/e070910/Documents/aristotle/packages/editor/src/layout/BezierConnectionRouter.js
FN:4,(anonymous_0)
FNF:1
FNH:0
FNDA:0,(anonymous_0)
DA:5,0
DA:6,0
DA:8,0
DA:12,0
DA:16,0
DA:17,0
DA:19,0
DA:20,0
DA:22,0
DA:23,0
DA:25,0
DA:26,0
DA:27,0
DA:28,0
DA:30,0
DA:35,0
LF:16
LH:0
BRF:0
BRH:0
end_of_record
TN:
SF:/Users/e070910/Documents/aristotle/packages/editor/src/models/EditorModel.js
FN:2,(anonymous_0)
FNF:1
FNH:0
FNDA:0,(anonymous_0)
DA:9,0
DA:10,0
DA:11,0
DA:12,0
DA:13,0
LF:5
LH:0
BRDA:3,0,0,0
BRDA:4,1,0,0
BRDA:5,2,0,0
BRDA:6,3,0,0
BRDA:7,4,0,0
BRF:5
BRH:0
end_of_record
TN:
SF:/Users/e070910/Documents/aristotle/packages/editor/src/services/DeserializerService.js
FN:21,(anonymous_0)
FN:30,(anonymous_1)
FN:49,(anonymous_2)
FN:66,(anonymous_3)
FN:76,(anonymous_4)
FN:92,(anonymous_5)
FN:107,(anonymous_6)
FN:110,(anonymous_7)
FNF:8
FNH:8
FNDA:24,(anonymous_0)
FNDA:5,(anonymous_1)
FNDA:37,(anonymous_2)
FNDA:30,(anonymous_3)
FNDA:30,(anonymous_4)
FNDA:30,(anonymous_5)
FNDA:60,(anonymous_6)
FNDA:420,(anonymous_7)
DA:22,24
DA:31,5
DA:32,5
DA:33,5
DA:35,5
DA:36,5
DA:38,5
DA:50,37
DA:51,37
DA:53,37
DA:54,37
DA:67,30
DA:70,30
DA:76,30
DA:78,30
DA:80,30
DA:81,30
DA:93,30
DA:95,30
DA:96,30
DA:98,30
DA:108,60
DA:110,420
LF:23
LH:23
BRF:0
BRH:0
end_of_record
TN:
SF:/Users/e070910/Documents/aristotle/packages/editor/src/services/ElementInitializerService.js
FN:15,(anonymous_0)
FNF:1
FNH:1
FNDA:38,(anonymous_0)
DA:16,38
DA:18,1
DA:20,11
DA:22,15
DA:24,10
DA:26,1
LF:6
LH:6
BRDA:16,0,0,1
BRDA:16,0,1,11
BRDA:16,0,2,15
BRDA:16,0,3,10
BRDA:16,0,4,1
BRF:5
BRH:5
end_of_record
TN:
SF:/Users/e070910/Documents/aristotle/packages/editor/src/services/SerializerService.js
FN:4,(anonymous_0)
FN:8,(anonymous_1)
FN:15,(anonymous_2)
FN:19,(anonymous_3)
FN:26,(anonymous_4)
FN:34,(anonymous_5)
FNF:6
FNH:1
FNDA:17,(anonymous_0)
FNDA:0,(anonymous_1)
FNDA:0,(anonymous_2)
FNDA:0,(anonymous_3)
FNDA:0,(anonymous_4)
FNDA:0,(anonymous_5)
DA:5,17
DA:9,0
DA:16,0
DA:20,0
DA:21,0
DA:23,0
DA:27,0
DA:28,0
DA:29,0
DA:31,0
DA:35,0
DA:36,0
DA:38,0
DA:42,0
LF:14
LH:1
BRDA:35,0,0,0
BRDA:35,0,1,0
BRF:2
BRH:0
end_of_record
TN:
SF:/Users/e070910/Documents/aristotle/packages/editor/src/svg/index.js
FNF:0
FNH:0
LF:0
LH:0
BRF:0
BRH:0
end_of_record
TN:
SF:/Users/e070910/Documents/aristotle/packages/editor/src/svg/lib/DigitSVG.js
FN:63,(anonymous_0)
FN:77,(anonymous_1)
FN:81,(anonymous_2)
FN:85,(anonymous_3)
FN:94,(anonymous_4)
FN:97,(anonymous_5)
FN:114,(anonymous_6)
FN:130,(anonymous_7)
FN:139,(anonymous_8)
FN:160,(anonymous_9)
FN:161,(anonymous_10)
FN:173,(anonymous_11)
FNF:12
FNH:12
FNDA:9,(anonymous_0)
FNDA:7,(anonymous_1)
FNDA:49,(anonymous_2)
FNDA:49,(anonymous_3)
FNDA:2,(anonymous_4)
FNDA:6,(anonymous_5)
FNDA:11,(anonymous_6)
FNDA:1,(anonymous_7)
FNDA:2,(anonymous_8)
FNDA:4,(anonymous_9)
FNDA:16,(anonymous_10)
FNDA:2,(anonymous_11)
DA:18,6
DA:38,6
DA:39,6
DA:40,6
DA:41,6
DA:42,6
DA:43,6
DA:44,6
DA:46,6
DA:64,9
DA:66,9
DA:78,7
DA:80,7
DA:81,49
DA:85,49
DA:95,2
DA:98,6
DA:99,6
DA:101,6
DA:115,11
DA:131,1
DA:140,2
DA:161,16
DA:174,2
DA:175,2
DA:177,2
DA:178,2
DA:181,2
DA:186,2
DA:188,2
DA:192,2
DA:194,2
LF:32
LH:32
BRDA:82,0,0,33
BRDA:82,0,1,16
BRF:2
BRH:2
end_of_record
TN:
SF:/Users/e070910/Documents/aristotle/packages/editor/src/svg/lib/IntegratedCircuitSVG.js
FN:15,(anonymous_0)
FN:31,(anonymous_1)
FN:49,(anonymous_2)
FN:66,(anonymous_3)
FN:87,(anonymous_4)
FN:105,(anonymous_5)
FN:119,(anonymous_6)
FN:133,(anonymous_7)
FN:147,(anonymous_8)
FN:153,(anonymous_9)
FN:164,(anonymous_10)
FN:169,(anonymous_11)
FN:187,(anonymous_12)
FN:192,(anonymous_13)
FN:210,(anonymous_14)
FN:215,(anonymous_15)
FN:233,(anonymous_16)
FN:238,(anonymous_17)
FN:254,(anonymous_18)
FN:262,(anonymous_19)
FN:262,(anonymous_20)
FN:293,(anonymous_21)
FN:309,(anonymous_22)
FN:336,(anonymous_23)
FN:338,(anonymous_24)
FN:357,(anonymous_25)
FN:358,(anonymous_26)
FN:379,(anonymous_27)
FN:381,(anonymous_28)
FN:395,(anonymous_29)
FNF:30
FNH:28
FNDA:35,(anonymous_0)
FNDA:66,(anonymous_1)
FNDA:14,(anonymous_2)
FNDA:78,(anonymous_3)
FNDA:100,(anonymous_4)
FNDA:0,(anonymous_5)
FNDA:37,(anonymous_6)
FNDA:26,(anonymous_7)
FNDA:11,(anonymous_8)
FNDA:100,(anonymous_9)
FNDA:25,(anonymous_10)
FNDA:37,(anonymous_11)
FNDA:25,(anonymous_12)
FNDA:26,(anonymous_13)
FNDA:25,(anonymous_14)
FNDA:0,(anonymous_15)
FNDA:25,(anonymous_16)
FNDA:11,(anonymous_17)
FNDA:25,(anonymous_18)
FNDA:300,(anonymous_19)
FNDA:222,(anonymous_20)
FNDA:25,(anonymous_21)
FNDA:25,(anonymous_22)
FNDA:35,(anonymous_23)
FNDA:70,(anonymous_24)
FNDA:35,(anonymous_25)
FNDA:140,(anonymous_26)
FNDA:25,(anonymous_27)
FNDA:74,(anonymous_28)
FNDA:25,(anonymous_29)
DA:3,6
DA:4,6
DA:5,6
DA:6,6
DA:7,6
DA:8,6
DA:9,6
DA:10,6
DA:11,6
DA:16,35
DA:18,35
DA:19,35
DA:20,35
DA:21,35
DA:32,66
DA:50,14
DA:67,78
DA:69,78
DA:70,49
DA:73,78
DA:75,78
DA:88,100
DA:94,100
DA:106,0
DA:108,0
DA:120,37
DA:122,37
DA:134,26
DA:136,26
DA:148,11
DA:150,11
DA:154,100
DA:165,25
DA:166,25
DA:168,25
DA:169,37
DA:188,25
DA:189,25
DA:191,25
DA:192,26
DA:211,25
DA:212,25
DA:214,25
DA:215,0
DA:234,25
DA:235,25
DA:237,25
DA:238,11
DA:255,25
DA:257,25
DA:258,25
DA:259,25
DA:260,25
DA:262,300
DA:264,25
DA:294,25
DA:295,25
DA:296,25
DA:298,25
DA:303,25
DA:310,25
DA:311,25
DA:312,25
DA:320,25
DA:322,25
DA:337,35
DA:338,70
DA:340,35
DA:341,35
DA:343,35
DA:344,35
DA:346,35
DA:347,35
DA:349,35
DA:358,140
DA:359,35
DA:360,35
DA:362,35
DA:363,35
DA:365,35
DA:366,35
DA:368,35
DA:380,25
DA:382,74
DA:401,25
DA:407,25
DA:408,25
DA:410,25
DA:418,25
DA:424,25
DA:426,25
LF:91
LH:88
BRDA:69,0,0,49
BRDA:69,0,1,29
BRDA:358,1,0,68
BRDA:358,1,1,72
BRDA:362,2,0,34
BRDA:362,2,1,1
BRDA:363,3,0,0
BRDA:363,3,1,35
BRF:8
BRH:7
end_of_record
TN:
SF:/Users/e070910/Documents/aristotle/packages/editor/src/svg/lib/LogicGateSVG.js
FN:22,(anonymous_0)
FN:43,(anonymous_1)
FN:67,(anonymous_2)
FN:89,(anonymous_3)
FN:109,(anonymous_4)
FN:128,(anonymous_5)
FN:138,(anonymous_6)
FN:159,(anonymous_7)
FNF:8
FNH:7
FNDA:20,(anonymous_0)
FNDA:39,(anonymous_1)
FNDA:19,(anonymous_2)
FNDA:19,(anonymous_3)
FNDA:19,(anonymous_4)
FNDA:0,(anonymous_5)
FNDA:19,(anonymous_6)
FNDA:19,(anonymous_7)
DA:3,6
DA:4,6
DA:5,6
DA:7,6
DA:15,6
DA:23,20
DA:25,20
DA:26,20
DA:27,20
DA:44,39
DA:45,39
DA:46,39
DA:48,39
DA:49,60
DA:58,39
DA:68,19
DA:69,19
DA:70,19
DA:72,19
DA:73,38
DA:74,38
DA:76,38
DA:79,19
DA:90,19
DA:96,19
DA:110,19
DA:113,0
DA:117,2
DA:119,17
DA:129,0
DA:139,19
DA:140,19
DA:142,19
DA:143,17
DA:151,2
DA:160,19
DA:163,19
DA:164,19
DA:165,19
DA:171,19
DA:173,0
DA:176,19
DA:178,19
DA:184,19
DA:186,19
DA:193,19
LF:46
LH:43
BRDA:110,0,0,0
BRDA:110,0,1,0
BRDA:110,0,2,2
BRDA:110,0,3,2
BRDA:110,0,4,2
BRDA:110,0,5,17
BRDA:142,1,0,17
BRDA:142,1,1,2
BRDA:160,2,0,0
BRDA:160,2,1,19
BRDA:171,3,0,0
BRDA:171,3,1,19
BRDA:171,4,0,19
BRDA:171,4,1,19
BRF:14
BRH:10
end_of_record
TN:
SF:/Users/e070910/Documents/aristotle/packages/editor/src/svg/lib/SVGBase.js
FN:2,(anonymous_0)
FN:7,(anonymous_1)
FN:20,(anonymous_2)
FNF:3
FNH:3
FNDA:64,(anonymous_0)
FNDA:464,(anonymous_1)
FNDA:46,(anonymous_2)
DA:3,64
DA:4,64
DA:8,464
DA:10,464
DA:11,2381
DA:14,464
DA:15,250
DA:17,214
DA:21,46
LF:9
LH:9
BRDA:7,0,0,214
BRDA:14,1,0,250
BRDA:14,1,1,214
BRF:3
BRH:3
end_of_record
TN:
SF:/Users/e070910/Documents/aristotle/packages/editor/src/utils/getIdMapping.js
FN:3,getIdMapping
FN:4,(anonymous_1)
FNF:2
FNH:2
FNDA:5,getIdMapping
FNDA:35,(anonymous_1)
DA:4,35
LF:1
LH:1
BRF:0
BRH:0
end_of_record
TN:
SF:/Users/e070910/Documents/aristotle/packages/editor/src/utils/getPortIndex.js
FN:1,(anonymous_0)
FNF:1
FNH:1
FNDA:2,(anonymous_0)
DA:1,6
DA:2,2
DA:4,2
DA:5,2
DA:6,2
DA:9,0
LF:6
LH:5
BRDA:5,0,0,2
BRDA:5,0,1,0
BRF:2
BRH:1
end_of_record
TN:
SF:/Users/e070910/Documents/aristotle/packages/editor/src/utils/persistFilter.js
FN:1,persistFilter
FNF:1
FNH:0
FNDA:0,persistFilter
LF:0
LH:0
BRF:0
BRH:0
end_of_record
TN:
SF:/Users/e070910/Documents/aristotle/packages/editor/src/utils/uuid.js
FN:1,uuid
FNF:1
FNH:1
FNDA:35,uuid
DA:2,35
DA:3,35
DA:5,35
DA:6,350
DA:9,35
LF:5
LH:5
BRF:0
BRH:0
end_of_record
TN:
SF:/Users/e070910/Documents/aristotle/packages/editor/test/setup.js
FNF:0
FNH:0
DA:3,8
LF:1
LH:1
BRF:0
BRH:0
end_of_record
