TN:
SF:/Users/e070910/Documents/aristotle/packages/editor/src/Canvas.js
FN:14,(anonymous_0)
FN:27,(anonymous_1)
FN:30,(anonymous_2)
FN:31,(anonymous_3)
FN:44,(anonymous_4)
FN:52,(anonymous_5)
FN:60,(anonymous_6)
FN:70,(anonymous_7)
FN:85,(anonymous_8)
FN:96,(anonymous_9)
FN:109,(anonymous_10)
FN:124,(anonymous_11)
FN:148,(anonymous_12)
FNF:13
FNH:0
FNDA:0,(anonymous_0)
FNDA:0,(anonymous_1)
FNDA:0,(anonymous_2)
FNDA:0,(anonymous_3)
FNDA:0,(anonymous_4)
FNDA:0,(anonymous_5)
FNDA:0,(anonymous_6)
FNDA:0,(anonymous_7)
FNDA:0,(anonymous_8)
FNDA:0,(anonymous_9)
FNDA:0,(anonymous_10)
FNDA:0,(anonymous_11)
FNDA:0,(anonymous_12)
DA:15,0
DA:17,0
DA:18,0
DA:19,0
DA:28,0
DA:29,0
DA:30,0
DA:31,0
DA:32,0
DA:33,0
DA:44,0
DA:52,0
DA:61,0
DA:62,0
DA:63,0
DA:64,0
DA:65,0
DA:66,0
DA:67,0
DA:68,0
DA:70,0
DA:71,0
DA:73,0
DA:74,0
DA:75,0
DA:86,0
DA:87,0
DA:91,0
DA:93,0
DA:94,0
DA:96,0
DA:97,0
DA:100,0
DA:101,0
DA:110,0
DA:111,0
DA:112,0
DA:114,0
DA:115,0
DA:125,0
DA:126,0
DA:129,0
DA:135,0
DA:136,0
DA:137,0
DA:139,0
DA:149,0
DA:151,0
LF:48
LH:0
BRDA:32,0,0,0
BRDA:32,0,1,0
BRDA:61,1,0,0
BRDA:61,1,1,0
BRDA:86,2,0,0
BRDA:86,2,1,0
BRDA:129,3,0,0
BRDA:129,3,1,0
BRDA:129,3,2,0
BRDA:129,3,3,0
BRDA:135,4,0,0
BRDA:135,4,1,0
BRF:12
BRH:0
end_of_record
TN:
SF:/Users/e070910/Documents/aristotle/packages/editor/src/Connection.js
FN:7,(anonymous_0)
FN:22,(anonymous_1)
FN:33,(anonymous_2)
FN:42,(anonymous_3)
FNF:4
FNH:1
FNDA:6,(anonymous_0)
FNDA:0,(anonymous_1)
FNDA:0,(anonymous_2)
FNDA:0,(anonymous_3)
DA:8,6
DA:17,6
DA:18,6
DA:19,6
DA:23,0
DA:24,0
DA:25,0
DA:26,0
DA:27,0
DA:29,0
DA:30,0
DA:34,0
DA:35,0
DA:36,0
DA:37,0
DA:39,0
DA:43,0
DA:44,0
DA:45,0
DA:46,0
DA:48,0
LF:21
LH:4
BRF:0
BRH:0
end_of_record
TN:
SF:/Users/e070910/Documents/aristotle/packages/editor/src/Editor.js
FN:11,(anonymous_0)
FN:42,(anonymous_1)
FN:55,(anonymous_2)
FN:72,(anonymous_3)
FN:77,(anonymous_4)
FN:87,(anonymous_5)
FN:105,(anonymous_6)
FN:114,(anonymous_7)
FN:125,(anonymous_8)
FN:135,(anonymous_9)
FN:141,(anonymous_10)
FN:145,(anonymous_11)
FNF:12
FNH:7
FNDA:17,(anonymous_0)
FNDA:3,(anonymous_1)
FNDA:4,(anonymous_2)
FNDA:13,(anonymous_3)
FNDA:0,(anonymous_4)
FNDA:2,(anonymous_5)
FNDA:1,(anonymous_6)
FNDA:17,(anonymous_7)
FNDA:0,(anonymous_8)
FNDA:0,(anonymous_9)
FNDA:0,(anonymous_10)
FNDA:0,(anonymous_11)
DA:12,17
DA:14,17
DA:15,17
DA:16,17
DA:17,17
DA:19,17
DA:43,3
DA:44,3
DA:45,3
DA:56,4
DA:58,4
DA:59,4
DA:61,4
DA:62,4
DA:73,13
DA:74,12
DA:76,12
DA:77,9
DA:88,2
DA:90,1
DA:91,1
DA:94,1
DA:95,1
DA:97,2
DA:106,1
DA:115,17
DA:117,17
DA:119,17
DA:120,17
DA:126,0
DA:136,0
DA:142,0
DA:146,0
DA:148,0
DA:149,0
DA:151,0
DA:152,0
DA:153,0
DA:155,0
DA:157,0
DA:158,0
DA:160,0
DA:161,0
DA:162,0
DA:164,0
DA:166,0
DA:167,0
DA:169,0
DA:170,0
LF:49
LH:29
BRDA:72,0,0,2
BRDA:73,1,0,12
BRDA:73,1,1,1
BRDA:73,2,0,13
BRDA:73,2,1,12
BRDA:76,3,0,9
BRDA:76,3,1,3
BRDA:88,4,0,1
BRDA:88,4,1,1
BRDA:88,4,2,1
BRDA:146,5,0,0
BRDA:146,5,1,0
BRDA:146,5,2,0
BRDA:146,5,3,0
BRF:14
BRH:10
end_of_record
TN:
SF:/Users/e070910/Documents/aristotle/packages/editor/src/Element.js
FN:8,(anonymous_0)
FN:23,(anonymous_1)
FN:32,(anonymous_2)
FN:41,(anonymous_3)
FN:48,(anonymous_4)
FN:66,(anonymous_5)
FN:82,(anonymous_6)
FN:86,(anonymous_7)
FN:87,(anonymous_8)
FN:95,(anonymous_9)
FN:109,(anonymous_10)
FN:117,(anonymous_11)
FN:130,(anonymous_12)
FN:131,(anonymous_13)
FN:142,(anonymous_14)
FN:146,(anonymous_15)
FN:151,(anonymous_16)
FN:160,(anonymous_17)
FN:173,(anonymous_18)
FN:187,(anonymous_19)
FN:200,(anonymous_20)
FNF:21
FNH:15
FNDA:96,(anonymous_0)
FNDA:2,(anonymous_1)
FNDA:0,(anonymous_2)
FNDA:0,(anonymous_3)
FNDA:68,(anonymous_4)
FNDA:3,(anonymous_5)
FNDA:2,(anonymous_6)
FNDA:2,(anonymous_7)
FNDA:1,(anonymous_8)
FNDA:5,(anonymous_9)
FNDA:72,(anonymous_10)
FNDA:0,(anonymous_11)
FNDA:70,(anonymous_12)
FNDA:187,(anonymous_13)
FNDA:70,(anonymous_14)
FNDA:0,(anonymous_15)
FNDA:0,(anonymous_16)
FNDA:2,(anonymous_17)
FNDA:2,(anonymous_18)
FNDA:70,(anonymous_19)
FNDA:0,(anonymous_20)
DA:9,96
DA:11,96
DA:12,96
DA:24,2
DA:33,0
DA:42,0
DA:49,68
DA:51,68
DA:52,68
DA:53,68
DA:54,68
DA:55,68
DA:56,68
DA:57,68
DA:67,3
DA:69,1
DA:71,1
DA:73,1
DA:83,2
DA:86,2
DA:87,1
DA:96,5
DA:97,4
DA:99,4
DA:100,2
DA:103,3
DA:110,72
DA:111,3
DA:113,3
DA:118,0
DA:122,0
DA:131,70
DA:132,187
DA:133,187
DA:143,70
DA:147,0
DA:148,0
DA:152,0
DA:153,0
DA:154,0
DA:161,2
DA:162,1
DA:174,2
DA:175,2
DA:176,2
DA:178,2
DA:188,70
DA:189,31
DA:191,39
DA:192,39
DA:194,39
DA:195,39
DA:196,39
DA:197,39
DA:201,0
LF:55
LH:45
BRDA:11,0,0,92
BRDA:11,0,1,4
BRDA:67,1,0,1
BRDA:67,1,1,1
BRDA:67,1,2,1
BRDA:96,2,0,4
BRDA:96,2,1,1
BRDA:99,3,0,2
BRDA:99,3,1,2
BRDA:110,4,0,3
BRDA:110,4,1,69
BRDA:111,5,0,1
BRDA:111,5,1,2
BRDA:161,6,0,1
BRDA:161,6,1,1
BRDA:188,7,0,31
BRDA:188,7,1,39
BRDA:188,8,0,70
BRDA:188,8,1,69
BRF:19
BRH:19
end_of_record
TN:
SF:/Users/e070910/Documents/aristotle/packages/editor/src/commands/CommandSetInputCount.js
FN:4,(anonymous_0)
FN:15,(anonymous_1)
FN:19,(anonymous_2)
FN:23,(anonymous_3)
FN:30,(anonymous_4)
FN:37,(anonymous_5)
FN:43,(anonymous_6)
FN:54,(anonymous_7)
FN:62,(anonymous_8)
FN:68,(anonymous_9)
FN:74,(anonymous_10)
FN:80,(anonymous_11)
FN:84,(anonymous_12)
FN:90,(anonymous_13)
FN:99,(anonymous_14)
FN:103,(anonymous_15)
FN:104,(anonymous_16)
FNF:17
FNH:0
FNDA:0,(anonymous_0)
FNDA:0,(anonymous_1)
FNDA:0,(anonymous_2)
FNDA:0,(anonymous_3)
FNDA:0,(anonymous_4)
FNDA:0,(anonymous_5)
FNDA:0,(anonymous_6)
FNDA:0,(anonymous_7)
FNDA:0,(anonymous_8)
FNDA:0,(anonymous_9)
FNDA:0,(anonymous_10)
FNDA:0,(anonymous_11)
FNDA:0,(anonymous_12)
FNDA:0,(anonymous_13)
FNDA:0,(anonymous_14)
FNDA:0,(anonymous_15)
FNDA:0,(anonymous_16)
DA:5,0
DA:7,0
DA:8,0
DA:9,0
DA:10,0
DA:11,0
DA:12,0
DA:16,0
DA:20,0
DA:24,0
DA:25,0
DA:26,0
DA:27,0
DA:31,0
DA:32,0
DA:33,0
DA:34,0
DA:38,0
DA:39,0
DA:40,0
DA:44,0
DA:46,0
DA:47,0
DA:48,0
DA:49,0
DA:50,0
DA:51,0
DA:55,0
DA:56,0
DA:58,0
DA:63,0
DA:65,0
DA:69,0
DA:70,0
DA:75,0
DA:76,0
DA:77,0
DA:81,0
DA:85,0
DA:86,0
DA:88,0
DA:91,0
DA:93,0
DA:94,0
DA:95,0
DA:100,0
DA:103,0
DA:105,0
DA:107,0
DA:108,0
DA:109,0
LF:51
LH:0
BRDA:88,0,0,0
BRDA:88,0,1,0
BRF:2
BRH:0
end_of_record
TN:
SF:/Users/e070910/Documents/aristotle/packages/editor/src/elements/Digit.js
FN:7,(anonymous_0)
FN:32,(anonymous_1)
FN:45,(anonymous_2)
FN:48,(anonymous_3)
FN:58,(anonymous_4)
FN:65,(anonymous_5)
FN:72,(anonymous_6)
FN:79,(anonymous_7)
FN:85,(anonymous_8)
FNF:9
FNH:8
FNDA:12,(anonymous_0)
FNDA:2,(anonymous_1)
FNDA:18,(anonymous_2)
FNDA:72,(anonymous_3)
FNDA:17,(anonymous_4)
FNDA:1,(anonymous_5)
FNDA:4,(anonymous_6)
FNDA:0,(anonymous_7)
FNDA:14,(anonymous_8)
DA:8,12
DA:10,12
DA:11,12
DA:12,12
DA:16,12
DA:17,12
DA:33,2
DA:35,2
DA:37,2
DA:46,18
DA:48,72
DA:59,17
DA:66,1
DA:67,1
DA:69,1
DA:73,4
DA:74,4
DA:76,4
DA:80,0
DA:81,0
DA:82,0
DA:86,14
DA:88,14
DA:90,14
LF:24
LH:21
BRDA:48,0,0,5
BRDA:48,0,1,67
BRF:2
BRH:2
end_of_record
TN:
SF:/Users/e070910/Documents/aristotle/packages/editor/src/elements/IntegratedCircuit.js
FN:23,(anonymous_0)
FN:48,(anonymous_1)
FN:64,(anonymous_2)
FN:67,(anonymous_3)
FN:71,(anonymous_4)
FN:84,(anonymous_5)
FN:86,(anonymous_6)
FN:87,(anonymous_7)
FN:88,(anonymous_8)
FN:91,(anonymous_9)
FN:112,(anonymous_10)
FN:113,(anonymous_11)
FN:115,(anonymous_12)
FN:123,(anonymous_13)
FN:127,(anonymous_14)
FN:128,(anonymous_15)
FN:129,(anonymous_16)
FN:132,(anonymous_17)
FN:136,(anonymous_18)
FNF:19
FNH:13
FNDA:12,(anonymous_0)
FNDA:2,(anonymous_1)
FNDA:25,(anonymous_2)
FNDA:175,(anonymous_3)
FNDA:0,(anonymous_4)
FNDA:24,(anonymous_5)
FNDA:154,(anonymous_6)
FNDA:22,(anonymous_7)
FNDA:44,(anonymous_8)
FNDA:80,(anonymous_9)
FNDA:2,(anonymous_10)
FNDA:14,(anonymous_11)
FNDA:12,(anonymous_12)
FNDA:0,(anonymous_13)
FNDA:0,(anonymous_14)
FNDA:0,(anonymous_15)
FNDA:0,(anonymous_16)
FNDA:0,(anonymous_17)
FNDA:12,(anonymous_18)
DA:24,12
DA:26,12
DA:27,12
DA:28,12
DA:29,12
DA:30,12
DA:37,12
DA:38,12
DA:49,2
DA:50,2
DA:52,2
DA:53,1
DA:55,1
DA:65,25
DA:67,175
DA:72,0
DA:74,0
DA:85,24
DA:86,154
DA:87,22
DA:88,44
DA:92,80
DA:94,47
DA:96,47
DA:98,24
DA:101,47
DA:103,47
DA:106,33
DA:113,14
DA:115,2
DA:116,12
DA:117,12
DA:119,12
DA:124,0
DA:127,0
DA:128,0
DA:129,0
DA:133,0
DA:137,12
LF:39
LH:32
BRDA:52,0,0,1
BRDA:52,0,1,1
BRDA:92,1,0,47
BRDA:92,1,1,33
BRDA:92,2,0,80
BRDA:92,2,1,57
BRDA:96,3,0,24
BRDA:96,3,1,23
BRF:8
BRH:8
end_of_record
TN:
SF:/Users/e070910/Documents/aristotle/packages/editor/src/elements/Lightbulb.js
FN:6,(anonymous_0)
FN:21,(anonymous_1)
FN:27,(anonymous_2)
FNF:3
FNH:2
FNDA:10,(anonymous_0)
FNDA:0,(anonymous_1)
FNDA:10,(anonymous_2)
DA:7,10
DA:9,10
DA:10,10
DA:11,10
DA:22,0
DA:23,0
DA:24,0
DA:28,10
DA:37,10
LF:9
LH:6
BRF:0
BRH:0
end_of_record
TN:
SF:/Users/e070910/Documents/aristotle/packages/editor/src/elements/LogicGate.js
FN:7,(anonymous_0)
FN:30,(anonymous_1)
FN:34,(anonymous_2)
FN:38,(anonymous_3)
FNF:4
FNH:3
FNDA:17,(anonymous_0)
FNDA:0,(anonymous_1)
FNDA:17,(anonymous_2)
FNDA:17,(anonymous_3)
DA:8,17
DA:10,17
DA:11,17
DA:12,17
DA:13,17
DA:20,17
DA:31,0
DA:35,17
DA:39,17
DA:41,15
DA:44,2
LF:11
LH:10
BRDA:39,0,0,15
BRDA:39,0,1,2
BRDA:39,0,2,2
BRF:3
BRH:3
end_of_record
TN:
SF:/Users/e070910/Documents/aristotle/packages/editor/src/elements/Switch.js
FN:7,(anonymous_0)
FN:48,(anonymous_1)
FN:54,(anonymous_2)
FN:94,(anonymous_3)
FNF:4
FNH:2
FNDA:15,(anonymous_0)
FNDA:0,(anonymous_1)
FNDA:15,(anonymous_2)
FNDA:0,(anonymous_3)
DA:8,15
DA:10,15
DA:12,15
DA:29,15
DA:30,15
DA:32,15
DA:38,15
DA:49,0
DA:50,0
DA:51,0
DA:55,15
DA:56,15
DA:58,15
DA:79,15
DA:81,0
DA:91,0
DA:95,0
DA:96,0
DA:97,0
DA:98,0
DA:99,0
LF:21
LH:11
BRDA:55,0,0,0
BRDA:55,0,1,15
BRDA:56,1,0,0
BRDA:56,1,1,15
BRDA:95,2,0,0
BRDA:95,2,1,0
BRF:6
BRH:2
end_of_record
TN:
SF:/Users/e070910/Documents/aristotle/packages/editor/src/layout/BezierConnectionRouter.js
FN:4,(anonymous_0)
FNF:1
FNH:0
FNDA:0,(anonymous_0)
DA:5,0
DA:6,0
DA:8,0
DA:12,0
DA:16,0
DA:17,0
DA:19,0
DA:20,0
DA:22,0
DA:23,0
DA:25,0
DA:26,0
DA:27,0
DA:28,0
DA:30,0
DA:35,0
LF:16
LH:0
BRF:0
BRH:0
end_of_record
TN:
SF:/Users/e070910/Documents/aristotle/packages/editor/src/models/EditorModel.js
FN:2,(anonymous_0)
FNF:1
FNH:0
FNDA:0,(anonymous_0)
DA:9,0
DA:10,0
DA:11,0
DA:12,0
DA:13,0
LF:5
LH:0
BRDA:3,0,0,0
BRDA:4,1,0,0
BRDA:5,2,0,0
BRDA:6,3,0,0
BRDA:7,4,0,0
BRF:5
BRH:0
end_of_record
TN:
SF:/Users/e070910/Documents/aristotle/packages/editor/src/services/DeserializerService.js
FN:21,(anonymous_0)
FN:30,(anonymous_1)
FN:49,(anonymous_2)
FN:66,(anonymous_3)
FN:76,(anonymous_4)
FN:92,(anonymous_5)
FN:107,(anonymous_6)
FN:110,(anonymous_7)
FNF:8
FNH:8
FNDA:24,(anonymous_0)
FNDA:5,(anonymous_1)
FNDA:37,(anonymous_2)
FNDA:30,(anonymous_3)
FNDA:30,(anonymous_4)
FNDA:30,(anonymous_5)
FNDA:60,(anonymous_6)
FNDA:420,(anonymous_7)
DA:22,24
DA:31,5
DA:32,5
DA:33,5
DA:35,5
DA:36,5
DA:38,5
DA:50,37
DA:51,37
DA:53,37
DA:54,37
DA:67,30
DA:70,30
DA:76,30
DA:78,30
DA:80,30
DA:81,30
DA:93,30
DA:95,30
DA:96,30
DA:98,30
DA:108,60
DA:110,420
LF:23
LH:23
BRF:0
BRH:0
end_of_record
TN:
SF:/Users/e070910/Documents/aristotle/packages/editor/src/services/ElementInitializerService.js
FN:15,(anonymous_0)
FNF:1
FNH:1
FNDA:38,(anonymous_0)
DA:16,38
DA:18,1
DA:20,11
DA:22,15
DA:24,10
DA:26,1
LF:6
LH:6
BRDA:16,0,0,1
BRDA:16,0,1,11
BRDA:16,0,2,15
BRDA:16,0,3,10
BRDA:16,0,4,1
BRF:5
BRH:5
end_of_record
TN:
SF:/Users/e070910/Documents/aristotle/packages/editor/src/services/SerializerService.js
FN:4,(anonymous_0)
FN:8,(anonymous_1)
FN:15,(anonymous_2)
FN:19,(anonymous_3)
FN:26,(anonymous_4)
FN:34,(anonymous_5)
FNF:6
FNH:1
FNDA:17,(anonymous_0)
FNDA:0,(anonymous_1)
FNDA:0,(anonymous_2)
FNDA:0,(anonymous_3)
FNDA:0,(anonymous_4)
FNDA:0,(anonymous_5)
DA:5,17
DA:9,0
DA:16,0
DA:20,0
DA:21,0
DA:23,0
DA:27,0
DA:28,0
DA:29,0
DA:31,0
DA:35,0
DA:36,0
DA:38,0
DA:42,0
LF:14
LH:1
BRDA:35,0,0,0
BRDA:35,0,1,0
BRF:2
BRH:0
end_of_record
TN:
SF:/Users/e070910/Documents/aristotle/packages/editor/src/svg/index.js
FNF:0
FNH:0
LF:0
LH:0
BRF:0
BRH:0
end_of_record
TN:
SF:/Users/e070910/Documents/aristotle/packages/editor/src/svg/lib/DigitSVG.js
FN:63,(anonymous_0)
FN:77,(anonymous_1)
FN:81,(anonymous_2)
FN:85,(anonymous_3)
FN:94,(anonymous_4)
FN:97,(anonymous_5)
FN:114,(anonymous_6)
FN:130,(anonymous_7)
FN:139,(anonymous_8)
FN:160,(anonymous_9)
FN:161,(anonymous_10)
FN:173,(anonymous_11)
FNF:12
FNH:12
FNDA:21,(anonymous_0)
FNDA:21,(anonymous_1)
FNDA:147,(anonymous_2)
FNDA:147,(anonymous_3)
FNDA:16,(anonymous_4)
FNDA:20,(anonymous_5)
FNDA:67,(anonymous_6)
FNDA:15,(anonymous_7)
FNDA:16,(anonymous_8)
FNDA:18,(anonymous_9)
FNDA:72,(anonymous_10)
FNDA:16,(anonymous_11)
DA:18,7
DA:38,7
DA:39,7
DA:40,7
DA:41,7
DA:42,7
DA:43,7
DA:44,7
DA:46,7
DA:64,21
DA:66,21
DA:78,21
DA:80,21
DA:81,147
DA:85,147
DA:95,16
DA:98,20
DA:99,20
DA:101,20
DA:115,67
DA:131,15
DA:140,16
DA:161,72
DA:174,16
DA:175,16
DA:177,16
DA:178,16
DA:181,16
DA:186,16
DA:188,16
DA:192,16
DA:194,16
LF:32
LH:32
BRDA:82,0,0,117
BRDA:82,0,1,30
BRF:2
BRH:2
end_of_record
TN:
SF:/Users/e070910/Documents/aristotle/packages/editor/src/svg/lib/IntegratedCircuitSVG.js
FN:15,(anonymous_0)
FN:31,(anonymous_1)
FN:49,(anonymous_2)
FN:66,(anonymous_3)
FN:87,(anonymous_4)
FN:105,(anonymous_5)
FN:119,(anonymous_6)
FN:133,(anonymous_7)
FN:147,(anonymous_8)
FN:153,(anonymous_9)
FN:164,(anonymous_10)
FN:169,(anonymous_11)
FN:187,(anonymous_12)
FN:192,(anonymous_13)
FN:210,(anonymous_14)
FN:215,(anonymous_15)
FN:233,(anonymous_16)
FN:238,(anonymous_17)
FN:254,(anonymous_18)
FN:262,(anonymous_19)
FN:262,(anonymous_20)
FN:293,(anonymous_21)
FN:309,(anonymous_22)
FN:336,(anonymous_23)
FN:338,(anonymous_24)
FN:357,(anonymous_25)
FN:358,(anonymous_26)
FN:379,(anonymous_27)
FN:381,(anonymous_28)
FN:395,(anonymous_29)
FNF:30
FNH:28
FNDA:39,(anonymous_0)
FNDA:70,(anonymous_1)
FNDA:18,(anonymous_2)
FNDA:86,(anonymous_3)
FNDA:112,(anonymous_4)
FNDA:0,(anonymous_5)
FNDA:41,(anonymous_6)
FNDA:26,(anonymous_7)
FNDA:15,(anonymous_8)
FNDA:116,(anonymous_9)
FNDA:29,(anonymous_10)
FNDA:41,(anonymous_11)
FNDA:29,(anonymous_12)
FNDA:26,(anonymous_13)
FNDA:29,(anonymous_14)
FNDA:0,(anonymous_15)
FNDA:29,(anonymous_16)
FNDA:15,(anonymous_17)
FNDA:29,(anonymous_18)
FNDA:348,(anonymous_19)
FNDA:246,(anonymous_20)
FNDA:29,(anonymous_21)
FNDA:29,(anonymous_22)
FNDA:39,(anonymous_23)
FNDA:78,(anonymous_24)
FNDA:39,(anonymous_25)
FNDA:156,(anonymous_26)
FNDA:29,(anonymous_27)
FNDA:82,(anonymous_28)
FNDA:29,(anonymous_29)
DA:3,7
DA:4,7
DA:5,7
DA:6,7
DA:7,7
DA:8,7
DA:9,7
DA:10,7
DA:11,7
DA:16,39
DA:18,39
DA:19,39
DA:20,39
DA:21,39
DA:32,70
DA:50,18
DA:67,86
DA:69,86
DA:70,57
DA:73,86
DA:75,86
DA:88,112
DA:94,112
DA:106,0
DA:108,0
DA:120,41
DA:122,41
DA:134,26
DA:136,26
DA:148,15
DA:150,15
DA:154,116
DA:165,29
DA:166,29
DA:168,29
DA:169,41
DA:188,29
DA:189,29
DA:191,29
DA:192,26
DA:211,29
DA:212,29
DA:214,29
DA:215,0
DA:234,29
DA:235,29
DA:237,29
DA:238,15
DA:255,29
DA:257,29
DA:258,29
DA:259,29
DA:260,29
DA:262,348
DA:264,29
DA:294,29
DA:295,29
DA:296,29
DA:298,29
DA:303,29
DA:310,29
DA:311,29
DA:312,29
DA:320,29
DA:322,29
DA:337,39
DA:338,78
DA:340,39
DA:341,39
DA:343,39
DA:344,39
DA:346,39
DA:347,39
DA:349,39
DA:358,156
DA:359,39
DA:360,39
DA:362,39
DA:363,39
DA:365,39
DA:366,39
DA:368,39
DA:380,29
DA:382,82
DA:401,29
DA:407,29
DA:408,29
DA:410,29
DA:418,29
DA:424,29
DA:426,29
LF:91
LH:88
BRDA:69,0,0,57
BRDA:69,0,1,29
BRDA:358,1,0,76
BRDA:358,1,1,80
BRDA:362,2,0,38
BRDA:362,2,1,1
BRDA:363,3,0,0
BRDA:363,3,1,39
BRF:8
BRH:7
end_of_record
TN:
SF:/Users/e070910/Documents/aristotle/packages/editor/src/svg/lib/LogicGateSVG.js
FN:22,(anonymous_0)
FN:43,(anonymous_1)
FN:67,(anonymous_2)
FN:89,(anonymous_3)
FN:109,(anonymous_4)
FN:128,(anonymous_5)
FN:138,(anonymous_6)
FN:159,(anonymous_7)
FNF:8
FNH:7
FNDA:20,(anonymous_0)
FNDA:39,(anonymous_1)
FNDA:19,(anonymous_2)
FNDA:19,(anonymous_3)
FNDA:19,(anonymous_4)
FNDA:0,(anonymous_5)
FNDA:19,(anonymous_6)
FNDA:19,(anonymous_7)
DA:3,6
DA:4,6
DA:5,6
DA:7,6
DA:15,6
DA:23,20
DA:25,20
DA:26,20
DA:27,20
DA:44,39
DA:45,39
DA:46,39
DA:48,39
DA:49,60
DA:58,39
DA:68,19
DA:69,19
DA:70,19
DA:72,19
DA:73,38
DA:74,38
DA:76,38
DA:79,19
DA:90,19
DA:96,19
DA:110,19
DA:113,0
DA:117,2
DA:119,17
DA:129,0
DA:139,19
DA:140,19
DA:142,19
DA:143,17
DA:151,2
DA:160,19
DA:163,19
DA:164,19
DA:165,19
DA:171,19
DA:173,0
DA:176,19
DA:178,19
DA:184,19
DA:186,19
DA:193,19
LF:46
LH:43
BRDA:110,0,0,0
BRDA:110,0,1,0
BRDA:110,0,2,2
BRDA:110,0,3,2
BRDA:110,0,4,2
BRDA:110,0,5,17
BRDA:142,1,0,17
BRDA:142,1,1,2
BRDA:160,2,0,0
BRDA:160,2,1,19
BRDA:171,3,0,0
BRDA:171,3,1,19
BRDA:171,4,0,19
BRDA:171,4,1,19
BRF:14
BRH:10
end_of_record
TN:
SF:/Users/e070910/Documents/aristotle/packages/editor/src/svg/lib/SVGBase.js
FN:2,(anonymous_0)
FN:7,(anonymous_1)
FN:20,(anonymous_2)
FNF:3
FNH:3
FNDA:80,(anonymous_0)
FNDA:630,(anonymous_1)
FNDA:64,(anonymous_2)
DA:3,80
DA:4,80
DA:8,630
DA:10,630
DA:11,3023
DA:14,630
DA:15,334
DA:17,296
DA:21,64
LF:9
LH:9
BRDA:7,0,0,296
BRDA:14,1,0,334
BRDA:14,1,1,296
BRF:3
BRH:3
end_of_record
TN:
SF:/Users/e070910/Documents/aristotle/packages/editor/src/utils/getIdMapping.js
FN:3,getIdMapping
FN:4,(anonymous_1)
FNF:2
FNH:2
FNDA:5,getIdMapping
FNDA:35,(anonymous_1)
DA:4,35
LF:1
LH:1
BRF:0
BRH:0
end_of_record
TN:
SF:/Users/e070910/Documents/aristotle/packages/editor/src/utils/getPortIndex.js
FN:1,(anonymous_0)
FNF:1
FNH:1
FNDA:6,(anonymous_0)
DA:1,7
DA:2,6
DA:4,6
DA:5,12
DA:6,6
DA:9,0
LF:6
LH:5
BRDA:5,0,0,6
BRDA:5,0,1,6
BRF:2
BRH:2
end_of_record
TN:
SF:/Users/e070910/Documents/aristotle/packages/editor/src/utils/persistFilter.js
FN:1,persistFilter
FNF:1
FNH:0
FNDA:0,persistFilter
LF:0
LH:0
BRF:0
BRH:0
end_of_record
TN:
SF:/Users/e070910/Documents/aristotle/packages/editor/src/utils/uuid.js
FN:1,uuid
FNF:1
FNH:1
FNDA:35,uuid
DA:2,35
DA:3,35
DA:5,35
DA:6,350
DA:9,35
LF:5
LH:5
BRF:0
BRH:0
end_of_record
TN:
SF:/Users/e070910/Documents/aristotle/packages/editor/test/setup.js
FNF:0
FNH:0
DA:3,9
LF:1
LH:1
BRF:0
BRH:0
end_of_record
