<?xml version="1.0" encoding="UTF-8"?>
<coverage generated="1544365221118" clover="3.2.0">
  <project timestamp="1544365221118" name="All files">
    <metrics statements="109" coveredstatements="106" conditionals="28" coveredconditionals="26" methods="39" coveredmethods="37" elements="176" coveredelements="169" complexity="0" loc="109" ncloc="109" packages="3" files="8" classes="8">
      <package name="base">
        <metrics statements="87" coveredstatements="84" conditionals="20" coveredconditionals="18" methods="35" coveredmethods="33"/>
        <file name="Circuit.ts" path="C:\Users\Josh\Documents\aristotle\packages\logic-circuit\src\base\Circuit.ts">
          <metrics statements="48" coveredstatements="45" conditionals="16" coveredconditionals="14" methods="17" coveredmethods="15"/>
          <line num="2" count="1" type="stmt"/>
          <line num="3" count="1" type="stmt"/>
          <line num="4" count="1" type="stmt"/>
          <line num="12" count="33" type="stmt"/>
          <line num="19" count="33" type="stmt"/>
          <line num="26" count="33" type="stmt"/>
          <line num="34" count="17" type="cond" truecount="2" falsecount="0"/>
          <line num="35" count="7" type="stmt"/>
          <line num="36" count="7" type="stmt"/>
          <line num="38" count="17" type="stmt"/>
          <line num="47" count="9" type="cond" truecount="2" falsecount="0"/>
          <line num="48" count="5" type="stmt"/>
          <line num="49" count="5" type="stmt"/>
          <line num="51" count="9" type="stmt"/>
          <line num="52" count="9" type="stmt"/>
          <line num="53" count="9" type="stmt"/>
          <line num="64" count="8" type="stmt"/>
          <line num="65" count="8" type="stmt"/>
          <line num="66" count="8" type="stmt"/>
          <line num="67" count="8" type="stmt"/>
          <line num="78" count="4" type="stmt"/>
          <line num="82" count="8" type="cond" truecount="2" falsecount="0"/>
          <line num="84" count="4" type="stmt"/>
          <line num="87" count="4" type="stmt"/>
          <line num="90" count="4" type="stmt"/>
          <line num="93" count="4" type="stmt"/>
          <line num="102" count="10" type="stmt"/>
          <line num="103" count="2" type="stmt"/>
          <line num="113" count="21" type="stmt"/>
          <line num="114" count="25" type="cond" truecount="2" falsecount="0"/>
          <line num="115" count="16" type="stmt"/>
          <line num="126" count="2" type="stmt"/>
          <line num="128" count="2" type="cond" truecount="2" falsecount="0"/>
          <line num="129" count="1" type="stmt"/>
          <line num="137" count="7" type="stmt"/>
          <line num="145" count="12" type="stmt"/>
          <line num="147" count="12" type="stmt"/>
          <line num="148" count="6" type="stmt"/>
          <line num="149" count="6" type="stmt"/>
          <line num="151" count="6" type="cond" truecount="2" falsecount="0"/>
          <line num="152" count="1" type="stmt"/>
          <line num="153" count="1" type="stmt"/>
          <line num="157" count="12" type="cond" truecount="2" falsecount="2"/>
          <line num="159" count="0" type="stmt"/>
          <line num="169" count="11" type="stmt"/>
          <line num="173" count="0" type="stmt"/>
          <line num="174" count="0" type="stmt"/>
          <line num="180" count="1" type="stmt"/>
        </file>
        <file name="CircuitNode.ts" path="C:\Users\Josh\Documents\aristotle\packages\logic-circuit\src\base\CircuitNode.ts">
          <metrics statements="30" coveredstatements="30" conditionals="4" coveredconditionals="4" methods="13" coveredmethods="13"/>
          <line num="2" count="6" type="stmt"/>
          <line num="11" count="100" type="stmt"/>
          <line num="18" count="100" type="stmt"/>
          <line num="25" count="100" type="stmt"/>
          <line num="40" count="100" type="stmt"/>
          <line num="48" count="100" type="stmt"/>
          <line num="56" count="100" type="stmt"/>
          <line num="64" count="100" type="stmt"/>
          <line num="74" count="4" type="stmt"/>
          <line num="75" count="6" type="cond" truecount="2" falsecount="0"/>
          <line num="76" count="3" type="stmt"/>
          <line num="87" count="2" type="stmt"/>
          <line num="97" count="22" type="stmt"/>
          <line num="99" count="50" type="stmt"/>
          <line num="109" count="1" type="stmt"/>
          <line num="110" count="2" type="stmt"/>
          <line num="121" count="2" type="stmt"/>
          <line num="122" count="2" type="stmt"/>
          <line num="131" count="6" type="cond" truecount="2" falsecount="0"/>
          <line num="132" count="5" type="stmt"/>
          <line num="133" count="5" type="stmt"/>
          <line num="134" count="5" type="stmt"/>
          <line num="135" count="5" type="stmt"/>
          <line num="137" count="10" type="stmt"/>
          <line num="139" count="1" type="stmt"/>
          <line num="146" count="5" type="stmt"/>
          <line num="147" count="5" type="stmt"/>
          <line num="148" count="5" type="stmt"/>
          <line num="158" count="1" type="stmt"/>
          <line num="163" count="6" type="stmt"/>
        </file>
        <file name="InputNode.ts" path="C:\Users\Josh\Documents\aristotle\packages\logic-circuit\src\base\InputNode.ts">
          <metrics statements="6" coveredstatements="6" conditionals="0" coveredconditionals="0" methods="4" coveredmethods="4"/>
          <line num="1" count="2" type="stmt"/>
          <line num="2" count="2" type="stmt"/>
          <line num="5" count="19" type="stmt"/>
          <line num="14" count="2" type="stmt"/>
          <line num="15" count="2" type="stmt"/>
          <line num="28" count="2" type="stmt"/>
        </file>
        <file name="OutputNode.ts" path="C:\Users\Josh\Documents\aristotle\packages\logic-circuit\src\base\OutputNode.ts">
          <metrics statements="3" coveredstatements="3" conditionals="0" coveredconditionals="0" methods="1" coveredmethods="1"/>
          <line num="1" count="1" type="stmt"/>
          <line num="11" count="1" type="stmt"/>
          <line num="15" count="1" type="stmt"/>
        </file>
      </package>
      <package name="gates">
        <metrics statements="17" coveredstatements="17" conditionals="8" coveredconditionals="8" methods="3" coveredmethods="3"/>
        <file name="Nor.ts" path="C:\Users\Josh\Documents\aristotle\packages\logic-circuit\src\gates\Nor.ts">
          <metrics statements="8" coveredstatements="8" conditionals="4" coveredconditionals="4" methods="1" coveredmethods="1"/>
          <line num="1" count="2" type="stmt"/>
          <line num="2" count="2" type="stmt"/>
          <line num="16" count="7" type="cond" truecount="2" falsecount="0"/>
          <line num="17" count="4" type="stmt"/>
          <line num="20" count="3" type="cond" truecount="2" falsecount="0"/>
          <line num="21" count="2" type="stmt"/>
          <line num="24" count="1" type="stmt"/>
          <line num="28" count="2" type="stmt"/>
        </file>
        <file name="Or.ts" path="C:\Users\Josh\Documents\aristotle\packages\logic-circuit\src\gates\Or.ts">
          <metrics statements="9" coveredstatements="9" conditionals="4" coveredconditionals="4" methods="2" coveredmethods="2"/>
          <line num="1" count="3" type="stmt"/>
          <line num="2" count="3" type="stmt"/>
          <line num="5" count="51" type="stmt"/>
          <line num="8" count="7" type="cond" truecount="2" falsecount="0"/>
          <line num="9" count="4" type="stmt"/>
          <line num="12" count="3" type="cond" truecount="2" falsecount="0"/>
          <line num="13" count="2" type="stmt"/>
          <line num="16" count="1" type="stmt"/>
          <line num="20" count="3" type="stmt"/>
        </file>
      </package>
      <package name="types">
        <metrics statements="5" coveredstatements="5" conditionals="0" coveredconditionals="0" methods="1" coveredmethods="1"/>
        <file name="Connection.ts" path="C:\Users\Josh\Documents\aristotle\packages\logic-circuit\src\types\Connection.ts">
          <metrics statements="3" coveredstatements="3" conditionals="0" coveredconditionals="0" methods="1" coveredmethods="1"/>
          <line num="8" count="22" type="stmt"/>
          <line num="9" count="22" type="stmt"/>
          <line num="13" count="2" type="stmt"/>
        </file>
        <file name="LogicValue.ts" path="C:\Users\Josh\Documents\aristotle\packages\logic-circuit\src\types\LogicValue.ts">
          <metrics statements="2" coveredstatements="2" conditionals="0" coveredconditionals="0" methods="0" coveredmethods="0"/>
          <line num="1" count="6" type="stmt"/>
          <line num="7" count="6" type="stmt"/>
        </file>
      </package>
    </metrics>
  </project>
</coverage>
