{"C:\\Users\\Josh\\Documents\\aristotle\\packages\\logic-circuit\\src\\base\\Circuit.ts": {"path":"C:\\Users\\Josh\\Documents\\aristotle\\packages\\logic-circuit\\src\\base\\Circuit.ts","statementMap":{"0":{"start":{"line":2,"column":0},"end":{"line":2,"column":40}},"1":{"start":{"line":3,"column":0},"end":{"line":3,"column":43}},"2":{"start":{"line":4,"column":0},"end":{"line":4,"column":43}},"3":{"start":{"line":12,"column":9},"end":{"line":12,"column":39}},"4":{"start":{"line":19,"column":9},"end":{"line":19,"column":39}},"5":{"start":{"line":26,"column":9},"end":{"line":26,"column":38}},"6":{"start":{"line":34,"column":4},"end":{"line":37,"column":5}},"7":{"start":{"line":35,"column":6},"end":{"line":35,"column":28}},"8":{"start":{"line":36,"column":6},"end":{"line":36,"column":24}},"9":{"start":{"line":38,"column":4},"end":{"line":38,"column":25}},"10":{"start":{"line":47,"column":4},"end":{"line":50,"column":5}},"11":{"start":{"line":48,"column":6},"end":{"line":48,"column":54}},"12":{"start":{"line":49,"column":6},"end":{"line":49,"column":18}},"13":{"start":{"line":51,"column":4},"end":{"line":51,"column":50}},"14":{"start":{"line":52,"column":4},"end":{"line":52,"column":32}},"15":{"start":{"line":53,"column":4},"end":{"line":53,"column":15}},"16":{"start":{"line":64,"column":4},"end":{"line":64,"column":60}},"17":{"start":{"line":65,"column":4},"end":{"line":65,"column":37}},"18":{"start":{"line":66,"column":4},"end":{"line":66,"column":24}},"19":{"start":{"line":67,"column":4},"end":{"line":67,"column":15}},"20":{"start":{"line":78,"column":4},"end":{"line":92,"column":8}},"21":{"start":{"line":82,"column":8},"end":{"line":91,"column":9}},"22":{"start":{"line":84,"column":10},"end":{"line":84,"column":54}},"23":{"start":{"line":87,"column":10},"end":{"line":87,"column":41}},"24":{"start":{"line":90,"column":10},"end":{"line":90,"column":46}},"25":{"start":{"line":93,"column":4},"end":{"line":93,"column":15}},"26":{"start":{"line":102,"column":4},"end":{"line":104,"column":5}},"27":{"start":{"line":103,"column":6},"end":{"line":103,"column":59}},"28":{"start":{"line":113,"column":4},"end":{"line":117,"column":6}},"29":{"start":{"line":114,"column":6},"end":{"line":116,"column":7}},"30":{"start":{"line":115,"column":8},"end":{"line":115,"column":29}},"31":{"start":{"line":126,"column":25},"end":{"line":126,"column":52}},"32":{"start":{"line":128,"column":4},"end":{"line":130,"column":5}},"33":{"start":{"line":129,"column":6},"end":{"line":129,"column":40}},"34":{"start":{"line":137,"column":4},"end":{"line":137,"column":46}},"35":{"start":{"line":137,"column":33},"end":{"line":137,"column":45}},"36":{"start":{"line":145,"column":25},"end":{"line":145,"column":30}},"37":{"start":{"line":147,"column":4},"end":{"line":155,"column":6}},"38":{"start":{"line":148,"column":6},"end":{"line":148,"column":39}},"39":{"start":{"line":149,"column":6},"end":{"line":149,"column":24}},"40":{"start":{"line":151,"column":6},"end":{"line":154,"column":7}},"41":{"start":{"line":152,"column":8},"end":{"line":152,"column":29}},"42":{"start":{"line":153,"column":8},"end":{"line":153,"column":35}},"43":{"start":{"line":157,"column":4},"end":{"line":160,"column":5}},"44":{"start":{"line":159,"column":6},"end":{"line":159,"column":24}},"45":{"start":{"line":169,"column":4},"end":{"line":169,"column":34}},"46":{"start":{"line":173,"column":4},"end":{"line":175,"column":6}},"47":{"start":{"line":174,"column":6},"end":{"line":174,"column":46}},"48":{"start":{"line":180,"column":0},"end":{"line":180,"column":22}}},"fnMap":{"0":{"name":"(anonymous_0)","decl":{"start":{"line":6,"column":0},"end":{"line":null,"column":-1}},"loc":{"start":{"line":6,"column":0},"end":{"line":177,"column":1}}},"1":{"name":"(anonymous_1)","decl":{"start":{"line":33,"column":9},"end":{"line":33,"column":15}},"loc":{"start":{"line":33,"column":35},"end":{"line":39,"column":3}}},"2":{"name":"(anonymous_2)","decl":{"start":{"line":46,"column":9},"end":{"line":46,"column":18}},"loc":{"start":{"line":46,"column":38},"end":{"line":54,"column":3}}},"3":{"name":"(anonymous_3)","decl":{"start":{"line":63,"column":9},"end":{"line":63,"column":21}},"loc":{"start":{"line":63,"column":85},"end":{"line":68,"column":3}}},"4":{"name":"(anonymous_4)","decl":{"start":{"line":77,"column":9},"end":{"line":77,"column":24}},"loc":{"start":{"line":77,"column":75},"end":{"line":94,"column":3}}},"5":{"name":"(anonymous_5)","decl":{"start":{"line":81,"column":15},"end":{"line":81,"column":16}},"loc":{"start":{"line":81,"column":58},"end":{"line":92,"column":7}}},"6":{"name":"(anonymous_6)","decl":{"start":{"line":101,"column":2},"end":{"line":101,"column":18}},"loc":{"start":{"line":101,"column":40},"end":{"line":105,"column":3}}},"7":{"name":"(anonymous_7)","decl":{"start":{"line":112,"column":9},"end":{"line":112,"column":15}},"loc":{"start":{"line":112,"column":41},"end":{"line":118,"column":3}}},"8":{"name":"(anonymous_8)","decl":{"start":{"line":113,"column":18},"end":{"line":113,"column":19}},"loc":{"start":{"line":113,"column":27},"end":{"line":117,"column":5}}},"9":{"name":"(anonymous_9)","decl":{"start":{"line":125,"column":9},"end":{"line":125,"column":15}},"loc":{"start":{"line":125,"column":38},"end":{"line":131,"column":3}}},"10":{"name":"(anonymous_10)","decl":{"start":{"line":136,"column":9},"end":{"line":136,"column":13}},"loc":{"start":{"line":136,"column":14},"end":{"line":138,"column":3}}},"11":{"name":"(anonymous_11)","decl":{"start":{"line":137,"column":23},"end":{"line":137,"column":24}},"loc":{"start":{"line":137,"column":33},"end":{"line":137,"column":45}}},"12":{"name":"(anonymous_12)","decl":{"start":{"line":144,"column":9},"end":{"line":144,"column":12}},"loc":{"start":{"line":144,"column":13},"end":{"line":161,"column":3}}},"13":{"name":"(anonymous_13)","decl":{"start":{"line":147,"column":23},"end":{"line":147,"column":24}},"loc":{"start":{"line":147,"column":32},"end":{"line":155,"column":5}}},"14":{"name":"(anonymous_14)","decl":{"start":{"line":168,"column":9},"end":{"line":168,"column":18}},"loc":{"start":{"line":168,"column":19},"end":{"line":170,"column":3}}},"15":{"name":"(anonymous_15)","decl":{"start":{"line":172,"column":2},"end":{"line":172,"column":6}},"loc":{"start":{"line":172,"column":7},"end":{"line":176,"column":3}}},"16":{"name":"(anonymous_16)","decl":{"start":{"line":173,"column":23},"end":{"line":173,"column":24}},"loc":{"start":{"line":173,"column":53},"end":{"line":175,"column":5}}}},"branchMap":{"0":{"loc":{"start":{"line":34,"column":4},"end":{"line":37,"column":5}},"type":"if","locations":[{"start":{"line":34,"column":4},"end":{"line":37,"column":5}},{"start":{"line":34,"column":4},"end":{"line":37,"column":5}}]},"1":{"loc":{"start":{"line":47,"column":4},"end":{"line":50,"column":5}},"type":"if","locations":[{"start":{"line":47,"column":4},"end":{"line":50,"column":5}},{"start":{"line":47,"column":4},"end":{"line":50,"column":5}}]},"2":{"loc":{"start":{"line":82,"column":8},"end":{"line":91,"column":9}},"type":"if","locations":[{"start":{"line":82,"column":8},"end":{"line":91,"column":9}},{"start":{"line":82,"column":8},"end":{"line":91,"column":9}}]},"3":{"loc":{"start":{"line":114,"column":6},"end":{"line":116,"column":7}},"type":"if","locations":[{"start":{"line":114,"column":6},"end":{"line":116,"column":7}},{"start":{"line":114,"column":6},"end":{"line":116,"column":7}}]},"4":{"loc":{"start":{"line":128,"column":4},"end":{"line":130,"column":5}},"type":"if","locations":[{"start":{"line":128,"column":4},"end":{"line":130,"column":5}},{"start":{"line":128,"column":4},"end":{"line":130,"column":5}}]},"5":{"loc":{"start":{"line":151,"column":6},"end":{"line":154,"column":7}},"type":"if","locations":[{"start":{"line":151,"column":6},"end":{"line":154,"column":7}},{"start":{"line":151,"column":6},"end":{"line":154,"column":7}}]},"6":{"loc":{"start":{"line":157,"column":4},"end":{"line":160,"column":5}},"type":"if","locations":[{"start":{"line":157,"column":4},"end":{"line":160,"column":5}},{"start":{"line":157,"column":4},"end":{"line":160,"column":5}}]},"7":{"loc":{"start":{"line":157,"column":8},"end":{"line":157,"column":26}},"type":"binary-expr","locations":[{"start":{"line":157,"column":8},"end":{"line":157,"column":26}},{"start":{"line":157,"column":30},"end":{"line":157,"column":45}}]}},"s":{"0":1,"1":1,"2":1,"3":33,"4":33,"5":33,"6":17,"7":7,"8":7,"9":17,"10":9,"11":5,"12":5,"13":9,"14":9,"15":9,"16":8,"17":8,"18":8,"19":8,"20":4,"21":8,"22":4,"23":4,"24":4,"25":4,"26":10,"27":2,"28":21,"29":25,"30":16,"31":2,"32":2,"33":1,"34":6,"35":7,"36":12,"37":12,"38":6,"39":6,"40":6,"41":1,"42":1,"43":12,"44":0,"45":11,"46":0,"47":0,"48":1},"f":{"0":33,"1":17,"2":9,"3":8,"4":4,"5":8,"6":10,"7":21,"8":25,"9":2,"10":6,"11":7,"12":12,"13":6,"14":11,"15":0,"16":0},"b":{"0":[7,10],"1":[5,4],"2":[4,4],"3":[16,9],"4":[1,1],"5":[1,5],"6":[0,12],"7":[12,0]}}
,"C:\\Users\\Josh\\Documents\\aristotle\\packages\\logic-circuit\\src\\base\\CircuitNode.ts": {"path":"C:\\Users\\Josh\\Documents\\aristotle\\packages\\logic-circuit\\src\\base\\CircuitNode.ts","statementMap":{"0":{"start":{"line":2,"column":0},"end":{"line":2,"column":43}},"1":{"start":{"line":11,"column":9},"end":{"line":11,"column":40}},"2":{"start":{"line":18,"column":9},"end":{"line":18,"column":40}},"3":{"start":{"line":25,"column":9},"end":{"line":25,"column":40}},"4":{"start":{"line":40,"column":9},"end":{"line":40,"column":43}},"5":{"start":{"line":48,"column":9},"end":{"line":48,"column":46}},"6":{"start":{"line":56,"column":9},"end":{"line":56,"column":70}},"7":{"start":{"line":64,"column":4},"end":{"line":64,"column":20}},"8":{"start":{"line":74,"column":4},"end":{"line":78,"column":6}},"9":{"start":{"line":75,"column":6},"end":{"line":77,"column":7}},"10":{"start":{"line":76,"column":8},"end":{"line":76,"column":29}},"11":{"start":{"line":87,"column":4},"end":{"line":87,"column":21}},"12":{"start":{"line":97,"column":4},"end":{"line":100,"column":13}},"13":{"start":{"line":99,"column":25},"end":{"line":99,"column":42}},"14":{"start":{"line":109,"column":4},"end":{"line":111,"column":6}},"15":{"start":{"line":110,"column":6},"end":{"line":110,"column":34}},"16":{"start":{"line":121,"column":4},"end":{"line":121,"column":35}},"17":{"start":{"line":122,"column":4},"end":{"line":122,"column":31}},"18":{"start":{"line":131,"column":4},"end":{"line":138,"column":5}},"19":{"start":{"line":132,"column":6},"end":{"line":132,"column":32}},"20":{"start":{"line":133,"column":6},"end":{"line":133,"column":32}},"21":{"start":{"line":134,"column":6},"end":{"line":134,"column":39}},"22":{"start":{"line":135,"column":6},"end":{"line":135,"column":47}},"23":{"start":{"line":137,"column":6},"end":{"line":137,"column":49}},"24":{"start":{"line":137,"column":44},"end":{"line":137,"column":48}},"25":{"start":{"line":139,"column":4},"end":{"line":139,"column":13}},"26":{"start":{"line":146,"column":4},"end":{"line":146,"column":35}},"27":{"start":{"line":147,"column":4},"end":{"line":147,"column":38}},"28":{"start":{"line":148,"column":4},"end":{"line":148,"column":45}},"29":{"start":{"line":158,"column":4},"end":{"line":158,"column":45}},"30":{"start":{"line":163,"column":0},"end":{"line":163,"column":26}}},"fnMap":{"0":{"name":"(anonymous_0)","decl":{"start":{"line":63,"column":2},"end":{"line":63,"column":14}},"loc":{"start":{"line":63,"column":19},"end":{"line":65,"column":3}}},"1":{"name":"(anonymous_1)","decl":{"start":{"line":73,"column":12},"end":{"line":73,"column":22}},"loc":{"start":{"line":73,"column":57},"end":{"line":79,"column":3}}},"2":{"name":"(anonymous_2)","decl":{"start":{"line":74,"column":24},"end":{"line":74,"column":25}},"loc":{"start":{"line":74,"column":34},"end":{"line":78,"column":5}}},"3":{"name":"(anonymous_3)","decl":{"start":{"line":86,"column":12},"end":{"line":86,"column":15}},"loc":{"start":{"line":86,"column":16},"end":{"line":88,"column":3}}},"4":{"name":"(anonymous_4)","decl":{"start":{"line":96,"column":12},"end":{"line":96,"column":21}},"loc":{"start":{"line":96,"column":39},"end":{"line":101,"column":3}}},"5":{"name":"(anonymous_5)","decl":{"start":{"line":99,"column":14},"end":{"line":99,"column":15}},"loc":{"start":{"line":99,"column":25},"end":{"line":99,"column":42}}},"6":{"name":"(anonymous_6)","decl":{"start":{"line":108,"column":9},"end":{"line":108,"column":21}},"loc":{"start":{"line":108,"column":40},"end":{"line":112,"column":3}}},"7":{"name":"(anonymous_7)","decl":{"start":{"line":109,"column":25},"end":{"line":109,"column":26}},"loc":{"start":{"line":109,"column":57},"end":{"line":111,"column":5}}},"8":{"name":"(anonymous_8)","decl":{"start":{"line":120,"column":9},"end":{"line":120,"column":14}},"loc":{"start":{"line":120,"column":45},"end":{"line":123,"column":3}}},"9":{"name":"(anonymous_9)","decl":{"start":{"line":130,"column":9},"end":{"line":130,"column":17}},"loc":{"start":{"line":130,"column":18},"end":{"line":140,"column":3}}},"10":{"name":"(anonymous_10)","decl":{"start":{"line":137,"column":30},"end":{"line":137,"column":31}},"loc":{"start":{"line":137,"column":44},"end":{"line":137,"column":48}}},"11":{"name":"(anonymous_11)","decl":{"start":{"line":145,"column":9},"end":{"line":145,"column":13}},"loc":{"start":{"line":145,"column":14},"end":{"line":149,"column":3}}},"12":{"name":"(anonymous_12)","decl":{"start":{"line":157,"column":9},"end":{"line":157,"column":10}},"loc":{"start":{"line":157,"column":50},"end":{"line":159,"column":3}}}},"branchMap":{"0":{"loc":{"start":{"line":75,"column":6},"end":{"line":77,"column":7}},"type":"if","locations":[{"start":{"line":75,"column":6},"end":{"line":77,"column":7}},{"start":{"line":75,"column":6},"end":{"line":77,"column":7}}]},"1":{"loc":{"start":{"line":131,"column":4},"end":{"line":138,"column":5}},"type":"if","locations":[{"start":{"line":131,"column":4},"end":{"line":138,"column":5}},{"start":{"line":131,"column":4},"end":{"line":138,"column":5}}]}},"s":{"0":6,"1":100,"2":100,"3":100,"4":100,"5":100,"6":100,"7":100,"8":4,"9":6,"10":3,"11":2,"12":22,"13":50,"14":1,"15":2,"16":2,"17":2,"18":6,"19":5,"20":5,"21":5,"22":5,"23":5,"24":10,"25":1,"26":5,"27":5,"28":5,"29":1,"30":6},"f":{"0":100,"1":4,"2":6,"3":2,"4":22,"5":50,"6":1,"7":2,"8":2,"9":6,"10":10,"11":5,"12":1},"b":{"0":[3,3],"1":[5,1]}}
,"C:\\Users\\Josh\\Documents\\aristotle\\packages\\logic-circuit\\src\\base\\InputNode.ts": {"path":"C:\\Users\\Josh\\Documents\\aristotle\\packages\\logic-circuit\\src\\base\\InputNode.ts","statementMap":{"0":{"start":{"line":1,"column":0},"end":{"line":1,"column":38}},"1":{"start":{"line":2,"column":0},"end":{"line":2,"column":43}},"2":{"start":{"line":5,"column":2},"end":{"line":5,"column":36}},"3":{"start":{"line":14,"column":4},"end":{"line":14,"column":25}},"4":{"start":{"line":15,"column":4},"end":{"line":15,"column":27}},"5":{"start":{"line":15,"column":22},"end":{"line":15,"column":27}},"6":{"start":{"line":28,"column":0},"end":{"line":28,"column":24}}},"fnMap":{"0":{"name":"(anonymous_0)","decl":{"start":{"line":4,"column":0},"end":{"line":null,"column":-1}},"loc":{"start":{"line":4,"column":0},"end":{"line":26,"column":1}}},"1":{"name":"(anonymous_1)","decl":{"start":{"line":13,"column":2},"end":{"line":13,"column":9}},"loc":{"start":{"line":13,"column":17},"end":{"line":16,"column":3}}},"2":{"name":"(anonymous_2)","decl":{"start":{"line":15,"column":16},"end":{"line":15,"column":18}},"loc":{"start":{"line":15,"column":22},"end":{"line":15,"column":27}}},"3":{"name":"(anonymous_3)","decl":{"start":{"line":23,"column":2},"end":{"line":23,"column":6}},"loc":{"start":{"line":23,"column":7},"end":{"line":25,"column":3}}}},"branchMap":{},"s":{"0":2,"1":2,"2":19,"3":2,"4":2,"5":1,"6":2},"f":{"0":19,"1":2,"2":1,"3":5},"b":{}}
,"C:\\Users\\Josh\\Documents\\aristotle\\packages\\logic-circuit\\src\\base\\OutputNode.ts": {"path":"C:\\Users\\Josh\\Documents\\aristotle\\packages\\logic-circuit\\src\\base\\OutputNode.ts","statementMap":{"0":{"start":{"line":1,"column":0},"end":{"line":1,"column":38}},"1":{"start":{"line":11,"column":4},"end":{"line":11,"column":25}},"2":{"start":{"line":15,"column":0},"end":{"line":15,"column":25}}},"fnMap":{"0":{"name":"(anonymous_0)","decl":{"start":{"line":10,"column":2},"end":{"line":10,"column":7}},"loc":{"start":{"line":10,"column":15},"end":{"line":12,"column":3}}}},"branchMap":{},"s":{"0":1,"1":1,"2":1},"f":{"0":1},"b":{}}
,"C:\\Users\\Josh\\Documents\\aristotle\\packages\\logic-circuit\\src\\gates\\Nor.ts": {"path":"C:\\Users\\Josh\\Documents\\aristotle\\packages\\logic-circuit\\src\\gates\\Nor.ts","statementMap":{"0":{"start":{"line":1,"column":0},"end":{"line":1,"column":20}},"1":{"start":{"line":2,"column":0},"end":{"line":2,"column":43}},"2":{"start":{"line":16,"column":4},"end":{"line":18,"column":5}},"3":{"start":{"line":17,"column":6},"end":{"line":17,"column":29}},"4":{"start":{"line":20,"column":4},"end":{"line":22,"column":5}},"5":{"start":{"line":21,"column":6},"end":{"line":21,"column":31}},"6":{"start":{"line":24,"column":4},"end":{"line":24,"column":26}},"7":{"start":{"line":28,"column":0},"end":{"line":28,"column":18}}},"fnMap":{"0":{"name":"(anonymous_0)","decl":{"start":{"line":15,"column":12},"end":{"line":15,"column":15}},"loc":{"start":{"line":15,"column":16},"end":{"line":25,"column":3}}}},"branchMap":{"0":{"loc":{"start":{"line":16,"column":4},"end":{"line":18,"column":5}},"type":"if","locations":[{"start":{"line":16,"column":4},"end":{"line":18,"column":5}},{"start":{"line":16,"column":4},"end":{"line":18,"column":5}}]},"1":{"loc":{"start":{"line":20,"column":4},"end":{"line":22,"column":5}},"type":"if","locations":[{"start":{"line":20,"column":4},"end":{"line":22,"column":5}},{"start":{"line":20,"column":4},"end":{"line":22,"column":5}}]}},"s":{"0":2,"1":2,"2":7,"3":4,"4":3,"5":2,"6":1,"7":2},"f":{"0":7},"b":{"0":[4,3],"1":[2,1]}}
,"C:\\Users\\Josh\\Documents\\aristotle\\packages\\logic-circuit\\src\\gates\\Or.ts": {"path":"C:\\Users\\Josh\\Documents\\aristotle\\packages\\logic-circuit\\src\\gates\\Or.ts","statementMap":{"0":{"start":{"line":1,"column":0},"end":{"line":1,"column":44}},"1":{"start":{"line":2,"column":0},"end":{"line":2,"column":43}},"2":{"start":{"line":5,"column":2},"end":{"line":5,"column":56}},"3":{"start":{"line":8,"column":4},"end":{"line":10,"column":5}},"4":{"start":{"line":9,"column":6},"end":{"line":9,"column":28}},"5":{"start":{"line":12,"column":4},"end":{"line":14,"column":5}},"6":{"start":{"line":13,"column":6},"end":{"line":13,"column":31}},"7":{"start":{"line":16,"column":4},"end":{"line":16,"column":27}},"8":{"start":{"line":20,"column":0},"end":{"line":20,"column":17}}},"fnMap":{"0":{"name":"(anonymous_0)","decl":{"start":{"line":4,"column":0},"end":{"line":null,"column":-1}},"loc":{"start":{"line":4,"column":0},"end":{"line":18,"column":1}}},"1":{"name":"(anonymous_1)","decl":{"start":{"line":7,"column":12},"end":{"line":7,"column":15}},"loc":{"start":{"line":7,"column":16},"end":{"line":17,"column":3}}}},"branchMap":{"0":{"loc":{"start":{"line":8,"column":4},"end":{"line":10,"column":5}},"type":"if","locations":[{"start":{"line":8,"column":4},"end":{"line":10,"column":5}},{"start":{"line":8,"column":4},"end":{"line":10,"column":5}}]},"1":{"loc":{"start":{"line":12,"column":4},"end":{"line":14,"column":5}},"type":"if","locations":[{"start":{"line":12,"column":4},"end":{"line":14,"column":5}},{"start":{"line":12,"column":4},"end":{"line":14,"column":5}}]}},"s":{"0":3,"1":3,"2":51,"3":7,"4":4,"5":3,"6":2,"7":1,"8":3},"f":{"0":51,"1":7},"b":{"0":[4,3],"1":[2,1]}}
,"C:\\Users\\Josh\\Documents\\aristotle\\packages\\logic-circuit\\src\\types\\Connection.ts": {"path":"C:\\Users\\Josh\\Documents\\aristotle\\packages\\logic-circuit\\src\\types\\Connection.ts","statementMap":{"0":{"start":{"line":8,"column":4},"end":{"line":8,"column":20}},"1":{"start":{"line":9,"column":4},"end":{"line":9,"column":22}},"2":{"start":{"line":13,"column":0},"end":{"line":13,"column":25}}},"fnMap":{"0":{"name":"(anonymous_0)","decl":{"start":{"line":7,"column":2},"end":{"line":7,"column":14}},"loc":{"start":{"line":7,"column":26},"end":{"line":10,"column":3}}}},"branchMap":{},"s":{"0":22,"1":22,"2":2},"f":{"0":22},"b":{}}
,"C:\\Users\\Josh\\Documents\\aristotle\\packages\\logic-circuit\\src\\types\\LogicValue.ts": {"path":"C:\\Users\\Josh\\Documents\\aristotle\\packages\\logic-circuit\\src\\types\\LogicValue.ts","statementMap":{"0":{"start":{"line":1,"column":19},"end":{"line":5,"column":1}},"1":{"start":{"line":7,"column":0},"end":{"line":7,"column":25}}},"fnMap":{},"branchMap":{},"s":{"0":6,"1":6},"f":{},"b":{}}
}
