TN:
SF:C:\Users\Josh\Documents\aristotle\packages\logic-circuit\src\base\Circuit.ts
FN:6,(anonymous_0)
FN:33,(anonymous_1)
FN:46,(anonymous_2)
FN:63,(anonymous_3)
FN:77,(anonymous_4)
FN:81,(anonymous_5)
FN:101,(anonymous_6)
FN:112,(anonymous_7)
FN:113,(anonymous_8)
FN:125,(anonymous_9)
FN:136,(anonymous_10)
FN:137,(anonymous_11)
FN:144,(anonymous_12)
FN:147,(anonymous_13)
FN:168,(anonymous_14)
FN:172,(anonymous_15)
FN:173,(anonymous_16)
FNF:17
FNH:15
FNDA:33,(anonymous_0)
FNDA:17,(anonymous_1)
FNDA:9,(anonymous_2)
FNDA:8,(anonymous_3)
FNDA:4,(anonymous_4)
FNDA:8,(anonymous_5)
FNDA:10,(anonymous_6)
FNDA:21,(anonymous_7)
FNDA:25,(anonymous_8)
FNDA:2,(anonymous_9)
FNDA:6,(anonymous_10)
FNDA:7,(anonymous_11)
FNDA:12,(anonymous_12)
FNDA:6,(anonymous_13)
FNDA:11,(anonymous_14)
FNDA:0,(anonymous_15)
FNDA:0,(anonymous_16)
DA:2,1
DA:3,1
DA:4,1
DA:12,33
DA:19,33
DA:26,33
DA:34,17
DA:35,7
DA:36,7
DA:38,17
DA:47,9
DA:48,5
DA:49,5
DA:51,9
DA:52,9
DA:53,9
DA:64,8
DA:65,8
DA:66,8
DA:67,8
DA:78,4
DA:82,8
DA:84,4
DA:87,4
DA:90,4
DA:93,4
DA:102,10
DA:103,2
DA:113,21
DA:114,25
DA:115,16
DA:126,2
DA:128,2
DA:129,1
DA:137,7
DA:145,12
DA:147,12
DA:148,6
DA:149,6
DA:151,6
DA:152,1
DA:153,1
DA:157,12
DA:159,0
DA:169,11
DA:173,0
DA:174,0
DA:180,1
LF:48
LH:45
BRDA:34,0,0,7
BRDA:34,0,1,10
BRDA:47,1,0,5
BRDA:47,1,1,4
BRDA:82,2,0,4
BRDA:82,2,1,4
BRDA:114,3,0,16
BRDA:114,3,1,9
BRDA:128,4,0,1
BRDA:128,4,1,1
BRDA:151,5,0,1
BRDA:151,5,1,5
BRDA:157,6,0,0
BRDA:157,6,1,12
BRDA:157,7,0,12
BRDA:157,7,1,0
BRF:16
BRH:14
end_of_record
TN:
SF:C:\Users\Josh\Documents\aristotle\packages\logic-circuit\src\base\CircuitNode.ts
FN:63,(anonymous_0)
FN:73,(anonymous_1)
FN:74,(anonymous_2)
FN:86,(anonymous_3)
FN:96,(anonymous_4)
FN:99,(anonymous_5)
FN:108,(anonymous_6)
FN:109,(anonymous_7)
FN:120,(anonymous_8)
FN:130,(anonymous_9)
FN:137,(anonymous_10)
FN:145,(anonymous_11)
FN:157,(anonymous_12)
FNF:13
FNH:13
FNDA:100,(anonymous_0)
FNDA:4,(anonymous_1)
FNDA:6,(anonymous_2)
FNDA:2,(anonymous_3)
FNDA:22,(anonymous_4)
FNDA:50,(anonymous_5)
FNDA:1,(anonymous_6)
FNDA:2,(anonymous_7)
FNDA:2,(anonymous_8)
FNDA:6,(anonymous_9)
FNDA:10,(anonymous_10)
FNDA:5,(anonymous_11)
FNDA:1,(anonymous_12)
DA:2,6
DA:11,100
DA:18,100
DA:25,100
DA:40,100
DA:48,100
DA:56,100
DA:64,100
DA:74,4
DA:75,6
DA:76,3
DA:87,2
DA:97,22
DA:99,50
DA:109,1
DA:110,2
DA:121,2
DA:122,2
DA:131,6
DA:132,5
DA:133,5
DA:134,5
DA:135,5
DA:137,10
DA:139,1
DA:146,5
DA:147,5
DA:148,5
DA:158,1
DA:163,6
LF:30
LH:30
BRDA:75,0,0,3
BRDA:75,0,1,3
BRDA:131,1,0,5
BRDA:131,1,1,1
BRF:4
BRH:4
end_of_record
TN:
SF:C:\Users\Josh\Documents\aristotle\packages\logic-circuit\src\base\InputNode.ts
FN:4,(anonymous_0)
FN:13,(anonymous_1)
FN:15,(anonymous_2)
FN:23,(anonymous_3)
FNF:4
FNH:4
FNDA:19,(anonymous_0)
FNDA:2,(anonymous_1)
FNDA:1,(anonymous_2)
FNDA:5,(anonymous_3)
DA:1,2
DA:2,2
DA:5,19
DA:14,2
DA:15,2
DA:28,2
LF:6
LH:6
BRF:0
BRH:0
end_of_record
TN:
SF:C:\Users\Josh\Documents\aristotle\packages\logic-circuit\src\base\OutputNode.ts
FN:10,(anonymous_0)
FNF:1
FNH:1
FNDA:1,(anonymous_0)
DA:1,1
DA:11,1
DA:15,1
LF:3
LH:3
BRF:0
BRH:0
end_of_record
TN:
SF:C:\Users\Josh\Documents\aristotle\packages\logic-circuit\src\gates\Nor.ts
FN:15,(anonymous_0)
FNF:1
FNH:1
FNDA:7,(anonymous_0)
DA:1,2
DA:2,2
DA:16,7
DA:17,4
DA:20,3
DA:21,2
DA:24,1
DA:28,2
LF:8
LH:8
BRDA:16,0,0,4
BRDA:16,0,1,3
BRDA:20,1,0,2
BRDA:20,1,1,1
BRF:4
BRH:4
end_of_record
TN:
SF:C:\Users\Josh\Documents\aristotle\packages\logic-circuit\src\gates\Or.ts
FN:4,(anonymous_0)
FN:7,(anonymous_1)
FNF:2
FNH:2
FNDA:51,(anonymous_0)
FNDA:7,(anonymous_1)
DA:1,3
DA:2,3
DA:5,51
DA:8,7
DA:9,4
DA:12,3
DA:13,2
DA:16,1
DA:20,3
LF:9
LH:9
BRDA:8,0,0,4
BRDA:8,0,1,3
BRDA:12,1,0,2
BRDA:12,1,1,1
BRF:4
BRH:4
end_of_record
TN:
SF:C:\Users\Josh\Documents\aristotle\packages\logic-circuit\src\types\Connection.ts
FN:7,(anonymous_0)
FNF:1
FNH:1
FNDA:22,(anonymous_0)
DA:8,22
DA:9,22
DA:13,2
LF:3
LH:3
BRF:0
BRH:0
end_of_record
TN:
SF:C:\Users\Josh\Documents\aristotle\packages\logic-circuit\src\types\LogicValue.ts
FNF:0
FNH:0
DA:1,6
DA:7,6
LF:2
LH:2
BRF:0
BRH:0
end_of_record
